#
# A fatal error has been detected by the Java Runtime Environment:
#
#  SIGSEGV (0xb) at pc=0x00007fff9a8684dd, pid=870, tid=0x0000000000000a0b
#
# JRE version: Java(TM) SE Runtime Environment (8.0_111-b14) (build 1.8.0_111-b14)
# Java VM: Java HotSpot(TM) 64-Bit Server VM (25.111-b14 mixed mode bsd-amd64 compressed oops)
# Problematic frame:
# C  [libobjc.A.dylib+0x14dd]  objc_msgSend+0x1d
#
# Failed to write core dump. Core dumps have been disabled. To enable core dumping, try "ulimit -c unlimited" before starting Java again
#
# If you would like to submit a bug report, please visit:
#   http://bugreport.java.com/bugreport/crash.jsp
# The crash happened outside the Java Virtual Machine in native code.
# See problematic frame for where to report the bug.
#

---------------  T H R E A D  ---------------

Current thread (0x00007fcc6c115000):  JavaThread "AWT-AppKit" daemon [_thread_in_native, id=2571, stack(0x00007fff59e08000,0x00007fff5a608000)]

siginfo: si_signo: 11 (SIGSEGV), si_code: 1 (SEGV_MAPERR), si_addr: 0x0000000000000018

Registers:
RAX=0x00007fcc6f2c5480, RBX=0x000000017580d450, RCX=0x000000011f7c1240, RDX=0x000000011f7c1480
RSP=0x00007fff5a6032f8, RBP=0x00007fff5a6033b0, RSI=0x00007fff97912cbe, RDI=0x00007fcc6f2b97d0
R8 =0x0000000000000000, R9 =0x00000000000008b0, R10=0x00007fff97912cbe, R11=0x0000000000000000
R12=0x0000000000000000, R13=0x000000017b238b70, R14=0x000000017580d440, R15=0x00007fcc6c115000
RIP=0x00007fff9a8684dd, EFLAGS=0x0000000000010246, ERR=0x0000000000000004
  TRAPNO=0x000000000000000e

Top of Stack: (sp=0x00007fff5a6032f8)
0x00007fff5a6032f8:   000000017580b157 00007fff5a603350
0x00007fff5a603308:   0000000000000003 00007fff5a603330
0x00007fff5a603318:   00000001063f27be 000000017b238b70
0x00007fff5a603328:   000000017b238b70 00007fcc6f2c5480
0x00007fff5a603338:   000000017580d6a0 000000017580d710
0x00007fff5a603348:   00007fff7872d770 00007fff75580500
0x00007fff5a603358:   000000017580d450 000000017580d690
0x00007fff5a603368:   00007fcc6f2c5480 00007fcc6f2b97d0
0x00007fff5a603378:   00007fcc6f30c4b0 00007fcc6f2c5480
0x00007fff5a603388:   00007fcc6f2b97d0 00007fff5a603438
0x00007fff5a603398:   00007fcc6c1151f8 000000017b238b70
0x00007fff5a6033a8:   00007fff5a603460 00007fff5a603428
0x00007fff5a6033b8:   00000001071b89f4 000000017b238b70
0x00007fff5a6033c8:   00007fff5a603460 00007fff5a603428
0x00007fff5a6033d8:   00000001071b8787 00000001071b8742
0x00007fff5a6033e8:   00007fff5a6033e8 000000017b238b70
0x00007fff5a6033f8:   00007fff5a603460 000000017b23b7a8
0x00007fff5a603408:   0000000000000000 000000017b238b70
0x00007fff5a603418:   0000000000000000 00007fff5a603448
0x00007fff5a603428:   00007fff5a6034a8 00000001071a92bd
0x00007fff5a603438:   000000074058a3c0 00000001071b2538
0x00007fff5a603448:   00007fcc6f2c5480 00007fff5a6034a8
0x00007fff5a603458:   00007fcc6f2b97d0 00000001071b3e02
0x00007fff5a603468:   00007fff5a603468 000000017b238d3a
0x00007fff5a603478:   00007fff5a6034d0 000000017b23b7a8
0x00007fff5a603488:   0000000000000000 000000017b238d48
0x00007fff5a603498:   00007fff5a603448 00007fff5a6034b8
0x00007fff5a6034a8:   00007fff5a603518 00000001071a92bd
0x00007fff5a6034b8:   00007fcc6f2c5480 0000000740450b80
0x00007fff5a6034c8:   00007fcc6f2b97d0 0000000740450b80
0x00007fff5a6034d8:   00007fff5a6034d8 000000017d87b1be
0x00007fff5a6034e8:   00007fff5a603528 000000017d87b278 

Instructions: (pc=0x00007fff9a8684dd)
0x00007fff9a8684bd:   44 00 00 48 85 ff 2e 74 62 40 f6 c7 01 2e 75 66
0x00007fff9a8684cd:   49 bb f8 ff ff ff ff 7f 00 00 4c 23 1f 49 89 f2
0x00007fff9a8684dd:   45 23 53 18 49 c1 e2 04 4d 03 53 10 49 3b 32 75
0x00007fff9a8684ed:   04 41 ff 62 08 49 83 3a 01 76 0d 49 83 c2 10 49 

Register to memory mapping:

RAX=0x00007fcc6f2c5480 is an unknown value
RBX=0x000000017580d450: Java_jogamp_nativewindow_macosx_OSXUtil_GetScreenRefreshRate0+0x1cf0 in /private/var/folders/52/pd9n1grn4_55dn11fg2xx6m40000gn/T/jogamp_0000/file_cache/jln1711483257313256886/jln3498788605574191563/libnativewindow_macosx.jnilib at 0x0000000175806000
RCX=0x000000011f7c1240 is an unknown value
RDX=0x000000011f7c1480 is an unknown value
RSP=0x00007fff5a6032f8 is pointing into the stack for thread: 0x00007fcc6c115000
RBP=0x00007fff5a6033b0 is pointing into the stack for thread: 0x00007fcc6c115000
RSI=0x00007fff97912cbe is an unknown value
RDI=0x00007fcc6f2b97d0 is an unknown value
R8 =0x0000000000000000 is an unknown value
R9 =0x00000000000008b0 is an unknown value
R10=0x00007fff97912cbe is an unknown value
R11=0x0000000000000000 is an unknown value
R12=0x0000000000000000 is an unknown value
R13={method} {0x000000017b238b70} 'UnsetJAWTRootSurfaceLayer0' '(JJ)V' in 'jogamp/nativewindow/jawt/macosx/MacOSXJAWTWindow'
R14=0x000000017580d440: Java_jogamp_nativewindow_macosx_OSXUtil_GetScreenRefreshRate0+0x1ce0 in /private/var/folders/52/pd9n1grn4_55dn11fg2xx6m40000gn/T/jogamp_0000/file_cache/jln1711483257313256886/jln3498788605574191563/libnativewindow_macosx.jnilib at 0x0000000175806000
R15=0x00007fcc6c115000 is a thread


Stack: [0x00007fff59e08000,0x00007fff5a608000],  sp=0x00007fff5a6032f8,  free space=8172k
Native frames: (J=compiled Java code, j=interpreted, Vv=VM code, C=native code)
C  [libobjc.A.dylib+0x14dd]  objc_msgSend+0x1d
j  jogamp.nativewindow.jawt.macosx.MacOSXJAWTWindow.UnsetJAWTRootSurfaceLayer0(JJ)V+0
j  jogamp.nativewindow.jawt.macosx.MacOSXJAWTWindow.access$200(JJ)V+2
j  jogamp.nativewindow.jawt.macosx.MacOSXJAWTWindow$1.run()V+38
J 1460 C1 com.jogamp.common.util.RunnableTask.run()V (345 bytes) @ 0x00000001076fe7f4 [0x00000001076fe660+0x194]
v  ~StubRoutines::call_stub
V  [libjvm.dylib+0x2ecf8a]
V  [libjvm.dylib+0x324119]
V  [libjvm.dylib+0x3168e7]
C  [libnativewindow_macosx.jnilib+0x5326]  Java_jogamp_nativewindow_jawt_macosx_MacOSXJAWTWindow_UnsetJAWTRootSurfaceLayer0+0x2b6
C  [Foundation+0x76fde]  __NSThreadPerformPerform+0x117
C  [CoreFoundation+0xaa7e1]  __CFRUNLOOP_IS_CALLING_OUT_TO_A_SOURCE0_PERFORM_FUNCTION__+0x11
C  [CoreFoundation+0x89f1c]  __CFRunLoopDoSources0+0x22c
C  [CoreFoundation+0x8943f]  __CFRunLoopRun+0x39f
C  [CoreFoundation+0x88e38]  CFRunLoopRunSpecific+0x128
C  [HIToolbox+0x30935]  RunCurrentEventLoopInMode+0xeb
C  [HIToolbox+0x30677]  ReceiveNextEventCommon+0xb8
C  [HIToolbox+0x305af]  _BlockUntilNextEventMatchingListInModeWithFilter+0x47
C  [AppKit+0x48df6]  _DPSNextEvent+0x42b
C  [AppKit+0x48226]  -[NSApplication _nextEventMatchingEventMask:untilDate:inMode:dequeue:]+0x1c6
C  [libosxapp.dylib+0x23aa]  -[NSApplicationAWT nextEventMatchingMask:untilDate:inMode:dequeue:]+0x7c
C  [AppKit+0x3cd80]  -[NSApplication run]+0x2aa
C  [libosxapp.dylib+0x214d]  +[NSApplicationAWT runAWTLoopWithApp:]+0x9c
C  [libawt_lwawt.dylib+0x444b3]  -[AWTStarter starter:]+0x389
C  [Foundation+0x76fde]  __NSThreadPerformPerform+0x117
C  [CoreFoundation+0xaa7e1]  __CFRUNLOOP_IS_CALLING_OUT_TO_A_SOURCE0_PERFORM_FUNCTION__+0x11
C  [CoreFoundation+0x89f1c]  __CFRunLoopDoSources0+0x22c
C  [CoreFoundation+0x8943f]  __CFRunLoopRun+0x39f
C  [CoreFoundation+0x88e38]  CFRunLoopRunSpecific+0x128
C  [java+0x6465]  CreateExecutionEnvironment+0x367
C  [java+0x218c]  JLI_Launch+0x7a0
C  [java+0x84c2]  main+0x65
C  [java+0x19e4]  start+0x34
C  0x0000000000000007

Java frames: (J=compiled Java code, j=interpreted, Vv=VM code)
j  jogamp.nativewindow.jawt.macosx.MacOSXJAWTWindow.UnsetJAWTRootSurfaceLayer0(JJ)V+0
j  jogamp.nativewindow.jawt.macosx.MacOSXJAWTWindow.access$200(JJ)V+2
j  jogamp.nativewindow.jawt.macosx.MacOSXJAWTWindow$1.run()V+38
J 1460 C1 com.jogamp.common.util.RunnableTask.run()V (345 bytes) @ 0x00000001076fe7f4 [0x00000001076fe660+0x194]
v  ~StubRoutines::call_stub

---------------  P R O C E S S  ---------------

Java Threads: ( => current thread )
  0x00007fcc7035a800 JavaThread "Thread-19" [_thread_blocked, id=24247, stack(0x000070000104a000,0x000070000114a000)]
  0x00007fcc6ca65800 JavaThread "Animation Thread" [_thread_blocked, id=58395, stack(0x00007000017e8000,0x00007000018e8000)]
  0x00007fcc6baff800 JavaThread "AWT-EventQueue-1" [_thread_in_native, id=58923, stack(0x00007000018eb000,0x00007000019eb000)]
  0x00007fcc6b908000 JavaThread "DestroyJavaVM" [_thread_blocked, id=5891, stack(0x000070000011a000,0x000070000021a000)]
  0x00007fcc6c1a9000 JavaThread "AWT-EventQueue-0" [_thread_blocked, id=56323, stack(0x00007000016e5000,0x00007000017e5000)]
  0x00007fcc6c18e800 JavaThread "Java2D Disposer" daemon [_thread_blocked, id=52739, stack(0x000070000145c000,0x000070000155c000)]
  0x00007fcc6c144800 JavaThread "Java2D Queue Flusher" daemon [_thread_blocked, id=49927, stack(0x0000700001359000,0x0000700001459000)]
  0x00007fcc6b8d9000 JavaThread "AWT-Shutdown" [_thread_blocked, id=30739, stack(0x00007000011d3000,0x00007000012d3000)]
=>0x00007fcc6c115000 JavaThread "AWT-AppKit" daemon [_thread_in_native, id=2571, stack(0x00007fff59e08000,0x00007fff5a608000)]
  0x00007fcc6c82d000 JavaThread "Service Thread" daemon [_thread_blocked, id=18691, stack(0x0000700000e44000,0x0000700000f44000)]
  0x00007fcc6b802800 JavaThread "C1 CompilerThread2" daemon [_thread_blocked, id=18179, stack(0x0000700000d41000,0x0000700000e41000)]
  0x00007fcc6c82f000 JavaThread "C2 CompilerThread1" daemon [_thread_blocked, id=17667, stack(0x0000700000c3e000,0x0000700000d3e000)]
  0x00007fcc6b812000 JavaThread "C2 CompilerThread0" daemon [_thread_blocked, id=17155, stack(0x0000700000b3b000,0x0000700000c3b000)]
  0x00007fcc6b020800 JavaThread "Signal Dispatcher" daemon [_thread_blocked, id=12815, stack(0x0000700000a38000,0x0000700000b38000)]
  0x00007fcc6b807000 JavaThread "Finalizer" daemon [_thread_blocked, id=12291, stack(0x000070000082f000,0x000070000092f000)]
  0x00007fcc6b801800 JavaThread "Reference Handler" daemon [_thread_blocked, id=11779, stack(0x000070000072c000,0x000070000082c000)]

Other Threads:
  0x00007fcc6b014800 VMThread [stack: 0x0000700000629000,0x0000700000729000] [id=11267]
  0x00007fcc6b027800 WatcherThread [stack: 0x0000700000f47000,0x0000700001047000] [id=19203]

VM state:not at safepoint (normal execution)

VM Mutex/Monitor currently owned by a thread: None

Heap:
 PSYoungGen      total 71680K, used 61477K [0x0000000795580000, 0x000000079bd80000, 0x00000007c0000000)
  eden space 66560K, 85% used [0x0000000795580000,0x0000000798d155c8,0x0000000799680000)
  from space 5120K, 89% used [0x0000000799680000,0x0000000799af40f0,0x0000000799b80000)
  to   space 12288K, 0% used [0x000000079b180000,0x000000079b180000,0x000000079bd80000)
 ParOldGen       total 56320K, used 16920K [0x0000000740000000, 0x0000000743700000, 0x0000000795580000)
  object space 56320K, 30% used [0x0000000740000000,0x00000007410863b0,0x0000000743700000)
 Metaspace       used 24285K, capacity 24601K, committed 24832K, reserved 1071104K
  class space    used 2393K, capacity 2485K, committed 2560K, reserved 1048576K

Card table byte_map: [0x0000000116561000,0x0000000116962000] byte_map_base: 0x0000000112b61000

Marking Bits: (ParMarkBitMap*) 0x0000000106aefd20
 Begin Bits: [0x0000000116c0d000, 0x0000000118c0d000)
 End Bits:   [0x0000000118c0d000, 0x000000011ac0d000)

Polling page: 0x00000001058bb000

CodeCache: size=245760Kb used=9782Kb max_used=9795Kb free=235978Kb
 bounds [0x00000001071a1000, 0x0000000107b41000, 0x00000001161a1000]
 total_blobs=3757 nmethods=2833 adapters=837
 compilation: enabled

Compilation events (10 events):
Event: 19.644 Thread 0x00007fcc6c82f000 3170       4       processing.opengl.PGL::threadIsCurrent (14 bytes)
Event: 19.646 Thread 0x00007fcc6c82f000 nmethod 3170 0x0000000107b15650 code [0x0000000107b157a0, 0x0000000107b15818]
Event: 19.646 Thread 0x00007fcc6b802800 3171       3       sun.java2d.pipe.PixelToParallelogramConverter::normalize (15 bytes)
Event: 19.647 Thread 0x00007fcc6b802800 nmethod 3171 0x0000000107b15110 code [0x0000000107b152c0, 0x0000000107b15548]
Event: 19.647 Thread 0x00007fcc6b802800 3172       3       sun.java2d.pipe.RenderBuffer::position (11 bytes)
Event: 19.648 Thread 0x00007fcc6b802800 nmethod 3172 0x0000000107b14e10 code [0x0000000107b14f60, 0x0000000107b150b0]
Event: 19.652 Thread 0x00007fcc6c82f000 3173  s    4       sun.misc.URLClassPath::getNextLoader (88 bytes)
Event: 19.657 Thread 0x00007fcc6b812000 nmethod 3169 0x0000000107b1ec50 code [0x0000000107b1ee20, 0x0000000107b1f510]
Event: 19.657 Thread 0x00007fcc6b802800 3175       3       java.util.IdentityHashMap::maskNull (12 bytes)
Event: 19.657 Thread 0x00007fcc6b812000 3174  s!   4       sun.misc.URLClassPath::getLoader (197 bytes)

GC Heap History (10 events):
Event: 3.382 GC heap before
{Heap before GC invocations=2 (full 0):
 PSYoungGen      total 38400K, used 38160K [0x0000000795580000, 0x0000000798000000, 0x00000007c0000000)
  eden space 33280K, 100% used [0x0000000795580000,0x0000000797600000,0x0000000797600000)
  from space 5120K, 95% used [0x0000000797600000,0x0000000797ac43c8,0x0000000797b00000)
  to   space 5120K, 0% used [0x0000000797b00000,0x0000000797b00000,0x0000000798000000)
 ParOldGen       total 87552K, used 16K [0x0000000740000000, 0x0000000745580000, 0x0000000795580000)
  object space 87552K, 0% used [0x0000000740000000,0x0000000740004000,0x0000000745580000)
 Metaspace       used 20231K, capacity 20503K, committed 20736K, reserved 1067008K
  class space    used 2078K, capacity 2192K, committed 2304K, reserved 1048576K
Event: 3.393 GC heap after
Heap after GC invocations=2 (full 0):
 PSYoungGen      total 38400K, used 5089K [0x0000000795580000, 0x0000000798000000, 0x00000007c0000000)
  eden space 33280K, 0% used [0x0000000795580000,0x0000000795580000,0x0000000797600000)
  from space 5120K, 99% used [0x0000000797b00000,0x0000000797ff8780,0x0000000798000000)
  to   space 5120K, 0% used [0x0000000797600000,0x0000000797600000,0x0000000797b00000)
 ParOldGen       total 87552K, used 3044K [0x0000000740000000, 0x0000000745580000, 0x0000000795580000)
  object space 87552K, 3% used [0x0000000740000000,0x00000007402f9178,0x0000000745580000)
 Metaspace       used 20231K, capacity 20503K, committed 20736K, reserved 1067008K
  class space    used 2078K, capacity 2192K, committed 2304K, reserved 1048576K
}
Event: 3.528 GC heap before
{Heap before GC invocations=3 (full 0):
 PSYoungGen      total 38400K, used 10571K [0x0000000795580000, 0x0000000798000000, 0x00000007c0000000)
  eden space 33280K, 16% used [0x0000000795580000,0x0000000795ada748,0x0000000797600000)
  from space 5120K, 99% used [0x0000000797b00000,0x0000000797ff8780,0x0000000798000000)
  to   space 5120K, 0% used [0x0000000797600000,0x0000000797600000,0x0000000797b00000)
 ParOldGen       total 87552K, used 3044K [0x0000000740000000, 0x0000000745580000, 0x0000000795580000)
  object space 87552K, 3% used [0x0000000740000000,0x00000007402f9178,0x0000000745580000)
 Metaspace       used 20813K, capacity 21047K, committed 21248K, reserved 1069056K
  class space    used 2136K, capacity 2224K, committed 2304K, reserved 1048576K
Event: 3.535 GC heap after
Heap after GC invocations=3 (full 0):
 PSYoungGen      total 38400K, used 5117K [0x0000000795580000, 0x000000079a080000, 0x00000007c0000000)
  eden space 33280K, 0% used [0x0000000795580000,0x0000000795580000,0x0000000797600000)
  from space 5120K, 99% used [0x0000000797600000,0x0000000797aff718,0x0000000797b00000)
  to   space 5120K, 0% used [0x0000000799b80000,0x0000000799b80000,0x000000079a080000)
 ParOldGen       total 87552K, used 4312K [0x0000000740000000, 0x0000000745580000, 0x0000000795580000)
  object space 87552K, 4% used [0x0000000740000000,0x0000000740436220,0x0000000745580000)
 Metaspace       used 20813K, capacity 21047K, committed 21248K, reserved 1069056K
  class space    used 2136K, capacity 2224K, committed 2304K, reserved 1048576K
}
Event: 3.535 GC heap before
{Heap before GC invocations=4 (full 1):
 PSYoungGen      total 38400K, used 5117K [0x0000000795580000, 0x000000079a080000, 0x00000007c0000000)
  eden space 33280K, 0% used [0x0000000795580000,0x0000000795580000,0x0000000797600000)
  from space 5120K, 99% used [0x0000000797600000,0x0000000797aff718,0x0000000797b00000)
  to   space 5120K, 0% used [0x0000000799b80000,0x0000000799b80000,0x000000079a080000)
 ParOldGen       total 87552K, used 4312K [0x0000000740000000, 0x0000000745580000, 0x0000000795580000)
  object space 87552K, 4% used [0x0000000740000000,0x0000000740436220,0x0000000745580000)
 Metaspace       used 20813K, capacity 21047K, committed 21248K, reserved 1069056K
  class space    used 2136K, capacity 2224K, committed 2304K, reserved 1048576K
Event: 3.569 GC heap after
Heap after GC invocations=4 (full 1):
 PSYoungGen      total 38400K, used 0K [0x0000000795580000, 0x000000079a080000, 0x00000007c0000000)
  eden space 33280K, 0% used [0x0000000795580000,0x0000000795580000,0x0000000797600000)
  from space 5120K, 0% used [0x0000000797600000,0x0000000797600000,0x0000000797b00000)
  to   space 5120K, 0% used [0x0000000799b80000,0x0000000799b80000,0x000000079a080000)
 ParOldGen       total 56320K, used 8087K [0x0000000740000000, 0x0000000743700000, 0x0000000795580000)
  object space 56320K, 14% used [0x0000000740000000,0x00000007407e5f08,0x0000000743700000)
 Metaspace       used 20813K, capacity 21047K, committed 21248K, reserved 1069056K
  class space    used 2136K, capacity 2224K, committed 2304K, reserved 1048576K
}
Event: 5.853 GC heap before
{Heap before GC invocations=5 (full 1):
 PSYoungGen      total 38400K, used 33164K [0x0000000795580000, 0x000000079a080000, 0x00000007c0000000)
  eden space 33280K, 99% used [0x0000000795580000,0x00000007975e3298,0x0000000797600000)
  from space 5120K, 0% used [0x0000000797600000,0x0000000797600000,0x0000000797b00000)
  to   space 5120K, 0% used [0x0000000799b80000,0x0000000799b80000,0x000000079a080000)
 ParOldGen       total 56320K, used 8087K [0x0000000740000000, 0x0000000743700000, 0x0000000795580000)
  object space 56320K, 14% used [0x0000000740000000,0x00000007407e5f08,0x0000000743700000)
 Metaspace       used 23689K, capacity 23955K, committed 24320K, reserved 1071104K
  class space    used 2385K, capacity 2484K, committed 2560K, reserved 1048576K
Event: 5.861 GC heap after
Heap after GC invocations=5 (full 1):
 PSYoungGen      total 58368K, used 5117K [0x0000000795580000, 0x000000079a080000, 0x00000007c0000000)
  eden space 53248K, 0% used [0x0000000795580000,0x0000000795580000,0x0000000798980000)
  from space 5120K, 99% used [0x0000000799b80000,0x000000079a07f460,0x000000079a080000)
  to   space 5120K, 0% used [0x0000000799680000,0x0000000799680000,0x0000000799b80000)
 ParOldGen       total 56320K, used 14451K [0x0000000740000000, 0x0000000743700000, 0x0000000795580000)
  object space 56320K, 25% used [0x0000000740000000,0x0000000740e1cfe0,0x0000000743700000)
 Metaspace       used 23689K, capacity 23955K, committed 24320K, reserved 1071104K
  class space    used 2385K, capacity 2484K, committed 2560K, reserved 1048576K
}
Event: 11.908 GC heap before
{Heap before GC invocations=6 (full 1):
 PSYoungGen      total 58368K, used 58365K [0x0000000795580000, 0x000000079a080000, 0x00000007c0000000)
  eden space 53248K, 100% used [0x0000000795580000,0x0000000798980000,0x0000000798980000)
  from space 5120K, 99% used [0x0000000799b80000,0x000000079a07f460,0x000000079a080000)
  to   space 5120K, 0% used [0x0000000799680000,0x0000000799680000,0x0000000799b80000)
 ParOldGen       total 56320K, used 14451K [0x0000000740000000, 0x0000000743700000, 0x0000000795580000)
  object space 56320K, 25% used [0x0000000740000000,0x0000000740e1cfe0,0x0000000743700000)
 Metaspace       used 24139K, capacity 24403K, committed 24832K, reserved 1071104K
  class space    used 2385K, capacity 2484K, committed 2560K, reserved 1048576K
Event: 11.912 GC heap after
Heap after GC invocations=6 (full 1):
 PSYoungGen      total 71680K, used 4560K [0x0000000795580000, 0x000000079bd80000, 0x00000007c0000000)
  eden space 66560K, 0% used [0x0000000795580000,0x0000000795580000,0x0000000799680000)
  from space 5120K, 89% used [0x0000000799680000,0x0000000799af40f0,0x0000000799b80000)
  to   space 12288K, 0% used [0x000000079b180000,0x000000079b180000,0x000000079bd80000)
 ParOldGen       total 56320K, used 16920K [0x0000000740000000, 0x0000000743700000, 0x0000000795580000)
  object space 56320K, 30% used [0x0000000740000000,0x00000007410863b0,0x0000000743700000)
 Metaspace       used 24139K, capacity 24403K, committed 24832K, reserved 1071104K
  class space    used 2385K, capacity 2484K, committed 2560K, reserved 1048576K
}

Deoptimization events (10 events):
Event: 5.189 Thread 0x00007fcc6baff800 Uncommon trap: reason=class_check action=maybe_recompile pc=0x00000001076bea40 method=java.io.DataInputStream.readInt()I @ 4
Event: 5.209 Thread 0x00007fcc6baff800 Uncommon trap: reason=unstable_if action=reinterpret pc=0x00000001078292fc method=com.jogamp.common.util.IntIntHashMap.get(I)I @ 28
Event: 5.886 Thread 0x00007fcc6baff800 Uncommon trap: reason=unstable_if action=reinterpret pc=0x0000000107977270 method=processing.opengl.PGraphicsOpenGL$TessGeometry.polyIndexCheck(I)V @ 13
Event: 19.630 Thread 0x00007fcc6c1a9000 Uncommon trap: reason=unstable_if action=reinterpret pc=0x000000010781cf7c method=java.awt.font.FontRenderContext.equals(Ljava/awt/font/FontRenderContext;)Z @ 2
Event: 19.642 Thread 0x00007fcc6b93f000 Uncommon trap: reason=class_check action=maybe_recompile pc=0x0000000107632534 method=java.util.HashMap.putVal(ILjava/lang/Object;Ljava/lang/Object;ZZ)Ljava/lang/Object; @ 91
Event: 19.643 Thread 0x00007fcc6b93f000 Uncommon trap: reason=class_check action=maybe_recompile pc=0x0000000107632534 method=java.util.HashMap.putVal(ILjava/lang/Object;Ljava/lang/Object;ZZ)Ljava/lang/Object; @ 91
Event: 19.643 Thread 0x00007fcc6b93f000 Uncommon trap: reason=class_check action=maybe_recompile pc=0x0000000107632534 method=java.util.HashMap.putVal(ILjava/lang/Object;Ljava/lang/Object;ZZ)Ljava/lang/Object; @ 91
Event: 19.643 Thread 0x00007fcc6b93f000 Uncommon trap: reason=class_check action=maybe_recompile pc=0x0000000107632534 method=java.util.HashMap.putVal(ILjava/lang/Object;Ljava/lang/Object;ZZ)Ljava/lang/Object; @ 91
Event: 19.643 Thread 0x00007fcc6b93f000 Uncommon trap: reason=class_check action=maybe_recompile pc=0x000000010763577c method=java.util.HashMap.putVal(ILjava/lang/Object;Ljava/lang/Object;ZZ)Ljava/lang/Object; @ 91
Event: 19.646 Thread 0x00007fcc6c1a9000 Uncommon trap: reason=unstable_if action=reinterpret pc=0x00000001073a37f8 method=java.awt.font.FontRenderContext.equals(Ljava/awt/font/FontRenderContext;)Z @ 2

Internal exceptions (10 events):
Event: 0.162 Thread 0x00007fcc6b006000 Exception <a 'java/lang/NoSuchFieldError': method resolution failed> (0x00000007957d5308) thrown at [/Users/java_re/workspace/8-2-build-macosx-x86_64/jdk8u111/7883/hotspot/src/share/vm/prims/methodHandles.cpp, line 1146]
Event: 0.165 Thread 0x00007fcc6b006000 Exception <a 'java/lang/NoSuchFieldError': method resolution failed> (0x00000007957e2ad8) thrown at [/Users/java_re/workspace/8-2-build-macosx-x86_64/jdk8u111/7883/hotspot/src/share/vm/prims/methodHandles.cpp, line 1146]
Event: 0.337 Thread 0x00007fcc6b006000 Exception <a 'java/io/FileNotFoundException'> (0x000000079585e288) thrown at [/Users/java_re/workspace/8-2-build-macosx-x86_64/jdk8u111/7883/hotspot/src/share/vm/prims/jni.cpp, line 709]
Event: 0.337 Thread 0x00007fcc6b006000 Exception <a 'java/io/FileNotFoundException'> (0x000000079585ee28) thrown at [/Users/java_re/workspace/8-2-build-macosx-x86_64/jdk8u111/7883/hotspot/src/share/vm/prims/jni.cpp, line 709]
Event: 0.437 Thread 0x00007fcc6b006000 Exception <a 'java/io/FileNotFoundException'> (0x000000079599e2c0) thrown at [/Users/java_re/workspace/8-2-build-macosx-x86_64/jdk8u111/7883/hotspot/src/share/vm/prims/jni.cpp, line 709]
Event: 1.657 Thread 0x00007fcc6ca65800 Exception <a 'java/lang/UnsatisfiedLinkError': com.jogamp.common.util.JarUtil.fixNativeLibAttribs(Ljava/lang/String;)Z> (0x0000000796c1e978) thrown at [/Users/java_re/workspace/8-2-build-macosx-x86_64/jdk8u111/7883/hotspot/src/share/vm/prims/nativeLookup.
Event: 1.885 Thread 0x00007fcc6b807000 Exception <a 'java/lang/NullPointerException'> (0x00000007956f7c38) thrown at [/Users/java_re/workspace/8-2-build-macosx-x86_64/jdk8u111/7883/hotspot/src/share/vm/interpreter/linkResolver.cpp, line 1178]
Event: 2.476 Thread 0x00007fcc6baff800 Exception <a 'java/io/FileNotFoundException'> (0x000000079613f738) thrown at [/Users/java_re/workspace/8-2-build-macosx-x86_64/jdk8u111/7883/hotspot/src/share/vm/prims/jni.cpp, line 709]
Event: 2.476 Thread 0x00007fcc6baff800 Exception <a 'java/io/FileNotFoundException'> (0x0000000796146ec0) thrown at [/Users/java_re/workspace/8-2-build-macosx-x86_64/jdk8u111/7883/hotspot/src/share/vm/prims/jni.cpp, line 709]
Event: 2.476 Thread 0x00007fcc6baff800 Implicit null exception at 0x0000000107358476 to 0x0000000107358845

Events (10 events):
Event: 19.652 loading class com/jogamp/nativewindow/awt/JAWTWindow$JAWTComponentListener$2
Event: 19.652 loading class com/jogamp/nativewindow/awt/JAWTWindow$JAWTComponentListener$2 done
Event: 19.655 loading class jogamp/nativewindow/jawt/macosx/MacOSXJAWTWindow$1
Event: 19.655 loading class jogamp/nativewindow/jawt/macosx/MacOSXJAWTWindow$1 done
Event: 19.656 loading class java/awt/LightweightDispatcher$2
Event: 19.656 loading class java/awt/LightweightDispatcher$2 done
Event: 19.656 loading class java/awt/event/AWTEventListenerProxy
Event: 19.656 loading class java/awt/event/AWTEventListenerProxy done
Event: 19.657 loading class java/awt/Toolkit$ToolkitEventMulticaster
Event: 19.657 loading class java/awt/Toolkit$ToolkitEventMulticaster done


Dynamic libraries:
0x0000000004424000 	/System/Library/Frameworks/Cocoa.framework/Versions/A/Cocoa
0x0000000004424000 	/System/Library/Frameworks/Security.framework/Versions/A/Security
0x0000000004424000 	/System/Library/Frameworks/ApplicationServices.framework/Versions/A/ApplicationServices
0x0000000004424000 	/usr/lib/libz.1.dylib
0x0000000004424000 	/usr/lib/libSystem.B.dylib
0x0000000004424000 	/usr/lib/libobjc.A.dylib
0x0000000004424000 	/System/Library/Frameworks/CoreFoundation.framework/Versions/A/CoreFoundation
0x0000000004424000 	/System/Library/Frameworks/Foundation.framework/Versions/C/Foundation
0x0000000004424000 	/System/Library/Frameworks/AppKit.framework/Versions/C/AppKit
0x0000000004424000 	/System/Library/Frameworks/CoreData.framework/Versions/A/CoreData
0x0000000004424000 	/System/Library/PrivateFrameworks/RemoteViewServices.framework/Versions/A/RemoteViewServices
0x0000000004424000 	/System/Library/PrivateFrameworks/UIFoundation.framework/Versions/A/UIFoundation
0x0000000004424000 	/usr/lib/libScreenReader.dylib
0x0000000004424000 	/System/Library/Frameworks/Accelerate.framework/Versions/A/Accelerate
0x0000000004424000 	/System/Library/Frameworks/IOSurface.framework/Versions/A/IOSurface
0x0000000004424000 	/System/Library/Frameworks/AudioToolbox.framework/Versions/A/AudioToolbox
0x0000000004424000 	/System/Library/Frameworks/AudioUnit.framework/Versions/A/AudioUnit
0x0000000004424000 	/System/Library/PrivateFrameworks/DataDetectorsCore.framework/Versions/A/DataDetectorsCore
0x0000000004424000 	/System/Library/PrivateFrameworks/DesktopServicesPriv.framework/Versions/A/DesktopServicesPriv
0x0000000004424000 	/System/Library/Frameworks/Carbon.framework/Versions/A/Frameworks/HIToolbox.framework/Versions/A/HIToolbox
0x0000000004424000 	/System/Library/Frameworks/QuartzCore.framework/Versions/A/QuartzCore
0x0000000004424000 	/System/Library/Frameworks/Carbon.framework/Versions/A/Frameworks/SpeechRecognition.framework/Versions/A/SpeechRecognition
0x0000000004424000 	/usr/lib/libauto.dylib
0x0000000004424000 	/usr/lib/libicucore.A.dylib
0x0000000004424000 	/usr/lib/libxml2.2.dylib
0x0000000004424000 	/System/Library/PrivateFrameworks/CoreUI.framework/Versions/A/CoreUI
0x0000000004424000 	/System/Library/Frameworks/CoreAudio.framework/Versions/A/CoreAudio
0x0000000004424000 	/System/Library/Frameworks/DiskArbitration.framework/Versions/A/DiskArbitration
0x0000000004424000 	/usr/lib/liblangid.dylib
0x0000000004424000 	/System/Library/PrivateFrameworks/MultitouchSupport.framework/Versions/A/MultitouchSupport
0x0000000004424000 	/System/Library/Frameworks/IOKit.framework/Versions/A/IOKit
0x0000000004424000 	/usr/lib/libDiagnosticMessagesClient.dylib
0x0000000004424000 	/System/Library/Frameworks/CoreServices.framework/Versions/A/CoreServices
0x0000000004424000 	/System/Library/PrivateFrameworks/PerformanceAnalysis.framework/Versions/A/PerformanceAnalysis
0x0000000004424000 	/System/Library/PrivateFrameworks/GenerationalStorage.framework/Versions/A/GenerationalStorage
0x0000000004424000 	/System/Library/Frameworks/OpenGL.framework/Versions/A/OpenGL
0x0000000004424000 	/System/Library/PrivateFrameworks/Sharing.framework/Versions/A/Sharing
0x0000000004424000 	/System/Library/Frameworks/CoreGraphics.framework/Versions/A/CoreGraphics
0x0000000004424000 	/System/Library/Frameworks/CoreImage.framework/Versions/A/CoreImage
0x0000000004424000 	/System/Library/Frameworks/CoreText.framework/Versions/A/CoreText
0x0000000004424000 	/System/Library/Frameworks/ImageIO.framework/Versions/A/ImageIO
0x0000000004424000 	/System/Library/PrivateFrameworks/Backup.framework/Versions/A/Backup
0x0000000004424000 	/usr/lib/libextension.dylib
0x0000000004424000 	/usr/lib/libarchive.2.dylib
0x0000000004424000 	/System/Library/Frameworks/CFNetwork.framework/Versions/A/CFNetwork
0x0000000004424000 	/System/Library/Frameworks/SystemConfiguration.framework/Versions/A/SystemConfiguration
0x0000000004424000 	/usr/lib/libCRFSuite.dylib
0x0000000004424000 	/usr/lib/libc++.1.dylib
0x0000000004424000 	/usr/lib/libc++abi.dylib
0x0000000004424000 	/usr/lib/system/libcache.dylib
0x0000000004424000 	/usr/lib/system/libcommonCrypto.dylib
0x0000000004424000 	/usr/lib/system/libcompiler_rt.dylib
0x0000000004424000 	/usr/lib/system/libcopyfile.dylib
0x0000000004424000 	/usr/lib/system/libcorecrypto.dylib
0x0000000004424000 	/usr/lib/system/libdispatch.dylib
0x0000000004424000 	/usr/lib/system/libdyld.dylib
0x0000000004424000 	/usr/lib/system/libkeymgr.dylib
0x0000000004424000 	/usr/lib/system/liblaunch.dylib
0x0000000004424000 	/usr/lib/system/libmacho.dylib
0x0000000004424000 	/usr/lib/system/libquarantine.dylib
0x0000000004424000 	/usr/lib/system/libremovefile.dylib
0x0000000004424000 	/usr/lib/system/libsystem_asl.dylib
0x0000000004424000 	/usr/lib/system/libsystem_blocks.dylib
0x0000000004424000 	/usr/lib/system/libsystem_c.dylib
0x0000000004424000 	/usr/lib/system/libsystem_configuration.dylib
0x0000000004424000 	/usr/lib/system/libsystem_coreservices.dylib
0x0000000004424000 	/usr/lib/system/libsystem_coretls.dylib
0x0000000004424000 	/usr/lib/system/libsystem_dnssd.dylib
0x0000000004424000 	/usr/lib/system/libsystem_info.dylib
0x0000000004424000 	/usr/lib/system/libsystem_kernel.dylib
0x0000000004424000 	/usr/lib/system/libsystem_m.dylib
0x0000000004424000 	/usr/lib/system/libsystem_malloc.dylib
0x0000000004424000 	/usr/lib/system/libsystem_network.dylib
0x0000000004424000 	/usr/lib/system/libsystem_networkextension.dylib
0x0000000004424000 	/usr/lib/system/libsystem_notify.dylib
0x0000000004424000 	/usr/lib/system/libsystem_platform.dylib
0x0000000004424000 	/usr/lib/system/libsystem_pthread.dylib
0x0000000004424000 	/usr/lib/system/libsystem_sandbox.dylib
0x0000000004424000 	/usr/lib/system/libsystem_secinit.dylib
0x0000000004424000 	/usr/lib/system/libsystem_trace.dylib
0x0000000004424000 	/usr/lib/system/libunc.dylib
0x0000000004424000 	/usr/lib/system/libunwind.dylib
0x0000000004424000 	/usr/lib/system/libxpc.dylib
0x0000000004424000 	/usr/lib/libenergytrace.dylib
0x0000000004424000 	/usr/lib/libbsm.0.dylib
0x0000000004424000 	/usr/lib/system/libkxld.dylib
0x0000000004424000 	/usr/lib/libxar.1.dylib
0x0000000004424000 	/usr/lib/libsqlite3.dylib
0x0000000004424000 	/usr/lib/libpam.2.dylib
0x0000000004424000 	/usr/lib/libOpenScriptingUtil.dylib
0x0000000004424000 	/usr/lib/libbz2.1.0.dylib
0x0000000004424000 	/usr/lib/liblzma.5.dylib
0x0000000004424000 	/System/Library/Frameworks/CoreServices.framework/Versions/A/Frameworks/FSEvents.framework/Versions/A/FSEvents
0x0000000004424000 	/System/Library/Frameworks/CoreServices.framework/Versions/A/Frameworks/CarbonCore.framework/Versions/A/CarbonCore
0x0000000004424000 	/System/Library/Frameworks/CoreServices.framework/Versions/A/Frameworks/Metadata.framework/Versions/A/Metadata
0x0000000004424000 	/System/Library/Frameworks/CoreServices.framework/Versions/A/Frameworks/OSServices.framework/Versions/A/OSServices
0x0000000004424000 	/System/Library/Frameworks/CoreServices.framework/Versions/A/Frameworks/SearchKit.framework/Versions/A/SearchKit
0x0000000004424000 	/System/Library/Frameworks/CoreServices.framework/Versions/A/Frameworks/AE.framework/Versions/A/AE
0x0000000004424000 	/System/Library/Frameworks/CoreServices.framework/Versions/A/Frameworks/LaunchServices.framework/Versions/A/LaunchServices
0x0000000004424000 	/System/Library/Frameworks/CoreServices.framework/Versions/A/Frameworks/DictionaryServices.framework/Versions/A/DictionaryServices
0x0000000004424000 	/System/Library/Frameworks/CoreServices.framework/Versions/A/Frameworks/SharedFileList.framework/Versions/A/SharedFileList
0x0000000004424000 	/System/Library/Frameworks/NetFS.framework/Versions/A/NetFS
0x0000000004424000 	/System/Library/PrivateFrameworks/NetAuth.framework/Versions/A/NetAuth
0x0000000004424000 	/System/Library/PrivateFrameworks/login.framework/Versions/A/Frameworks/loginsupport.framework/Versions/A/loginsupport
0x0000000004424000 	/System/Library/PrivateFrameworks/TCC.framework/Versions/A/TCC
0x0000000004424000 	/usr/lib/libmecabra.dylib
0x0000000004424000 	/System/Library/Frameworks/ApplicationServices.framework/Versions/A/Frameworks/ATS.framework/Versions/A/ATS
0x0000000004424000 	/System/Library/Frameworks/ApplicationServices.framework/Versions/A/Frameworks/ColorSync.framework/Versions/A/ColorSync
0x0000000004424000 	/System/Library/Frameworks/ApplicationServices.framework/Versions/A/Frameworks/HIServices.framework/Versions/A/HIServices
0x0000000004424000 	/System/Library/Frameworks/ApplicationServices.framework/Versions/A/Frameworks/LangAnalysis.framework/Versions/A/LangAnalysis
0x0000000004424000 	/System/Library/Frameworks/ApplicationServices.framework/Versions/A/Frameworks/PrintCore.framework/Versions/A/PrintCore
0x0000000004424000 	/System/Library/Frameworks/ApplicationServices.framework/Versions/A/Frameworks/QD.framework/Versions/A/QD
0x0000000004424000 	/System/Library/Frameworks/ApplicationServices.framework/Versions/A/Frameworks/SpeechSynthesis.framework/Versions/A/SpeechSynthesis
0x0000000004424000 	/System/Library/Frameworks/Metal.framework/Versions/A/Metal
0x0000000004424000 	/System/Library/Frameworks/Accelerate.framework/Versions/A/Frameworks/vImage.framework/Versions/A/vImage
0x0000000004424000 	/System/Library/Frameworks/Accelerate.framework/Versions/A/Frameworks/vecLib.framework/Versions/A/vecLib
0x0000000004424000 	/System/Library/Frameworks/Accelerate.framework/Versions/A/Frameworks/vecLib.framework/Versions/A/libvDSP.dylib
0x0000000004424000 	/System/Library/Frameworks/Accelerate.framework/Versions/A/Frameworks/vecLib.framework/Versions/A/libvMisc.dylib
0x0000000004424000 	/System/Library/Frameworks/Accelerate.framework/Versions/A/Frameworks/vecLib.framework/Versions/A/libLAPACK.dylib
0x0000000004424000 	/System/Library/Frameworks/Accelerate.framework/Versions/A/Frameworks/vecLib.framework/Versions/A/libBLAS.dylib
0x0000000004424000 	/System/Library/Frameworks/Accelerate.framework/Versions/A/Frameworks/vecLib.framework/Versions/A/libLinearAlgebra.dylib
0x0000000004424000 	/System/Library/Frameworks/Accelerate.framework/Versions/A/Frameworks/vecLib.framework/Versions/A/libSparseBLAS.dylib
0x0000000004424000 	/System/Library/PrivateFrameworks/GPUCompiler.framework/libmetal_timestamp.dylib
0x0000000004424000 	/System/Library/Frameworks/OpenGL.framework/Versions/A/Libraries/libCoreFSCache.dylib
0x0000000004424000 	/System/Library/PrivateFrameworks/IOAccelerator.framework/Versions/A/IOAccelerator
0x0000000004424000 	/System/Library/Frameworks/ApplicationServices.framework/Versions/A/Frameworks/ATS.framework/Versions/A/Resources/libFontParser.dylib
0x0000000004424000 	/System/Library/Frameworks/ApplicationServices.framework/Versions/A/Frameworks/ATS.framework/Versions/A/Resources/libFontRegistry.dylib
0x0000000004424000 	/System/Library/PrivateFrameworks/AppleVPA.framework/Versions/A/AppleVPA
0x0000000004424000 	/System/Library/PrivateFrameworks/AppleJPEG.framework/Versions/A/AppleJPEG
0x0000000004424000 	/System/Library/Frameworks/ImageIO.framework/Versions/A/Resources/libJPEG.dylib
0x0000000004424000 	/System/Library/Frameworks/ImageIO.framework/Versions/A/Resources/libTIFF.dylib
0x0000000004424000 	/System/Library/Frameworks/ImageIO.framework/Versions/A/Resources/libPng.dylib
0x0000000004424000 	/System/Library/Frameworks/ImageIO.framework/Versions/A/Resources/libGIF.dylib
0x0000000004424000 	/System/Library/Frameworks/ImageIO.framework/Versions/A/Resources/libJP2.dylib
0x0000000004424000 	/System/Library/Frameworks/ImageIO.framework/Versions/A/Resources/libRadiance.dylib
0x0000000004424000 	/System/Library/Frameworks/CoreVideo.framework/Versions/A/CoreVideo
0x0000000004424000 	/System/Library/Frameworks/OpenGL.framework/Versions/A/Libraries/libGLU.dylib
0x0000000004424000 	/System/Library/Frameworks/OpenGL.framework/Versions/A/Libraries/libGFXShared.dylib
0x0000000004424000 	/System/Library/Frameworks/OpenGL.framework/Versions/A/Libraries/libGL.dylib
0x0000000004424000 	/System/Library/Frameworks/OpenGL.framework/Versions/A/Libraries/libGLImage.dylib
0x0000000004424000 	/System/Library/Frameworks/OpenGL.framework/Versions/A/Libraries/libCVMSPluginSupport.dylib
0x0000000004424000 	/System/Library/Frameworks/OpenGL.framework/Versions/A/Libraries/libCoreVMClient.dylib
0x0000000004424000 	/usr/lib/libcompression.dylib
0x0000000004424000 	/usr/lib/libcups.2.dylib
0x0000000004424000 	/System/Library/Frameworks/Kerberos.framework/Versions/A/Kerberos
0x0000000004424000 	/System/Library/Frameworks/GSS.framework/Versions/A/GSS
0x0000000004424000 	/usr/lib/libresolv.9.dylib
0x0000000004424000 	/usr/lib/libiconv.2.dylib
0x0000000004424000 	/System/Library/PrivateFrameworks/Heimdal.framework/Versions/A/Heimdal
0x0000000004424000 	/usr/lib/libheimdal-asn1.dylib
0x0000000004424000 	/System/Library/Frameworks/OpenDirectory.framework/Versions/A/OpenDirectory
0x0000000004424000 	/System/Library/PrivateFrameworks/CommonAuth.framework/Versions/A/CommonAuth
0x0000000004424000 	/System/Library/Frameworks/OpenDirectory.framework/Versions/A/Frameworks/CFOpenDirectory.framework/Versions/A/CFOpenDirectory
0x0000000004424000 	/System/Library/Frameworks/SecurityFoundation.framework/Versions/A/SecurityFoundation
0x0000000004424000 	/System/Library/PrivateFrameworks/LanguageModeling.framework/Versions/A/LanguageModeling
0x0000000004424000 	/usr/lib/libmarisa.dylib
0x0000000004424000 	/usr/lib/libChineseTokenizer.dylib
0x0000000004424000 	/usr/lib/libcmph.dylib
0x0000000004424000 	/System/Library/Frameworks/ServiceManagement.framework/Versions/A/ServiceManagement
0x0000000004424000 	/usr/lib/libxslt.1.dylib
0x0000000004424000 	/System/Library/Frameworks/Carbon.framework/Versions/A/Frameworks/Ink.framework/Versions/A/Ink
0x0000000004424000 	/usr/lib/libFosl_dynamic.dylib
0x0000000004424000 	/System/Library/PrivateFrameworks/FaceCore.framework/Versions/A/FaceCore
0x0000000004424000 	/System/Library/Frameworks/OpenCL.framework/Versions/A/OpenCL
0x0000000004424000 	/System/Library/PrivateFrameworks/CrashReporterSupport.framework/Versions/A/CrashReporterSupport
0x0000000004424000 	/System/Library/PrivateFrameworks/IconServices.framework/Versions/A/IconServices
0x0000000004424000 	/System/Library/PrivateFrameworks/Apple80211.framework/Versions/A/Apple80211
0x0000000004424000 	/System/Library/Frameworks/CoreWLAN.framework/Versions/A/CoreWLAN
0x0000000004424000 	/System/Library/Frameworks/IOBluetooth.framework/Versions/A/IOBluetooth
0x0000000004424000 	/System/Library/PrivateFrameworks/CoreWiFi.framework/Versions/A/CoreWiFi
0x0000000004424000 	/System/Library/Frameworks/CoreBluetooth.framework/Versions/A/CoreBluetooth
0x0000000004424000 	/System/Library/PrivateFrameworks/ChunkingLibrary.framework/Versions/A/ChunkingLibrary
0x0000000004424000 	/System/Library/PrivateFrameworks/DebugSymbols.framework/Versions/A/DebugSymbols
0x0000000004424000 	/System/Library/PrivateFrameworks/CoreSymbolication.framework/Versions/A/CoreSymbolication
0x0000000004424000 	/System/Library/PrivateFrameworks/Symbolication.framework/Versions/A/Symbolication
0x0000000004424000 	/System/Library/PrivateFrameworks/SpeechRecognitionCore.framework/Versions/A/SpeechRecognitionCore
0x0000000106200000 	/Library/Java/JavaVirtualMachines/jdk1.8.0_111.jdk/Contents/Home/jre/lib/server/libjvm.dylib
0x0000000004424000 	/usr/lib/libstdc++.6.dylib
0x0000000105878000 	/Library/Java/JavaVirtualMachines/jdk1.8.0_111.jdk/Contents/Home/jre/lib/libverify.dylib
0x0000000105886000 	/Library/Java/JavaVirtualMachines/jdk1.8.0_111.jdk/Contents/Home/jre/lib/libjava.dylib
0x00000001058c5000 	/Library/Java/JavaVirtualMachines/jdk1.8.0_111.jdk/Contents/Home/jre/lib/libzip.dylib
0x000000011c9e3000 	/System/Library/Frameworks/JavaVM.framework/Frameworks/JavaRuntimeSupport.framework/JavaRuntimeSupport
0x000000011c9fe000 	/System/Library/Frameworks/JavaVM.framework/Versions/A/Frameworks/JavaNativeFoundation.framework/Versions/A/JavaNativeFoundation
0x00000001059f0000 	/System/Library/Frameworks/JavaVM.framework/Versions/A/JavaVM
0x0000000004424000 	/System/Library/Frameworks/Carbon.framework/Versions/A/Carbon
0x000000011ca13000 	/System/Library/PrivateFrameworks/JavaLaunching.framework/Versions/A/JavaLaunching
0x0000000004424000 	/System/Library/Frameworks/Carbon.framework/Versions/A/Frameworks/CommonPanels.framework/Versions/A/CommonPanels
0x0000000004424000 	/System/Library/Frameworks/Carbon.framework/Versions/A/Frameworks/Help.framework/Versions/A/Help
0x0000000004424000 	/System/Library/Frameworks/Carbon.framework/Versions/A/Frameworks/ImageCapture.framework/Versions/A/ImageCapture
0x0000000004424000 	/System/Library/Frameworks/Carbon.framework/Versions/A/Frameworks/OpenScripting.framework/Versions/A/OpenScripting
0x0000000004424000 	/System/Library/Frameworks/Carbon.framework/Versions/A/Frameworks/Print.framework/Versions/A/Print
0x0000000004424000 	/System/Library/Frameworks/Carbon.framework/Versions/A/Frameworks/SecurityHI.framework/Versions/A/SecurityHI
0x000000011e36f000 	/Library/Java/JavaVirtualMachines/jdk1.8.0_111.jdk/Contents/Home/jre/lib/libawt.dylib
0x000000011e417000 	/Library/Java/JavaVirtualMachines/jdk1.8.0_111.jdk/Contents/Home/jre/lib/./libmlib_image.dylib
0x000000011e4e3000 	/Library/Java/JavaVirtualMachines/jdk1.8.0_111.jdk/Contents/Home/jre/lib/libawt_lwawt.dylib
0x000000011e598000 	/Library/Java/JavaVirtualMachines/jdk1.8.0_111.jdk/Contents/Home/jre/lib/./libosxapp.dylib
0x0000000004424000 	/System/Library/Frameworks/ExceptionHandling.framework/Versions/A/ExceptionHandling
0x0000000004424000 	/System/Library/PrivateFrameworks/CoreServicesInternal.framework/Versions/A/CoreServicesInternal
0x0000000004424000 	/System/Library/Frameworks/CoreGraphics.framework/Versions/A/Resources/libRIP.A.dylib
0x0000000004424000 	/System/Library/Frameworks/Accelerate.framework/Versions/A/Frameworks/vImage.framework/Versions/A/Libraries/libCGInterfaces.dylib
0x0000000004424000 	/System/Library/Frameworks/CoreGraphics.framework/Versions/A/Resources/libCGXType.A.dylib
0x0000000004424000 	/System/Library/Frameworks/OpenCL.framework/Versions/A/Libraries/libcldcpuengine.dylib
0x0000000004424000 	/System/Library/PrivateFrameworks/DiskImages.framework/Versions/A/DiskImages
0x0000000004424000 	/System/Library/Frameworks/DiscRecording.framework/Versions/A/DiscRecording
0x0000000004424000 	/usr/lib/libcsfde.dylib
0x0000000004424000 	/usr/lib/libcurl.4.dylib
0x0000000004424000 	/System/Library/PrivateFrameworks/MediaKit.framework/Versions/A/MediaKit
0x0000000004424000 	/System/Library/PrivateFrameworks/ProtectedCloudStorage.framework/Versions/A/ProtectedCloudStorage
0x0000000004424000 	/usr/lib/libCoreStorage.dylib
0x0000000004424000 	/System/Library/PrivateFrameworks/EFILogin.framework/Versions/A/EFILogin
0x0000000004424000 	/usr/lib/libutil.dylib
0x0000000004424000 	/System/Library/PrivateFrameworks/FindMyDevice.framework/Versions/A/FindMyDevice
0x0000000004424000 	/System/Library/Frameworks/LDAP.framework/Versions/A/LDAP
0x0000000004424000 	/usr/lib/libsasl2.2.dylib
0x0000000004424000 	/System/Library/PrivateFrameworks/CoreDaemon.framework/Versions/B/CoreDaemon
0x0000000004424000 	/usr/lib/libcrypto.0.9.8.dylib
0x0000000004424000 	/System/Library/PrivateFrameworks/AppleSRP.framework/Versions/A/AppleSRP
0x0000000004424000 	/System/Library/PrivateFrameworks/TrustEvaluationAgent.framework/Versions/A/TrustEvaluationAgent
0x00000001201e9000 	cl_kernels
0x0000000004424000 	/System/Library/Frameworks/OpenCL.framework/Versions/A/Libraries/ImageFormats/unorm8_bgra.dylib
0x0000000004424000 	/System/Library/Frameworks/OpenCL.framework/Versions/A/Libraries/ImageFormats/unorm8_rgba.dylib
0x0000000004424000 	/System/Library/PrivateFrameworks/FamilyControls.framework/Versions/A/FamilyControls
0x0000000004424000 	/System/Library/PrivateFrameworks/CommerceKit.framework/Versions/A/Frameworks/CommerceCore.framework/Versions/A/CommerceCore
0x0000000004424000 	/System/Library/PrivateFrameworks/SystemAdministration.framework/Versions/A/SystemAdministration
0x0000000004424000 	/System/Library/PrivateFrameworks/AppContainer.framework/Versions/A/AppContainer
0x0000000004424000 	/System/Library/PrivateFrameworks/SecCodeWrapper.framework/Versions/A/SecCodeWrapper
0x0000000004424000 	/System/Library/Frameworks/DirectoryService.framework/Versions/A/DirectoryService
0x0000000004424000 	/System/Library/PrivateFrameworks/LoginUIKit.framework/Versions/A/Frameworks/LoginUICore.framework/Versions/A/LoginUICore
0x0000000004424000 	/usr/lib/libodfde.dylib
0x0000000004424000 	/System/Library/Frameworks/OpenGL.framework/Versions/A/Resources/GLEngine.bundle/GLEngine
0x0000000004424000 	/System/Library/Frameworks/OpenGL.framework/Versions/A/Libraries/libGLProgrammability.dylib
0x00000001212e7000 	/System/Library/Extensions/AppleIntelBDWGraphicsGLDriver.bundle/Contents/MacOS/AppleIntelBDWGraphicsGLDriver
0x0000000004424000 	/System/Library/PrivateFrameworks/GPUSupport.framework/Versions/A/Libraries/libGPUSupportMercury.dylib
0x0000000004424000 	/System/Library/Frameworks/OpenGL.framework/Versions/A/Resources/GLRendererFloat.bundle/GLRendererFloat
0x0000000122269000 	/Library/Java/JavaVirtualMachines/jdk1.8.0_111.jdk/Contents/Home/jre/lib/libfontmanager.dylib
0x0000000123731000 	/Library/Java/JavaVirtualMachines/jdk1.8.0_111.jdk/Contents/Home/jre/lib/libosxui.dylib
0x000000012440e000 	/Library/Java/JavaVirtualMachines/jdk1.8.0_111.jdk/Contents/Home/jre/lib/libnet.dylib
0x0000000124222000 	/Library/Java/JavaVirtualMachines/jdk1.8.0_111.jdk/Contents/Home/jre/lib/libnio.dylib
0x0000000004424000 	/System/Library/Frameworks/ApplicationServices.framework/Versions/A/Frameworks/ATS.framework/Versions/A/Resources/libTrueTypeScaler.dylib
0x000000017556f000 	/System/Library/Extensions/AppleIntelBDWGraphicsMTLDriver.bundle/Contents/MacOS/AppleIntelBDWGraphicsMTLDriver
0x00000001234b8000 	/private/var/folders/52/pd9n1grn4_55dn11fg2xx6m40000gn/T/jogamp_0000/file_cache/jln1711483257313256886/jln3498788605574191563/libgluegen-rt.jnilib
0x00000001234bc000 	/private/var/folders/52/pd9n1grn4_55dn11fg2xx6m40000gn/T/jogamp_0000/file_cache/jln1711483257313256886/jln3498788605574191563/libnativewindow_awt.jnilib
0x0000000175566000 	/Library/Java/JavaVirtualMachines/jdk1.8.0_111.jdk/Contents/Home/jre/lib/libjawt.dylib
0x0000000175806000 	/private/var/folders/52/pd9n1grn4_55dn11fg2xx6m40000gn/T/jogamp_0000/file_cache/jln1711483257313256886/jln3498788605574191563/libnativewindow_macosx.jnilib
0x000000017b0d6000 	/private/var/folders/52/pd9n1grn4_55dn11fg2xx6m40000gn/T/jogamp_0000/file_cache/jln1711483257313256886/jln3498788605574191563/libjogl_desktop.jnilib
0x000000017cdf9000 	/Library/Java/JavaVirtualMachines/jdk1.8.0_111.jdk/Contents/Home/jre/lib/libsunec.dylib
0x0000000175caf000 	/Library/Java/JavaVirtualMachines/jdk1.8.0_111.jdk/Contents/Home/jre/lib/libt2k.dylib

VM Arguments:
jvm_args: -Djava.security.policy=java.policy.applet -Dfile.encoding=UTF-8 
java_command: sun.applet.AppletViewer module5.EarthquakeCityMap1495864127262.html
java_class_path (initial): /Users/dhruvsawhney/Documents/workspace/UCSDUnfoldingMaps/build:/Users/dhruvsawhney/Documents/workspace/UCSDUnfoldingMaps/lib/core.jar:/Users/dhruvsawhney/Documents/workspace/UCSDUnfoldingMaps/lib/gluegen-rt.jar:/Users/dhruvsawhney/Documents/workspace/UCSDUnfoldingMaps/lib/jogl-all.jar:/Users/dhruvsawhney/Documents/workspace/UCSDUnfoldingMaps/lib/log4j-1.2.15.jar:/Users/dhruvsawhney/Documents/workspace/UCSDUnfoldingMaps/lib/sqlite-jdbc-3.7.2.jar:/Users/dhruvsawhney/Documents/workspace/UCSDUnfoldingMaps/lib/json4processing.jar:/Users/dhruvsawhney/Documents/workspace/UCSDUnfoldingMaps/lib/libTUIO.jar:/Users/dhruvsawhney/Documents/workspace/UCSDUnfoldingMaps/lib/unfolding.0.9.7-uscd.jar
Launcher Type: SUN_STANDARD

Environment Variables:
PATH=/usr/bin:/bin:/usr/sbin:/sbin
SHELL=/bin/bash
DISPLAY=/private/tmp/com.apple.launchd.R6hX440jOa/org.macosforge.xquartz:0

Signal Handlers:
SIGSEGV: [libjvm.dylib+0x5b03ed], sa_mask[0]=11111111011111110111111111111111, sa_flags=SA_ONSTACK|SA_RESTART|SA_SIGINFO
SIGBUS: [libjvm.dylib+0x5b03ed], sa_mask[0]=11111111011111110111111111111111, sa_flags=SA_RESTART|SA_SIGINFO
SIGFPE: [libjvm.dylib+0x48711c], sa_mask[0]=11111111011111110111111111111111, sa_flags=SA_RESTART|SA_SIGINFO
SIGPIPE: [libjvm.dylib+0x48711c], sa_mask[0]=11111111011111110111111111111111, sa_flags=SA_RESTART|SA_SIGINFO
SIGXFSZ: [libjvm.dylib+0x48711c], sa_mask[0]=11111111011111110111111111111111, sa_flags=SA_RESTART|SA_SIGINFO
SIGILL: [libjvm.dylib+0x48711c], sa_mask[0]=11111111011111110111111111111111, sa_flags=SA_RESTART|SA_SIGINFO
SIGUSR1: SIG_DFL, sa_mask[0]=00000000000000000000000000000000, sa_flags=none
SIGUSR2: [libjvm.dylib+0x486c3a], sa_mask[0]=00100000000000000000000000000000, sa_flags=SA_RESTART|SA_SIGINFO
SIGHUP: [libjvm.dylib+0x485211], sa_mask[0]=11111111011111110111111111111111, sa_flags=SA_RESTART|SA_SIGINFO
SIGINT: [libjvm.dylib+0x485211], sa_mask[0]=11111111011111110111111111111111, sa_flags=SA_RESTART|SA_SIGINFO
SIGTERM: [libjvm.dylib+0x485211], sa_mask[0]=11111111011111110111111111111111, sa_flags=SA_RESTART|SA_SIGINFO
SIGQUIT: [libjvm.dylib+0x485211], sa_mask[0]=11111111011111110111111111111111, sa_flags=SA_RESTART|SA_SIGINFO


---------------  S Y S T E M  ---------------

OS:Bsduname:Darwin 15.6.0 Darwin Kernel Version 15.6.0: Thu Sep  1 15:01:16 PDT 2016; root:xnu-3248.60.11~2/RELEASE_X86_64 x86_64
rlimit: STACK 8192k, CORE 0k, NPROC 709, NOFILE 10240, AS infinity
load average:2.92 2.73 2.61

CPU:total 4 (2 cores per cpu, 2 threads per core) family 6 model 61 stepping 4, cmov, cx8, fxsr, mmx, sse, sse2, sse3, ssse3, sse4.1, sse4.2, popcnt, avx, avx2, aes, clmul, erms, 3dnowpref, lzcnt, ht, tsc, tscinvbit, bmi1, bmi2, adx

Memory: 4k page, physical 8388608k(999928k free)

/proc/meminfo:


vm_info: Java HotSpot(TM) 64-Bit Server VM (25.111-b14) for bsd-amd64 JRE (1.8.0_111-b14), built on Sep 22 2016 15:31:41 by "java_re" with gcc 4.2.1 (Based on Apple Inc. build 5658) (LLVM build 2336.11.00)

time: Sat May 27 11:19:06 2017
elapsed time: 19 seconds (0d 0h 0m 19s)

