#
# A fatal error has been detected by the Java Runtime Environment:
#
#  SIGSEGV (0xb) at pc=0x00007fffa11ca4dd, pid=2904, tid=0x0000000000000a0b
#
# JRE version: Java(TM) SE Runtime Environment (8.0_111-b14) (build 1.8.0_111-b14)
# Java VM: Java HotSpot(TM) 64-Bit Server VM (25.111-b14 mixed mode bsd-amd64 compressed oops)
# Problematic frame:
# C  [libobjc.A.dylib+0x14dd]  objc_msgSend+0x1d
#
# Failed to write core dump. Core dumps have been disabled. To enable core dumping, try "ulimit -c unlimited" before starting Java again
#
# If you would like to submit a bug report, please visit:
#   http://bugreport.java.com/bugreport/crash.jsp
# The crash happened outside the Java Virtual Machine in native code.
# See problematic frame for where to report the bug.
#

---------------  T H R E A D  ---------------

Current thread (0x00007fbc4d0c8000):  JavaThread "AWT-AppKit" daemon [_thread_in_native, id=2571, stack(0x00007fff5d0df000,0x00007fff5d8df000)]

siginfo: si_signo: 11 (SIGSEGV), si_code: 1 (SEGV_MAPERR), si_addr: 0x0000000000000018

Registers:
RAX=0x00007fbc5025eb40, RBX=0x000000017217b450, RCX=0x000000011c4a5780, RDX=0x000000011c4a56e0
RSP=0x00007fff5d8da3e8, RBP=0x00007fff5d8da4a0, RSI=0x00007fff9e274cbe, RDI=0x00007fbc4bf6aec0
R8 =0x0000000000000000, R9 =0x00000000000008b0, R10=0x00007fff9e274cbe, R11=0x0000000000000000
R12=0x0000000000000000, R13=0x000000017702cdd0, R14=0x000000017217b440, R15=0x00007fbc4d0c8000
RIP=0x00007fffa11ca4dd, EFLAGS=0x0000000000010246, ERR=0x0000000000000004
  TRAPNO=0x000000000000000e

Top of Stack: (sp=0x00007fff5d8da3e8)
0x00007fff5d8da3e8:   0000000172179157 00007fff5d8da440
0x00007fff5d8da3f8:   0000000000000003 00007fff5d8da420
0x00007fff5d8da408:   000000010278f7be 000000017702cdd0
0x00007fff5d8da418:   000000017702cdd0 00007fbc5025eb40
0x00007fff5d8da428:   000000017217b6a0 000000017217b710
0x00007fff5d8da438:   00007fff7f08f770 00007fff7bee2500
0x00007fff5d8da448:   000000017217b450 000000017217b690
0x00007fff5d8da458:   00007fbc5025eb40 00007fbc4bf6aec0
0x00007fff5d8da468:   00007fbc4bd54320 00007fbc5025eb40
0x00007fff5d8da478:   00007fbc4bf6aec0 00007fff5d8da528
0x00007fff5d8da488:   00007fbc4d0c81f8 000000017702cdd0
0x00007fff5d8da498:   00007fff5d8da550 00007fff5d8da518
0x00007fff5d8da4a8:   0000000103e179f4 000000017702cdd0
0x00007fff5d8da4b8:   00007fff5d8da550 00007fff5d8da518
0x00007fff5d8da4c8:   0000000103e17787 0000000103e17742
0x00007fff5d8da4d8:   00007fff5d8da4d8 000000017702cdd0
0x00007fff5d8da4e8:   00007fff5d8da550 0000000177050028
0x00007fff5d8da4f8:   0000000000000000 000000017702cdd0
0x00007fff5d8da508:   0000000000000000 00007fff5d8da538
0x00007fff5d8da518:   00007fff5d8da598 0000000103e082bd
0x00007fff5d8da528:   0000000740462408 0000000103e11538
0x00007fff5d8da538:   00007fbc5025eb40 00007fff5d8da598
0x00007fff5d8da548:   00007fbc4bf6aec0 0000000103e12e02
0x00007fff5d8da558:   00007fff5d8da558 000000017702cf9a
0x00007fff5d8da568:   00007fff5d8da5c0 0000000177050028
0x00007fff5d8da578:   0000000000000000 000000017702cfa8
0x00007fff5d8da588:   00007fff5d8da538 00007fff5d8da5a8
0x00007fff5d8da598:   00007fff5d8da608 0000000103e082bd
0x00007fff5d8da5a8:   00007fbc5025eb40 00000007403fe848
0x00007fff5d8da5b8:   00007fbc4bf6aec0 00000007403fe848
0x00007fff5d8da5c8:   00007fff5d8da5c8 0000000179ed505e
0x00007fff5d8da5d8:   00007fff5d8da618 0000000179ed5118 

Instructions: (pc=0x00007fffa11ca4dd)
0x00007fffa11ca4bd:   44 00 00 48 85 ff 2e 74 62 40 f6 c7 01 2e 75 66
0x00007fffa11ca4cd:   49 bb f8 ff ff ff ff 7f 00 00 4c 23 1f 49 89 f2
0x00007fffa11ca4dd:   45 23 53 18 49 c1 e2 04 4d 03 53 10 49 3b 32 75
0x00007fffa11ca4ed:   04 41 ff 62 08 49 83 3a 01 76 0d 49 83 c2 10 49 

Register to memory mapping:

RAX=0x00007fbc5025eb40 is an unknown value
RBX=0x000000017217b450: Java_jogamp_nativewindow_macosx_OSXUtil_GetScreenRefreshRate0+0x1cf0 in /private/var/folders/52/pd9n1grn4_55dn11fg2xx6m40000gn/T/jogamp_0000/file_cache/jln9160459629760275549/jln15708167790733333/libnativewindow_macosx.jnilib at 0x0000000172174000
RCX=0x000000011c4a5780 is an unknown value
RDX=0x000000011c4a56e0 is an unknown value
RSP=0x00007fff5d8da3e8 is pointing into the stack for thread: 0x00007fbc4d0c8000
RBP=0x00007fff5d8da4a0 is pointing into the stack for thread: 0x00007fbc4d0c8000
RSI=0x00007fff9e274cbe is an unknown value
RDI=0x00007fbc4bf6aec0 is an unknown value
R8 =0x0000000000000000 is an unknown value
R9 =0x00000000000008b0 is an unknown value
R10=0x00007fff9e274cbe is an unknown value
R11=0x0000000000000000 is an unknown value
R12=0x0000000000000000 is an unknown value
R13={method} {0x000000017702cdd0} 'UnsetJAWTRootSurfaceLayer0' '(JJ)V' in 'jogamp/nativewindow/jawt/macosx/MacOSXJAWTWindow'
R14=0x000000017217b440: Java_jogamp_nativewindow_macosx_OSXUtil_GetScreenRefreshRate0+0x1ce0 in /private/var/folders/52/pd9n1grn4_55dn11fg2xx6m40000gn/T/jogamp_0000/file_cache/jln9160459629760275549/jln15708167790733333/libnativewindow_macosx.jnilib at 0x0000000172174000
R15=0x00007fbc4d0c8000 is a thread


Stack: [0x00007fff5d0df000,0x00007fff5d8df000],  sp=0x00007fff5d8da3e8,  free space=8172k
Native frames: (J=compiled Java code, j=interpreted, Vv=VM code, C=native code)
C  [libobjc.A.dylib+0x14dd]  objc_msgSend+0x1d
j  jogamp.nativewindow.jawt.macosx.MacOSXJAWTWindow.UnsetJAWTRootSurfaceLayer0(JJ)V+0
j  jogamp.nativewindow.jawt.macosx.MacOSXJAWTWindow.access$200(JJ)V+2
j  jogamp.nativewindow.jawt.macosx.MacOSXJAWTWindow$1.run()V+38
j  com.jogamp.common.util.RunnableTask.run()V+24
v  ~StubRoutines::call_stub
V  [libjvm.dylib+0x2ecf8a]
V  [libjvm.dylib+0x324119]
V  [libjvm.dylib+0x3168e7]
C  [libnativewindow_macosx.jnilib+0x5326]  Java_jogamp_nativewindow_jawt_macosx_MacOSXJAWTWindow_UnsetJAWTRootSurfaceLayer0+0x2b6
C  [Foundation+0x76fde]  __NSThreadPerformPerform+0x117
C  [CoreFoundation+0xaa7e1]  __CFRUNLOOP_IS_CALLING_OUT_TO_A_SOURCE0_PERFORM_FUNCTION__+0x11
C  [CoreFoundation+0x89f1c]  __CFRunLoopDoSources0+0x22c
C  [CoreFoundation+0x8943f]  __CFRunLoopRun+0x39f
C  [CoreFoundation+0x88e38]  CFRunLoopRunSpecific+0x128
C  [HIToolbox+0x30935]  RunCurrentEventLoopInMode+0xeb
C  [HIToolbox+0x30677]  ReceiveNextEventCommon+0xb8
C  [HIToolbox+0x305af]  _BlockUntilNextEventMatchingListInModeWithFilter+0x47
C  [AppKit+0x48df6]  _DPSNextEvent+0x42b
C  [AppKit+0x48226]  -[NSApplication _nextEventMatchingEventMask:untilDate:inMode:dequeue:]+0x1c6
C  [libosxapp.dylib+0x23aa]  -[NSApplicationAWT nextEventMatchingMask:untilDate:inMode:dequeue:]+0x7c
C  [AppKit+0x3cd80]  -[NSApplication run]+0x2aa
C  [libosxapp.dylib+0x214d]  +[NSApplicationAWT runAWTLoopWithApp:]+0x9c
C  [libawt_lwawt.dylib+0x444b3]  -[AWTStarter starter:]+0x389
C  [Foundation+0x76fde]  __NSThreadPerformPerform+0x117
C  [CoreFoundation+0xaa7e1]  __CFRUNLOOP_IS_CALLING_OUT_TO_A_SOURCE0_PERFORM_FUNCTION__+0x11
C  [CoreFoundation+0x89f1c]  __CFRunLoopDoSources0+0x22c
C  [CoreFoundation+0x8943f]  __CFRunLoopRun+0x39f
C  [CoreFoundation+0x88e38]  CFRunLoopRunSpecific+0x128
C  [java+0x6465]  CreateExecutionEnvironment+0x367
C  [java+0x218c]  JLI_Launch+0x7a0
C  [java+0x84c2]  main+0x65
C  [java+0x19e4]  start+0x34
C  0x0000000000000007

Java frames: (J=compiled Java code, j=interpreted, Vv=VM code)
j  jogamp.nativewindow.jawt.macosx.MacOSXJAWTWindow.UnsetJAWTRootSurfaceLayer0(JJ)V+0
j  jogamp.nativewindow.jawt.macosx.MacOSXJAWTWindow.access$200(JJ)V+2
j  jogamp.nativewindow.jawt.macosx.MacOSXJAWTWindow$1.run()V+38
j  com.jogamp.common.util.RunnableTask.run()V+24
v  ~StubRoutines::call_stub

---------------  P R O C E S S  ---------------

Java Threads: ( => current thread )
  0x00007fbc4dd23800 JavaThread "Thread-19" [_thread_blocked, id=65255, stack(0x00007000019ee000,0x0000700001aee000)]
  0x00007fbc4db36000 JavaThread "AWT-EventQueue-1" [_thread_in_native, id=58411, stack(0x0000700001868000,0x0000700001968000)]
  0x00007fbc4c89f800 JavaThread "DestroyJavaVM" [_thread_blocked, id=4099, stack(0x0000700000084000,0x0000700000184000)]
  0x00007fbc4c9f6000 JavaThread "AWT-EventQueue-0" [_thread_blocked, id=54023, stack(0x0000700001662000,0x0000700001762000)]
  0x00007fbc4c176800 JavaThread "Java2D Disposer" daemon [_thread_blocked, id=52743, stack(0x00007000013d9000,0x00007000014d9000)]
  0x00007fbc4d95e800 JavaThread "Java2D Queue Flusher" daemon [_thread_blocked, id=49671, stack(0x00007000012d6000,0x00007000013d6000)]
  0x00007fbc4d0e0800 JavaThread "AWT-Shutdown" [_thread_blocked, id=29459, stack(0x0000700001150000,0x0000700001250000)]
=>0x00007fbc4d0c8000 JavaThread "AWT-AppKit" daemon [_thread_in_native, id=2571, stack(0x00007fff5d0df000,0x00007fff5d8df000)]
  0x00007fbc4d01e800 JavaThread "Service Thread" daemon [_thread_blocked, id=18947, stack(0x0000700000e44000,0x0000700000f44000)]
  0x00007fbc4d000800 JavaThread "C1 CompilerThread2" daemon [_thread_blocked, id=18435, stack(0x0000700000d41000,0x0000700000e41000)]
  0x00007fbc4c870000 JavaThread "C2 CompilerThread1" daemon [_thread_blocked, id=17923, stack(0x0000700000c3e000,0x0000700000d3e000)]
  0x00007fbc4c86e800 JavaThread "C2 CompilerThread0" daemon [_thread_blocked, id=17411, stack(0x0000700000b3b000,0x0000700000c3b000)]
  0x00007fbc4c86d800 JavaThread "Signal Dispatcher" daemon [_thread_blocked, id=14863, stack(0x0000700000a38000,0x0000700000b38000)]
  0x00007fbc4c00e800 JavaThread "Finalizer" daemon [_thread_blocked, id=12291, stack(0x000070000082f000,0x000070000092f000)]
  0x00007fbc4d01c000 JavaThread "Reference Handler" daemon [_thread_blocked, id=11779, stack(0x000070000072c000,0x000070000082c000)]

Other Threads:
  0x00007fbc4c00e000 VMThread [stack: 0x0000700000629000,0x0000700000729000] [id=11267]
  0x00007fbc4d812800 WatcherThread [stack: 0x0000700000f47000,0x0000700001047000] [id=19459]

VM state:not at safepoint (normal execution)

VM Mutex/Monitor currently owned by a thread: None

Heap:
 PSYoungGen      total 50176K, used 38456K [0x0000000795580000, 0x0000000799a00000, 0x00000007c0000000)
  eden space 49664K, 77% used [0x0000000795580000,0x0000000797afe1e8,0x0000000798600000)
  from space 512K, 12% used [0x0000000798700000,0x0000000798710000,0x0000000798780000)
  to   space 10240K, 0% used [0x0000000799000000,0x0000000799000000,0x0000000799a00000)
 ParOldGen       total 67072K, used 21534K [0x0000000740000000, 0x0000000744180000, 0x0000000795580000)
  object space 67072K, 32% used [0x0000000740000000,0x0000000741507bd8,0x0000000744180000)
 Metaspace       used 24043K, capacity 24329K, committed 24576K, reserved 1071104K
  class space    used 2379K, capacity 2483K, committed 2560K, reserved 1048576K

Card table byte_map: [0x00000001131c0000,0x00000001135c1000] byte_map_base: 0x000000010f7c0000

Marking Bits: (ParMarkBitMap*) 0x0000000102e8cd20
 Begin Bits: [0x000000011386c000, 0x000000011586c000)
 End Bits:   [0x000000011586c000, 0x000000011786c000)

Polling page: 0x0000000103581000

CodeCache: size=245760Kb used=9430Kb max_used=9784Kb free=236329Kb
 bounds [0x0000000103e00000, 0x00000001047b0000, 0x0000000112e00000]
 total_blobs=3666 nmethods=2743 adapters=836
 compilation: enabled

Compilation events (10 events):
Event: 249.225 Thread 0x00007fbc4c870000 nmethod 3150 0x0000000104317450 code [0x00000001043175a0, 0x00000001043175f8]
Event: 249.226 Thread 0x00007fbc4d000800 3152   !   3       sun.lwawt.LWComponentPeer::isShowing (49 bytes)
Event: 249.226 Thread 0x00007fbc4d000800 nmethod 3152 0x00000001040de810 code [0x00000001040de9c0, 0x00000001040df2c8]
Event: 249.333 Thread 0x00007fbc4c86e800 3153  s    4       sun.misc.URLClassPath::getNextLoader (88 bytes)
Event: 249.333 Thread 0x00007fbc4d000800 3154   !   3       sun.misc.URLClassPath$JarLoader::getResource (349 bytes)
Event: 249.343 Thread 0x00007fbc4d000800 nmethod 3154 0x000000010434ff50 code [0x00000001043503c0, 0x0000000104352918]
Event: 249.343 Thread 0x00007fbc4d000800 3155       3       sun.misc.JarIndex::get (49 bytes)
Event: 249.344 Thread 0x00007fbc4d000800 nmethod 3155 0x00000001041de590 code [0x00000001041de760, 0x00000001041defd8]
Event: 249.351 Thread 0x00007fbc4c86e800 nmethod 3153 0x0000000104502590 code [0x0000000104502700, 0x0000000104502e78]
Event: 249.352 Thread 0x00007fbc4d000800 3156       1       sun.java2d.SurfaceData::isValid (5 bytes)

GC Heap History (10 events):
Event: 184.133 GC heap before
{Heap before GC invocations=16 (full 1):
 PSYoungGen      total 63488K, used 59936K [0x0000000795580000, 0x0000000799f00000, 0x00000007c0000000)
  eden space 54784K, 100% used [0x0000000795580000,0x0000000798b00000,0x0000000798b00000)
  from space 8704K, 59% used [0x0000000799680000,0x0000000799b88190,0x0000000799f00000)
  to   space 10240K, 0% used [0x0000000798b00000,0x0000000798b00000,0x0000000799500000)
 ParOldGen       total 67072K, used 16486K [0x0000000740000000, 0x0000000744180000, 0x0000000795580000)
  object space 67072K, 24% used [0x0000000740000000,0x0000000741019a18,0x0000000744180000)
 Metaspace       used 24000K, capacity 24259K, committed 24576K, reserved 1071104K
  class space    used 2371K, capacity 2482K, committed 2560K, reserved 1048576K
Event: 184.141 GC heap after
Heap after GC invocations=16 (full 1):
 PSYoungGen      total 59392K, used 5120K [0x0000000795580000, 0x0000000799d00000, 0x00000007c0000000)
  eden space 53760K, 0% used [0x0000000795580000,0x0000000795580000,0x0000000798a00000)
  from space 5632K, 90% used [0x0000000798b00000,0x0000000799000190,0x0000000799080000)
  to   space 9728K, 0% used [0x0000000799380000,0x0000000799380000,0x0000000799d00000)
 ParOldGen       total 67072K, used 16486K [0x0000000740000000, 0x0000000744180000, 0x0000000795580000)
  object space 67072K, 24% used [0x0000000740000000,0x0000000741019a18,0x0000000744180000)
 Metaspace       used 24000K, capacity 24259K, committed 24576K, reserved 1071104K
  class space    used 2371K, capacity 2482K, committed 2560K, reserved 1048576K
}
Event: 197.683 GC heap before
{Heap before GC invocations=17 (full 1):
 PSYoungGen      total 59392K, used 58880K [0x0000000795580000, 0x0000000799d00000, 0x00000007c0000000)
  eden space 53760K, 100% used [0x0000000795580000,0x0000000798a00000,0x0000000798a00000)
  from space 5632K, 90% used [0x0000000798b00000,0x0000000799000190,0x0000000799080000)
  to   space 9728K, 0% used [0x0000000799380000,0x0000000799380000,0x0000000799d00000)
 ParOldGen       total 67072K, used 16486K [0x0000000740000000, 0x0000000744180000, 0x0000000795580000)
  object space 67072K, 24% used [0x0000000740000000,0x0000000741019a18,0x0000000744180000)
 Metaspace       used 24000K, capacity 24259K, committed 24576K, reserved 1071104K
  class space    used 2371K, capacity 2482K, committed 2560K, reserved 1048576K
Event: 197.687 GC heap after
Heap after GC invocations=17 (full 1):
 PSYoungGen      total 61440K, used 5184K [0x0000000795580000, 0x0000000799c00000, 0x00000007c0000000)
  eden space 52736K, 0% used [0x0000000795580000,0x0000000795580000,0x0000000798900000)
  from space 8704K, 59% used [0x0000000799380000,0x0000000799890190,0x0000000799c00000)
  to   space 9728K, 0% used [0x0000000798900000,0x0000000798900000,0x0000000799280000)
 ParOldGen       total 67072K, used 16486K [0x0000000740000000, 0x0000000744180000, 0x0000000795580000)
  object space 67072K, 24% used [0x0000000740000000,0x0000000741019a18,0x0000000744180000)
 Metaspace       used 24000K, capacity 24259K, committed 24576K, reserved 1071104K
  class space    used 2371K, capacity 2482K, committed 2560K, reserved 1048576K
}
Event: 210.943 GC heap before
{Heap before GC invocations=18 (full 1):
 PSYoungGen      total 61440K, used 57920K [0x0000000795580000, 0x0000000799c00000, 0x00000007c0000000)
  eden space 52736K, 100% used [0x0000000795580000,0x0000000798900000,0x0000000798900000)
  from space 8704K, 59% used [0x0000000799380000,0x0000000799890190,0x0000000799c00000)
  to   space 9728K, 0% used [0x0000000798900000,0x0000000798900000,0x0000000799280000)
 ParOldGen       total 67072K, used 16486K [0x0000000740000000, 0x0000000744180000, 0x0000000795580000)
  object space 67072K, 24% used [0x0000000740000000,0x0000000741019a18,0x0000000744180000)
 Metaspace       used 24000K, capacity 24259K, committed 24576K, reserved 1071104K
  class space    used 2371K, capacity 2482K, committed 2560K, reserved 1048576K
Event: 210.948 GC heap after
Heap after GC invocations=18 (full 1):
 PSYoungGen      total 57344K, used 5120K [0x0000000795580000, 0x0000000799a00000, 0x00000007c0000000)
  eden space 51712K, 0% used [0x0000000795580000,0x0000000795580000,0x0000000798800000)
  from space 5632K, 90% used [0x0000000798900000,0x0000000798e00190,0x0000000798e80000)
  to   space 9216K, 0% used [0x0000000799100000,0x0000000799100000,0x0000000799a00000)
 ParOldGen       total 67072K, used 16486K [0x0000000740000000, 0x0000000744180000, 0x0000000795580000)
  object space 67072K, 24% used [0x0000000740000000,0x0000000741019a18,0x0000000744180000)
 Metaspace       used 24000K, capacity 24259K, committed 24576K, reserved 1071104K
  class space    used 2371K, capacity 2482K, committed 2560K, reserved 1048576K
}
Event: 224.312 GC heap before
{Heap before GC invocations=19 (full 1):
 PSYoungGen      total 57344K, used 56832K [0x0000000795580000, 0x0000000799a00000, 0x00000007c0000000)
  eden space 51712K, 100% used [0x0000000795580000,0x0000000798800000,0x0000000798800000)
  from space 5632K, 90% used [0x0000000798900000,0x0000000798e00190,0x0000000798e80000)
  to   space 9216K, 0% used [0x0000000799100000,0x0000000799100000,0x0000000799a00000)
 ParOldGen       total 67072K, used 16486K [0x0000000740000000, 0x0000000744180000, 0x0000000795580000)
  object space 67072K, 24% used [0x0000000740000000,0x0000000741019a18,0x0000000744180000)
 Metaspace       used 24000K, capacity 24259K, committed 24576K, reserved 1071104K
  class space    used 2371K, capacity 2482K, committed 2560K, reserved 1048576K
Event: 224.320 GC heap after
Heap after GC invocations=19 (full 1):
 PSYoungGen      total 59904K, used 960K [0x0000000795580000, 0x0000000799a00000, 0x00000007c0000000)
  eden space 50688K, 0% used [0x0000000795580000,0x0000000795580000,0x0000000798700000)
  from space 9216K, 10% used [0x0000000799100000,0x00000007991f0030,0x0000000799a00000)
  to   space 9728K, 0% used [0x0000000798700000,0x0000000798700000,0x0000000799080000)
 ParOldGen       total 67072K, used 20718K [0x0000000740000000, 0x0000000744180000, 0x0000000795580000)
  object space 67072K, 30% used [0x0000000740000000,0x000000074143bba8,0x0000000744180000)
 Metaspace       used 24000K, capacity 24259K, committed 24576K, reserved 1071104K
  class space    used 2371K, capacity 2482K, committed 2560K, reserved 1048576K
}
Event: 237.869 GC heap before
{Heap before GC invocations=20 (full 1):
 PSYoungGen      total 59904K, used 51648K [0x0000000795580000, 0x0000000799a00000, 0x00000007c0000000)
  eden space 50688K, 100% used [0x0000000795580000,0x0000000798700000,0x0000000798700000)
  from space 9216K, 10% used [0x0000000799100000,0x00000007991f0030,0x0000000799a00000)
  to   space 9728K, 0% used [0x0000000798700000,0x0000000798700000,0x0000000799080000)
 ParOldGen       total 67072K, used 20718K [0x0000000740000000, 0x0000000744180000, 0x0000000795580000)
  object space 67072K, 30% used [0x0000000740000000,0x000000074143bba8,0x0000000744180000)
 Metaspace       used 24000K, capacity 24259K, committed 24576K, reserved 1071104K
  class space    used 2371K, capacity 2482K, committed 2560K, reserved 1048576K
Event: 237.877 GC heap after
Heap after GC invocations=20 (full 1):
 PSYoungGen      total 50176K, used 64K [0x0000000795580000, 0x0000000799a00000, 0x00000007c0000000)
  eden space 49664K, 0% used [0x0000000795580000,0x0000000795580000,0x0000000798600000)
  from space 512K, 12% used [0x0000000798700000,0x0000000798710000,0x0000000798780000)
  to   space 10240K, 0% used [0x0000000799000000,0x0000000799000000,0x0000000799a00000)
 ParOldGen       total 67072K, used 21534K [0x0000000740000000, 0x0000000744180000, 0x0000000795580000)
  object space 67072K, 32% used [0x0000000740000000,0x0000000741507bd8,0x0000000744180000)
 Metaspace       used 24000K, capacity 24259K, committed 24576K, reserved 1071104K
  class space    used 2371K, capacity 2482K, committed 2560K, reserved 1048576K
}

Deoptimization events (10 events):
Event: 249.273 Thread 0x00007fbc4d952000 Uncommon trap: reason=class_check action=maybe_recompile pc=0x00000001042559dc method=java.util.HashMap.putVal(ILjava/lang/Object;Ljava/lang/Object;ZZ)Ljava/lang/Object; @ 91
Event: 249.273 Thread 0x00007fbc4d952000 Uncommon trap: reason=class_check action=maybe_recompile pc=0x000000010421edfc method=java.util.HashMap.putVal(ILjava/lang/Object;Ljava/lang/Object;ZZ)Ljava/lang/Object; @ 91
Event: 249.274 Thread 0x00007fbc4c9f6000 Uncommon trap: reason=class_check action=maybe_recompile pc=0x0000000103f1938c method=java.awt.Component.getGraphics()Ljava/awt/Graphics; @ 114
Event: 249.275 Thread 0x00007fbc4c9f6000 Uncommon trap: reason=unstable_if action=reinterpret pc=0x000000010456b1f8 method=java.awt.font.FontRenderContext.equals(Ljava/awt/font/FontRenderContext;)Z @ 2
Event: 249.280 Thread 0x00007fbc4d0c8000 Uncommon trap: reason=class_check action=maybe_recompile pc=0x0000000104432b00 method=com.jogamp.common.util.RunnableTask.run()V @ 24
Event: 249.283 Thread 0x00007fbc4d0c8000 Uncommon trap: reason=unstable_if action=reinterpret pc=0x000000010447dcbc method=jogamp.nativewindow.macosx.OSXUtil.RunOnMainThread(ZZLjava/lang/Runnable;)V @ 3
Event: 249.331 Thread 0x00007fbc4db36000 Uncommon trap: reason=unstable_if action=reinterpret pc=0x000000010448fe80 method=jogamp.opengl.GLContextImpl.release(Z)V @ 161
Event: 249.345 Thread 0x00007fbc4db36000 Uncommon trap: reason=unstable_if action=reinterpret pc=0x000000010472a0d8 method=java.util.LinkedList$ListItr.<init>(Ljava/util/LinkedList;I)V @ 26
Event: 249.352 Thread 0x00007fbc4d0c8000 Uncommon trap: reason=class_check action=maybe_recompile pc=0x0000000104432b00 method=com.jogamp.common.util.RunnableTask.run()V @ 24
Event: 249.352 Thread 0x00007fbc4c9f6000 Uncommon trap: reason=class_check action=maybe_recompile pc=0x0000000103f1938c method=java.awt.Component.getGraphics()Ljava/awt/Graphics; @ 114

Internal exceptions (10 events):
Event: 0.479 Thread 0x00007fbc4d002000 Exception <a 'java/lang/NoSuchFieldError': method resolution failed> (0x00000007957e2ad8) thrown at [/Users/java_re/workspace/8-2-build-macosx-x86_64/jdk8u111/7883/hotspot/src/share/vm/prims/methodHandles.cpp, line 1146]
Event: 0.740 Thread 0x00007fbc4d002000 Exception <a 'java/io/FileNotFoundException'> (0x000000079585e2a0) thrown at [/Users/java_re/workspace/8-2-build-macosx-x86_64/jdk8u111/7883/hotspot/src/share/vm/prims/jni.cpp, line 709]
Event: 0.740 Thread 0x00007fbc4d002000 Exception <a 'java/io/FileNotFoundException'> (0x000000079585ee40) thrown at [/Users/java_re/workspace/8-2-build-macosx-x86_64/jdk8u111/7883/hotspot/src/share/vm/prims/jni.cpp, line 709]
Event: 1.010 Thread 0x00007fbc4d002000 Exception <a 'java/io/FileNotFoundException'> (0x000000079599e2c0) thrown at [/Users/java_re/workspace/8-2-build-macosx-x86_64/jdk8u111/7883/hotspot/src/share/vm/prims/jni.cpp, line 709]
Event: 3.621 Thread 0x00007fbc4cafa000 Exception <a 'java/lang/UnsatisfiedLinkError': com.jogamp.common.util.JarUtil.fixNativeLibAttribs(Ljava/lang/String;)Z> (0x0000000796bb0978) thrown at [/Users/java_re/workspace/8-2-build-macosx-x86_64/jdk8u111/7883/hotspot/src/share/vm/prims/nativeLookup.
Event: 4.103 Thread 0x00007fbc4c00e800 Exception <a 'java/lang/NullPointerException'> (0x00000007955fea30) thrown at [/Users/java_re/workspace/8-2-build-macosx-x86_64/jdk8u111/7883/hotspot/src/share/vm/interpreter/linkResolver.cpp, line 1178]
Event: 5.130 Thread 0x00007fbc4db36000 Exception <a 'java/io/FileNotFoundException'> (0x00000007960de618) thrown at [/Users/java_re/workspace/8-2-build-macosx-x86_64/jdk8u111/7883/hotspot/src/share/vm/prims/jni.cpp, line 709]
Event: 5.130 Thread 0x00007fbc4db36000 Exception <a 'java/io/FileNotFoundException'> (0x00000007960e5da0) thrown at [/Users/java_re/workspace/8-2-build-macosx-x86_64/jdk8u111/7883/hotspot/src/share/vm/prims/jni.cpp, line 709]
Event: 5.130 Thread 0x00007fbc4db36000 Implicit null exception at 0x0000000103fba9b6 to 0x0000000103fbad85
Event: 249.259 Thread 0x00007fbc4db36000 Implicit null exception at 0x00000001044a3308 to 0x00000001044a3cbd

Events (10 events):
Event: 249.350 loading class java/awt/Toolkit$ToolkitEventMulticaster done
Event: 249.351 Thread 0x00007fbc4d952000 Thread exited: 0x00007fbc4d952000
Event: 249.351 Thread 0x00007fbc4d0c8000 Uncommon trap: trap_request=0xffffffde fr.pc=0x0000000104432b00
Event: 249.352 Thread 0x00007fbc4d0c8000 DEOPT PACKING pc=0x0000000104432b00 sp=0x00007fff5d8da660
Event: 249.352 Thread 0x00007fbc4c9f6000 Uncommon trap: trap_request=0xffffffde fr.pc=0x0000000103f1938c
Event: 249.352 Thread 0x00007fbc4d0c8000 DEOPT UNPACKING pc=0x0000000103e05229 sp=0x00007fff5d8da608 mode 2
Event: 249.352 Thread 0x00007fbc4c9f6000 DEOPT PACKING pc=0x0000000103f1938c sp=0x000070000175fc10
Event: 249.352 Thread 0x00007fbc4c9f6000 DEOPT UNPACKING pc=0x0000000103e05229 sp=0x000070000175fc10 mode 2
Event: 249.352 loading class java/awt/Window$1DisposeAction
Event: 249.352 loading class java/awt/Window$1DisposeAction done


Dynamic libraries:
0x000000000ad86000 	/System/Library/Frameworks/Cocoa.framework/Versions/A/Cocoa
0x000000000ad86000 	/System/Library/Frameworks/Security.framework/Versions/A/Security
0x000000000ad86000 	/System/Library/Frameworks/ApplicationServices.framework/Versions/A/ApplicationServices
0x000000000ad86000 	/usr/lib/libz.1.dylib
0x000000000ad86000 	/usr/lib/libSystem.B.dylib
0x000000000ad86000 	/usr/lib/libobjc.A.dylib
0x000000000ad86000 	/System/Library/Frameworks/CoreFoundation.framework/Versions/A/CoreFoundation
0x000000000ad86000 	/System/Library/Frameworks/Foundation.framework/Versions/C/Foundation
0x000000000ad86000 	/System/Library/Frameworks/AppKit.framework/Versions/C/AppKit
0x000000000ad86000 	/System/Library/Frameworks/CoreData.framework/Versions/A/CoreData
0x000000000ad86000 	/System/Library/PrivateFrameworks/RemoteViewServices.framework/Versions/A/RemoteViewServices
0x000000000ad86000 	/System/Library/PrivateFrameworks/UIFoundation.framework/Versions/A/UIFoundation
0x000000000ad86000 	/usr/lib/libScreenReader.dylib
0x000000000ad86000 	/System/Library/Frameworks/Accelerate.framework/Versions/A/Accelerate
0x000000000ad86000 	/System/Library/Frameworks/IOSurface.framework/Versions/A/IOSurface
0x000000000ad86000 	/System/Library/Frameworks/AudioToolbox.framework/Versions/A/AudioToolbox
0x000000000ad86000 	/System/Library/Frameworks/AudioUnit.framework/Versions/A/AudioUnit
0x000000000ad86000 	/System/Library/PrivateFrameworks/DataDetectorsCore.framework/Versions/A/DataDetectorsCore
0x000000000ad86000 	/System/Library/PrivateFrameworks/DesktopServicesPriv.framework/Versions/A/DesktopServicesPriv
0x000000000ad86000 	/System/Library/Frameworks/Carbon.framework/Versions/A/Frameworks/HIToolbox.framework/Versions/A/HIToolbox
0x000000000ad86000 	/System/Library/Frameworks/QuartzCore.framework/Versions/A/QuartzCore
0x000000000ad86000 	/System/Library/Frameworks/Carbon.framework/Versions/A/Frameworks/SpeechRecognition.framework/Versions/A/SpeechRecognition
0x000000000ad86000 	/usr/lib/libauto.dylib
0x000000000ad86000 	/usr/lib/libicucore.A.dylib
0x000000000ad86000 	/usr/lib/libxml2.2.dylib
0x000000000ad86000 	/System/Library/PrivateFrameworks/CoreUI.framework/Versions/A/CoreUI
0x000000000ad86000 	/System/Library/Frameworks/CoreAudio.framework/Versions/A/CoreAudio
0x000000000ad86000 	/System/Library/Frameworks/DiskArbitration.framework/Versions/A/DiskArbitration
0x000000000ad86000 	/usr/lib/liblangid.dylib
0x000000000ad86000 	/System/Library/PrivateFrameworks/MultitouchSupport.framework/Versions/A/MultitouchSupport
0x000000000ad86000 	/System/Library/Frameworks/IOKit.framework/Versions/A/IOKit
0x000000000ad86000 	/usr/lib/libDiagnosticMessagesClient.dylib
0x000000000ad86000 	/System/Library/Frameworks/CoreServices.framework/Versions/A/CoreServices
0x000000000ad86000 	/System/Library/PrivateFrameworks/PerformanceAnalysis.framework/Versions/A/PerformanceAnalysis
0x000000000ad86000 	/System/Library/PrivateFrameworks/GenerationalStorage.framework/Versions/A/GenerationalStorage
0x000000000ad86000 	/System/Library/Frameworks/OpenGL.framework/Versions/A/OpenGL
0x000000000ad86000 	/System/Library/PrivateFrameworks/Sharing.framework/Versions/A/Sharing
0x000000000ad86000 	/System/Library/Frameworks/CoreGraphics.framework/Versions/A/CoreGraphics
0x000000000ad86000 	/System/Library/Frameworks/CoreImage.framework/Versions/A/CoreImage
0x000000000ad86000 	/System/Library/Frameworks/CoreText.framework/Versions/A/CoreText
0x000000000ad86000 	/System/Library/Frameworks/ImageIO.framework/Versions/A/ImageIO
0x000000000ad86000 	/System/Library/PrivateFrameworks/Backup.framework/Versions/A/Backup
0x000000000ad86000 	/usr/lib/libextension.dylib
0x000000000ad86000 	/usr/lib/libarchive.2.dylib
0x000000000ad86000 	/System/Library/Frameworks/CFNetwork.framework/Versions/A/CFNetwork
0x000000000ad86000 	/System/Library/Frameworks/SystemConfiguration.framework/Versions/A/SystemConfiguration
0x000000000ad86000 	/usr/lib/libCRFSuite.dylib
0x000000000ad86000 	/usr/lib/libc++.1.dylib
0x000000000ad86000 	/usr/lib/libc++abi.dylib
0x000000000ad86000 	/usr/lib/system/libcache.dylib
0x000000000ad86000 	/usr/lib/system/libcommonCrypto.dylib
0x000000000ad86000 	/usr/lib/system/libcompiler_rt.dylib
0x000000000ad86000 	/usr/lib/system/libcopyfile.dylib
0x000000000ad86000 	/usr/lib/system/libcorecrypto.dylib
0x000000000ad86000 	/usr/lib/system/libdispatch.dylib
0x000000000ad86000 	/usr/lib/system/libdyld.dylib
0x000000000ad86000 	/usr/lib/system/libkeymgr.dylib
0x000000000ad86000 	/usr/lib/system/liblaunch.dylib
0x000000000ad86000 	/usr/lib/system/libmacho.dylib
0x000000000ad86000 	/usr/lib/system/libquarantine.dylib
0x000000000ad86000 	/usr/lib/system/libremovefile.dylib
0x000000000ad86000 	/usr/lib/system/libsystem_asl.dylib
0x000000000ad86000 	/usr/lib/system/libsystem_blocks.dylib
0x000000000ad86000 	/usr/lib/system/libsystem_c.dylib
0x000000000ad86000 	/usr/lib/system/libsystem_configuration.dylib
0x000000000ad86000 	/usr/lib/system/libsystem_coreservices.dylib
0x000000000ad86000 	/usr/lib/system/libsystem_coretls.dylib
0x000000000ad86000 	/usr/lib/system/libsystem_dnssd.dylib
0x000000000ad86000 	/usr/lib/system/libsystem_info.dylib
0x000000000ad86000 	/usr/lib/system/libsystem_kernel.dylib
0x000000000ad86000 	/usr/lib/system/libsystem_m.dylib
0x000000000ad86000 	/usr/lib/system/libsystem_malloc.dylib
0x000000000ad86000 	/usr/lib/system/libsystem_network.dylib
0x000000000ad86000 	/usr/lib/system/libsystem_networkextension.dylib
0x000000000ad86000 	/usr/lib/system/libsystem_notify.dylib
0x000000000ad86000 	/usr/lib/system/libsystem_platform.dylib
0x000000000ad86000 	/usr/lib/system/libsystem_pthread.dylib
0x000000000ad86000 	/usr/lib/system/libsystem_sandbox.dylib
0x000000000ad86000 	/usr/lib/system/libsystem_secinit.dylib
0x000000000ad86000 	/usr/lib/system/libsystem_trace.dylib
0x000000000ad86000 	/usr/lib/system/libunc.dylib
0x000000000ad86000 	/usr/lib/system/libunwind.dylib
0x000000000ad86000 	/usr/lib/system/libxpc.dylib
0x000000000ad86000 	/usr/lib/libenergytrace.dylib
0x000000000ad86000 	/usr/lib/libbsm.0.dylib
0x000000000ad86000 	/usr/lib/system/libkxld.dylib
0x000000000ad86000 	/usr/lib/libxar.1.dylib
0x000000000ad86000 	/usr/lib/libsqlite3.dylib
0x000000000ad86000 	/usr/lib/libpam.2.dylib
0x000000000ad86000 	/usr/lib/libOpenScriptingUtil.dylib
0x000000000ad86000 	/usr/lib/libbz2.1.0.dylib
0x000000000ad86000 	/usr/lib/liblzma.5.dylib
0x000000000ad86000 	/System/Library/Frameworks/CoreServices.framework/Versions/A/Frameworks/FSEvents.framework/Versions/A/FSEvents
0x000000000ad86000 	/System/Library/Frameworks/CoreServices.framework/Versions/A/Frameworks/CarbonCore.framework/Versions/A/CarbonCore
0x000000000ad86000 	/System/Library/Frameworks/CoreServices.framework/Versions/A/Frameworks/Metadata.framework/Versions/A/Metadata
0x000000000ad86000 	/System/Library/Frameworks/CoreServices.framework/Versions/A/Frameworks/OSServices.framework/Versions/A/OSServices
0x000000000ad86000 	/System/Library/Frameworks/CoreServices.framework/Versions/A/Frameworks/SearchKit.framework/Versions/A/SearchKit
0x000000000ad86000 	/System/Library/Frameworks/CoreServices.framework/Versions/A/Frameworks/AE.framework/Versions/A/AE
0x000000000ad86000 	/System/Library/Frameworks/CoreServices.framework/Versions/A/Frameworks/LaunchServices.framework/Versions/A/LaunchServices
0x000000000ad86000 	/System/Library/Frameworks/CoreServices.framework/Versions/A/Frameworks/DictionaryServices.framework/Versions/A/DictionaryServices
0x000000000ad86000 	/System/Library/Frameworks/CoreServices.framework/Versions/A/Frameworks/SharedFileList.framework/Versions/A/SharedFileList
0x000000000ad86000 	/System/Library/Frameworks/NetFS.framework/Versions/A/NetFS
0x000000000ad86000 	/System/Library/PrivateFrameworks/NetAuth.framework/Versions/A/NetAuth
0x000000000ad86000 	/System/Library/PrivateFrameworks/login.framework/Versions/A/Frameworks/loginsupport.framework/Versions/A/loginsupport
0x000000000ad86000 	/System/Library/PrivateFrameworks/TCC.framework/Versions/A/TCC
0x000000000ad86000 	/usr/lib/libmecabra.dylib
0x000000000ad86000 	/System/Library/Frameworks/ApplicationServices.framework/Versions/A/Frameworks/ATS.framework/Versions/A/ATS
0x000000000ad86000 	/System/Library/Frameworks/ApplicationServices.framework/Versions/A/Frameworks/ColorSync.framework/Versions/A/ColorSync
0x000000000ad86000 	/System/Library/Frameworks/ApplicationServices.framework/Versions/A/Frameworks/HIServices.framework/Versions/A/HIServices
0x000000000ad86000 	/System/Library/Frameworks/ApplicationServices.framework/Versions/A/Frameworks/LangAnalysis.framework/Versions/A/LangAnalysis
0x000000000ad86000 	/System/Library/Frameworks/ApplicationServices.framework/Versions/A/Frameworks/PrintCore.framework/Versions/A/PrintCore
0x000000000ad86000 	/System/Library/Frameworks/ApplicationServices.framework/Versions/A/Frameworks/QD.framework/Versions/A/QD
0x000000000ad86000 	/System/Library/Frameworks/ApplicationServices.framework/Versions/A/Frameworks/SpeechSynthesis.framework/Versions/A/SpeechSynthesis
0x000000000ad86000 	/System/Library/Frameworks/Metal.framework/Versions/A/Metal
0x000000000ad86000 	/System/Library/Frameworks/Accelerate.framework/Versions/A/Frameworks/vImage.framework/Versions/A/vImage
0x000000000ad86000 	/System/Library/Frameworks/Accelerate.framework/Versions/A/Frameworks/vecLib.framework/Versions/A/vecLib
0x000000000ad86000 	/System/Library/Frameworks/Accelerate.framework/Versions/A/Frameworks/vecLib.framework/Versions/A/libvDSP.dylib
0x000000000ad86000 	/System/Library/Frameworks/Accelerate.framework/Versions/A/Frameworks/vecLib.framework/Versions/A/libvMisc.dylib
0x000000000ad86000 	/System/Library/Frameworks/Accelerate.framework/Versions/A/Frameworks/vecLib.framework/Versions/A/libLAPACK.dylib
0x000000000ad86000 	/System/Library/Frameworks/Accelerate.framework/Versions/A/Frameworks/vecLib.framework/Versions/A/libBLAS.dylib
0x000000000ad86000 	/System/Library/Frameworks/Accelerate.framework/Versions/A/Frameworks/vecLib.framework/Versions/A/libLinearAlgebra.dylib
0x000000000ad86000 	/System/Library/Frameworks/Accelerate.framework/Versions/A/Frameworks/vecLib.framework/Versions/A/libSparseBLAS.dylib
0x000000000ad86000 	/System/Library/PrivateFrameworks/GPUCompiler.framework/libmetal_timestamp.dylib
0x000000000ad86000 	/System/Library/Frameworks/OpenGL.framework/Versions/A/Libraries/libCoreFSCache.dylib
0x000000000ad86000 	/System/Library/PrivateFrameworks/IOAccelerator.framework/Versions/A/IOAccelerator
0x000000000ad86000 	/System/Library/Frameworks/ApplicationServices.framework/Versions/A/Frameworks/ATS.framework/Versions/A/Resources/libFontParser.dylib
0x000000000ad86000 	/System/Library/Frameworks/ApplicationServices.framework/Versions/A/Frameworks/ATS.framework/Versions/A/Resources/libFontRegistry.dylib
0x000000000ad86000 	/System/Library/PrivateFrameworks/AppleVPA.framework/Versions/A/AppleVPA
0x000000000ad86000 	/System/Library/PrivateFrameworks/AppleJPEG.framework/Versions/A/AppleJPEG
0x000000000ad86000 	/System/Library/Frameworks/ImageIO.framework/Versions/A/Resources/libJPEG.dylib
0x000000000ad86000 	/System/Library/Frameworks/ImageIO.framework/Versions/A/Resources/libTIFF.dylib
0x000000000ad86000 	/System/Library/Frameworks/ImageIO.framework/Versions/A/Resources/libPng.dylib
0x000000000ad86000 	/System/Library/Frameworks/ImageIO.framework/Versions/A/Resources/libGIF.dylib
0x000000000ad86000 	/System/Library/Frameworks/ImageIO.framework/Versions/A/Resources/libJP2.dylib
0x000000000ad86000 	/System/Library/Frameworks/ImageIO.framework/Versions/A/Resources/libRadiance.dylib
0x000000000ad86000 	/System/Library/Frameworks/CoreVideo.framework/Versions/A/CoreVideo
0x000000000ad86000 	/System/Library/Frameworks/OpenGL.framework/Versions/A/Libraries/libGLU.dylib
0x000000000ad86000 	/System/Library/Frameworks/OpenGL.framework/Versions/A/Libraries/libGFXShared.dylib
0x000000000ad86000 	/System/Library/Frameworks/OpenGL.framework/Versions/A/Libraries/libGL.dylib
0x000000000ad86000 	/System/Library/Frameworks/OpenGL.framework/Versions/A/Libraries/libGLImage.dylib
0x000000000ad86000 	/System/Library/Frameworks/OpenGL.framework/Versions/A/Libraries/libCVMSPluginSupport.dylib
0x000000000ad86000 	/System/Library/Frameworks/OpenGL.framework/Versions/A/Libraries/libCoreVMClient.dylib
0x000000000ad86000 	/usr/lib/libcompression.dylib
0x000000000ad86000 	/usr/lib/libcups.2.dylib
0x000000000ad86000 	/System/Library/Frameworks/Kerberos.framework/Versions/A/Kerberos
0x000000000ad86000 	/System/Library/Frameworks/GSS.framework/Versions/A/GSS
0x000000000ad86000 	/usr/lib/libresolv.9.dylib
0x000000000ad86000 	/usr/lib/libiconv.2.dylib
0x000000000ad86000 	/System/Library/PrivateFrameworks/Heimdal.framework/Versions/A/Heimdal
0x000000000ad86000 	/usr/lib/libheimdal-asn1.dylib
0x000000000ad86000 	/System/Library/Frameworks/OpenDirectory.framework/Versions/A/OpenDirectory
0x000000000ad86000 	/System/Library/PrivateFrameworks/CommonAuth.framework/Versions/A/CommonAuth
0x000000000ad86000 	/System/Library/Frameworks/OpenDirectory.framework/Versions/A/Frameworks/CFOpenDirectory.framework/Versions/A/CFOpenDirectory
0x000000000ad86000 	/System/Library/Frameworks/SecurityFoundation.framework/Versions/A/SecurityFoundation
0x000000000ad86000 	/System/Library/PrivateFrameworks/LanguageModeling.framework/Versions/A/LanguageModeling
0x000000000ad86000 	/usr/lib/libmarisa.dylib
0x000000000ad86000 	/usr/lib/libChineseTokenizer.dylib
0x000000000ad86000 	/usr/lib/libcmph.dylib
0x000000000ad86000 	/System/Library/Frameworks/ServiceManagement.framework/Versions/A/ServiceManagement
0x000000000ad86000 	/usr/lib/libxslt.1.dylib
0x000000000ad86000 	/System/Library/Frameworks/Carbon.framework/Versions/A/Frameworks/Ink.framework/Versions/A/Ink
0x000000000ad86000 	/usr/lib/libFosl_dynamic.dylib
0x000000000ad86000 	/System/Library/PrivateFrameworks/FaceCore.framework/Versions/A/FaceCore
0x000000000ad86000 	/System/Library/Frameworks/OpenCL.framework/Versions/A/OpenCL
0x000000000ad86000 	/System/Library/PrivateFrameworks/CrashReporterSupport.framework/Versions/A/CrashReporterSupport
0x000000000ad86000 	/System/Library/PrivateFrameworks/IconServices.framework/Versions/A/IconServices
0x000000000ad86000 	/System/Library/PrivateFrameworks/Apple80211.framework/Versions/A/Apple80211
0x000000000ad86000 	/System/Library/Frameworks/CoreWLAN.framework/Versions/A/CoreWLAN
0x000000000ad86000 	/System/Library/Frameworks/IOBluetooth.framework/Versions/A/IOBluetooth
0x000000000ad86000 	/System/Library/PrivateFrameworks/CoreWiFi.framework/Versions/A/CoreWiFi
0x000000000ad86000 	/System/Library/Frameworks/CoreBluetooth.framework/Versions/A/CoreBluetooth
0x000000000ad86000 	/System/Library/PrivateFrameworks/ChunkingLibrary.framework/Versions/A/ChunkingLibrary
0x000000000ad86000 	/System/Library/PrivateFrameworks/DebugSymbols.framework/Versions/A/DebugSymbols
0x000000000ad86000 	/System/Library/PrivateFrameworks/CoreSymbolication.framework/Versions/A/CoreSymbolication
0x000000000ad86000 	/System/Library/PrivateFrameworks/Symbolication.framework/Versions/A/Symbolication
0x000000000ad86000 	/System/Library/PrivateFrameworks/SpeechRecognitionCore.framework/Versions/A/SpeechRecognitionCore
0x000000010259d000 	/Library/Java/JavaVirtualMachines/jdk1.8.0_111.jdk/Contents/Home/jre/lib/server/libjvm.dylib
0x000000000ad86000 	/usr/lib/libstdc++.6.dylib
0x000000010353e000 	/Library/Java/JavaVirtualMachines/jdk1.8.0_111.jdk/Contents/Home/jre/lib/libverify.dylib
0x000000010354c000 	/Library/Java/JavaVirtualMachines/jdk1.8.0_111.jdk/Contents/Home/jre/lib/libjava.dylib
0x000000010358f000 	/Library/Java/JavaVirtualMachines/jdk1.8.0_111.jdk/Contents/Home/jre/lib/libzip.dylib
0x0000000119713000 	/System/Library/Frameworks/JavaVM.framework/Frameworks/JavaRuntimeSupport.framework/JavaRuntimeSupport
0x00000001035e9000 	/System/Library/Frameworks/JavaVM.framework/Versions/A/Frameworks/JavaNativeFoundation.framework/Versions/A/JavaNativeFoundation
0x000000011972e000 	/System/Library/Frameworks/JavaVM.framework/Versions/A/JavaVM
0x000000000ad86000 	/System/Library/Frameworks/Carbon.framework/Versions/A/Carbon
0x000000011973b000 	/System/Library/PrivateFrameworks/JavaLaunching.framework/Versions/A/JavaLaunching
0x000000000ad86000 	/System/Library/Frameworks/Carbon.framework/Versions/A/Frameworks/CommonPanels.framework/Versions/A/CommonPanels
0x000000000ad86000 	/System/Library/Frameworks/Carbon.framework/Versions/A/Frameworks/Help.framework/Versions/A/Help
0x000000000ad86000 	/System/Library/Frameworks/Carbon.framework/Versions/A/Frameworks/ImageCapture.framework/Versions/A/ImageCapture
0x000000000ad86000 	/System/Library/Frameworks/Carbon.framework/Versions/A/Frameworks/OpenScripting.framework/Versions/A/OpenScripting
0x000000000ad86000 	/System/Library/Frameworks/Carbon.framework/Versions/A/Frameworks/Print.framework/Versions/A/Print
0x000000000ad86000 	/System/Library/Frameworks/Carbon.framework/Versions/A/Frameworks/SecurityHI.framework/Versions/A/SecurityHI
0x000000011b098000 	/Library/Java/JavaVirtualMachines/jdk1.8.0_111.jdk/Contents/Home/jre/lib/libawt.dylib
0x000000011b140000 	/Library/Java/JavaVirtualMachines/jdk1.8.0_111.jdk/Contents/Home/jre/lib/./libmlib_image.dylib
0x000000011b20c000 	/Library/Java/JavaVirtualMachines/jdk1.8.0_111.jdk/Contents/Home/jre/lib/libawt_lwawt.dylib
0x000000011b2c1000 	/Library/Java/JavaVirtualMachines/jdk1.8.0_111.jdk/Contents/Home/jre/lib/./libosxapp.dylib
0x000000000ad86000 	/System/Library/Frameworks/ExceptionHandling.framework/Versions/A/ExceptionHandling
0x000000000ad86000 	/System/Library/PrivateFrameworks/CoreServicesInternal.framework/Versions/A/CoreServicesInternal
0x000000000ad86000 	/System/Library/Frameworks/CoreGraphics.framework/Versions/A/Resources/libRIP.A.dylib
0x000000000ad86000 	/System/Library/Frameworks/Accelerate.framework/Versions/A/Frameworks/vImage.framework/Versions/A/Libraries/libCGInterfaces.dylib
0x000000000ad86000 	/System/Library/Frameworks/CoreGraphics.framework/Versions/A/Resources/libCGXType.A.dylib
0x000000000ad86000 	/System/Library/Frameworks/OpenCL.framework/Versions/A/Libraries/libcldcpuengine.dylib
0x000000000ad86000 	/System/Library/PrivateFrameworks/DiskImages.framework/Versions/A/DiskImages
0x000000000ad86000 	/System/Library/Frameworks/DiscRecording.framework/Versions/A/DiscRecording
0x000000000ad86000 	/usr/lib/libcsfde.dylib
0x000000000ad86000 	/usr/lib/libcurl.4.dylib
0x000000000ad86000 	/System/Library/PrivateFrameworks/MediaKit.framework/Versions/A/MediaKit
0x000000000ad86000 	/System/Library/PrivateFrameworks/ProtectedCloudStorage.framework/Versions/A/ProtectedCloudStorage
0x000000000ad86000 	/usr/lib/libCoreStorage.dylib
0x000000000ad86000 	/System/Library/PrivateFrameworks/EFILogin.framework/Versions/A/EFILogin
0x000000000ad86000 	/usr/lib/libutil.dylib
0x000000000ad86000 	/System/Library/PrivateFrameworks/FindMyDevice.framework/Versions/A/FindMyDevice
0x000000000ad86000 	/System/Library/Frameworks/LDAP.framework/Versions/A/LDAP
0x000000000ad86000 	/usr/lib/libsasl2.2.dylib
0x000000000ad86000 	/System/Library/PrivateFrameworks/CoreDaemon.framework/Versions/B/CoreDaemon
0x000000000ad86000 	/usr/lib/libcrypto.0.9.8.dylib
0x000000000ad86000 	/System/Library/PrivateFrameworks/AppleSRP.framework/Versions/A/AppleSRP
0x000000000ad86000 	/System/Library/PrivateFrameworks/TrustEvaluationAgent.framework/Versions/A/TrustEvaluationAgent
0x000000011cf12000 	cl_kernels
0x000000000ad86000 	/System/Library/Frameworks/OpenCL.framework/Versions/A/Libraries/ImageFormats/unorm8_bgra.dylib
0x000000000ad86000 	/System/Library/Frameworks/OpenCL.framework/Versions/A/Libraries/ImageFormats/unorm8_rgba.dylib
0x000000000ad86000 	/System/Library/PrivateFrameworks/FamilyControls.framework/Versions/A/FamilyControls
0x000000000ad86000 	/System/Library/PrivateFrameworks/CommerceKit.framework/Versions/A/Frameworks/CommerceCore.framework/Versions/A/CommerceCore
0x000000000ad86000 	/System/Library/PrivateFrameworks/SystemAdministration.framework/Versions/A/SystemAdministration
0x000000000ad86000 	/System/Library/PrivateFrameworks/AppContainer.framework/Versions/A/AppContainer
0x000000000ad86000 	/System/Library/PrivateFrameworks/SecCodeWrapper.framework/Versions/A/SecCodeWrapper
0x000000000ad86000 	/System/Library/Frameworks/DirectoryService.framework/Versions/A/DirectoryService
0x000000000ad86000 	/System/Library/PrivateFrameworks/LoginUIKit.framework/Versions/A/Frameworks/LoginUICore.framework/Versions/A/LoginUICore
0x000000000ad86000 	/usr/lib/libodfde.dylib
0x000000000ad86000 	/System/Library/Frameworks/OpenGL.framework/Versions/A/Resources/GLEngine.bundle/GLEngine
0x000000000ad86000 	/System/Library/Frameworks/OpenGL.framework/Versions/A/Libraries/libGLProgrammability.dylib
0x000000011e010000 	/System/Library/Extensions/AppleIntelBDWGraphicsGLDriver.bundle/Contents/MacOS/AppleIntelBDWGraphicsGLDriver
0x000000000ad86000 	/System/Library/PrivateFrameworks/GPUSupport.framework/Versions/A/Libraries/libGPUSupportMercury.dylib
0x000000000ad86000 	/System/Library/Frameworks/OpenGL.framework/Versions/A/Resources/GLRendererFloat.bundle/GLRendererFloat
0x000000011ef92000 	/Library/Java/JavaVirtualMachines/jdk1.8.0_111.jdk/Contents/Home/jre/lib/libfontmanager.dylib
0x000000012045a000 	/Library/Java/JavaVirtualMachines/jdk1.8.0_111.jdk/Contents/Home/jre/lib/libosxui.dylib
0x0000000120f60000 	/Library/Java/JavaVirtualMachines/jdk1.8.0_111.jdk/Contents/Home/jre/lib/libnet.dylib
0x0000000121160000 	/Library/Java/JavaVirtualMachines/jdk1.8.0_111.jdk/Contents/Home/jre/lib/libnio.dylib
0x000000000ad86000 	/System/Library/Frameworks/ApplicationServices.framework/Versions/A/Frameworks/ATS.framework/Versions/A/Resources/libTrueTypeScaler.dylib
0x00000001722ad000 	/System/Library/Extensions/AppleIntelBDWGraphicsMTLDriver.bundle/Contents/MacOS/AppleIntelBDWGraphicsMTLDriver
0x000000011c4bb000 	/private/var/folders/52/pd9n1grn4_55dn11fg2xx6m40000gn/T/jogamp_0000/file_cache/jln9160459629760275549/jln15708167790733333/libgluegen-rt.jnilib
0x000000011c4e5000 	/private/var/folders/52/pd9n1grn4_55dn11fg2xx6m40000gn/T/jogamp_0000/file_cache/jln9160459629760275549/jln15708167790733333/libnativewindow_awt.jnilib
0x000000011c4e8000 	/Library/Java/JavaVirtualMachines/jdk1.8.0_111.jdk/Contents/Home/jre/lib/libjawt.dylib
0x0000000172174000 	/private/var/folders/52/pd9n1grn4_55dn11fg2xx6m40000gn/T/jogamp_0000/file_cache/jln9160459629760275549/jln15708167790733333/libnativewindow_macosx.jnilib
0x0000000176ed8000 	/private/var/folders/52/pd9n1grn4_55dn11fg2xx6m40000gn/T/jogamp_0000/file_cache/jln9160459629760275549/jln15708167790733333/libjogl_desktop.jnilib
0x00000001723e2000 	/Library/Java/JavaVirtualMachines/jdk1.8.0_111.jdk/Contents/Home/jre/lib/libsunec.dylib
0x000000017a94e000 	/Library/Java/JavaVirtualMachines/jdk1.8.0_111.jdk/Contents/Home/jre/lib/libt2k.dylib
0x000000017a9eb000 	/Library/Java/JavaVirtualMachines/jdk1.8.0_111.jdk/Contents/Home/jre/lib/libjpeg.dylib

VM Arguments:
jvm_args: -Djava.security.policy=java.policy.applet -Dfile.encoding=UTF-8 
java_command: sun.applet.AppletViewer module3.EarthquakeCityMap1495216786834.html
java_class_path (initial): /Users/dhruvsawhney/Documents/workspace/UCSDUnfoldingMaps/build:/Users/dhruvsawhney/Documents/workspace/UCSDUnfoldingMaps/lib/core.jar:/Users/dhruvsawhney/Documents/workspace/UCSDUnfoldingMaps/lib/gluegen-rt.jar:/Users/dhruvsawhney/Documents/workspace/UCSDUnfoldingMaps/lib/jogl-all.jar:/Users/dhruvsawhney/Documents/workspace/UCSDUnfoldingMaps/lib/log4j-1.2.15.jar:/Users/dhruvsawhney/Documents/workspace/UCSDUnfoldingMaps/lib/sqlite-jdbc-3.7.2.jar:/Users/dhruvsawhney/Documents/workspace/UCSDUnfoldingMaps/lib/json4processing.jar:/Users/dhruvsawhney/Documents/workspace/UCSDUnfoldingMaps/lib/libTUIO.jar:/Users/dhruvsawhney/Documents/workspace/UCSDUnfoldingMaps/lib/unfolding.0.9.7-uscd.jar
Launcher Type: SUN_STANDARD

Environment Variables:
PATH=/usr/bin:/bin:/usr/sbin:/sbin
SHELL=/bin/bash
DISPLAY=/private/tmp/com.apple.launchd.TplqWvYJlD/org.macosforge.xquartz:0

Signal Handlers:
SIGSEGV: [libjvm.dylib+0x5b03ed], sa_mask[0]=11111111011111110111111111111111, sa_flags=SA_ONSTACK|SA_RESTART|SA_SIGINFO
SIGBUS: [libjvm.dylib+0x5b03ed], sa_mask[0]=11111111011111110111111111111111, sa_flags=SA_RESTART|SA_SIGINFO
SIGFPE: [libjvm.dylib+0x48711c], sa_mask[0]=11111111011111110111111111111111, sa_flags=SA_RESTART|SA_SIGINFO
SIGPIPE: [libjvm.dylib+0x48711c], sa_mask[0]=11111111011111110111111111111111, sa_flags=SA_RESTART|SA_SIGINFO
SIGXFSZ: [libjvm.dylib+0x48711c], sa_mask[0]=11111111011111110111111111111111, sa_flags=SA_RESTART|SA_SIGINFO
SIGILL: [libjvm.dylib+0x48711c], sa_mask[0]=11111111011111110111111111111111, sa_flags=SA_RESTART|SA_SIGINFO
SIGUSR1: SIG_DFL, sa_mask[0]=00000000000000000000000000000000, sa_flags=none
SIGUSR2: [libjvm.dylib+0x486c3a], sa_mask[0]=00100000000000000000000000000000, sa_flags=SA_RESTART|SA_SIGINFO
SIGHUP: [libjvm.dylib+0x485211], sa_mask[0]=11111111011111110111111111111111, sa_flags=SA_RESTART|SA_SIGINFO
SIGINT: [libjvm.dylib+0x485211], sa_mask[0]=11111111011111110111111111111111, sa_flags=SA_RESTART|SA_SIGINFO
SIGTERM: [libjvm.dylib+0x485211], sa_mask[0]=11111111011111110111111111111111, sa_flags=SA_RESTART|SA_SIGINFO
SIGQUIT: [libjvm.dylib+0x485211], sa_mask[0]=11111111011111110111111111111111, sa_flags=SA_RESTART|SA_SIGINFO


---------------  S Y S T E M  ---------------

OS:Bsduname:Darwin 15.6.0 Darwin Kernel Version 15.6.0: Thu Sep  1 15:01:16 PDT 2016; root:xnu-3248.60.11~2/RELEASE_X86_64 x86_64
rlimit: STACK 8192k, CORE 0k, NPROC 709, NOFILE 10240, AS infinity
load average:6.78 4.60 3.31

CPU:total 4 (2 cores per cpu, 2 threads per core) family 6 model 61 stepping 4, cmov, cx8, fxsr, mmx, sse, sse2, sse3, ssse3, sse4.1, sse4.2, popcnt, avx, avx2, aes, clmul, erms, 3dnowpref, lzcnt, ht, tsc, tscinvbit, bmi1, bmi2, adx

Memory: 4k page, physical 8388608k(20988k free)

/proc/meminfo:


vm_info: Java HotSpot(TM) 64-Bit Server VM (25.111-b14) for bsd-amd64 JRE (1.8.0_111-b14), built on Sep 22 2016 15:31:41 by "java_re" with gcc 4.2.1 (Based on Apple Inc. build 5658) (LLVM build 2336.11.00)

time: Fri May 19 11:03:56 2017
elapsed time: 249 seconds (0d 0h 4m 9s)

