#
# A fatal error has been detected by the Java Runtime Environment:
#
#  SIGSEGV (0xb) at pc=0x00007fffa11ca4dd, pid=5802, tid=0x0000000000000a0b
#
# JRE version: Java(TM) SE Runtime Environment (8.0_111-b14) (build 1.8.0_111-b14)
# Java VM: Java HotSpot(TM) 64-Bit Server VM (25.111-b14 mixed mode bsd-amd64 compressed oops)
# Problematic frame:
# C  [libobjc.A.dylib+0x14dd]  objc_msgSend+0x1d
#
# Failed to write core dump. Core dumps have been disabled. To enable core dumping, try "ulimit -c unlimited" before starting Java again
#
# If you would like to submit a bug report, please visit:
#   http://bugreport.java.com/bugreport/crash.jsp
# The crash happened outside the Java Virtual Machine in native code.
# See problematic frame for where to report the bug.
#

---------------  T H R E A D  ---------------

Current thread (0x00007fa9d4124800):  JavaThread "AWT-AppKit" daemon [_thread_in_native, id=2571, stack(0x00007fff507e3000,0x00007fff50fe3000)]

siginfo: si_signo: 11 (SIGSEGV), si_code: 1 (SEGV_MAPERR), si_addr: 0x0000000000000018

Registers:
RAX=0x00007fa9d72b2400, RBX=0x000000017eb75450, RCX=0x0000000128c10400, RDX=0x0000000128c10320
RSP=0x00007fff50fde3e8, RBP=0x00007fff50fde4a0, RSI=0x00007fff9e274cbe, RDI=0x00007fa9d248eb20
R8 =0x0000000000000000, R9 =0x00000000000008b0, R10=0x00007fff9e274cbe, R11=0x0000000000000000
R12=0x0000000000000000, R13=0x00000001848d5b18, R14=0x000000017eb75440, R15=0x00007fa9d4124800
RIP=0x00007fffa11ca4dd, EFLAGS=0x0000000000010246, ERR=0x0000000000000004
  TRAPNO=0x000000000000000e

Top of Stack: (sp=0x00007fff50fde3e8)
0x00007fff50fde3e8:   000000017eb73157 00007fff50fde440
0x00007fff50fde3f8:   0000000000000003 00007fff50fde420
0x00007fff50fde408:   000000010f9f27be 00000001848d5b18
0x00007fff50fde418:   00000001848d5b18 00007fa9d72b2400
0x00007fff50fde428:   000000017eb756a0 000000017eb75710
0x00007fff50fde438:   00007fff7f08f770 00007fff7bee2500
0x00007fff50fde448:   000000017eb75450 000000017eb75690
0x00007fff50fde458:   00007fa9d72b2400 00007fa9d248eb20
0x00007fff50fde468:   00007fa9d2527ec0 00007fa9d72b2400
0x00007fff50fde478:   00007fa9d248eb20 00007fff50fde528
0x00007fff50fde488:   00007fa9d41249f8 00000001848d5b18
0x00007fff50fde498:   00007fff50fde550 00007fff50fde518
0x00007fff50fde4a8:   00000001107b89f4 00000001848d5b18
0x00007fff50fde4b8:   00007fff50fde550 00007fff50fde518
0x00007fff50fde4c8:   00000001107b8787 00000001107b8742
0x00007fff50fde4d8:   00007fff50fde4d8 00000001848d5b18
0x00007fff50fde4e8:   00007fff50fde550 00000001848d8750
0x00007fff50fde4f8:   0000000000000000 00000001848d5b18
0x00007fff50fde508:   0000000000000000 00007fff50fde538
0x00007fff50fde518:   00007fff50fde598 00000001107a92bd
0x00007fff50fde528:   00000007404dddb8 00000001107b2538
0x00007fff50fde538:   00007fa9d72b2400 00007fff50fde598
0x00007fff50fde548:   00007fa9d248eb20 00000001107b3e02
0x00007fff50fde558:   00007fff50fde558 00000001848d5ce2
0x00007fff50fde568:   00007fff50fde5c0 00000001848d8750
0x00007fff50fde578:   0000000000000000 00000001848d5cf0
0x00007fff50fde588:   00007fff50fde538 00007fff50fde5a8
0x00007fff50fde598:   00007fff50fde608 00000001107a92bd
0x00007fff50fde5a8:   00007fa9d72b2400 000000074045da20
0x00007fff50fde5b8:   00007fa9d248eb20 000000074045da20
0x00007fff50fde5c8:   00007fff50fde5c8 00000001870ade96
0x00007fff50fde5d8:   00007fff50fde618 00000001870adf50 

Instructions: (pc=0x00007fffa11ca4dd)
0x00007fffa11ca4bd:   44 00 00 48 85 ff 2e 74 62 40 f6 c7 01 2e 75 66
0x00007fffa11ca4cd:   49 bb f8 ff ff ff ff 7f 00 00 4c 23 1f 49 89 f2
0x00007fffa11ca4dd:   45 23 53 18 49 c1 e2 04 4d 03 53 10 49 3b 32 75
0x00007fffa11ca4ed:   04 41 ff 62 08 49 83 3a 01 76 0d 49 83 c2 10 49 

Register to memory mapping:

RAX=0x00007fa9d72b2400 is an unknown value
RBX=0x000000017eb75450: Java_jogamp_nativewindow_macosx_OSXUtil_GetScreenRefreshRate0+0x1cf0 in /private/var/folders/52/pd9n1grn4_55dn11fg2xx6m40000gn/T/jogamp_0000/file_cache/jln7886057684458397749/jln1532047282050996736/libnativewindow_macosx.jnilib at 0x000000017eb6e000
RCX=0x0000000128c10400 is an unknown value
RDX=0x0000000128c10320 is an unknown value
RSP=0x00007fff50fde3e8 is pointing into the stack for thread: 0x00007fa9d4124800
RBP=0x00007fff50fde4a0 is pointing into the stack for thread: 0x00007fa9d4124800
RSI=0x00007fff9e274cbe is an unknown value
RDI=0x00007fa9d248eb20 is an unknown value
R8 =0x0000000000000000 is an unknown value
R9 =0x00000000000008b0 is an unknown value
R10=0x00007fff9e274cbe is an unknown value
R11=0x0000000000000000 is an unknown value
R12=0x0000000000000000 is an unknown value
R13={method} {0x00000001848d5b18} 'UnsetJAWTRootSurfaceLayer0' '(JJ)V' in 'jogamp/nativewindow/jawt/macosx/MacOSXJAWTWindow'
R14=0x000000017eb75440: Java_jogamp_nativewindow_macosx_OSXUtil_GetScreenRefreshRate0+0x1ce0 in /private/var/folders/52/pd9n1grn4_55dn11fg2xx6m40000gn/T/jogamp_0000/file_cache/jln7886057684458397749/jln1532047282050996736/libnativewindow_macosx.jnilib at 0x000000017eb6e000
R15=0x00007fa9d4124800 is a thread


Stack: [0x00007fff507e3000,0x00007fff50fe3000],  sp=0x00007fff50fde3e8,  free space=8172k
Native frames: (J=compiled Java code, j=interpreted, Vv=VM code, C=native code)
C  [libobjc.A.dylib+0x14dd]  objc_msgSend+0x1d
j  jogamp.nativewindow.jawt.macosx.MacOSXJAWTWindow.UnsetJAWTRootSurfaceLayer0(JJ)V+0
j  jogamp.nativewindow.jawt.macosx.MacOSXJAWTWindow.access$200(JJ)V+2
j  jogamp.nativewindow.jawt.macosx.MacOSXJAWTWindow$1.run()V+38
j  com.jogamp.common.util.RunnableTask.run()V+24
v  ~StubRoutines::call_stub
V  [libjvm.dylib+0x2ecf8a]  JavaCalls::call_helper(JavaValue*, methodHandle*, JavaCallArguments*, Thread*)+0x6ae
V  [libjvm.dylib+0x324119]  jni_invoke_nonstatic(JNIEnv_*, JavaValue*, _jobject*, JNICallType, _jmethodID*, JNI_ArgumentPusher*, Thread*)+0x2ec
V  [libjvm.dylib+0x3168e7]  jni_CallVoidMethod+0x16b
C  [libnativewindow_macosx.jnilib+0x5326]  Java_jogamp_nativewindow_jawt_macosx_MacOSXJAWTWindow_UnsetJAWTRootSurfaceLayer0+0x2b6
C  [Foundation+0x76fde]  __NSThreadPerformPerform+0x117
C  [CoreFoundation+0xaa7e1]  __CFRUNLOOP_IS_CALLING_OUT_TO_A_SOURCE0_PERFORM_FUNCTION__+0x11
C  [CoreFoundation+0x89e97]  __CFRunLoopDoSources0+0x1a7
C  [CoreFoundation+0x8943f]  __CFRunLoopRun+0x39f
C  [CoreFoundation+0x88e38]  CFRunLoopRunSpecific+0x128
C  [HIToolbox+0x30935]  RunCurrentEventLoopInMode+0xeb
C  [HIToolbox+0x30677]  ReceiveNextEventCommon+0xb8
C  [HIToolbox+0x305af]  _BlockUntilNextEventMatchingListInModeWithFilter+0x47
C  [AppKit+0x48df6]  _DPSNextEvent+0x42b
C  [AppKit+0x48226]  -[NSApplication _nextEventMatchingEventMask:untilDate:inMode:dequeue:]+0x1c6
C  [libosxapp.dylib+0x23aa]  -[NSApplicationAWT nextEventMatchingMask:untilDate:inMode:dequeue:]+0x7c
C  [AppKit+0x3cd80]  -[NSApplication run]+0x2aa
C  [libosxapp.dylib+0x214d]  +[NSApplicationAWT runAWTLoopWithApp:]+0x9c
C  [libawt_lwawt.dylib+0x444b3]  -[AWTStarter starter:]+0x389
C  [Foundation+0x76fde]  __NSThreadPerformPerform+0x117
C  [CoreFoundation+0xaa7e1]  __CFRUNLOOP_IS_CALLING_OUT_TO_A_SOURCE0_PERFORM_FUNCTION__+0x11
C  [CoreFoundation+0x89f1c]  __CFRunLoopDoSources0+0x22c
C  [CoreFoundation+0x8943f]  __CFRunLoopRun+0x39f
C  [CoreFoundation+0x88e38]  CFRunLoopRunSpecific+0x128
C  [java+0x6465]  CreateExecutionEnvironment+0x367
C  [java+0x218c]  JLI_Launch+0x7a0
C  [java+0x84c2]  main+0x65
C  [java+0x19e4]  start+0x34
C  0x0000000000000007

Java frames: (J=compiled Java code, j=interpreted, Vv=VM code)
j  jogamp.nativewindow.jawt.macosx.MacOSXJAWTWindow.UnsetJAWTRootSurfaceLayer0(JJ)V+0
j  jogamp.nativewindow.jawt.macosx.MacOSXJAWTWindow.access$200(JJ)V+2
j  jogamp.nativewindow.jawt.macosx.MacOSXJAWTWindow$1.run()V+38
j  com.jogamp.common.util.RunnableTask.run()V+24
v  ~StubRoutines::call_stub

---------------  P R O C E S S  ---------------

Java Threads: ( => current thread )
  0x00007fa9d8127000 JavaThread "Thread-19" [_thread_blocked, id=59631, stack(0x00007000010cd000,0x00007000011cd000)]
  0x00007fa9d31ad000 JavaThread "AWT-EventQueue-1" [_thread_in_native, id=59179, stack(0x00007000018eb000,0x00007000019eb000)]
  0x00007fa9d300c800 JavaThread "DestroyJavaVM" [_thread_blocked, id=5891, stack(0x000070000011a000,0x000070000021a000)]
  0x00007fa9d3110800 JavaThread "AWT-EventQueue-0" [_thread_blocked, id=56075, stack(0x00007000016e5000,0x00007000017e5000)]
  0x00007fa9d29a3800 JavaThread "Java2D Disposer" daemon [_thread_blocked, id=53251, stack(0x000070000145c000,0x000070000155c000)]
  0x00007fa9d4149800 JavaThread "Java2D Queue Flusher" daemon [_thread_blocked, id=50183, stack(0x0000700001359000,0x0000700001459000)]
  0x00007fa9d412a000 JavaThread "AWT-Shutdown" [_thread_blocked, id=29971, stack(0x00007000011d3000,0x00007000012d3000)]
=>0x00007fa9d4124800 JavaThread "AWT-AppKit" daemon [_thread_in_native, id=2571, stack(0x00007fff507e3000,0x00007fff50fe3000)]
  0x00007fa9d2813000 JavaThread "Service Thread" daemon [_thread_blocked, id=18691, stack(0x0000700000e44000,0x0000700000f44000)]
  0x00007fa9d2842000 JavaThread "C1 CompilerThread2" daemon [_thread_blocked, id=18179, stack(0x0000700000d41000,0x0000700000e41000)]
  0x00007fa9d2812000 JavaThread "C2 CompilerThread1" daemon [_thread_blocked, id=17667, stack(0x0000700000c3e000,0x0000700000d3e000)]
  0x00007fa9d402f800 JavaThread "C2 CompilerThread0" daemon [_thread_blocked, id=17155, stack(0x0000700000b3b000,0x0000700000c3b000)]
  0x00007fa9d402c000 JavaThread "Signal Dispatcher" daemon [_thread_blocked, id=12815, stack(0x0000700000a38000,0x0000700000b38000)]
  0x00007fa9d2838000 JavaThread "Finalizer" daemon [_thread_blocked, id=12291, stack(0x000070000082f000,0x000070000092f000)]
  0x00007fa9d4029800 JavaThread "Reference Handler" daemon [_thread_blocked, id=11779, stack(0x000070000072c000,0x000070000082c000)]

Other Threads:
  0x00007fa9d2831800 VMThread [stack: 0x0000700000629000,0x0000700000729000] [id=11267]
  0x00007fa9d3015000 WatcherThread [stack: 0x0000700000f47000,0x0000700001047000] [id=19203]

VM state:not at safepoint (normal execution)

VM Mutex/Monitor currently owned by a thread: None

Heap:
 PSYoungGen      total 62976K, used 60559K [0x0000000795580000, 0x000000079a100000, 0x00000007c0000000)
  eden space 62464K, 96% used [0x0000000795580000,0x0000000799093ef8,0x0000000799280000)
  from space 512K, 12% used [0x000000079a080000,0x000000079a090000,0x000000079a100000)
  to   space 5120K, 0% used [0x0000000799700000,0x0000000799700000,0x0000000799c00000)
 ParOldGen       total 54784K, used 20922K [0x0000000740000000, 0x0000000743580000, 0x0000000795580000)
  object space 54784K, 38% used [0x0000000740000000,0x000000074146e9a0,0x0000000743580000)
 Metaspace       used 24263K, capacity 24473K, committed 24832K, reserved 1071104K
  class space    used 2396K, capacity 2485K, committed 2560K, reserved 1048576K

Card table byte_map: [0x000000011fb61000,0x000000011ff62000] byte_map_base: 0x000000011c161000

Marking Bits: (ParMarkBitMap*) 0x00000001100efd20
 Begin Bits: [0x000000012020d000, 0x000000012220d000)
 End Bits:   [0x000000012220d000, 0x000000012420d000)

Polling page: 0x000000010eee0000

CodeCache: size=245760Kb used=10076Kb max_used=10528Kb free=235683Kb
 bounds [0x00000001107a1000, 0x0000000111241000, 0x000000011f7a1000]
 total_blobs=3801 nmethods=2877 adapters=837
 compilation: enabled

Compilation events (10 events):
Event: 290.492 Thread 0x00007fa9d402f800 3435       4       sun.java2d.SurfaceData::pixelFor (13 bytes)
Event: 290.495 Thread 0x00007fa9d402f800 nmethod 3435 0x0000000111018310 code [0x0000000111018460, 0x0000000111018538]
Event: 290.540 Thread 0x00007fa9d2812000 3436       4       java.util.HashMap::put (13 bytes)
Event: 290.542 Thread 0x00007fa9d2842000 3437       3       sun.java2d.pipe.PixelToParallelogramConverter::normalize (15 bytes)
Event: 290.542 Thread 0x00007fa9d2842000 nmethod 3437 0x00000001109fae50 code [0x00000001109fb000, 0x00000001109fb288]
Event: 290.543 Thread 0x00007fa9d402f800 3438       4       java.beans.WeakIdentityMap$Entry::isMatched (22 bytes)
Event: 290.544 Thread 0x00007fa9d402f800 nmethod 3438 0x000000011102f190 code [0x000000011102f2e0, 0x000000011102f398]
Event: 290.569 Thread 0x00007fa9d402f800 3439  s    4       sun.misc.URLClassPath::getNextLoader (88 bytes)
Event: 290.578 Thread 0x00007fa9d2812000 nmethod 3436 0x0000000110f9c350 code [0x0000000110f9c520, 0x0000000110f9ce48]
Event: 290.584 Thread 0x00007fa9d402f800 nmethod 3439 0x0000000110d83f10 code [0x0000000110d84080, 0x0000000110d847f8]

GC Heap History (10 events):
Event: 261.710 GC heap before
{Heap before GC invocations=35 (full 1):
 PSYoungGen      total 78336K, used 71264K [0x0000000795580000, 0x000000079b200000, 0x00000007c0000000)
  eden space 71168K, 100% used [0x0000000795580000,0x0000000799b00000,0x0000000799b00000)
  from space 7168K, 1% used [0x000000079a400000,0x000000079a418000,0x000000079ab00000)
  to   space 7168K, 0% used [0x000000079ab00000,0x000000079ab00000,0x000000079b200000)
 ParOldGen       total 54784K, used 20922K [0x0000000740000000, 0x0000000743580000, 0x0000000795580000)
  object space 54784K, 38% used [0x0000000740000000,0x000000074146e9a0,0x0000000743580000)
 Metaspace       used 24218K, capacity 24473K, committed 24832K, reserved 1071104K
  class space    used 2389K, capacity 2485K, committed 2560K, reserved 1048576K
Event: 261.712 GC heap after
Heap after GC invocations=35 (full 1):
 PSYoungGen      total 69632K, used 96K [0x0000000795580000, 0x000000079ab80000, 0x00000007c0000000)
  eden space 69120K, 0% used [0x0000000795580000,0x0000000795580000,0x0000000799900000)
  from space 512K, 18% used [0x000000079ab00000,0x000000079ab18000,0x000000079ab80000)
  to   space 6656K, 0% used [0x0000000799e80000,0x0000000799e80000,0x000000079a500000)
 ParOldGen       total 54784K, used 20922K [0x0000000740000000, 0x0000000743580000, 0x0000000795580000)
  object space 54784K, 38% used [0x0000000740000000,0x000000074146e9a0,0x0000000743580000)
 Metaspace       used 24218K, capacity 24473K, committed 24832K, reserved 1071104K
  class space    used 2389K, capacity 2485K, committed 2560K, reserved 1048576K
}
Event: 267.528 GC heap before
{Heap before GC invocations=36 (full 1):
 PSYoungGen      total 69632K, used 69216K [0x0000000795580000, 0x000000079ab80000, 0x00000007c0000000)
  eden space 69120K, 100% used [0x0000000795580000,0x0000000799900000,0x0000000799900000)
  from space 512K, 18% used [0x000000079ab00000,0x000000079ab18000,0x000000079ab80000)
  to   space 6656K, 0% used [0x0000000799e80000,0x0000000799e80000,0x000000079a500000)
 ParOldGen       total 54784K, used 20922K [0x0000000740000000, 0x0000000743580000, 0x0000000795580000)
  object space 54784K, 38% used [0x0000000740000000,0x000000074146e9a0,0x0000000743580000)
 Metaspace       used 24218K, capacity 24473K, committed 24832K, reserved 1071104K
  class space    used 2389K, capacity 2485K, committed 2560K, reserved 1048576K
Event: 267.530 GC heap after
Heap after GC invocations=36 (full 1):
 PSYoungGen      total 73728K, used 64K [0x0000000795580000, 0x000000079ab80000, 0x00000007c0000000)
  eden space 67072K, 0% used [0x0000000795580000,0x0000000795580000,0x0000000799700000)
  from space 6656K, 0% used [0x0000000799e80000,0x0000000799e90000,0x000000079a500000)
  to   space 6144K, 0% used [0x000000079a580000,0x000000079a580000,0x000000079ab80000)
 ParOldGen       total 54784K, used 20922K [0x0000000740000000, 0x0000000743580000, 0x0000000795580000)
  object space 54784K, 38% used [0x0000000740000000,0x000000074146e9a0,0x0000000743580000)
 Metaspace       used 24218K, capacity 24473K, committed 24832K, reserved 1071104K
  class space    used 2389K, capacity 2485K, committed 2560K, reserved 1048576K
}
Event: 273.181 GC heap before
{Heap before GC invocations=37 (full 1):
 PSYoungGen      total 73728K, used 67136K [0x0000000795580000, 0x000000079ab80000, 0x00000007c0000000)
  eden space 67072K, 100% used [0x0000000795580000,0x0000000799700000,0x0000000799700000)
  from space 6656K, 0% used [0x0000000799e80000,0x0000000799e90000,0x000000079a500000)
  to   space 6144K, 0% used [0x000000079a580000,0x000000079a580000,0x000000079ab80000)
 ParOldGen       total 54784K, used 20922K [0x0000000740000000, 0x0000000743580000, 0x0000000795580000)
  object space 54784K, 38% used [0x0000000740000000,0x000000074146e9a0,0x0000000743580000)
 Metaspace       used 24218K, capacity 24473K, committed 24832K, reserved 1071104K
  class space    used 2389K, capacity 2485K, committed 2560K, reserved 1048576K
Event: 273.183 GC heap after
Heap after GC invocations=37 (full 1):
 PSYoungGen      total 66048K, used 64K [0x0000000795580000, 0x000000079a600000, 0x00000007c0000000)
  eden space 65536K, 0% used [0x0000000795580000,0x0000000795580000,0x0000000799580000)
  from space 512K, 12% used [0x000000079a580000,0x000000079a590000,0x000000079a600000)
  to   space 6144K, 0% used [0x0000000799a00000,0x0000000799a00000,0x000000079a000000)
 ParOldGen       total 54784K, used 20922K [0x0000000740000000, 0x0000000743580000, 0x0000000795580000)
  object space 54784K, 38% used [0x0000000740000000,0x000000074146e9a0,0x0000000743580000)
 Metaspace       used 24218K, capacity 24473K, committed 24832K, reserved 1071104K
  class space    used 2389K, capacity 2485K, committed 2560K, reserved 1048576K
}
Event: 278.684 GC heap before
{Heap before GC invocations=38 (full 1):
 PSYoungGen      total 66048K, used 65600K [0x0000000795580000, 0x000000079a600000, 0x00000007c0000000)
  eden space 65536K, 100% used [0x0000000795580000,0x0000000799580000,0x0000000799580000)
  from space 512K, 12% used [0x000000079a580000,0x000000079a590000,0x000000079a600000)
  to   space 6144K, 0% used [0x0000000799a00000,0x0000000799a00000,0x000000079a000000)
 ParOldGen       total 54784K, used 20922K [0x0000000740000000, 0x0000000743580000, 0x0000000795580000)
  object space 54784K, 38% used [0x0000000740000000,0x000000074146e9a0,0x0000000743580000)
 Metaspace       used 24218K, capacity 24473K, committed 24832K, reserved 1071104K
  class space    used 2389K, capacity 2485K, committed 2560K, reserved 1048576K
Event: 278.686 GC heap after
Heap after GC invocations=38 (full 1):
 PSYoungGen      total 70144K, used 32K [0x0000000795580000, 0x000000079a600000, 0x00000007c0000000)
  eden space 64000K, 0% used [0x0000000795580000,0x0000000795580000,0x0000000799400000)
  from space 6144K, 0% used [0x0000000799a00000,0x0000000799a08000,0x000000079a000000)
  to   space 5632K, 0% used [0x000000079a080000,0x000000079a080000,0x000000079a600000)
 ParOldGen       total 54784K, used 20922K [0x0000000740000000, 0x0000000743580000, 0x0000000795580000)
  object space 54784K, 38% used [0x0000000740000000,0x000000074146e9a0,0x0000000743580000)
 Metaspace       used 24218K, capacity 24473K, committed 24832K, reserved 1071104K
  class space    used 2389K, capacity 2485K, committed 2560K, reserved 1048576K
}
Event: 284.087 GC heap before
{Heap before GC invocations=39 (full 1):
 PSYoungGen      total 70144K, used 64031K [0x0000000795580000, 0x000000079a600000, 0x00000007c0000000)
  eden space 64000K, 99% used [0x0000000795580000,0x00000007993ffff0,0x0000000799400000)
  from space 6144K, 0% used [0x0000000799a00000,0x0000000799a08000,0x000000079a000000)
  to   space 5632K, 0% used [0x000000079a080000,0x000000079a080000,0x000000079a600000)
 ParOldGen       total 54784K, used 20922K [0x0000000740000000, 0x0000000743580000, 0x0000000795580000)
  object space 54784K, 38% used [0x0000000740000000,0x000000074146e9a0,0x0000000743580000)
 Metaspace       used 24218K, capacity 24473K, committed 24832K, reserved 1071104K
  class space    used 2389K, capacity 2485K, committed 2560K, reserved 1048576K
Event: 284.089 GC heap after
Heap after GC invocations=39 (full 1):
 PSYoungGen      total 62976K, used 64K [0x0000000795580000, 0x000000079a100000, 0x00000007c0000000)
  eden space 62464K, 0% used [0x0000000795580000,0x0000000795580000,0x0000000799280000)
  from space 512K, 12% used [0x000000079a080000,0x000000079a090000,0x000000079a100000)
  to   space 5120K, 0% used [0x0000000799700000,0x0000000799700000,0x0000000799c00000)
 ParOldGen       total 54784K, used 20922K [0x0000000740000000, 0x0000000743580000, 0x0000000795580000)
  object space 54784K, 38% used [0x0000000740000000,0x000000074146e9a0,0x0000000743580000)
 Metaspace       used 24218K, capacity 24473K, committed 24832K, reserved 1071104K
  class space    used 2389K, capacity 2485K, committed 2560K, reserved 1048576K
}

Deoptimization events (10 events):
Event: 290.541 Thread 0x00007fa9d3110800 Uncommon trap: reason=class_check action=maybe_recompile pc=0x0000000110e38870 method=java.awt.Component.getGraphics()Ljava/awt/Graphics; @ 114
Event: 290.541 Thread 0x00007fa9d3110800 Uncommon trap: reason=unstable_if action=reinterpret pc=0x00000001111e39a8 method=sun.java2d.pipe.Region.isInsideQuickCheck(Lsun/java2d/pipe/Region;)Z @ 48
Event: 290.541 Thread 0x00007fa9d31ad000 Uncommon trap: reason=class_check action=maybe_recompile pc=0x0000000110e600e0 method=java.awt.event.InvocationEvent.dispatch()V @ 11
Event: 290.542 Thread 0x00007fa9d3110800 Uncommon trap: reason=unstable_if action=reinterpret pc=0x000000011106aff8 method=java.awt.font.FontRenderContext.equals(Ljava/awt/font/FontRenderContext;)Z @ 2
Event: 290.548 Thread 0x00007fa9d4124800 Uncommon trap: reason=class_check action=maybe_recompile pc=0x0000000110e58200 method=com.jogamp.common.util.RunnableTask.run()V @ 24
Event: 290.560 Thread 0x00007fa9d31ad000 Uncommon trap: reason=unstable_if action=reinterpret pc=0x0000000110f51d80 method=jogamp.opengl.GLContextImpl.release(Z)V @ 161
Event: 290.571 Thread 0x00007fa9d31ad000 Uncommon trap: reason=unstable_if action=reinterpret pc=0x0000000110e5c518 method=java.util.LinkedList$ListItr.<init>(Ljava/util/LinkedList;I)V @ 26
Event: 290.575 Thread 0x00007fa9d3110800 Uncommon trap: reason=class_check action=maybe_recompile pc=0x0000000110e38870 method=java.awt.Component.getGraphics()Ljava/awt/Graphics; @ 114
Event: 290.577 Thread 0x00007fa9d31ad000 Uncommon trap: reason=class_check action=maybe_recompile pc=0x0000000110e600e0 method=java.awt.event.InvocationEvent.dispatch()V @ 11
Event: 290.583 Thread 0x00007fa9d4124800 Uncommon trap: reason=class_check action=maybe_recompile pc=0x0000000110e58200 method=com.jogamp.common.util.RunnableTask.run()V @ 24

Internal exceptions (10 events):
Event: 0.172 Thread 0x00007fa9d300c800 Exception <a 'java/lang/NoSuchFieldError': method resolution failed> (0x00000007957e2ad8) thrown at [/Users/java_re/workspace/8-2-build-macosx-x86_64/jdk8u111/7883/hotspot/src/share/vm/prims/methodHandles.cpp, line 1146]
Event: 0.338 Thread 0x00007fa9d300c800 Exception <a 'java/io/FileNotFoundException'> (0x000000079585e2a0) thrown at [/Users/java_re/workspace/8-2-build-macosx-x86_64/jdk8u111/7883/hotspot/src/share/vm/prims/jni.cpp, line 709]
Event: 0.338 Thread 0x00007fa9d300c800 Exception <a 'java/io/FileNotFoundException'> (0x000000079585ee40) thrown at [/Users/java_re/workspace/8-2-build-macosx-x86_64/jdk8u111/7883/hotspot/src/share/vm/prims/jni.cpp, line 709]
Event: 0.466 Thread 0x00007fa9d300c800 Exception <a 'java/io/FileNotFoundException'> (0x000000079599e2c0) thrown at [/Users/java_re/workspace/8-2-build-macosx-x86_64/jdk8u111/7883/hotspot/src/share/vm/prims/jni.cpp, line 709]
Event: 1.674 Thread 0x00007fa9d2c51800 Exception <a 'java/lang/UnsatisfiedLinkError': com.jogamp.common.util.JarUtil.fixNativeLibAttribs(Ljava/lang/String;)Z> (0x0000000796c1e868) thrown at [/Users/java_re/workspace/8-2-build-macosx-x86_64/jdk8u111/7883/hotspot/src/share/vm/prims/nativeLookup.
Event: 1.910 Thread 0x00007fa9d2838000 Exception <a 'java/lang/NullPointerException'> (0x00000007956a4e60) thrown at [/Users/java_re/workspace/8-2-build-macosx-x86_64/jdk8u111/7883/hotspot/src/share/vm/interpreter/linkResolver.cpp, line 1178]
Event: 2.506 Thread 0x00007fa9d31ad000 Exception <a 'java/io/FileNotFoundException'> (0x0000000796156558) thrown at [/Users/java_re/workspace/8-2-build-macosx-x86_64/jdk8u111/7883/hotspot/src/share/vm/prims/jni.cpp, line 709]
Event: 2.506 Thread 0x00007fa9d31ad000 Exception <a 'java/io/FileNotFoundException'> (0x000000079615dce0) thrown at [/Users/java_re/workspace/8-2-build-macosx-x86_64/jdk8u111/7883/hotspot/src/share/vm/prims/jni.cpp, line 709]
Event: 2.506 Thread 0x00007fa9d31ad000 Implicit null exception at 0x0000000110954db6 to 0x0000000110955185
Event: 290.522 Thread 0x00007fa9d31ad000 Implicit null exception at 0x0000000110fa9e08 to 0x0000000110faa7bd

Events (10 events):
Event: 290.576 Thread 0x00007fa9d3110800 DEOPT PACKING pc=0x0000000110e38870 sp=0x00007000017e2bd0
Event: 290.576 Thread 0x00007fa9d3110800 DEOPT UNPACKING pc=0x00000001107a6229 sp=0x00007000017e2be0 mode 2
Event: 290.576 loading class java/awt/Window$1DisposeAction
Event: 290.576 loading class java/awt/Window$1DisposeAction done
Event: 290.577 Thread 0x00007fa9d31ad000 Uncommon trap: trap_request=0xffffffde fr.pc=0x0000000110e600e0
Event: 290.577 Thread 0x00007fa9d31ad000 DEOPT PACKING pc=0x0000000110e600e0 sp=0x00007000019e8e50
Event: 290.577 Thread 0x00007fa9d31ad000 DEOPT UNPACKING pc=0x00000001107a6229 sp=0x00007000019e8cd8 mode 2
Event: 290.583 Thread 0x00007fa9d4124800 Uncommon trap: trap_request=0xffffffde fr.pc=0x0000000110e58200
Event: 290.583 Thread 0x00007fa9d4124800 DEOPT PACKING pc=0x0000000110e58200 sp=0x00007fff50fde660
Event: 290.583 Thread 0x00007fa9d4124800 DEOPT UNPACKING pc=0x00000001107a6229 sp=0x00007fff50fde608 mode 2


Dynamic libraries:
0x000000000ad86000 	/System/Library/Frameworks/Cocoa.framework/Versions/A/Cocoa
0x000000000ad86000 	/System/Library/Frameworks/Security.framework/Versions/A/Security
0x000000000ad86000 	/System/Library/Frameworks/ApplicationServices.framework/Versions/A/ApplicationServices
0x000000000ad86000 	/usr/lib/libz.1.dylib
0x000000000ad86000 	/usr/lib/libSystem.B.dylib
0x000000000ad86000 	/usr/lib/libobjc.A.dylib
0x000000000ad86000 	/System/Library/Frameworks/CoreFoundation.framework/Versions/A/CoreFoundation
0x000000000ad86000 	/System/Library/Frameworks/Foundation.framework/Versions/C/Foundation
0x000000000ad86000 	/System/Library/Frameworks/AppKit.framework/Versions/C/AppKit
0x000000000ad86000 	/System/Library/Frameworks/CoreData.framework/Versions/A/CoreData
0x000000000ad86000 	/System/Library/PrivateFrameworks/RemoteViewServices.framework/Versions/A/RemoteViewServices
0x000000000ad86000 	/System/Library/PrivateFrameworks/UIFoundation.framework/Versions/A/UIFoundation
0x000000000ad86000 	/usr/lib/libScreenReader.dylib
0x000000000ad86000 	/System/Library/Frameworks/Accelerate.framework/Versions/A/Accelerate
0x000000000ad86000 	/System/Library/Frameworks/IOSurface.framework/Versions/A/IOSurface
0x000000000ad86000 	/System/Library/Frameworks/AudioToolbox.framework/Versions/A/AudioToolbox
0x000000000ad86000 	/System/Library/Frameworks/AudioUnit.framework/Versions/A/AudioUnit
0x000000000ad86000 	/System/Library/PrivateFrameworks/DataDetectorsCore.framework/Versions/A/DataDetectorsCore
0x000000000ad86000 	/System/Library/PrivateFrameworks/DesktopServicesPriv.framework/Versions/A/DesktopServicesPriv
0x000000000ad86000 	/System/Library/Frameworks/Carbon.framework/Versions/A/Frameworks/HIToolbox.framework/Versions/A/HIToolbox
0x000000000ad86000 	/System/Library/Frameworks/QuartzCore.framework/Versions/A/QuartzCore
0x000000000ad86000 	/System/Library/Frameworks/Carbon.framework/Versions/A/Frameworks/SpeechRecognition.framework/Versions/A/SpeechRecognition
0x000000000ad86000 	/usr/lib/libauto.dylib
0x000000000ad86000 	/usr/lib/libicucore.A.dylib
0x000000000ad86000 	/usr/lib/libxml2.2.dylib
0x000000000ad86000 	/System/Library/PrivateFrameworks/CoreUI.framework/Versions/A/CoreUI
0x000000000ad86000 	/System/Library/Frameworks/CoreAudio.framework/Versions/A/CoreAudio
0x000000000ad86000 	/System/Library/Frameworks/DiskArbitration.framework/Versions/A/DiskArbitration
0x000000000ad86000 	/usr/lib/liblangid.dylib
0x000000000ad86000 	/System/Library/PrivateFrameworks/MultitouchSupport.framework/Versions/A/MultitouchSupport
0x000000000ad86000 	/System/Library/Frameworks/IOKit.framework/Versions/A/IOKit
0x000000000ad86000 	/usr/lib/libDiagnosticMessagesClient.dylib
0x000000000ad86000 	/System/Library/Frameworks/CoreServices.framework/Versions/A/CoreServices
0x000000000ad86000 	/System/Library/PrivateFrameworks/PerformanceAnalysis.framework/Versions/A/PerformanceAnalysis
0x000000000ad86000 	/System/Library/PrivateFrameworks/GenerationalStorage.framework/Versions/A/GenerationalStorage
0x000000000ad86000 	/System/Library/Frameworks/OpenGL.framework/Versions/A/OpenGL
0x000000000ad86000 	/System/Library/PrivateFrameworks/Sharing.framework/Versions/A/Sharing
0x000000000ad86000 	/System/Library/Frameworks/CoreGraphics.framework/Versions/A/CoreGraphics
0x000000000ad86000 	/System/Library/Frameworks/CoreImage.framework/Versions/A/CoreImage
0x000000000ad86000 	/System/Library/Frameworks/CoreText.framework/Versions/A/CoreText
0x000000000ad86000 	/System/Library/Frameworks/ImageIO.framework/Versions/A/ImageIO
0x000000000ad86000 	/System/Library/PrivateFrameworks/Backup.framework/Versions/A/Backup
0x000000000ad86000 	/usr/lib/libextension.dylib
0x000000000ad86000 	/usr/lib/libarchive.2.dylib
0x000000000ad86000 	/System/Library/Frameworks/CFNetwork.framework/Versions/A/CFNetwork
0x000000000ad86000 	/System/Library/Frameworks/SystemConfiguration.framework/Versions/A/SystemConfiguration
0x000000000ad86000 	/usr/lib/libCRFSuite.dylib
0x000000000ad86000 	/usr/lib/libc++.1.dylib
0x000000000ad86000 	/usr/lib/libc++abi.dylib
0x000000000ad86000 	/usr/lib/system/libcache.dylib
0x000000000ad86000 	/usr/lib/system/libcommonCrypto.dylib
0x000000000ad86000 	/usr/lib/system/libcompiler_rt.dylib
0x000000000ad86000 	/usr/lib/system/libcopyfile.dylib
0x000000000ad86000 	/usr/lib/system/libcorecrypto.dylib
0x000000000ad86000 	/usr/lib/system/libdispatch.dylib
0x000000000ad86000 	/usr/lib/system/libdyld.dylib
0x000000000ad86000 	/usr/lib/system/libkeymgr.dylib
0x000000000ad86000 	/usr/lib/system/liblaunch.dylib
0x000000000ad86000 	/usr/lib/system/libmacho.dylib
0x000000000ad86000 	/usr/lib/system/libquarantine.dylib
0x000000000ad86000 	/usr/lib/system/libremovefile.dylib
0x000000000ad86000 	/usr/lib/system/libsystem_asl.dylib
0x000000000ad86000 	/usr/lib/system/libsystem_blocks.dylib
0x000000000ad86000 	/usr/lib/system/libsystem_c.dylib
0x000000000ad86000 	/usr/lib/system/libsystem_configuration.dylib
0x000000000ad86000 	/usr/lib/system/libsystem_coreservices.dylib
0x000000000ad86000 	/usr/lib/system/libsystem_coretls.dylib
0x000000000ad86000 	/usr/lib/system/libsystem_dnssd.dylib
0x000000000ad86000 	/usr/lib/system/libsystem_info.dylib
0x000000000ad86000 	/usr/lib/system/libsystem_kernel.dylib
0x000000000ad86000 	/usr/lib/system/libsystem_m.dylib
0x000000000ad86000 	/usr/lib/system/libsystem_malloc.dylib
0x000000000ad86000 	/usr/lib/system/libsystem_network.dylib
0x000000000ad86000 	/usr/lib/system/libsystem_networkextension.dylib
0x000000000ad86000 	/usr/lib/system/libsystem_notify.dylib
0x000000000ad86000 	/usr/lib/system/libsystem_platform.dylib
0x000000000ad86000 	/usr/lib/system/libsystem_pthread.dylib
0x000000000ad86000 	/usr/lib/system/libsystem_sandbox.dylib
0x000000000ad86000 	/usr/lib/system/libsystem_secinit.dylib
0x000000000ad86000 	/usr/lib/system/libsystem_trace.dylib
0x000000000ad86000 	/usr/lib/system/libunc.dylib
0x000000000ad86000 	/usr/lib/system/libunwind.dylib
0x000000000ad86000 	/usr/lib/system/libxpc.dylib
0x000000000ad86000 	/usr/lib/libenergytrace.dylib
0x000000000ad86000 	/usr/lib/libbsm.0.dylib
0x000000000ad86000 	/usr/lib/system/libkxld.dylib
0x000000000ad86000 	/usr/lib/libxar.1.dylib
0x000000000ad86000 	/usr/lib/libsqlite3.dylib
0x000000000ad86000 	/usr/lib/libpam.2.dylib
0x000000000ad86000 	/usr/lib/libOpenScriptingUtil.dylib
0x000000000ad86000 	/usr/lib/libbz2.1.0.dylib
0x000000000ad86000 	/usr/lib/liblzma.5.dylib
0x000000000ad86000 	/System/Library/Frameworks/CoreServices.framework/Versions/A/Frameworks/FSEvents.framework/Versions/A/FSEvents
0x000000000ad86000 	/System/Library/Frameworks/CoreServices.framework/Versions/A/Frameworks/CarbonCore.framework/Versions/A/CarbonCore
0x000000000ad86000 	/System/Library/Frameworks/CoreServices.framework/Versions/A/Frameworks/Metadata.framework/Versions/A/Metadata
0x000000000ad86000 	/System/Library/Frameworks/CoreServices.framework/Versions/A/Frameworks/OSServices.framework/Versions/A/OSServices
0x000000000ad86000 	/System/Library/Frameworks/CoreServices.framework/Versions/A/Frameworks/SearchKit.framework/Versions/A/SearchKit
0x000000000ad86000 	/System/Library/Frameworks/CoreServices.framework/Versions/A/Frameworks/AE.framework/Versions/A/AE
0x000000000ad86000 	/System/Library/Frameworks/CoreServices.framework/Versions/A/Frameworks/LaunchServices.framework/Versions/A/LaunchServices
0x000000000ad86000 	/System/Library/Frameworks/CoreServices.framework/Versions/A/Frameworks/DictionaryServices.framework/Versions/A/DictionaryServices
0x000000000ad86000 	/System/Library/Frameworks/CoreServices.framework/Versions/A/Frameworks/SharedFileList.framework/Versions/A/SharedFileList
0x000000000ad86000 	/System/Library/Frameworks/NetFS.framework/Versions/A/NetFS
0x000000000ad86000 	/System/Library/PrivateFrameworks/NetAuth.framework/Versions/A/NetAuth
0x000000000ad86000 	/System/Library/PrivateFrameworks/login.framework/Versions/A/Frameworks/loginsupport.framework/Versions/A/loginsupport
0x000000000ad86000 	/System/Library/PrivateFrameworks/TCC.framework/Versions/A/TCC
0x000000000ad86000 	/usr/lib/libmecabra.dylib
0x000000000ad86000 	/System/Library/Frameworks/ApplicationServices.framework/Versions/A/Frameworks/ATS.framework/Versions/A/ATS
0x000000000ad86000 	/System/Library/Frameworks/ApplicationServices.framework/Versions/A/Frameworks/ColorSync.framework/Versions/A/ColorSync
0x000000000ad86000 	/System/Library/Frameworks/ApplicationServices.framework/Versions/A/Frameworks/HIServices.framework/Versions/A/HIServices
0x000000000ad86000 	/System/Library/Frameworks/ApplicationServices.framework/Versions/A/Frameworks/LangAnalysis.framework/Versions/A/LangAnalysis
0x000000000ad86000 	/System/Library/Frameworks/ApplicationServices.framework/Versions/A/Frameworks/PrintCore.framework/Versions/A/PrintCore
0x000000000ad86000 	/System/Library/Frameworks/ApplicationServices.framework/Versions/A/Frameworks/QD.framework/Versions/A/QD
0x000000000ad86000 	/System/Library/Frameworks/ApplicationServices.framework/Versions/A/Frameworks/SpeechSynthesis.framework/Versions/A/SpeechSynthesis
0x000000000ad86000 	/System/Library/Frameworks/Metal.framework/Versions/A/Metal
0x000000000ad86000 	/System/Library/Frameworks/Accelerate.framework/Versions/A/Frameworks/vImage.framework/Versions/A/vImage
0x000000000ad86000 	/System/Library/Frameworks/Accelerate.framework/Versions/A/Frameworks/vecLib.framework/Versions/A/vecLib
0x000000000ad86000 	/System/Library/Frameworks/Accelerate.framework/Versions/A/Frameworks/vecLib.framework/Versions/A/libvDSP.dylib
0x000000000ad86000 	/System/Library/Frameworks/Accelerate.framework/Versions/A/Frameworks/vecLib.framework/Versions/A/libvMisc.dylib
0x000000000ad86000 	/System/Library/Frameworks/Accelerate.framework/Versions/A/Frameworks/vecLib.framework/Versions/A/libLAPACK.dylib
0x000000000ad86000 	/System/Library/Frameworks/Accelerate.framework/Versions/A/Frameworks/vecLib.framework/Versions/A/libBLAS.dylib
0x000000000ad86000 	/System/Library/Frameworks/Accelerate.framework/Versions/A/Frameworks/vecLib.framework/Versions/A/libLinearAlgebra.dylib
0x000000000ad86000 	/System/Library/Frameworks/Accelerate.framework/Versions/A/Frameworks/vecLib.framework/Versions/A/libSparseBLAS.dylib
0x000000000ad86000 	/System/Library/PrivateFrameworks/GPUCompiler.framework/libmetal_timestamp.dylib
0x000000000ad86000 	/System/Library/Frameworks/OpenGL.framework/Versions/A/Libraries/libCoreFSCache.dylib
0x000000000ad86000 	/System/Library/PrivateFrameworks/IOAccelerator.framework/Versions/A/IOAccelerator
0x000000000ad86000 	/System/Library/Frameworks/ApplicationServices.framework/Versions/A/Frameworks/ATS.framework/Versions/A/Resources/libFontParser.dylib
0x000000000ad86000 	/System/Library/Frameworks/ApplicationServices.framework/Versions/A/Frameworks/ATS.framework/Versions/A/Resources/libFontRegistry.dylib
0x000000000ad86000 	/System/Library/PrivateFrameworks/AppleVPA.framework/Versions/A/AppleVPA
0x000000000ad86000 	/System/Library/PrivateFrameworks/AppleJPEG.framework/Versions/A/AppleJPEG
0x000000000ad86000 	/System/Library/Frameworks/ImageIO.framework/Versions/A/Resources/libJPEG.dylib
0x000000000ad86000 	/System/Library/Frameworks/ImageIO.framework/Versions/A/Resources/libTIFF.dylib
0x000000000ad86000 	/System/Library/Frameworks/ImageIO.framework/Versions/A/Resources/libPng.dylib
0x000000000ad86000 	/System/Library/Frameworks/ImageIO.framework/Versions/A/Resources/libGIF.dylib
0x000000000ad86000 	/System/Library/Frameworks/ImageIO.framework/Versions/A/Resources/libJP2.dylib
0x000000000ad86000 	/System/Library/Frameworks/ImageIO.framework/Versions/A/Resources/libRadiance.dylib
0x000000000ad86000 	/System/Library/Frameworks/CoreVideo.framework/Versions/A/CoreVideo
0x000000000ad86000 	/System/Library/Frameworks/OpenGL.framework/Versions/A/Libraries/libGLU.dylib
0x000000000ad86000 	/System/Library/Frameworks/OpenGL.framework/Versions/A/Libraries/libGFXShared.dylib
0x000000000ad86000 	/System/Library/Frameworks/OpenGL.framework/Versions/A/Libraries/libGL.dylib
0x000000000ad86000 	/System/Library/Frameworks/OpenGL.framework/Versions/A/Libraries/libGLImage.dylib
0x000000000ad86000 	/System/Library/Frameworks/OpenGL.framework/Versions/A/Libraries/libCVMSPluginSupport.dylib
0x000000000ad86000 	/System/Library/Frameworks/OpenGL.framework/Versions/A/Libraries/libCoreVMClient.dylib
0x000000000ad86000 	/usr/lib/libcompression.dylib
0x000000000ad86000 	/usr/lib/libcups.2.dylib
0x000000000ad86000 	/System/Library/Frameworks/Kerberos.framework/Versions/A/Kerberos
0x000000000ad86000 	/System/Library/Frameworks/GSS.framework/Versions/A/GSS
0x000000000ad86000 	/usr/lib/libresolv.9.dylib
0x000000000ad86000 	/usr/lib/libiconv.2.dylib
0x000000000ad86000 	/System/Library/PrivateFrameworks/Heimdal.framework/Versions/A/Heimdal
0x000000000ad86000 	/usr/lib/libheimdal-asn1.dylib
0x000000000ad86000 	/System/Library/Frameworks/OpenDirectory.framework/Versions/A/OpenDirectory
0x000000000ad86000 	/System/Library/PrivateFrameworks/CommonAuth.framework/Versions/A/CommonAuth
0x000000000ad86000 	/System/Library/Frameworks/OpenDirectory.framework/Versions/A/Frameworks/CFOpenDirectory.framework/Versions/A/CFOpenDirectory
0x000000000ad86000 	/System/Library/Frameworks/SecurityFoundation.framework/Versions/A/SecurityFoundation
0x000000000ad86000 	/System/Library/PrivateFrameworks/LanguageModeling.framework/Versions/A/LanguageModeling
0x000000000ad86000 	/usr/lib/libmarisa.dylib
0x000000000ad86000 	/usr/lib/libChineseTokenizer.dylib
0x000000000ad86000 	/usr/lib/libcmph.dylib
0x000000000ad86000 	/System/Library/Frameworks/ServiceManagement.framework/Versions/A/ServiceManagement
0x000000000ad86000 	/usr/lib/libxslt.1.dylib
0x000000000ad86000 	/System/Library/Frameworks/Carbon.framework/Versions/A/Frameworks/Ink.framework/Versions/A/Ink
0x000000000ad86000 	/usr/lib/libFosl_dynamic.dylib
0x000000000ad86000 	/System/Library/PrivateFrameworks/FaceCore.framework/Versions/A/FaceCore
0x000000000ad86000 	/System/Library/Frameworks/OpenCL.framework/Versions/A/OpenCL
0x000000000ad86000 	/System/Library/PrivateFrameworks/CrashReporterSupport.framework/Versions/A/CrashReporterSupport
0x000000000ad86000 	/System/Library/PrivateFrameworks/IconServices.framework/Versions/A/IconServices
0x000000000ad86000 	/System/Library/PrivateFrameworks/Apple80211.framework/Versions/A/Apple80211
0x000000000ad86000 	/System/Library/Frameworks/CoreWLAN.framework/Versions/A/CoreWLAN
0x000000000ad86000 	/System/Library/Frameworks/IOBluetooth.framework/Versions/A/IOBluetooth
0x000000000ad86000 	/System/Library/PrivateFrameworks/CoreWiFi.framework/Versions/A/CoreWiFi
0x000000000ad86000 	/System/Library/Frameworks/CoreBluetooth.framework/Versions/A/CoreBluetooth
0x000000000ad86000 	/System/Library/PrivateFrameworks/ChunkingLibrary.framework/Versions/A/ChunkingLibrary
0x000000000ad86000 	/System/Library/PrivateFrameworks/DebugSymbols.framework/Versions/A/DebugSymbols
0x000000000ad86000 	/System/Library/PrivateFrameworks/CoreSymbolication.framework/Versions/A/CoreSymbolication
0x000000000ad86000 	/System/Library/PrivateFrameworks/Symbolication.framework/Versions/A/Symbolication
0x000000000ad86000 	/System/Library/PrivateFrameworks/SpeechRecognitionCore.framework/Versions/A/SpeechRecognitionCore
0x000000010f800000 	/Library/Java/JavaVirtualMachines/jdk1.8.0_111.jdk/Contents/Home/jre/lib/server/libjvm.dylib
0x000000000ad86000 	/usr/lib/libstdc++.6.dylib
0x000000010ee9d000 	/Library/Java/JavaVirtualMachines/jdk1.8.0_111.jdk/Contents/Home/jre/lib/libverify.dylib
0x000000010eeab000 	/Library/Java/JavaVirtualMachines/jdk1.8.0_111.jdk/Contents/Home/jre/lib/libjava.dylib
0x000000010eeea000 	/Library/Java/JavaVirtualMachines/jdk1.8.0_111.jdk/Contents/Home/jre/lib/libzip.dylib
0x0000000126008000 	/System/Library/Frameworks/JavaVM.framework/Frameworks/JavaRuntimeSupport.framework/JavaRuntimeSupport
0x0000000126023000 	/System/Library/Frameworks/JavaVM.framework/Versions/A/Frameworks/JavaNativeFoundation.framework/Versions/A/JavaNativeFoundation
0x000000010eff0000 	/System/Library/Frameworks/JavaVM.framework/Versions/A/JavaVM
0x000000000ad86000 	/System/Library/Frameworks/Carbon.framework/Versions/A/Carbon
0x0000000126038000 	/System/Library/PrivateFrameworks/JavaLaunching.framework/Versions/A/JavaLaunching
0x000000000ad86000 	/System/Library/Frameworks/Carbon.framework/Versions/A/Frameworks/CommonPanels.framework/Versions/A/CommonPanels
0x000000000ad86000 	/System/Library/Frameworks/Carbon.framework/Versions/A/Frameworks/Help.framework/Versions/A/Help
0x000000000ad86000 	/System/Library/Frameworks/Carbon.framework/Versions/A/Frameworks/ImageCapture.framework/Versions/A/ImageCapture
0x000000000ad86000 	/System/Library/Frameworks/Carbon.framework/Versions/A/Frameworks/OpenScripting.framework/Versions/A/OpenScripting
0x000000000ad86000 	/System/Library/Frameworks/Carbon.framework/Versions/A/Frameworks/Print.framework/Versions/A/Print
0x000000000ad86000 	/System/Library/Frameworks/Carbon.framework/Versions/A/Frameworks/SecurityHI.framework/Versions/A/SecurityHI
0x0000000127994000 	/Library/Java/JavaVirtualMachines/jdk1.8.0_111.jdk/Contents/Home/jre/lib/libawt.dylib
0x0000000127a3c000 	/Library/Java/JavaVirtualMachines/jdk1.8.0_111.jdk/Contents/Home/jre/lib/./libmlib_image.dylib
0x0000000127b08000 	/Library/Java/JavaVirtualMachines/jdk1.8.0_111.jdk/Contents/Home/jre/lib/libawt_lwawt.dylib
0x0000000127bbd000 	/Library/Java/JavaVirtualMachines/jdk1.8.0_111.jdk/Contents/Home/jre/lib/./libosxapp.dylib
0x000000000ad86000 	/System/Library/Frameworks/ExceptionHandling.framework/Versions/A/ExceptionHandling
0x000000000ad86000 	/System/Library/PrivateFrameworks/CoreServicesInternal.framework/Versions/A/CoreServicesInternal
0x000000000ad86000 	/System/Library/Frameworks/CoreGraphics.framework/Versions/A/Resources/libRIP.A.dylib
0x000000000ad86000 	/System/Library/Frameworks/Accelerate.framework/Versions/A/Frameworks/vImage.framework/Versions/A/Libraries/libCGInterfaces.dylib
0x000000000ad86000 	/System/Library/Frameworks/CoreGraphics.framework/Versions/A/Resources/libCGXType.A.dylib
0x000000000ad86000 	/System/Library/Frameworks/OpenCL.framework/Versions/A/Libraries/libcldcpuengine.dylib
0x000000000ad86000 	/System/Library/PrivateFrameworks/DiskImages.framework/Versions/A/DiskImages
0x000000000ad86000 	/System/Library/Frameworks/DiscRecording.framework/Versions/A/DiscRecording
0x000000000ad86000 	/usr/lib/libcsfde.dylib
0x000000000ad86000 	/usr/lib/libcurl.4.dylib
0x000000000ad86000 	/System/Library/PrivateFrameworks/MediaKit.framework/Versions/A/MediaKit
0x000000000ad86000 	/System/Library/PrivateFrameworks/ProtectedCloudStorage.framework/Versions/A/ProtectedCloudStorage
0x000000000ad86000 	/usr/lib/libCoreStorage.dylib
0x000000000ad86000 	/System/Library/PrivateFrameworks/EFILogin.framework/Versions/A/EFILogin
0x000000000ad86000 	/usr/lib/libutil.dylib
0x000000000ad86000 	/System/Library/PrivateFrameworks/FindMyDevice.framework/Versions/A/FindMyDevice
0x000000000ad86000 	/System/Library/Frameworks/LDAP.framework/Versions/A/LDAP
0x000000000ad86000 	/usr/lib/libsasl2.2.dylib
0x000000000ad86000 	/System/Library/PrivateFrameworks/CoreDaemon.framework/Versions/B/CoreDaemon
0x000000000ad86000 	/usr/lib/libcrypto.0.9.8.dylib
0x000000000ad86000 	/System/Library/PrivateFrameworks/AppleSRP.framework/Versions/A/AppleSRP
0x000000000ad86000 	/System/Library/PrivateFrameworks/TrustEvaluationAgent.framework/Versions/A/TrustEvaluationAgent
0x000000012980e000 	cl_kernels
0x000000000ad86000 	/System/Library/Frameworks/OpenCL.framework/Versions/A/Libraries/ImageFormats/unorm8_bgra.dylib
0x000000000ad86000 	/System/Library/Frameworks/OpenCL.framework/Versions/A/Libraries/ImageFormats/unorm8_rgba.dylib
0x000000000ad86000 	/System/Library/PrivateFrameworks/FamilyControls.framework/Versions/A/FamilyControls
0x000000000ad86000 	/System/Library/PrivateFrameworks/CommerceKit.framework/Versions/A/Frameworks/CommerceCore.framework/Versions/A/CommerceCore
0x000000000ad86000 	/System/Library/PrivateFrameworks/SystemAdministration.framework/Versions/A/SystemAdministration
0x000000000ad86000 	/System/Library/PrivateFrameworks/AppContainer.framework/Versions/A/AppContainer
0x000000000ad86000 	/System/Library/PrivateFrameworks/SecCodeWrapper.framework/Versions/A/SecCodeWrapper
0x000000000ad86000 	/System/Library/Frameworks/DirectoryService.framework/Versions/A/DirectoryService
0x000000000ad86000 	/System/Library/PrivateFrameworks/LoginUIKit.framework/Versions/A/Frameworks/LoginUICore.framework/Versions/A/LoginUICore
0x000000000ad86000 	/usr/lib/libodfde.dylib
0x000000000ad86000 	/System/Library/Frameworks/OpenGL.framework/Versions/A/Resources/GLEngine.bundle/GLEngine
0x000000000ad86000 	/System/Library/Frameworks/OpenGL.framework/Versions/A/Libraries/libGLProgrammability.dylib
0x000000012a90c000 	/System/Library/Extensions/AppleIntelBDWGraphicsGLDriver.bundle/Contents/MacOS/AppleIntelBDWGraphicsGLDriver
0x000000000ad86000 	/System/Library/PrivateFrameworks/GPUSupport.framework/Versions/A/Libraries/libGPUSupportMercury.dylib
0x000000000ad86000 	/System/Library/Frameworks/OpenGL.framework/Versions/A/Resources/GLRendererFloat.bundle/GLRendererFloat
0x000000012b88e000 	/Library/Java/JavaVirtualMachines/jdk1.8.0_111.jdk/Contents/Home/jre/lib/libfontmanager.dylib
0x000000012cd56000 	/Library/Java/JavaVirtualMachines/jdk1.8.0_111.jdk/Contents/Home/jre/lib/libosxui.dylib
0x000000012d86f000 	/Library/Java/JavaVirtualMachines/jdk1.8.0_111.jdk/Contents/Home/jre/lib/libnet.dylib
0x000000012d802000 	/Library/Java/JavaVirtualMachines/jdk1.8.0_111.jdk/Contents/Home/jre/lib/libnio.dylib
0x000000000ad86000 	/System/Library/Frameworks/ApplicationServices.framework/Versions/A/Frameworks/ATS.framework/Versions/A/Resources/libTrueTypeScaler.dylib
0x000000017ebb4000 	/System/Library/Extensions/AppleIntelBDWGraphicsMTLDriver.bundle/Contents/MacOS/AppleIntelBDWGraphicsMTLDriver
0x000000012cadd000 	/private/var/folders/52/pd9n1grn4_55dn11fg2xx6m40000gn/T/jogamp_0000/file_cache/jln7886057684458397749/jln1532047282050996736/libgluegen-rt.jnilib
0x000000012d893000 	/private/var/folders/52/pd9n1grn4_55dn11fg2xx6m40000gn/T/jogamp_0000/file_cache/jln7886057684458397749/jln1532047282050996736/libnativewindow_awt.jnilib
0x000000017eb6b000 	/Library/Java/JavaVirtualMachines/jdk1.8.0_111.jdk/Contents/Home/jre/lib/libjawt.dylib
0x000000017eb6e000 	/private/var/folders/52/pd9n1grn4_55dn11fg2xx6m40000gn/T/jogamp_0000/file_cache/jln7886057684458397749/jln1532047282050996736/libnativewindow_macosx.jnilib
0x0000000184773000 	/private/var/folders/52/pd9n1grn4_55dn11fg2xx6m40000gn/T/jogamp_0000/file_cache/jln7886057684458397749/jln1532047282050996736/libjogl_desktop.jnilib
0x0000000129463000 	/Library/Java/JavaVirtualMachines/jdk1.8.0_111.jdk/Contents/Home/jre/lib/libsunec.dylib
0x0000000185277000 	/Library/Java/JavaVirtualMachines/jdk1.8.0_111.jdk/Contents/Home/jre/lib/libt2k.dylib
0x00000001860cf000 	/Library/Java/JavaVirtualMachines/jdk1.8.0_111.jdk/Contents/Home/jre/lib/libjpeg.dylib

VM Arguments:
jvm_args: -Djava.security.policy=java.policy.applet -Dfile.encoding=UTF-8 
java_command: sun.applet.AppletViewer module4.EarthquakeCityMap1495387011359.html
java_class_path (initial): /Users/dhruvsawhney/Documents/workspace/UCSDUnfoldingMaps/build:/Users/dhruvsawhney/Documents/workspace/UCSDUnfoldingMaps/lib/core.jar:/Users/dhruvsawhney/Documents/workspace/UCSDUnfoldingMaps/lib/gluegen-rt.jar:/Users/dhruvsawhney/Documents/workspace/UCSDUnfoldingMaps/lib/jogl-all.jar:/Users/dhruvsawhney/Documents/workspace/UCSDUnfoldingMaps/lib/log4j-1.2.15.jar:/Users/dhruvsawhney/Documents/workspace/UCSDUnfoldingMaps/lib/sqlite-jdbc-3.7.2.jar:/Users/dhruvsawhney/Documents/workspace/UCSDUnfoldingMaps/lib/json4processing.jar:/Users/dhruvsawhney/Documents/workspace/UCSDUnfoldingMaps/lib/libTUIO.jar:/Users/dhruvsawhney/Documents/workspace/UCSDUnfoldingMaps/lib/unfolding.0.9.7-uscd.jar
Launcher Type: SUN_STANDARD

Environment Variables:
PATH=/usr/bin:/bin:/usr/sbin:/sbin
SHELL=/bin/bash
DISPLAY=/private/tmp/com.apple.launchd.TplqWvYJlD/org.macosforge.xquartz:0

Signal Handlers:
SIGSEGV: [libjvm.dylib+0x5b03ed], sa_mask[0]=11111111011111110111111111111111, sa_flags=SA_ONSTACK|SA_RESTART|SA_SIGINFO
SIGBUS: [libjvm.dylib+0x5b03ed], sa_mask[0]=11111111011111110111111111111111, sa_flags=SA_RESTART|SA_SIGINFO
SIGFPE: [libjvm.dylib+0x48711c], sa_mask[0]=11111111011111110111111111111111, sa_flags=SA_RESTART|SA_SIGINFO
SIGPIPE: [libjvm.dylib+0x48711c], sa_mask[0]=11111111011111110111111111111111, sa_flags=SA_RESTART|SA_SIGINFO
SIGXFSZ: [libjvm.dylib+0x48711c], sa_mask[0]=11111111011111110111111111111111, sa_flags=SA_RESTART|SA_SIGINFO
SIGILL: [libjvm.dylib+0x48711c], sa_mask[0]=11111111011111110111111111111111, sa_flags=SA_RESTART|SA_SIGINFO
SIGUSR1: SIG_DFL, sa_mask[0]=00000000000000000000000000000000, sa_flags=none
SIGUSR2: [libjvm.dylib+0x486c3a], sa_mask[0]=00100000000000000000000000000000, sa_flags=SA_RESTART|SA_SIGINFO
SIGHUP: [libjvm.dylib+0x485211], sa_mask[0]=11111111011111110111111111111111, sa_flags=SA_RESTART|SA_SIGINFO
SIGINT: [libjvm.dylib+0x485211], sa_mask[0]=11111111011111110111111111111111, sa_flags=SA_RESTART|SA_SIGINFO
SIGTERM: [libjvm.dylib+0x485211], sa_mask[0]=11111111011111110111111111111111, sa_flags=SA_RESTART|SA_SIGINFO
SIGQUIT: [libjvm.dylib+0x485211], sa_mask[0]=11111111011111110111111111111111, sa_flags=SA_RESTART|SA_SIGINFO


---------------  S Y S T E M  ---------------

OS:Bsduname:Darwin 15.6.0 Darwin Kernel Version 15.6.0: Thu Sep  1 15:01:16 PDT 2016; root:xnu-3248.60.11~2/RELEASE_X86_64 x86_64
rlimit: STACK 8192k, CORE 0k, NPROC 709, NOFILE 10240, AS infinity
load average:4.05 3.42 3.22

CPU:total 4 (2 cores per cpu, 2 threads per core) family 6 model 61 stepping 4, cmov, cx8, fxsr, mmx, sse, sse2, sse3, ssse3, sse4.1, sse4.2, popcnt, avx, avx2, aes, clmul, erms, 3dnowpref, lzcnt, ht, tsc, tscinvbit, bmi1, bmi2, adx

Memory: 4k page, physical 8388608k(49784k free)

/proc/meminfo:


vm_info: Java HotSpot(TM) 64-Bit Server VM (25.111-b14) for bsd-amd64 JRE (1.8.0_111-b14), built on Sep 22 2016 15:31:41 by "java_re" with gcc 4.2.1 (Based on Apple Inc. build 5658) (LLVM build 2336.11.00)

time: Sun May 21 10:21:41 2017
elapsed time: 290 seconds (0d 0h 4m 50s)

