#
# A fatal error has been detected by the Java Runtime Environment:
#
#  SIGSEGV (0xb) at pc=0x00007fff9a8684dd, pid=4036, tid=0x0000000000000a0b
#
# JRE version: Java(TM) SE Runtime Environment (8.0_111-b14) (build 1.8.0_111-b14)
# Java VM: Java HotSpot(TM) 64-Bit Server VM (25.111-b14 mixed mode bsd-amd64 compressed oops)
# Problematic frame:
# C  [libobjc.A.dylib+0x14dd]  objc_msgSend+0x1d
#
# Failed to write core dump. Core dumps have been disabled. To enable core dumping, try "ulimit -c unlimited" before starting Java again
#
# If you would like to submit a bug report, please visit:
#   http://bugreport.java.com/bugreport/crash.jsp
# The crash happened outside the Java Virtual Machine in native code.
# See problematic frame for where to report the bug.
#

---------------  T H R E A D  ---------------

Current thread (0x00007ff05a93d000):  JavaThread "AWT-AppKit" daemon [_thread_in_native, id=2571, stack(0x00007fff5e897000,0x00007fff5f097000)]

siginfo: si_signo: 11 (SIGSEGV), si_code: 1 (SEGV_MAPERR), si_addr: 0x0000000000000018

Registers:
RAX=0x00007ff05dbb8be0, RBX=0x0000000170a55450, RCX=0x000000011aceb1e0, RDX=0x000000011acebc80
RSP=0x00007fff5f0923f8, RBP=0x00007fff5f0924b0, RSI=0x00007fff97912cbe, RDI=0x00007ff05dbb2e00
R8 =0x0000000000000000, R9 =0x00000000000008b0, R10=0x00007fff97912cbe, R11=0x0000000000000000
R12=0x0000000000000000, R13=0x0000000175e4b0a0, R14=0x0000000170a55440, R15=0x00007ff05a93d000
RIP=0x00007fff9a8684dd, EFLAGS=0x0000000000010246, ERR=0x0000000000000004
  TRAPNO=0x000000000000000e

Top of Stack: (sp=0x00007fff5f0923f8)
0x00007fff5f0923f8:   0000000170a53157 00007fff5f092450
0x00007fff5f092408:   0000000000000003 00007fff5f092430
0x00007fff5f092418:   0000000100fd77be 0000000175e4b0a0
0x00007fff5f092428:   0000000175e4b0a0 00007ff05dbb8be0
0x00007fff5f092438:   0000000170a556a0 0000000170a55710
0x00007fff5f092448:   00007fff7872d770 00007fff75580500
0x00007fff5f092458:   0000000170a55450 0000000170a55690
0x00007fff5f092468:   00007ff05dbb8be0 00007ff05dbb2e00
0x00007fff5f092478:   00007ff05943c500 00007ff05dbb8be0
0x00007fff5f092488:   00007ff05dbb2e00 00007fff5f092530
0x00007fff5f092498:   00007ff05a93d1f8 0000000175e4b0a0
0x00007fff5f0924a8:   00007fff5f092558 00007fff5f092520
0x00007fff5f0924b8:   00000001026179f4 00007fff5f092520
0x00007fff5f0924c8:   0000000102617779 00000001026239a3
0x00007fff5f0924d8:   0000000102617742 00007fff5f0924e0
0x00007fff5f0924e8:   0000000175e4b0a0 00007fff5f092558
0x00007fff5f0924f8:   0000000170a4bde8 0000000000000000
0x00007fff5f092508:   0000000175e4b0a0 0000000000000000
0x00007fff5f092518:   00007fff5f092540 00007fff5f0925a0
0x00007fff5f092528:   00000001026082bd 0000000741540310
0x00007fff5f092538:   0000000102611538 00007ff05dbb8be0
0x00007fff5f092548:   0000000102612e39 00007ff05dbb2e00
0x00007fff5f092558:   0000000102612e02 00007fff5f092560
0x00007fff5f092568:   0000000175e4b26a 00007fff5f0925c8
0x00007fff5f092578:   0000000170a4bde8 0000000000000000
0x00007fff5f092588:   0000000175e4b278 00007fff5f092540
0x00007fff5f092598:   00007fff5f0925b0 00007fff5f092610
0x00007fff5f0925a8:   00000001026082bd 00007ff05dbb8be0
0x00007fff5f0925b8:   00000007406472d8 00007ff05dbb2e00
0x00007fff5f0925c8:   00000007406472d8 00007fff5f0925d0
0x00007fff5f0925d8:   000000017d1e1456 00007fff5f092620
0x00007fff5f0925e8:   000000017d1e1510 0000000000000000 

Instructions: (pc=0x00007fff9a8684dd)
0x00007fff9a8684bd:   44 00 00 48 85 ff 2e 74 62 40 f6 c7 01 2e 75 66
0x00007fff9a8684cd:   49 bb f8 ff ff ff ff 7f 00 00 4c 23 1f 49 89 f2
0x00007fff9a8684dd:   45 23 53 18 49 c1 e2 04 4d 03 53 10 49 3b 32 75
0x00007fff9a8684ed:   04 41 ff 62 08 49 83 3a 01 76 0d 49 83 c2 10 49 

Register to memory mapping:

RAX=0x00007ff05dbb8be0 is an unknown value
RBX=0x0000000170a55450: Java_jogamp_nativewindow_macosx_OSXUtil_GetScreenRefreshRate0+0x1cf0 in /private/var/folders/52/pd9n1grn4_55dn11fg2xx6m40000gn/T/jogamp_0000/file_cache/jln3315313277908331185/jln4096369556887596588/libnativewindow_macosx.jnilib at 0x0000000170a4e000
RCX=0x000000011aceb1e0 is an unknown value
RDX=0x000000011acebc80 is an unknown value
RSP=0x00007fff5f0923f8 is pointing into the stack for thread: 0x00007ff05a93d000
RBP=0x00007fff5f0924b0 is pointing into the stack for thread: 0x00007ff05a93d000
RSI=0x00007fff97912cbe is an unknown value
RDI=0x00007ff05dbb2e00 is an unknown value
R8 =0x0000000000000000 is an unknown value
R9 =0x00000000000008b0 is an unknown value
R10=0x00007fff97912cbe is an unknown value
R11=0x0000000000000000 is an unknown value
R12=0x0000000000000000 is an unknown value
R13={method} {0x0000000175e4b0a0} 'UnsetJAWTRootSurfaceLayer0' '(JJ)V' in 'jogamp/nativewindow/jawt/macosx/MacOSXJAWTWindow'
R14=0x0000000170a55440: Java_jogamp_nativewindow_macosx_OSXUtil_GetScreenRefreshRate0+0x1ce0 in /private/var/folders/52/pd9n1grn4_55dn11fg2xx6m40000gn/T/jogamp_0000/file_cache/jln3315313277908331185/jln4096369556887596588/libnativewindow_macosx.jnilib at 0x0000000170a4e000
R15=0x00007ff05a93d000 is a thread


Stack: [0x00007fff5e897000,0x00007fff5f097000],  sp=0x00007fff5f0923f8,  free space=8172k
Native frames: (J=compiled Java code, j=interpreted, Vv=VM code, C=native code)
C  [libobjc.A.dylib+0x14dd]  objc_msgSend+0x1d
j  jogamp.nativewindow.jawt.macosx.MacOSXJAWTWindow.UnsetJAWTRootSurfaceLayer0(JJ)V+0
j  jogamp.nativewindow.jawt.macosx.MacOSXJAWTWindow.access$200(JJ)V+2
j  jogamp.nativewindow.jawt.macosx.MacOSXJAWTWindow$1.run()V+38
j  com.jogamp.common.util.RunnableTask.run()V+24
v  ~StubRoutines::call_stub
V  [libjvm.dylib+0x2ecf8a]
V  [libjvm.dylib+0x324119]
V  [libjvm.dylib+0x3168e7]
C  [libnativewindow_macosx.jnilib+0x5326]  Java_jogamp_nativewindow_jawt_macosx_MacOSXJAWTWindow_UnsetJAWTRootSurfaceLayer0+0x2b6
C  [Foundation+0x76fde]  __NSThreadPerformPerform+0x117
C  [CoreFoundation+0xaa7e1]  __CFRUNLOOP_IS_CALLING_OUT_TO_A_SOURCE0_PERFORM_FUNCTION__+0x11
C  [CoreFoundation+0x89e97]  __CFRunLoopDoSources0+0x1a7
C  [CoreFoundation+0x8943f]  __CFRunLoopRun+0x39f
C  [CoreFoundation+0x88e38]  CFRunLoopRunSpecific+0x128
C  [HIToolbox+0x30935]  RunCurrentEventLoopInMode+0xeb
C  [HIToolbox+0x30677]  ReceiveNextEventCommon+0xb8
C  [HIToolbox+0x305af]  _BlockUntilNextEventMatchingListInModeWithFilter+0x47
C  [AppKit+0x48df6]  _DPSNextEvent+0x42b
C  [AppKit+0x48226]  -[NSApplication _nextEventMatchingEventMask:untilDate:inMode:dequeue:]+0x1c6
C  [libosxapp.dylib+0x23aa]  -[NSApplicationAWT nextEventMatchingMask:untilDate:inMode:dequeue:]+0x7c
C  [AppKit+0x3cd80]  -[NSApplication run]+0x2aa
C  [libosxapp.dylib+0x214d]  +[NSApplicationAWT runAWTLoopWithApp:]+0x9c
C  [libawt_lwawt.dylib+0x444b3]  -[AWTStarter starter:]+0x389
C  [Foundation+0x76fde]  __NSThreadPerformPerform+0x117
C  [CoreFoundation+0xaa7e1]  __CFRUNLOOP_IS_CALLING_OUT_TO_A_SOURCE0_PERFORM_FUNCTION__+0x11
C  [CoreFoundation+0x89f1c]  __CFRunLoopDoSources0+0x22c
C  [CoreFoundation+0x8943f]  __CFRunLoopRun+0x39f
C  [CoreFoundation+0x88e38]  CFRunLoopRunSpecific+0x128
C  [java+0x6465]  CreateExecutionEnvironment+0x367
C  [java+0x218c]  JLI_Launch+0x7a0
C  [java+0x84c2]  main+0x65
C  [java+0x19e4]  start+0x34
C  0x0000000000000007

Java frames: (J=compiled Java code, j=interpreted, Vv=VM code)
j  jogamp.nativewindow.jawt.macosx.MacOSXJAWTWindow.UnsetJAWTRootSurfaceLayer0(JJ)V+0
j  jogamp.nativewindow.jawt.macosx.MacOSXJAWTWindow.access$200(JJ)V+2
j  jogamp.nativewindow.jawt.macosx.MacOSXJAWTWindow$1.run()V+38
j  com.jogamp.common.util.RunnableTask.run()V+24
v  ~StubRoutines::call_stub

---------------  P R O C E S S  ---------------

Java Threads: ( => current thread )
  0x00007ff05f3a3000 JavaThread "Thread-19" [_thread_blocked, id=65603, stack(0x00007000019ee000,0x0000700001aee000)]
  0x00007ff05ea05000 JavaThread "Keep-Alive-Timer" daemon [_thread_blocked, id=65039, stack(0x0000700001dfa000,0x0000700001efa000)]
  0x00007ff05ab4e000 JavaThread "AWT-EventQueue-1" [_thread_in_native, id=58907, stack(0x0000700001868000,0x0000700001968000)]
  0x00007ff05a868800 JavaThread "DestroyJavaVM" [_thread_blocked, id=5891, stack(0x000070000011a000,0x000070000021a000)]
  0x00007ff05a9ae800 JavaThread "AWT-EventQueue-0" [_thread_blocked, id=54023, stack(0x0000700001662000,0x0000700001762000)]
  0x00007ff05a0f4000 JavaThread "Java2D Disposer" daemon [_thread_blocked, id=51471, stack(0x00007000013d9000,0x00007000014d9000)]
  0x00007ff05a97b000 JavaThread "Java2D Queue Flusher" daemon [_thread_blocked, id=50183, stack(0x00007000012d6000,0x00007000013d6000)]
  0x00007ff0598d7800 JavaThread "AWT-Shutdown" [_thread_blocked, id=29459, stack(0x0000700001150000,0x0000700001250000)]
=>0x00007ff05a93d000 JavaThread "AWT-AppKit" daemon [_thread_in_native, id=2571, stack(0x00007fff5e897000,0x00007fff5f097000)]
  0x00007ff05b034000 JavaThread "Service Thread" daemon [_thread_blocked, id=18691, stack(0x0000700000e44000,0x0000700000f44000)]
  0x00007ff05b019000 JavaThread "C1 CompilerThread2" daemon [_thread_blocked, id=18179, stack(0x0000700000d41000,0x0000700000e41000)]
  0x00007ff05b018000 JavaThread "C2 CompilerThread1" daemon [_thread_blocked, id=17667, stack(0x0000700000c3e000,0x0000700000d3e000)]
  0x00007ff05b016800 JavaThread "C2 CompilerThread0" daemon [_thread_blocked, id=17155, stack(0x0000700000b3b000,0x0000700000c3b000)]
  0x00007ff05a829800 JavaThread "Signal Dispatcher" daemon [_thread_blocked, id=12815, stack(0x0000700000a38000,0x0000700000b38000)]
  0x00007ff05b009800 JavaThread "Finalizer" daemon [_thread_blocked, id=12291, stack(0x000070000082f000,0x000070000092f000)]
  0x00007ff05b007000 JavaThread "Reference Handler" daemon [_thread_blocked, id=11779, stack(0x000070000072c000,0x000070000082c000)]

Other Threads:
  0x00007ff05b004000 VMThread [stack: 0x0000700000629000,0x0000700000729000] [id=11267]
  0x00007ff05b034800 WatcherThread [stack: 0x0000700000f47000,0x0000700001047000] [id=19203]

VM state:not at safepoint (normal execution)

VM Mutex/Monitor currently owned by a thread: None

Heap:
 PSYoungGen      total 147968K, used 18017K [0x0000000795580000, 0x00000007a4c80000, 0x00000007c0000000)
  eden space 112128K, 14% used [0x0000000795580000,0x00000007965b8748,0x000000079c300000)
  from space 35840K, 3% used [0x000000079c300000,0x000000079c460050,0x000000079e600000)
  to   space 35840K, 0% used [0x00000007a2980000,0x00000007a2980000,0x00000007a4c80000)
 ParOldGen       total 96256K, used 24159K [0x0000000740000000, 0x0000000745e00000, 0x0000000795580000)
  object space 96256K, 25% used [0x0000000740000000,0x0000000741797f50,0x0000000745e00000)
 Metaspace       used 20807K, capacity 20965K, committed 21120K, reserved 1069056K
  class space    used 2055K, capacity 2113K, committed 2176K, reserved 1048576K

Card table byte_map: [0x00000001119c0000,0x0000000111dc1000] byte_map_base: 0x000000010dfc0000

Marking Bits: (ParMarkBitMap*) 0x00000001016d4d20
 Begin Bits: [0x000000011206c000, 0x000000011406c000)
 End Bits:   [0x000000011406c000, 0x000000011606c000)

Polling page: 0x0000000101dcd000

CodeCache: size=245760Kb used=7362Kb max_used=8158Kb free=238397Kb
 bounds [0x0000000102600000, 0x0000000102e10000, 0x0000000111600000]
 total_blobs=3053 nmethods=2164 adapters=802
 compilation: enabled

Compilation events (10 events):
Event: 13.637 Thread 0x00007ff05b019000 nmethod 2556 0x0000000102c0cb90 code [0x0000000102c0cd00, 0x0000000102c0cf10]
Event: 13.637 Thread 0x00007ff05b019000 2557       1       javax.media.opengl.awt.GLCanvas::access$1200 (5 bytes)
Event: 13.637 Thread 0x00007ff05b019000 nmethod 2557 0x00000001029d2710 code [0x00000001029d2860, 0x00000001029d2950]
Event: 13.639 Thread 0x00007ff05b019000 2559       3       java.util.LinkedHashMap::afterNodeRemoval (65 bytes)
Event: 13.640 Thread 0x00007ff05b019000 nmethod 2559 0x0000000102c0c550 code [0x0000000102c0c6c0, 0x0000000102c0ca70]
Event: 13.640 Thread 0x00007ff05b018000 2560  s    4       sun.misc.URLClassPath::getNextLoader (88 bytes)
Event: 13.640 Thread 0x00007ff05b019000 2561       3       sun.misc.JarIndex::get (49 bytes)
Event: 13.641 Thread 0x00007ff05b019000 nmethod 2561 0x0000000102c0a2d0 code [0x0000000102c0a4a0, 0x0000000102c0ad18]
Event: 13.641 Thread 0x00007ff05b016800 nmethod 2558 0x0000000102ae4bd0 code [0x0000000102ae4d40, 0x0000000102ae5518]
Event: 13.648 Thread 0x00007ff05b018000 nmethod 2560 0x0000000102ae3dd0 code [0x0000000102ae3f40, 0x0000000102ae46b8]

GC Heap History (10 events):
Event: 4.041 GC heap before
{Heap before GC invocations=4 (full 0):
 PSYoungGen      total 38400K, used 38251K [0x0000000795580000, 0x000000079a080000, 0x00000007c0000000)
  eden space 33280K, 99% used [0x0000000795580000,0x00000007975e2bb0,0x0000000797600000)
  from space 5120K, 99% used [0x0000000797600000,0x0000000797af8080,0x0000000797b00000)
  to   space 5120K, 0% used [0x0000000799b80000,0x0000000799b80000,0x000000079a080000)
 ParOldGen       total 87552K, used 37962K [0x0000000740000000, 0x0000000745580000, 0x0000000795580000)
  object space 87552K, 43% used [0x0000000740000000,0x0000000742512a50,0x0000000745580000)
 Metaspace       used 19600K, capacity 19803K, committed 19968K, reserved 1067008K
  class space    used 1978K, capacity 2048K, committed 2048K, reserved 1048576K
Event: 4.062 GC heap after
Heap after GC invocations=4 (full 0):
 PSYoungGen      total 71680K, used 5113K [0x0000000795580000, 0x000000079a080000, 0x00000007c0000000)
  eden space 66560K, 0% used [0x0000000795580000,0x0000000795580000,0x0000000799680000)
  from space 5120K, 99% used [0x0000000799b80000,0x000000079a07e6c8,0x000000079a080000)
  to   space 5120K, 0% used [0x0000000799680000,0x0000000799680000,0x0000000799b80000)
 ParOldGen       total 87552K, used 54510K [0x0000000740000000, 0x0000000745580000, 0x0000000795580000)
  object space 87552K, 62% used [0x0000000740000000,0x000000074353bbc0,0x0000000745580000)
 Metaspace       used 19600K, capacity 19803K, committed 19968K, reserved 1067008K
  class space    used 1978K, capacity 2048K, committed 2048K, reserved 1048576K
}
Event: 5.965 GC heap before
{Heap before GC invocations=5 (full 0):
 PSYoungGen      total 71680K, used 71673K [0x0000000795580000, 0x000000079a080000, 0x00000007c0000000)
  eden space 66560K, 100% used [0x0000000795580000,0x0000000799680000,0x0000000799680000)
  from space 5120K, 99% used [0x0000000799b80000,0x000000079a07e6c8,0x000000079a080000)
  to   space 5120K, 0% used [0x0000000799680000,0x0000000799680000,0x0000000799b80000)
 ParOldGen       total 87552K, used 54510K [0x0000000740000000, 0x0000000745580000, 0x0000000795580000)
  object space 87552K, 62% used [0x0000000740000000,0x000000074353bbc0,0x0000000745580000)
 Metaspace       used 20594K, capacity 20773K, committed 21120K, reserved 1069056K
  class space    used 2047K, capacity 2113K, committed 2176K, reserved 1048576K
Event: 5.979 GC heap after
Heap after GC invocations=5 (full 0):
 PSYoungGen      total 71680K, used 5110K [0x0000000795580000, 0x00000007a1b80000, 0x00000007c0000000)
  eden space 66560K, 0% used [0x0000000795580000,0x0000000795580000,0x0000000799680000)
  from space 5120K, 99% used [0x0000000799680000,0x0000000799b7dbb0,0x0000000799b80000)
  to   space 34816K, 0% used [0x000000079f980000,0x000000079f980000,0x00000007a1b80000)
 ParOldGen       total 87552K, used 62171K [0x0000000740000000, 0x0000000745580000, 0x0000000795580000)
  object space 87552K, 71% used [0x0000000740000000,0x0000000743cb6fd8,0x0000000745580000)
 Metaspace       used 20594K, capacity 20773K, committed 21120K, reserved 1069056K
  class space    used 2047K, capacity 2113K, committed 2176K, reserved 1048576K
}
Event: 5.979 GC heap before
{Heap before GC invocations=6 (full 1):
 PSYoungGen      total 71680K, used 5110K [0x0000000795580000, 0x00000007a1b80000, 0x00000007c0000000)
  eden space 66560K, 0% used [0x0000000795580000,0x0000000795580000,0x0000000799680000)
  from space 5120K, 99% used [0x0000000799680000,0x0000000799b7dbb0,0x0000000799b80000)
  to   space 34816K, 0% used [0x000000079f980000,0x000000079f980000,0x00000007a1b80000)
 ParOldGen       total 87552K, used 62171K [0x0000000740000000, 0x0000000745580000, 0x0000000795580000)
  object space 87552K, 71% used [0x0000000740000000,0x0000000743cb6fd8,0x0000000745580000)
 Metaspace       used 20594K, capacity 20773K, committed 21120K, reserved 1069056K
  class space    used 2047K, capacity 2113K, committed 2176K, reserved 1048576K
Event: 6.035 GC heap after
Heap after GC invocations=6 (full 1):
 PSYoungGen      total 71680K, used 0K [0x0000000795580000, 0x00000007a1b80000, 0x00000007c0000000)
  eden space 66560K, 0% used [0x0000000795580000,0x0000000795580000,0x0000000799680000)
  from space 5120K, 0% used [0x0000000799680000,0x0000000799680000,0x0000000799b80000)
  to   space 34816K, 0% used [0x000000079f980000,0x000000079f980000,0x00000007a1b80000)
 ParOldGen       total 96256K, used 24143K [0x0000000740000000, 0x0000000745e00000, 0x0000000795580000)
  object space 96256K, 25% used [0x0000000740000000,0x0000000741793f50,0x0000000745e00000)
 Metaspace       used 20594K, capacity 20773K, committed 21120K, reserved 1069056K
  class space    used 2047K, capacity 2113K, committed 2176K, reserved 1048576K
}
Event: 8.445 GC heap before
{Heap before GC invocations=7 (full 1):
 PSYoungGen      total 71680K, used 66560K [0x0000000795580000, 0x00000007a1b80000, 0x00000007c0000000)
  eden space 66560K, 100% used [0x0000000795580000,0x0000000799680000,0x0000000799680000)
  from space 5120K, 0% used [0x0000000799680000,0x0000000799680000,0x0000000799b80000)
  to   space 34816K, 0% used [0x000000079f980000,0x000000079f980000,0x00000007a1b80000)
 ParOldGen       total 96256K, used 24143K [0x0000000740000000, 0x0000000745e00000, 0x0000000795580000)
  object space 96256K, 25% used [0x0000000740000000,0x0000000741793f50,0x0000000745e00000)
 Metaspace       used 20654K, capacity 20837K, committed 21120K, reserved 1069056K
  class space    used 2048K, capacity 2113K, committed 2176K, reserved 1048576K
Event: 8.447 GC heap after
Heap after GC invocations=7 (full 1):
 PSYoungGen      total 128000K, used 1440K [0x0000000795580000, 0x00000007a0900000, 0x00000007c0000000)
  eden space 112128K, 0% used [0x0000000795580000,0x0000000795580000,0x000000079c300000)
  from space 15872K, 9% used [0x000000079f980000,0x000000079fae8050,0x00000007a0900000)
  to   space 35840K, 0% used [0x000000079c300000,0x000000079c300000,0x000000079e600000)
 ParOldGen       total 96256K, used 24151K [0x0000000740000000, 0x0000000745e00000, 0x0000000795580000)
  object space 96256K, 25% used [0x0000000740000000,0x0000000741795f50,0x0000000745e00000)
 Metaspace       used 20654K, capacity 20837K, committed 21120K, reserved 1069056K
  class space    used 2048K, capacity 2113K, committed 2176K, reserved 1048576K
}
Event: 13.107 GC heap before
{Heap before GC invocations=8 (full 1):
 PSYoungGen      total 128000K, used 113568K [0x0000000795580000, 0x00000007a0900000, 0x00000007c0000000)
  eden space 112128K, 100% used [0x0000000795580000,0x000000079c300000,0x000000079c300000)
  from space 15872K, 9% used [0x000000079f980000,0x000000079fae8050,0x00000007a0900000)
  to   space 35840K, 0% used [0x000000079c300000,0x000000079c300000,0x000000079e600000)
 ParOldGen       total 96256K, used 24151K [0x0000000740000000, 0x0000000745e00000, 0x0000000795580000)
  object space 96256K, 25% used [0x0000000740000000,0x0000000741795f50,0x0000000745e00000)
 Metaspace       used 20749K, capacity 20965K, committed 21120K, reserved 1069056K
  class space    used 2048K, capacity 2113K, committed 2176K, reserved 1048576K
Event: 13.109 GC heap after
Heap after GC invocations=8 (full 1):
 PSYoungGen      total 147968K, used 1408K [0x0000000795580000, 0x00000007a4c80000, 0x00000007c0000000)
  eden space 112128K, 0% used [0x0000000795580000,0x0000000795580000,0x000000079c300000)
  from space 35840K, 3% used [0x000000079c300000,0x000000079c460050,0x000000079e600000)
  to   space 35840K, 0% used [0x00000007a2980000,0x00000007a2980000,0x00000007a4c80000)
 ParOldGen       total 96256K, used 24159K [0x0000000740000000, 0x0000000745e00000, 0x0000000795580000)
  object space 96256K, 25% used [0x0000000740000000,0x0000000741797f50,0x0000000745e00000)
 Metaspace       used 20749K, capacity 20965K, committed 21120K, reserved 1069056K
  class space    used 2048K, capacity 2113K, committed 2176K, reserved 1048576K
}

Deoptimization events (10 events):
Event: 4.934 Thread 0x00007ff059ce4800 Uncommon trap: reason=unstable_if action=reinterpret pc=0x0000000102b94cd4 method=java.lang.String.regionMatches(ZILjava/lang/String;II)Z @ 123
Event: 13.111 Thread 0x00007ff05ab4e000 Uncommon trap: reason=bimorphic action=maybe_recompile pc=0x0000000102b7fd94 method=de.fhpotsdam.unfolding.marker.AbstractMarker.isInside(Lde/fhpotsdam/unfolding/UnfoldingMap;FF)Z @ 20
Event: 13.111 Thread 0x00007ff05ab4e000 Uncommon trap: reason=bimorphic action=maybe_recompile pc=0x0000000102b7fd94 method=de.fhpotsdam.unfolding.marker.AbstractMarker.isInside(Lde/fhpotsdam/unfolding/UnfoldingMap;FF)Z @ 20
Event: 13.111 Thread 0x00007ff05ab4e000 Uncommon trap: reason=bimorphic action=maybe_recompile pc=0x0000000102b7fd94 method=de.fhpotsdam.unfolding.marker.AbstractMarker.isInside(Lde/fhpotsdam/unfolding/UnfoldingMap;FF)Z @ 20
Event: 13.111 Thread 0x00007ff05ab4e000 Uncommon trap: reason=bimorphic action=maybe_recompile pc=0x0000000102b7fd94 method=de.fhpotsdam.unfolding.marker.AbstractMarker.isInside(Lde/fhpotsdam/unfolding/UnfoldingMap;FF)Z @ 20
Event: 13.530 Thread 0x00007ff05ab4e000 Uncommon trap: reason=unstable_if action=reinterpret pc=0x0000000102722068 method=com.jogamp.common.util.VersionNumber.compareTo(Lcom/jogamp/common/util/VersionNumber;)I @ 21
Event: 13.533 Thread 0x00007ff05a9ae800 Uncommon trap: reason=unstable_if action=reinterpret pc=0x0000000102ba4a80 method=java.awt.font.FontRenderContext.equals(Ljava/awt/font/FontRenderContext;)Z @ 2
Event: 13.629 Thread 0x00007ff05a97f000 Uncommon trap: reason=unstable_if action=reinterpret pc=0x0000000102c68560 method=java.util.HashMap.putVal(ILjava/lang/Object;Ljava/lang/Object;ZZ)Ljava/lang/Object; @ 81
Event: 13.629 Thread 0x00007ff05a97f000 Uncommon trap: reason=unstable_if action=reinterpret pc=0x0000000102b50adc method=java.util.HashMap.putVal(ILjava/lang/Object;Ljava/lang/Object;ZZ)Ljava/lang/Object; @ 81
Event: 13.631 Thread 0x00007ff05a9ae800 Uncommon trap: reason=unstable_if action=reinterpret pc=0x0000000102bb09b8 method=java.awt.font.FontRenderContext.equals(Ljava/awt/font/FontRenderContext;)Z @ 2

Internal exceptions (10 events):
Event: 0.168 Thread 0x00007ff05a000800 Exception <a 'java/lang/NoSuchFieldError': method resolution failed> (0x00000007957d5308) thrown at [/Users/java_re/workspace/8-2-build-macosx-x86_64/jdk8u111/7883/hotspot/src/share/vm/prims/methodHandles.cpp, line 1146]
Event: 0.170 Thread 0x00007ff05a000800 Exception <a 'java/lang/NoSuchFieldError': method resolution failed> (0x00000007957e2ad8) thrown at [/Users/java_re/workspace/8-2-build-macosx-x86_64/jdk8u111/7883/hotspot/src/share/vm/prims/methodHandles.cpp, line 1146]
Event: 0.341 Thread 0x00007ff05a000800 Exception <a 'java/io/FileNotFoundException'> (0x000000079585e288) thrown at [/Users/java_re/workspace/8-2-build-macosx-x86_64/jdk8u111/7883/hotspot/src/share/vm/prims/jni.cpp, line 709]
Event: 0.341 Thread 0x00007ff05a000800 Exception <a 'java/io/FileNotFoundException'> (0x000000079585ee28) thrown at [/Users/java_re/workspace/8-2-build-macosx-x86_64/jdk8u111/7883/hotspot/src/share/vm/prims/jni.cpp, line 709]
Event: 0.441 Thread 0x00007ff05a000800 Exception <a 'java/io/FileNotFoundException'> (0x000000079599e2c0) thrown at [/Users/java_re/workspace/8-2-build-macosx-x86_64/jdk8u111/7883/hotspot/src/share/vm/prims/jni.cpp, line 709]
Event: 1.598 Thread 0x00007ff0598fd800 Exception <a 'java/lang/UnsatisfiedLinkError': com.jogamp.common.util.JarUtil.fixNativeLibAttribs(Ljava/lang/String;)Z> (0x0000000796c39880) thrown at [/Users/java_re/workspace/8-2-build-macosx-x86_64/jdk8u111/7883/hotspot/src/share/vm/prims/nativeLookup.
Event: 1.824 Thread 0x00007ff05b009800 Exception <a 'java/lang/NullPointerException'> (0x00000007956a2f98) thrown at [/Users/java_re/workspace/8-2-build-macosx-x86_64/jdk8u111/7883/hotspot/src/share/vm/interpreter/linkResolver.cpp, line 1178]
Event: 2.508 Thread 0x00007ff05ab4e000 Exception <a 'java/io/FileNotFoundException'> (0x0000000796135490) thrown at [/Users/java_re/workspace/8-2-build-macosx-x86_64/jdk8u111/7883/hotspot/src/share/vm/prims/jni.cpp, line 709]
Event: 2.509 Thread 0x00007ff05ab4e000 Exception <a 'java/io/FileNotFoundException'> (0x000000079613cc18) thrown at [/Users/java_re/workspace/8-2-build-macosx-x86_64/jdk8u111/7883/hotspot/src/share/vm/prims/jni.cpp, line 709]
Event: 2.509 Thread 0x00007ff05ab4e000 Implicit null exception at 0x00000001027aff76 to 0x00000001027b0345

Events (10 events):
Event: 13.640 loading class jogamp/nativewindow/jawt/macosx/MacOSXJAWTWindow$1 done
Event: 13.643 loading class java/awt/LightweightDispatcher$2
Event: 13.643 loading class java/awt/LightweightDispatcher$2 done
Event: 13.643 loading class java/awt/event/AWTEventListenerProxy
Event: 13.643 loading class java/awt/event/AWTEventListenerProxy done
Event: 13.643 loading class java/awt/Toolkit$ToolkitEventMulticaster
Event: 13.643 loading class java/awt/Toolkit$ToolkitEventMulticaster done
Event: 13.644 Thread 0x00007ff05a97f000 Thread exited: 0x00007ff05a97f000
Event: 13.644 loading class java/awt/Window$1DisposeAction
Event: 13.644 loading class java/awt/Window$1DisposeAction done


Dynamic libraries:
0x0000000004424000 	/System/Library/Frameworks/Cocoa.framework/Versions/A/Cocoa
0x0000000004424000 	/System/Library/Frameworks/Security.framework/Versions/A/Security
0x0000000004424000 	/System/Library/Frameworks/ApplicationServices.framework/Versions/A/ApplicationServices
0x0000000004424000 	/usr/lib/libz.1.dylib
0x0000000004424000 	/usr/lib/libSystem.B.dylib
0x0000000004424000 	/usr/lib/libobjc.A.dylib
0x0000000004424000 	/System/Library/Frameworks/CoreFoundation.framework/Versions/A/CoreFoundation
0x0000000004424000 	/System/Library/Frameworks/Foundation.framework/Versions/C/Foundation
0x0000000004424000 	/System/Library/Frameworks/AppKit.framework/Versions/C/AppKit
0x0000000004424000 	/System/Library/Frameworks/CoreData.framework/Versions/A/CoreData
0x0000000004424000 	/System/Library/PrivateFrameworks/RemoteViewServices.framework/Versions/A/RemoteViewServices
0x0000000004424000 	/System/Library/PrivateFrameworks/UIFoundation.framework/Versions/A/UIFoundation
0x0000000004424000 	/usr/lib/libScreenReader.dylib
0x0000000004424000 	/System/Library/Frameworks/Accelerate.framework/Versions/A/Accelerate
0x0000000004424000 	/System/Library/Frameworks/IOSurface.framework/Versions/A/IOSurface
0x0000000004424000 	/System/Library/Frameworks/AudioToolbox.framework/Versions/A/AudioToolbox
0x0000000004424000 	/System/Library/Frameworks/AudioUnit.framework/Versions/A/AudioUnit
0x0000000004424000 	/System/Library/PrivateFrameworks/DataDetectorsCore.framework/Versions/A/DataDetectorsCore
0x0000000004424000 	/System/Library/PrivateFrameworks/DesktopServicesPriv.framework/Versions/A/DesktopServicesPriv
0x0000000004424000 	/System/Library/Frameworks/Carbon.framework/Versions/A/Frameworks/HIToolbox.framework/Versions/A/HIToolbox
0x0000000004424000 	/System/Library/Frameworks/QuartzCore.framework/Versions/A/QuartzCore
0x0000000004424000 	/System/Library/Frameworks/Carbon.framework/Versions/A/Frameworks/SpeechRecognition.framework/Versions/A/SpeechRecognition
0x0000000004424000 	/usr/lib/libauto.dylib
0x0000000004424000 	/usr/lib/libicucore.A.dylib
0x0000000004424000 	/usr/lib/libxml2.2.dylib
0x0000000004424000 	/System/Library/PrivateFrameworks/CoreUI.framework/Versions/A/CoreUI
0x0000000004424000 	/System/Library/Frameworks/CoreAudio.framework/Versions/A/CoreAudio
0x0000000004424000 	/System/Library/Frameworks/DiskArbitration.framework/Versions/A/DiskArbitration
0x0000000004424000 	/usr/lib/liblangid.dylib
0x0000000004424000 	/System/Library/PrivateFrameworks/MultitouchSupport.framework/Versions/A/MultitouchSupport
0x0000000004424000 	/System/Library/Frameworks/IOKit.framework/Versions/A/IOKit
0x0000000004424000 	/usr/lib/libDiagnosticMessagesClient.dylib
0x0000000004424000 	/System/Library/Frameworks/CoreServices.framework/Versions/A/CoreServices
0x0000000004424000 	/System/Library/PrivateFrameworks/PerformanceAnalysis.framework/Versions/A/PerformanceAnalysis
0x0000000004424000 	/System/Library/PrivateFrameworks/GenerationalStorage.framework/Versions/A/GenerationalStorage
0x0000000004424000 	/System/Library/Frameworks/OpenGL.framework/Versions/A/OpenGL
0x0000000004424000 	/System/Library/PrivateFrameworks/Sharing.framework/Versions/A/Sharing
0x0000000004424000 	/System/Library/Frameworks/CoreGraphics.framework/Versions/A/CoreGraphics
0x0000000004424000 	/System/Library/Frameworks/CoreImage.framework/Versions/A/CoreImage
0x0000000004424000 	/System/Library/Frameworks/CoreText.framework/Versions/A/CoreText
0x0000000004424000 	/System/Library/Frameworks/ImageIO.framework/Versions/A/ImageIO
0x0000000004424000 	/System/Library/PrivateFrameworks/Backup.framework/Versions/A/Backup
0x0000000004424000 	/usr/lib/libextension.dylib
0x0000000004424000 	/usr/lib/libarchive.2.dylib
0x0000000004424000 	/System/Library/Frameworks/CFNetwork.framework/Versions/A/CFNetwork
0x0000000004424000 	/System/Library/Frameworks/SystemConfiguration.framework/Versions/A/SystemConfiguration
0x0000000004424000 	/usr/lib/libCRFSuite.dylib
0x0000000004424000 	/usr/lib/libc++.1.dylib
0x0000000004424000 	/usr/lib/libc++abi.dylib
0x0000000004424000 	/usr/lib/system/libcache.dylib
0x0000000004424000 	/usr/lib/system/libcommonCrypto.dylib
0x0000000004424000 	/usr/lib/system/libcompiler_rt.dylib
0x0000000004424000 	/usr/lib/system/libcopyfile.dylib
0x0000000004424000 	/usr/lib/system/libcorecrypto.dylib
0x0000000004424000 	/usr/lib/system/libdispatch.dylib
0x0000000004424000 	/usr/lib/system/libdyld.dylib
0x0000000004424000 	/usr/lib/system/libkeymgr.dylib
0x0000000004424000 	/usr/lib/system/liblaunch.dylib
0x0000000004424000 	/usr/lib/system/libmacho.dylib
0x0000000004424000 	/usr/lib/system/libquarantine.dylib
0x0000000004424000 	/usr/lib/system/libremovefile.dylib
0x0000000004424000 	/usr/lib/system/libsystem_asl.dylib
0x0000000004424000 	/usr/lib/system/libsystem_blocks.dylib
0x0000000004424000 	/usr/lib/system/libsystem_c.dylib
0x0000000004424000 	/usr/lib/system/libsystem_configuration.dylib
0x0000000004424000 	/usr/lib/system/libsystem_coreservices.dylib
0x0000000004424000 	/usr/lib/system/libsystem_coretls.dylib
0x0000000004424000 	/usr/lib/system/libsystem_dnssd.dylib
0x0000000004424000 	/usr/lib/system/libsystem_info.dylib
0x0000000004424000 	/usr/lib/system/libsystem_kernel.dylib
0x0000000004424000 	/usr/lib/system/libsystem_m.dylib
0x0000000004424000 	/usr/lib/system/libsystem_malloc.dylib
0x0000000004424000 	/usr/lib/system/libsystem_network.dylib
0x0000000004424000 	/usr/lib/system/libsystem_networkextension.dylib
0x0000000004424000 	/usr/lib/system/libsystem_notify.dylib
0x0000000004424000 	/usr/lib/system/libsystem_platform.dylib
0x0000000004424000 	/usr/lib/system/libsystem_pthread.dylib
0x0000000004424000 	/usr/lib/system/libsystem_sandbox.dylib
0x0000000004424000 	/usr/lib/system/libsystem_secinit.dylib
0x0000000004424000 	/usr/lib/system/libsystem_trace.dylib
0x0000000004424000 	/usr/lib/system/libunc.dylib
0x0000000004424000 	/usr/lib/system/libunwind.dylib
0x0000000004424000 	/usr/lib/system/libxpc.dylib
0x0000000004424000 	/usr/lib/libenergytrace.dylib
0x0000000004424000 	/usr/lib/libbsm.0.dylib
0x0000000004424000 	/usr/lib/system/libkxld.dylib
0x0000000004424000 	/usr/lib/libxar.1.dylib
0x0000000004424000 	/usr/lib/libsqlite3.dylib
0x0000000004424000 	/usr/lib/libpam.2.dylib
0x0000000004424000 	/usr/lib/libOpenScriptingUtil.dylib
0x0000000004424000 	/usr/lib/libbz2.1.0.dylib
0x0000000004424000 	/usr/lib/liblzma.5.dylib
0x0000000004424000 	/System/Library/Frameworks/CoreServices.framework/Versions/A/Frameworks/FSEvents.framework/Versions/A/FSEvents
0x0000000004424000 	/System/Library/Frameworks/CoreServices.framework/Versions/A/Frameworks/CarbonCore.framework/Versions/A/CarbonCore
0x0000000004424000 	/System/Library/Frameworks/CoreServices.framework/Versions/A/Frameworks/Metadata.framework/Versions/A/Metadata
0x0000000004424000 	/System/Library/Frameworks/CoreServices.framework/Versions/A/Frameworks/OSServices.framework/Versions/A/OSServices
0x0000000004424000 	/System/Library/Frameworks/CoreServices.framework/Versions/A/Frameworks/SearchKit.framework/Versions/A/SearchKit
0x0000000004424000 	/System/Library/Frameworks/CoreServices.framework/Versions/A/Frameworks/AE.framework/Versions/A/AE
0x0000000004424000 	/System/Library/Frameworks/CoreServices.framework/Versions/A/Frameworks/LaunchServices.framework/Versions/A/LaunchServices
0x0000000004424000 	/System/Library/Frameworks/CoreServices.framework/Versions/A/Frameworks/DictionaryServices.framework/Versions/A/DictionaryServices
0x0000000004424000 	/System/Library/Frameworks/CoreServices.framework/Versions/A/Frameworks/SharedFileList.framework/Versions/A/SharedFileList
0x0000000004424000 	/System/Library/Frameworks/NetFS.framework/Versions/A/NetFS
0x0000000004424000 	/System/Library/PrivateFrameworks/NetAuth.framework/Versions/A/NetAuth
0x0000000004424000 	/System/Library/PrivateFrameworks/login.framework/Versions/A/Frameworks/loginsupport.framework/Versions/A/loginsupport
0x0000000004424000 	/System/Library/PrivateFrameworks/TCC.framework/Versions/A/TCC
0x0000000004424000 	/usr/lib/libmecabra.dylib
0x0000000004424000 	/System/Library/Frameworks/ApplicationServices.framework/Versions/A/Frameworks/ATS.framework/Versions/A/ATS
0x0000000004424000 	/System/Library/Frameworks/ApplicationServices.framework/Versions/A/Frameworks/ColorSync.framework/Versions/A/ColorSync
0x0000000004424000 	/System/Library/Frameworks/ApplicationServices.framework/Versions/A/Frameworks/HIServices.framework/Versions/A/HIServices
0x0000000004424000 	/System/Library/Frameworks/ApplicationServices.framework/Versions/A/Frameworks/LangAnalysis.framework/Versions/A/LangAnalysis
0x0000000004424000 	/System/Library/Frameworks/ApplicationServices.framework/Versions/A/Frameworks/PrintCore.framework/Versions/A/PrintCore
0x0000000004424000 	/System/Library/Frameworks/ApplicationServices.framework/Versions/A/Frameworks/QD.framework/Versions/A/QD
0x0000000004424000 	/System/Library/Frameworks/ApplicationServices.framework/Versions/A/Frameworks/SpeechSynthesis.framework/Versions/A/SpeechSynthesis
0x0000000004424000 	/System/Library/Frameworks/Metal.framework/Versions/A/Metal
0x0000000004424000 	/System/Library/Frameworks/Accelerate.framework/Versions/A/Frameworks/vImage.framework/Versions/A/vImage
0x0000000004424000 	/System/Library/Frameworks/Accelerate.framework/Versions/A/Frameworks/vecLib.framework/Versions/A/vecLib
0x0000000004424000 	/System/Library/Frameworks/Accelerate.framework/Versions/A/Frameworks/vecLib.framework/Versions/A/libvDSP.dylib
0x0000000004424000 	/System/Library/Frameworks/Accelerate.framework/Versions/A/Frameworks/vecLib.framework/Versions/A/libvMisc.dylib
0x0000000004424000 	/System/Library/Frameworks/Accelerate.framework/Versions/A/Frameworks/vecLib.framework/Versions/A/libLAPACK.dylib
0x0000000004424000 	/System/Library/Frameworks/Accelerate.framework/Versions/A/Frameworks/vecLib.framework/Versions/A/libBLAS.dylib
0x0000000004424000 	/System/Library/Frameworks/Accelerate.framework/Versions/A/Frameworks/vecLib.framework/Versions/A/libLinearAlgebra.dylib
0x0000000004424000 	/System/Library/Frameworks/Accelerate.framework/Versions/A/Frameworks/vecLib.framework/Versions/A/libSparseBLAS.dylib
0x0000000004424000 	/System/Library/PrivateFrameworks/GPUCompiler.framework/libmetal_timestamp.dylib
0x0000000004424000 	/System/Library/Frameworks/OpenGL.framework/Versions/A/Libraries/libCoreFSCache.dylib
0x0000000004424000 	/System/Library/PrivateFrameworks/IOAccelerator.framework/Versions/A/IOAccelerator
0x0000000004424000 	/System/Library/Frameworks/ApplicationServices.framework/Versions/A/Frameworks/ATS.framework/Versions/A/Resources/libFontParser.dylib
0x0000000004424000 	/System/Library/Frameworks/ApplicationServices.framework/Versions/A/Frameworks/ATS.framework/Versions/A/Resources/libFontRegistry.dylib
0x0000000004424000 	/System/Library/PrivateFrameworks/AppleVPA.framework/Versions/A/AppleVPA
0x0000000004424000 	/System/Library/PrivateFrameworks/AppleJPEG.framework/Versions/A/AppleJPEG
0x0000000004424000 	/System/Library/Frameworks/ImageIO.framework/Versions/A/Resources/libJPEG.dylib
0x0000000004424000 	/System/Library/Frameworks/ImageIO.framework/Versions/A/Resources/libTIFF.dylib
0x0000000004424000 	/System/Library/Frameworks/ImageIO.framework/Versions/A/Resources/libPng.dylib
0x0000000004424000 	/System/Library/Frameworks/ImageIO.framework/Versions/A/Resources/libGIF.dylib
0x0000000004424000 	/System/Library/Frameworks/ImageIO.framework/Versions/A/Resources/libJP2.dylib
0x0000000004424000 	/System/Library/Frameworks/ImageIO.framework/Versions/A/Resources/libRadiance.dylib
0x0000000004424000 	/System/Library/Frameworks/CoreVideo.framework/Versions/A/CoreVideo
0x0000000004424000 	/System/Library/Frameworks/OpenGL.framework/Versions/A/Libraries/libGLU.dylib
0x0000000004424000 	/System/Library/Frameworks/OpenGL.framework/Versions/A/Libraries/libGFXShared.dylib
0x0000000004424000 	/System/Library/Frameworks/OpenGL.framework/Versions/A/Libraries/libGL.dylib
0x0000000004424000 	/System/Library/Frameworks/OpenGL.framework/Versions/A/Libraries/libGLImage.dylib
0x0000000004424000 	/System/Library/Frameworks/OpenGL.framework/Versions/A/Libraries/libCVMSPluginSupport.dylib
0x0000000004424000 	/System/Library/Frameworks/OpenGL.framework/Versions/A/Libraries/libCoreVMClient.dylib
0x0000000004424000 	/usr/lib/libcompression.dylib
0x0000000004424000 	/usr/lib/libcups.2.dylib
0x0000000004424000 	/System/Library/Frameworks/Kerberos.framework/Versions/A/Kerberos
0x0000000004424000 	/System/Library/Frameworks/GSS.framework/Versions/A/GSS
0x0000000004424000 	/usr/lib/libresolv.9.dylib
0x0000000004424000 	/usr/lib/libiconv.2.dylib
0x0000000004424000 	/System/Library/PrivateFrameworks/Heimdal.framework/Versions/A/Heimdal
0x0000000004424000 	/usr/lib/libheimdal-asn1.dylib
0x0000000004424000 	/System/Library/Frameworks/OpenDirectory.framework/Versions/A/OpenDirectory
0x0000000004424000 	/System/Library/PrivateFrameworks/CommonAuth.framework/Versions/A/CommonAuth
0x0000000004424000 	/System/Library/Frameworks/OpenDirectory.framework/Versions/A/Frameworks/CFOpenDirectory.framework/Versions/A/CFOpenDirectory
0x0000000004424000 	/System/Library/Frameworks/SecurityFoundation.framework/Versions/A/SecurityFoundation
0x0000000004424000 	/System/Library/PrivateFrameworks/LanguageModeling.framework/Versions/A/LanguageModeling
0x0000000004424000 	/usr/lib/libmarisa.dylib
0x0000000004424000 	/usr/lib/libChineseTokenizer.dylib
0x0000000004424000 	/usr/lib/libcmph.dylib
0x0000000004424000 	/System/Library/Frameworks/ServiceManagement.framework/Versions/A/ServiceManagement
0x0000000004424000 	/usr/lib/libxslt.1.dylib
0x0000000004424000 	/System/Library/Frameworks/Carbon.framework/Versions/A/Frameworks/Ink.framework/Versions/A/Ink
0x0000000004424000 	/usr/lib/libFosl_dynamic.dylib
0x0000000004424000 	/System/Library/PrivateFrameworks/FaceCore.framework/Versions/A/FaceCore
0x0000000004424000 	/System/Library/Frameworks/OpenCL.framework/Versions/A/OpenCL
0x0000000004424000 	/System/Library/PrivateFrameworks/CrashReporterSupport.framework/Versions/A/CrashReporterSupport
0x0000000004424000 	/System/Library/PrivateFrameworks/IconServices.framework/Versions/A/IconServices
0x0000000004424000 	/System/Library/PrivateFrameworks/Apple80211.framework/Versions/A/Apple80211
0x0000000004424000 	/System/Library/Frameworks/CoreWLAN.framework/Versions/A/CoreWLAN
0x0000000004424000 	/System/Library/Frameworks/IOBluetooth.framework/Versions/A/IOBluetooth
0x0000000004424000 	/System/Library/PrivateFrameworks/CoreWiFi.framework/Versions/A/CoreWiFi
0x0000000004424000 	/System/Library/Frameworks/CoreBluetooth.framework/Versions/A/CoreBluetooth
0x0000000004424000 	/System/Library/PrivateFrameworks/ChunkingLibrary.framework/Versions/A/ChunkingLibrary
0x0000000004424000 	/System/Library/PrivateFrameworks/DebugSymbols.framework/Versions/A/DebugSymbols
0x0000000004424000 	/System/Library/PrivateFrameworks/CoreSymbolication.framework/Versions/A/CoreSymbolication
0x0000000004424000 	/System/Library/PrivateFrameworks/Symbolication.framework/Versions/A/Symbolication
0x0000000004424000 	/System/Library/PrivateFrameworks/SpeechRecognitionCore.framework/Versions/A/SpeechRecognitionCore
0x0000000100de5000 	/Library/Java/JavaVirtualMachines/jdk1.8.0_111.jdk/Contents/Home/jre/lib/server/libjvm.dylib
0x0000000004424000 	/usr/lib/libstdc++.6.dylib
0x0000000101d8a000 	/Library/Java/JavaVirtualMachines/jdk1.8.0_111.jdk/Contents/Home/jre/lib/libverify.dylib
0x0000000101d98000 	/Library/Java/JavaVirtualMachines/jdk1.8.0_111.jdk/Contents/Home/jre/lib/libjava.dylib
0x0000000101dd7000 	/Library/Java/JavaVirtualMachines/jdk1.8.0_111.jdk/Contents/Home/jre/lib/libzip.dylib
0x0000000101de1000 	/System/Library/Frameworks/JavaVM.framework/Frameworks/JavaRuntimeSupport.framework/JavaRuntimeSupport
0x0000000117f63000 	/System/Library/Frameworks/JavaVM.framework/Versions/A/Frameworks/JavaNativeFoundation.framework/Versions/A/JavaNativeFoundation
0x0000000117f78000 	/System/Library/Frameworks/JavaVM.framework/Versions/A/JavaVM
0x0000000004424000 	/System/Library/Frameworks/Carbon.framework/Versions/A/Carbon
0x0000000117f85000 	/System/Library/PrivateFrameworks/JavaLaunching.framework/Versions/A/JavaLaunching
0x0000000004424000 	/System/Library/Frameworks/Carbon.framework/Versions/A/Frameworks/CommonPanels.framework/Versions/A/CommonPanels
0x0000000004424000 	/System/Library/Frameworks/Carbon.framework/Versions/A/Frameworks/Help.framework/Versions/A/Help
0x0000000004424000 	/System/Library/Frameworks/Carbon.framework/Versions/A/Frameworks/ImageCapture.framework/Versions/A/ImageCapture
0x0000000004424000 	/System/Library/Frameworks/Carbon.framework/Versions/A/Frameworks/OpenScripting.framework/Versions/A/OpenScripting
0x0000000004424000 	/System/Library/Frameworks/Carbon.framework/Versions/A/Frameworks/Print.framework/Versions/A/Print
0x0000000004424000 	/System/Library/Frameworks/Carbon.framework/Versions/A/Frameworks/SecurityHI.framework/Versions/A/SecurityHI
0x00000001198e0000 	/Library/Java/JavaVirtualMachines/jdk1.8.0_111.jdk/Contents/Home/jre/lib/libawt.dylib
0x0000000119988000 	/Library/Java/JavaVirtualMachines/jdk1.8.0_111.jdk/Contents/Home/jre/lib/./libmlib_image.dylib
0x0000000119a54000 	/Library/Java/JavaVirtualMachines/jdk1.8.0_111.jdk/Contents/Home/jre/lib/libawt_lwawt.dylib
0x0000000119b09000 	/Library/Java/JavaVirtualMachines/jdk1.8.0_111.jdk/Contents/Home/jre/lib/./libosxapp.dylib
0x0000000004424000 	/System/Library/Frameworks/ExceptionHandling.framework/Versions/A/ExceptionHandling
0x0000000004424000 	/System/Library/PrivateFrameworks/CoreServicesInternal.framework/Versions/A/CoreServicesInternal
0x0000000004424000 	/System/Library/Frameworks/CoreGraphics.framework/Versions/A/Resources/libRIP.A.dylib
0x0000000004424000 	/System/Library/Frameworks/Accelerate.framework/Versions/A/Frameworks/vImage.framework/Versions/A/Libraries/libCGInterfaces.dylib
0x0000000004424000 	/System/Library/Frameworks/CoreGraphics.framework/Versions/A/Resources/libCGXType.A.dylib
0x0000000004424000 	/System/Library/Frameworks/OpenCL.framework/Versions/A/Libraries/libcldcpuengine.dylib
0x0000000004424000 	/System/Library/PrivateFrameworks/DiskImages.framework/Versions/A/DiskImages
0x0000000004424000 	/System/Library/Frameworks/DiscRecording.framework/Versions/A/DiscRecording
0x0000000004424000 	/usr/lib/libcsfde.dylib
0x0000000004424000 	/usr/lib/libcurl.4.dylib
0x0000000004424000 	/System/Library/PrivateFrameworks/MediaKit.framework/Versions/A/MediaKit
0x0000000004424000 	/System/Library/PrivateFrameworks/ProtectedCloudStorage.framework/Versions/A/ProtectedCloudStorage
0x0000000004424000 	/usr/lib/libCoreStorage.dylib
0x0000000004424000 	/System/Library/PrivateFrameworks/EFILogin.framework/Versions/A/EFILogin
0x0000000004424000 	/usr/lib/libutil.dylib
0x0000000004424000 	/System/Library/PrivateFrameworks/FindMyDevice.framework/Versions/A/FindMyDevice
0x0000000004424000 	/System/Library/Frameworks/LDAP.framework/Versions/A/LDAP
0x0000000004424000 	/usr/lib/libsasl2.2.dylib
0x0000000004424000 	/System/Library/PrivateFrameworks/CoreDaemon.framework/Versions/B/CoreDaemon
0x0000000004424000 	/usr/lib/libcrypto.0.9.8.dylib
0x0000000004424000 	/System/Library/PrivateFrameworks/AppleSRP.framework/Versions/A/AppleSRP
0x0000000004424000 	/System/Library/PrivateFrameworks/TrustEvaluationAgent.framework/Versions/A/TrustEvaluationAgent
0x000000011b75a000 	cl_kernels
0x0000000004424000 	/System/Library/Frameworks/OpenCL.framework/Versions/A/Libraries/ImageFormats/unorm8_bgra.dylib
0x0000000004424000 	/System/Library/Frameworks/OpenCL.framework/Versions/A/Libraries/ImageFormats/unorm8_rgba.dylib
0x0000000004424000 	/System/Library/PrivateFrameworks/FamilyControls.framework/Versions/A/FamilyControls
0x0000000004424000 	/System/Library/PrivateFrameworks/CommerceKit.framework/Versions/A/Frameworks/CommerceCore.framework/Versions/A/CommerceCore
0x0000000004424000 	/System/Library/PrivateFrameworks/SystemAdministration.framework/Versions/A/SystemAdministration
0x0000000004424000 	/System/Library/PrivateFrameworks/AppContainer.framework/Versions/A/AppContainer
0x0000000004424000 	/System/Library/PrivateFrameworks/SecCodeWrapper.framework/Versions/A/SecCodeWrapper
0x0000000004424000 	/System/Library/Frameworks/DirectoryService.framework/Versions/A/DirectoryService
0x0000000004424000 	/System/Library/PrivateFrameworks/LoginUIKit.framework/Versions/A/Frameworks/LoginUICore.framework/Versions/A/LoginUICore
0x0000000004424000 	/usr/lib/libodfde.dylib
0x0000000004424000 	/System/Library/Frameworks/OpenGL.framework/Versions/A/Resources/GLEngine.bundle/GLEngine
0x0000000004424000 	/System/Library/Frameworks/OpenGL.framework/Versions/A/Libraries/libGLProgrammability.dylib
0x000000011c858000 	/System/Library/Extensions/AppleIntelBDWGraphicsGLDriver.bundle/Contents/MacOS/AppleIntelBDWGraphicsGLDriver
0x0000000004424000 	/System/Library/PrivateFrameworks/GPUSupport.framework/Versions/A/Libraries/libGPUSupportMercury.dylib
0x0000000004424000 	/System/Library/Frameworks/OpenGL.framework/Versions/A/Resources/GLRendererFloat.bundle/GLRendererFloat
0x000000011d7da000 	/Library/Java/JavaVirtualMachines/jdk1.8.0_111.jdk/Contents/Home/jre/lib/libfontmanager.dylib
0x000000011eca2000 	/Library/Java/JavaVirtualMachines/jdk1.8.0_111.jdk/Contents/Home/jre/lib/libosxui.dylib
0x000000011f7a1000 	/Library/Java/JavaVirtualMachines/jdk1.8.0_111.jdk/Contents/Home/jre/lib/libnet.dylib
0x000000011f7b8000 	/Library/Java/JavaVirtualMachines/jdk1.8.0_111.jdk/Contents/Home/jre/lib/libnio.dylib
0x0000000004424000 	/System/Library/Frameworks/ApplicationServices.framework/Versions/A/Frameworks/ATS.framework/Versions/A/Resources/libTrueTypeScaler.dylib
0x0000000170af7000 	/System/Library/Extensions/AppleIntelBDWGraphicsMTLDriver.bundle/Contents/MacOS/AppleIntelBDWGraphicsMTLDriver
0x000000011ea29000 	/private/var/folders/52/pd9n1grn4_55dn11fg2xx6m40000gn/T/jogamp_0000/file_cache/jln3315313277908331185/jln4096369556887596588/libgluegen-rt.jnilib
0x000000011ea2d000 	/private/var/folders/52/pd9n1grn4_55dn11fg2xx6m40000gn/T/jogamp_0000/file_cache/jln3315313277908331185/jln4096369556887596588/libnativewindow_awt.jnilib
0x00000001216ef000 	/Library/Java/JavaVirtualMachines/jdk1.8.0_111.jdk/Contents/Home/jre/lib/libjawt.dylib
0x0000000170a4e000 	/private/var/folders/52/pd9n1grn4_55dn11fg2xx6m40000gn/T/jogamp_0000/file_cache/jln3315313277908331185/jln4096369556887596588/libnativewindow_macosx.jnilib
0x00000001711f4000 	/private/var/folders/52/pd9n1grn4_55dn11fg2xx6m40000gn/T/jogamp_0000/file_cache/jln3315313277908331185/jln4096369556887596588/libjogl_desktop.jnilib
0x000000017c704000 	/Library/Java/JavaVirtualMachines/jdk1.8.0_111.jdk/Contents/Home/jre/lib/libt2k.dylib
0x000000017d4a9000 	/Library/Java/JavaVirtualMachines/jdk1.8.0_111.jdk/Contents/Home/jre/lib/libjpeg.dylib

VM Arguments:
jvm_args: -Djava.security.policy=java.policy.applet -Dfile.encoding=UTF-8 
java_command: sun.applet.AppletViewer module6.EarthquakeCityMap1496125761151.html
java_class_path (initial): /Users/dhruvsawhney/Documents/workspace/UCSDUnfoldingMaps/build:/Users/dhruvsawhney/Documents/workspace/UCSDUnfoldingMaps/lib/core.jar:/Users/dhruvsawhney/Documents/workspace/UCSDUnfoldingMaps/lib/gluegen-rt.jar:/Users/dhruvsawhney/Documents/workspace/UCSDUnfoldingMaps/lib/jogl-all.jar:/Users/dhruvsawhney/Documents/workspace/UCSDUnfoldingMaps/lib/log4j-1.2.15.jar:/Users/dhruvsawhney/Documents/workspace/UCSDUnfoldingMaps/lib/sqlite-jdbc-3.7.2.jar:/Users/dhruvsawhney/Documents/workspace/UCSDUnfoldingMaps/lib/json4processing.jar:/Users/dhruvsawhney/Documents/workspace/UCSDUnfoldingMaps/lib/libTUIO.jar:/Users/dhruvsawhney/Documents/workspace/UCSDUnfoldingMaps/lib/unfolding.0.9.7-uscd.jar
Launcher Type: SUN_STANDARD

Environment Variables:
PATH=/usr/bin:/bin:/usr/sbin:/sbin
SHELL=/bin/bash
DISPLAY=/private/tmp/com.apple.launchd.R6hX440jOa/org.macosforge.xquartz:0

Signal Handlers:
SIGSEGV: [libjvm.dylib+0x5b03ed], sa_mask[0]=11111111011111110111111111111111, sa_flags=SA_ONSTACK|SA_RESTART|SA_SIGINFO
SIGBUS: [libjvm.dylib+0x5b03ed], sa_mask[0]=11111111011111110111111111111111, sa_flags=SA_RESTART|SA_SIGINFO
SIGFPE: [libjvm.dylib+0x48711c], sa_mask[0]=11111111011111110111111111111111, sa_flags=SA_RESTART|SA_SIGINFO
SIGPIPE: [libjvm.dylib+0x48711c], sa_mask[0]=11111111011111110111111111111111, sa_flags=SA_RESTART|SA_SIGINFO
SIGXFSZ: [libjvm.dylib+0x48711c], sa_mask[0]=11111111011111110111111111111111, sa_flags=SA_RESTART|SA_SIGINFO
SIGILL: [libjvm.dylib+0x48711c], sa_mask[0]=11111111011111110111111111111111, sa_flags=SA_RESTART|SA_SIGINFO
SIGUSR1: SIG_DFL, sa_mask[0]=00000000000000000000000000000000, sa_flags=none
SIGUSR2: [libjvm.dylib+0x486c3a], sa_mask[0]=00100000000000000000000000000000, sa_flags=SA_RESTART|SA_SIGINFO
SIGHUP: [libjvm.dylib+0x485211], sa_mask[0]=11111111011111110111111111111111, sa_flags=SA_RESTART|SA_SIGINFO
SIGINT: [libjvm.dylib+0x485211], sa_mask[0]=11111111011111110111111111111111, sa_flags=SA_RESTART|SA_SIGINFO
SIGTERM: [libjvm.dylib+0x485211], sa_mask[0]=11111111011111110111111111111111, sa_flags=SA_RESTART|SA_SIGINFO
SIGQUIT: [libjvm.dylib+0x485211], sa_mask[0]=11111111011111110111111111111111, sa_flags=SA_RESTART|SA_SIGINFO


---------------  S Y S T E M  ---------------

OS:Bsduname:Darwin 15.6.0 Darwin Kernel Version 15.6.0: Thu Sep  1 15:01:16 PDT 2016; root:xnu-3248.60.11~2/RELEASE_X86_64 x86_64
rlimit: STACK 8192k, CORE 0k, NPROC 709, NOFILE 10240, AS infinity
load average:2.85 2.36 2.40

CPU:total 4 (2 cores per cpu, 2 threads per core) family 6 model 61 stepping 4, cmov, cx8, fxsr, mmx, sse, sse2, sse3, ssse3, sse4.1, sse4.2, popcnt, avx, avx2, aes, clmul, erms, 3dnowpref, lzcnt, ht, tsc, tscinvbit, bmi1, bmi2, adx

Memory: 4k page, physical 8388608k(315600k free)

/proc/meminfo:


vm_info: Java HotSpot(TM) 64-Bit Server VM (25.111-b14) for bsd-amd64 JRE (1.8.0_111-b14), built on Sep 22 2016 15:31:41 by "java_re" with gcc 4.2.1 (Based on Apple Inc. build 5658) (LLVM build 2336.11.00)

time: Tue May 30 11:59:34 2017
elapsed time: 13 seconds (0d 0h 0m 13s)

