#
# A fatal error has been detected by the Java Runtime Environment:
#
#  SIGSEGV (0xb) at pc=0x00007fffa11d10f3, pid=5938, tid=0x0000000000000a0b
#
# JRE version: Java(TM) SE Runtime Environment (8.0_111-b14) (build 1.8.0_111-b14)
# Java VM: Java HotSpot(TM) 64-Bit Server VM (25.111-b14 mixed mode bsd-amd64 compressed oops)
# Problematic frame:
# C  [libobjc.A.dylib+0x80f3]  objc_release+0x13
#
# Failed to write core dump. Core dumps have been disabled. To enable core dumping, try "ulimit -c unlimited" before starting Java again
#
# If you would like to submit a bug report, please visit:
#   http://bugreport.java.com/bugreport/crash.jsp
# The crash happened outside the Java Virtual Machine in native code.
# See problematic frame for where to report the bug.
#

---------------  T H R E A D  ---------------

Current thread (0x00007fb34a8ac000):  JavaThread "AWT-AppKit" daemon [_thread_in_native, id=2571, stack(0x00007fff5b744000,0x00007fff5bf44000)]

siginfo: si_signo: 11 (SIGSEGV), si_code: 0 (unknown), si_addr: 0x0000000000000000

Registers:
RAX=0x0000000000000008, RBX=0x0000000000000000, RCX=0x0000000000000004, RDX=0x00007fb34d8daa48
RSP=0x00007fff5bf3f3b0, RBP=0x00007fff5bf3f3b0, RSI=0x000000011cc21f30, RDI=0x100007fb34db2f5a
R8 =0x0000000000000001, R9 =0x00007fb34db2f5a0, R10=0x00007fb349d835a0, R11=0x0000000173bb8840
R12=0x0000000000000000, R13=0x000000017903cb10, R14=0x00007fb34d8d8100, R15=0x00007fb34a8ac000
RIP=0x00007fffa11d10f3, EFLAGS=0x0000000000010246, ERR=0x0000000000000000
  TRAPNO=0x000000000000000d

Top of Stack: (sp=0x00007fff5bf3f3b0)
0x00007fff5bf3f3b0:   00007fff5bf3f3e0 000000011cbab267
0x00007fff5bf3f3c0:   00007fff5bf3f3e0 0000000173bb8450
0x00007fff5bf3f3d0:   0000000173bb8440 00007fb34a8ac000
0x00007fff5bf3f3e0:   00007fff5bf3f4a0 0000000173bb6215
0x00007fff5bf3f3f0:   0000000173bb8700 0000000173bb86e0
0x00007fff5bf3f400:   0000000173bb84b0 0000000000000000
0x00007fff5bf3f410:   000000017903cb10 000000017903cb10
0x00007fff5bf3f420:   00007fb34d8daa40 0000000173bb86a0
0x00007fff5bf3f430:   0000000173bb8710 00007fff7f08f770
0x00007fff5bf3f440:   00007fff7bee2500 0000000173bb8450
0x00007fff5bf3f450:   0000000173bb8690 00007fb34d8daa40
0x00007fff5bf3f460:   00007fb34d8d8100 00007fb348f31960
0x00007fff5bf3f470:   00007fb34d8daa40 00007fb34d8d8100
0x00007fff5bf3f480:   00007fff5bf3f528 00007fb34a8ac1f8
0x00007fff5bf3f490:   000000017903cb10 00007fff5bf3f550
0x00007fff5bf3f4a0:   00007fff5bf3f518 00000001057b89f4
0x00007fff5bf3f4b0:   000000017903cb10 00007fff5bf3f550
0x00007fff5bf3f4c0:   00007fff5bf3f518 00000001057b8787
0x00007fff5bf3f4d0:   00000001057b8742 00007fff5bf3f4d8
0x00007fff5bf3f4e0:   000000017903cb10 00007fff5bf3f550
0x00007fff5bf3f4f0:   000000017903f7a8 0000000000000000
0x00007fff5bf3f500:   000000017903cb10 0000000000000000
0x00007fff5bf3f510:   00007fff5bf3f538 00007fff5bf3f598
0x00007fff5bf3f520:   00000001057a92bd 000000074037c5d0
0x00007fff5bf3f530:   00000001057b2538 00007fb34d8daa40
0x00007fff5bf3f540:   00007fff5bf3f598 00007fb34d8d8100
0x00007fff5bf3f550:   00000001057b3e02 00007fff5bf3f558
0x00007fff5bf3f560:   000000017903ccda 00007fff5bf3f5c0
0x00007fff5bf3f570:   000000017903f7a8 0000000000000000
0x00007fff5bf3f580:   000000017903cce8 00007fff5bf3f538
0x00007fff5bf3f590:   00007fff5bf3f5a8 00007fff5bf3f608
0x00007fff5bf3f5a0:   00000001057a92bd 00007fb34d8daa40 

Instructions: (pc=0x00007fffa11d10f3)
0x00007fffa11d10d3:   41 5c 41 5d 41 5e 41 5f 5d c3 90 90 90 55 48 89
0x00007fffa11d10e3:   e5 48 85 ff 0f 84 82 00 00 00 40 f6 c7 01 75 7c
0x00007fffa11d10f3:   48 8b 07 48 b9 f8 ff ff ff ff 7f 00 00 48 21 c1
0x00007fffa11d1103:   f6 41 20 02 75 10 48 8d 05 80 dc 14 de 48 8b 30 

Register to memory mapping:

RAX=0x0000000000000008 is an unknown value
RBX=0x0000000000000000 is an unknown value
RCX=0x0000000000000004 is an unknown value
RDX=0x00007fb34d8daa48 is an unknown value
RSP=0x00007fff5bf3f3b0 is pointing into the stack for thread: 0x00007fb34a8ac000
RBP=0x00007fff5bf3f3b0 is pointing into the stack for thread: 0x00007fb34a8ac000
RSI=0x000000011cc21f30: OBJC_IVAR_$_PrinterView.fCurPeekGraphics+0x1aa8 in /Library/Java/JavaVirtualMachines/jdk1.8.0_111.jdk/Contents/Home/jre/lib/libawt_lwawt.dylib at 0x000000011cba7000
RDI=0x100007fb34db2f5a is an unknown value
R8 =0x0000000000000001 is an unknown value
R9 =0x00007fb34db2f5a0 is an unknown value
R10=0x00007fb349d835a0 is an unknown value
R11=0x0000000173bb8840: OBJC_CLASS_$_MyCALayer+0 in /private/var/folders/52/pd9n1grn4_55dn11fg2xx6m40000gn/T/jogamp_0000/file_cache/jln2694528808298071323/jln8239937432592075972/libnativewindow_macosx.jnilib at 0x0000000173bb1000
R12=0x0000000000000000 is an unknown value
R13={method} {0x000000017903cb10} 'UnsetJAWTRootSurfaceLayer0' '(JJ)V' in 'jogamp/nativewindow/jawt/macosx/MacOSXJAWTWindow'
R14=0x00007fb34d8d8100 is an unknown value
R15=0x00007fb34a8ac000 is a thread


Stack: [0x00007fff5b744000,0x00007fff5bf44000],  sp=0x00007fff5bf3f3b0,  free space=8172k
Native frames: (J=compiled Java code, j=interpreted, Vv=VM code, C=native code)
C  [libobjc.A.dylib+0x80f3]  objc_release+0x13
C  [libawt_lwawt.dylib+0x4267]  -[AWTSurfaceLayers setLayer:]+0x54
C  [libnativewindow_macosx.jnilib+0x5215]  Java_jogamp_nativewindow_jawt_macosx_MacOSXJAWTWindow_UnsetJAWTRootSurfaceLayer0+0x1a5
j  jogamp.nativewindow.jawt.macosx.MacOSXJAWTWindow.UnsetJAWTRootSurfaceLayer0(JJ)V+0
j  jogamp.nativewindow.jawt.macosx.MacOSXJAWTWindow.access$200(JJ)V+2
j  jogamp.nativewindow.jawt.macosx.MacOSXJAWTWindow$1.run()V+38
j  com.jogamp.common.util.RunnableTask.run()V+24
v  ~StubRoutines::call_stub
V  [libjvm.dylib+0x2ecf8a]
V  [libjvm.dylib+0x324119]
V  [libjvm.dylib+0x3168e7]
C  [libnativewindow_macosx.jnilib+0x5326]  Java_jogamp_nativewindow_jawt_macosx_MacOSXJAWTWindow_UnsetJAWTRootSurfaceLayer0+0x2b6
C  [Foundation+0x76fde]  __NSThreadPerformPerform+0x117
C  [CoreFoundation+0xaa7e1]  __CFRUNLOOP_IS_CALLING_OUT_TO_A_SOURCE0_PERFORM_FUNCTION__+0x11
C  [CoreFoundation+0x89e97]  __CFRunLoopDoSources0+0x1a7
C  [CoreFoundation+0x8943f]  __CFRunLoopRun+0x39f
C  [CoreFoundation+0x88e38]  CFRunLoopRunSpecific+0x128
C  [HIToolbox+0x30935]  RunCurrentEventLoopInMode+0xeb
C  [HIToolbox+0x30677]  ReceiveNextEventCommon+0xb8
C  [HIToolbox+0x305af]  _BlockUntilNextEventMatchingListInModeWithFilter+0x47
C  [AppKit+0x48df6]  _DPSNextEvent+0x42b
C  [AppKit+0x48226]  -[NSApplication _nextEventMatchingEventMask:untilDate:inMode:dequeue:]+0x1c6
C  [libosxapp.dylib+0x23aa]  -[NSApplicationAWT nextEventMatchingMask:untilDate:inMode:dequeue:]+0x7c
C  [AppKit+0x3cd80]  -[NSApplication run]+0x2aa
C  [libosxapp.dylib+0x214d]  +[NSApplicationAWT runAWTLoopWithApp:]+0x9c
C  [libawt_lwawt.dylib+0x444b3]  -[AWTStarter starter:]+0x389
C  [Foundation+0x76fde]  __NSThreadPerformPerform+0x117
C  [CoreFoundation+0xaa7e1]  __CFRUNLOOP_IS_CALLING_OUT_TO_A_SOURCE0_PERFORM_FUNCTION__+0x11
C  [CoreFoundation+0x89f1c]  __CFRunLoopDoSources0+0x22c
C  [CoreFoundation+0x8943f]  __CFRunLoopRun+0x39f
C  [CoreFoundation+0x88e38]  CFRunLoopRunSpecific+0x128
C  [java+0x6465]  CreateExecutionEnvironment+0x367
C  [java+0x218c]  JLI_Launch+0x7a0
C  [java+0x84c2]  main+0x65
C  [java+0x19e4]  start+0x34
C  0x0000000000000007

Java frames: (J=compiled Java code, j=interpreted, Vv=VM code)
j  jogamp.nativewindow.jawt.macosx.MacOSXJAWTWindow.UnsetJAWTRootSurfaceLayer0(JJ)V+0
j  jogamp.nativewindow.jawt.macosx.MacOSXJAWTWindow.access$200(JJ)V+2
j  jogamp.nativewindow.jawt.macosx.MacOSXJAWTWindow$1.run()V+38
j  com.jogamp.common.util.RunnableTask.run()V+24
v  ~StubRoutines::call_stub

---------------  P R O C E S S  ---------------

Java Threads: ( => current thread )
  0x00007fb34a5aa800 JavaThread "Thread-185" [_thread_blocked, id=15115, stack(0x000070000104a000,0x000070000114a000)]
  0x00007fb34a291800 JavaThread "Image Fetcher 0" daemon [_thread_blocked, id=65551, stack(0x00007000019ee000,0x0000700001aee000)]
  0x00007fb34e174000 JavaThread "Keep-Alive-Timer" daemon [_thread_blocked, id=61219, stack(0x0000700001cf7000,0x0000700001df7000)]
  0x00007fb34913e800 JavaThread "AWT-EventQueue-1" [_thread_in_native, id=58923, stack(0x0000700001868000,0x0000700001968000)]
  0x00007fb34a801000 JavaThread "DestroyJavaVM" [_thread_blocked, id=5891, stack(0x000070000011a000,0x000070000021a000)]
  0x00007fb34a2dc800 JavaThread "AWT-EventQueue-0" [_thread_blocked, id=54039, stack(0x0000700001662000,0x0000700001762000)]
  0x00007fb34a8f4000 JavaThread "Java2D Disposer" daemon [_thread_blocked, id=49947, stack(0x00007000013d9000,0x00007000014d9000)]
  0x00007fb349940800 JavaThread "Java2D Queue Flusher" daemon [_thread_blocked, id=49671, stack(0x00007000012d6000,0x00007000013d6000)]
  0x00007fb34a1ec000 JavaThread "AWT-Shutdown" [_thread_blocked, id=29459, stack(0x0000700001150000,0x0000700001250000)]
=>0x00007fb34a8ac000 JavaThread "AWT-AppKit" daemon [_thread_in_native, id=2571, stack(0x00007fff5b744000,0x00007fff5bf44000)]
  0x00007fb34a020800 JavaThread "Service Thread" daemon [_thread_blocked, id=18435, stack(0x0000700000dc1000,0x0000700000ec1000)]
  0x00007fb349014000 JavaThread "C1 CompilerThread2" daemon [_thread_blocked, id=17923, stack(0x0000700000cbe000,0x0000700000dbe000)]
  0x00007fb34a82c000 JavaThread "C2 CompilerThread1" daemon [_thread_blocked, id=17411, stack(0x0000700000bbb000,0x0000700000cbb000)]
  0x00007fb349009800 JavaThread "C2 CompilerThread0" daemon [_thread_blocked, id=16899, stack(0x0000700000ab8000,0x0000700000bb8000)]
  0x00007fb34a016800 JavaThread "Signal Dispatcher" daemon [_thread_blocked, id=14095, stack(0x00007000009b5000,0x0000700000ab5000)]
  0x00007fb34900b000 JavaThread "Finalizer" daemon [_thread_blocked, id=12291, stack(0x000070000082f000,0x000070000092f000)]
  0x00007fb349816800 JavaThread "Reference Handler" daemon [_thread_blocked, id=11779, stack(0x000070000072c000,0x000070000082c000)]

Other Threads:
  0x00007fb34a00e000 VMThread [stack: 0x0000700000629000,0x0000700000729000] [id=11267]
  0x00007fb349015000 WatcherThread [stack: 0x0000700000ec4000,0x0000700000fc4000] [id=18947]

VM state:not at safepoint (normal execution)

VM Mutex/Monitor currently owned by a thread: None

Heap:
 PSYoungGen      total 177152K, used 23978K [0x0000000795580000, 0x00000007a2e00000, 0x00000007c0000000)
  eden space 164352K, 6% used [0x0000000795580000,0x00000007960ae5a8,0x000000079f600000)
  from space 12800K, 97% used [0x00000007a2180000,0x00000007a2dbc310,0x00000007a2e00000)
  to   space 15360K, 0% used [0x00000007a1000000,0x00000007a1000000,0x00000007a1f00000)
 ParOldGen       total 130560K, used 49092K [0x0000000740000000, 0x0000000747f80000, 0x0000000795580000)
  object space 130560K, 37% used [0x0000000740000000,0x0000000742ff1250,0x0000000747f80000)
 Metaspace       used 24662K, capacity 24921K, committed 25344K, reserved 1073152K
  class space    used 2394K, capacity 2485K, committed 2560K, reserved 1048576K

Card table byte_map: [0x0000000114b61000,0x0000000114f62000] byte_map_base: 0x0000000111161000

Marking Bits: (ParMarkBitMap*) 0x00000001050efd20
 Begin Bits: [0x000000011520d000, 0x000000011720d000)
 End Bits:   [0x000000011720d000, 0x000000011920d000)

Polling page: 0x0000000103f7f000

CodeCache: size=245760Kb used=10909Kb max_used=10963Kb free=234850Kb
 bounds [0x00000001057a1000, 0x0000000106281000, 0x00000001147a1000]
 total_blobs=4052 nmethods=3128 adapters=837
 compilation: enabled

Compilation events (10 events):
Event: 104.724 Thread 0x00007fb34a82c000 3847       4       sun.java2d.SurfaceData::pixelFor (13 bytes)
Event: 104.724 Thread 0x00007fb349014000 3848       3       sun.java2d.pipe.PixelToParallelogramConverter::normalize (15 bytes)
Event: 104.725 Thread 0x00007fb349014000 nmethod 3848 0x0000000105e4de50 code [0x0000000105e4e000, 0x0000000105e4e288]
Event: 104.727 Thread 0x00007fb34a82c000 nmethod 3847 0x0000000105e24a90 code [0x0000000105e24be0, 0x0000000105e24cb8]
Event: 104.756 Thread 0x00007fb349009800 3849       4       java.beans.WeakIdentityMap$Entry::isMatched (22 bytes)
Event: 104.756 Thread 0x00007fb349009800 nmethod 3849 0x000000010607f890 code [0x000000010607f9e0, 0x000000010607fa98]
Event: 104.760 Thread 0x00007fb34a82c000 3850  s!   4       sun.misc.URLClassPath::getLoader (197 bytes)
Event: 104.760 Thread 0x00007fb349014000 3851  s    2       sun.misc.URLClassPath::getNextLoader (88 bytes)
Event: 104.761 Thread 0x00007fb349014000 nmethod 3851 0x0000000105f71750 code [0x0000000105f71900, 0x0000000105f71ec8]
Event: 104.766 Thread 0x00007fb34a82c000 nmethod 3850 0x0000000105e0d110 code [0x0000000105e0d280, 0x0000000105e0da58]

GC Heap History (10 events):
Event: 78.294 GC heap before
{Heap before GC invocations=14 (full 1):
 PSYoungGen      total 187392K, used 187232K [0x0000000795580000, 0x00000007a1c00000, 0x00000007c0000000)
  eden space 176640K, 100% used [0x0000000795580000,0x00000007a0200000,0x00000007a0200000)
  from space 10752K, 98% used [0x00000007a1180000,0x00000007a1bd82f0,0x00000007a1c00000)
  to   space 12800K, 0% used [0x00000007a0300000,0x00000007a0300000,0x00000007a0f80000)
 ParOldGen       total 53760K, used 22351K [0x0000000740000000, 0x0000000743480000, 0x0000000795580000)
  object space 53760K, 41% used [0x0000000740000000,0x00000007415d3f08,0x0000000743480000)
 Metaspace       used 24475K, capacity 24793K, committed 25088K, reserved 1071104K
  class space    used 2386K, capacity 2485K, committed 2560K, reserved 1048576K
Event: 78.305 GC heap after
Heap after GC invocations=14 (full 1):
 PSYoungGen      total 182784K, used 12768K [0x0000000795580000, 0x00000007a1680000, 0x00000007c0000000)
  eden space 169984K, 0% used [0x0000000795580000,0x0000000795580000,0x000000079fb80000)
  from space 12800K, 99% used [0x00000007a0300000,0x00000007a0f783a0,0x00000007a0f80000)
  to   space 7168K, 0% used [0x00000007a0f80000,0x00000007a0f80000,0x00000007a1680000)
 ParOldGen       total 53760K, used 24919K [0x0000000740000000, 0x0000000743480000, 0x0000000795580000)
  object space 53760K, 46% used [0x0000000740000000,0x0000000741855fa8,0x0000000743480000)
 Metaspace       used 24475K, capacity 24793K, committed 25088K, reserved 1071104K
  class space    used 2386K, capacity 2485K, committed 2560K, reserved 1048576K
}
Event: 83.880 GC heap before
{Heap before GC invocations=15 (full 1):
 PSYoungGen      total 182784K, used 182752K [0x0000000795580000, 0x00000007a1680000, 0x00000007c0000000)
  eden space 169984K, 100% used [0x0000000795580000,0x000000079fb80000,0x000000079fb80000)
  from space 12800K, 99% used [0x00000007a0300000,0x00000007a0f783a0,0x00000007a0f80000)
  to   space 7168K, 0% used [0x00000007a0f80000,0x00000007a0f80000,0x00000007a1680000)
 ParOldGen       total 53760K, used 24919K [0x0000000740000000, 0x0000000743480000, 0x0000000795580000)
  object space 53760K, 46% used [0x0000000740000000,0x0000000741855fa8,0x0000000743480000)
 Metaspace       used 24590K, capacity 24857K, committed 25088K, reserved 1071104K
  class space    used 2386K, capacity 2485K, committed 2560K, reserved 1048576K
Event: 83.925 GC heap after
Heap after GC invocations=15 (full 1):
 PSYoungGen      total 170496K, used 7024K [0x0000000795580000, 0x00000007a1680000, 0x00000007c0000000)
  eden space 163328K, 0% used [0x0000000795580000,0x0000000795580000,0x000000079f500000)
  from space 7168K, 97% used [0x00000007a0f80000,0x00000007a165c240,0x00000007a1680000)
  to   space 13824K, 0% used [0x000000079fb80000,0x000000079fb80000,0x00000007a0900000)
 ParOldGen       total 53760K, used 44897K [0x0000000740000000, 0x0000000743480000, 0x0000000795580000)
  object space 53760K, 83% used [0x0000000740000000,0x0000000742bd8488,0x0000000743480000)
 Metaspace       used 24590K, capacity 24857K, committed 25088K, reserved 1071104K
  class space    used 2386K, capacity 2485K, committed 2560K, reserved 1048576K
}
Event: 83.925 GC heap before
{Heap before GC invocations=16 (full 2):
 PSYoungGen      total 170496K, used 7024K [0x0000000795580000, 0x00000007a1680000, 0x00000007c0000000)
  eden space 163328K, 0% used [0x0000000795580000,0x0000000795580000,0x000000079f500000)
  from space 7168K, 97% used [0x00000007a0f80000,0x00000007a165c240,0x00000007a1680000)
  to   space 13824K, 0% used [0x000000079fb80000,0x000000079fb80000,0x00000007a0900000)
 ParOldGen       total 53760K, used 44897K [0x0000000740000000, 0x0000000743480000, 0x0000000795580000)
  object space 53760K, 83% used [0x0000000740000000,0x0000000742bd8488,0x0000000743480000)
 Metaspace       used 24590K, capacity 24857K, committed 25088K, reserved 1071104K
  class space    used 2386K, capacity 2485K, committed 2560K, reserved 1048576K
Event: 83.980 GC heap after
Heap after GC invocations=16 (full 2):
 PSYoungGen      total 170496K, used 0K [0x0000000795580000, 0x00000007a1680000, 0x00000007c0000000)
  eden space 163328K, 0% used [0x0000000795580000,0x0000000795580000,0x000000079f500000)
  from space 7168K, 0% used [0x00000007a0f80000,0x00000007a0f80000,0x00000007a1680000)
  to   space 13824K, 0% used [0x000000079fb80000,0x000000079fb80000,0x00000007a0900000)
 ParOldGen       total 130560K, used 49084K [0x0000000740000000, 0x0000000747f80000, 0x0000000795580000)
  object space 130560K, 37% used [0x0000000740000000,0x0000000742fef250,0x0000000747f80000)
 Metaspace       used 24590K, capacity 24857K, committed 25088K, reserved 1071104K
  class space    used 2386K, capacity 2485K, committed 2560K, reserved 1048576K
}
Event: 92.235 GC heap before
{Heap before GC invocations=17 (full 2):
 PSYoungGen      total 170496K, used 163328K [0x0000000795580000, 0x00000007a1680000, 0x00000007c0000000)
  eden space 163328K, 100% used [0x0000000795580000,0x000000079f500000,0x000000079f500000)
  from space 7168K, 0% used [0x00000007a0f80000,0x00000007a0f80000,0x00000007a1680000)
  to   space 13824K, 0% used [0x000000079fb80000,0x000000079fb80000,0x00000007a0900000)
 ParOldGen       total 130560K, used 49084K [0x0000000740000000, 0x0000000747f80000, 0x0000000795580000)
  object space 130560K, 37% used [0x0000000740000000,0x0000000742fef250,0x0000000747f80000)
 Metaspace       used 24608K, capacity 24857K, committed 25088K, reserved 1071104K
  class space    used 2386K, capacity 2485K, committed 2560K, reserved 1048576K
Event: 92.239 GC heap after
Heap after GC invocations=17 (full 2):
 PSYoungGen      total 183808K, used 10912K [0x0000000795580000, 0x00000007a2f80000, 0x00000007c0000000)
  eden space 169984K, 0% used [0x0000000795580000,0x0000000795580000,0x000000079fb80000)
  from space 13824K, 78% used [0x000000079fb80000,0x00000007a06282f0,0x00000007a0900000)
  to   space 14336K, 0% used [0x00000007a2180000,0x00000007a2180000,0x00000007a2f80000)
 ParOldGen       total 130560K, used 49092K [0x0000000740000000, 0x0000000747f80000, 0x0000000795580000)
  object space 130560K, 37% used [0x0000000740000000,0x0000000742ff1250,0x0000000747f80000)
 Metaspace       used 24608K, capacity 24857K, committed 25088K, reserved 1071104K
  class space    used 2386K, capacity 2485K, committed 2560K, reserved 1048576K
}
Event: 104.157 GC heap before
{Heap before GC invocations=18 (full 2):
 PSYoungGen      total 183808K, used 180896K [0x0000000795580000, 0x00000007a2f80000, 0x00000007c0000000)
  eden space 169984K, 100% used [0x0000000795580000,0x000000079fb80000,0x000000079fb80000)
  from space 13824K, 78% used [0x000000079fb80000,0x00000007a06282f0,0x00000007a0900000)
  to   space 14336K, 0% used [0x00000007a2180000,0x00000007a2180000,0x00000007a2f80000)
 ParOldGen       total 130560K, used 49092K [0x0000000740000000, 0x0000000747f80000, 0x0000000795580000)
  object space 130560K, 37% used [0x0000000740000000,0x0000000742ff1250,0x0000000747f80000)
 Metaspace       used 24627K, capacity 24921K, committed 25344K, reserved 1073152K
  class space    used 2386K, capacity 2485K, committed 2560K, reserved 1048576K
Event: 104.166 GC heap after
Heap after GC invocations=18 (full 2):
 PSYoungGen      total 177152K, used 12528K [0x0000000795580000, 0x00000007a2e00000, 0x00000007c0000000)
  eden space 164352K, 0% used [0x0000000795580000,0x0000000795580000,0x000000079f600000)
  from space 12800K, 97% used [0x00000007a2180000,0x00000007a2dbc310,0x00000007a2e00000)
  to   space 15360K, 0% used [0x00000007a1000000,0x00000007a1000000,0x00000007a1f00000)
 ParOldGen       total 130560K, used 49092K [0x0000000740000000, 0x0000000747f80000, 0x0000000795580000)
  object space 130560K, 37% used [0x0000000740000000,0x0000000742ff1250,0x0000000747f80000)
 Metaspace       used 24627K, capacity 24921K, committed 25344K, reserved 1073152K
  class space    used 2386K, capacity 2485K, committed 2560K, reserved 1048576K
}

Deoptimization events (10 events):
Event: 104.755 Thread 0x00007fb349968800 Uncommon trap: reason=class_check action=maybe_recompile pc=0x0000000105c5f154 method=java.util.HashMap.putVal(ILjava/lang/Object;Ljava/lang/Object;ZZ)Ljava/lang/Object; @ 91
Event: 104.755 Thread 0x00007fb34a2dc800 Uncommon trap: reason=class_check action=maybe_recompile pc=0x0000000105e0ed70 method=java.awt.Component.getGraphics()Ljava/awt/Graphics; @ 114
Event: 104.755 Thread 0x00007fb34a2dc800 Uncommon trap: reason=unstable_if action=reinterpret pc=0x0000000105ed4a68 method=sun.java2d.pipe.Region.isInsideQuickCheck(Lsun/java2d/pipe/Region;)Z @ 48
Event: 104.757 Thread 0x00007fb34a8ac000 Uncommon trap: reason=class_check action=maybe_recompile pc=0x0000000105fa9440 method=com.jogamp.common.util.RunnableTask.run()V @ 24
Event: 104.760 Thread 0x00007fb34913e800 Uncommon trap: reason=unstable_if action=reinterpret pc=0x0000000105dfddc0 method=jogamp.opengl.GLContextImpl.release(Z)V @ 161
Event: 104.763 Thread 0x00007fb34913e800 Uncommon trap: reason=unstable_if action=reinterpret pc=0x00000001061d8358 method=java.util.LinkedList$ListItr.<init>(Ljava/util/LinkedList;I)V @ 26
Event: 104.765 Thread 0x00007fb34913e800 Uncommon trap: reason=unstable_if action=reinterpret pc=0x00000001061d7e84 method=java.util.LinkedList$ListItr.<init>(Ljava/util/LinkedList;I)V @ 26
Event: 104.765 Thread 0x00007fb34a2dc800 Uncommon trap: reason=unstable_if action=reinterpret pc=0x0000000105ced9b8 method=java.awt.font.FontRenderContext.equals(Ljava/awt/font/FontRenderContext;)Z @ 2
Event: 104.766 Thread 0x00007fb34a2dc800 Uncommon trap: reason=class_check action=maybe_recompile pc=0x0000000105e0ed70 method=java.awt.Component.getGraphics()Ljava/awt/Graphics; @ 114
Event: 104.769 Thread 0x00007fb34a8ac000 Uncommon trap: reason=class_check action=maybe_recompile pc=0x0000000105fa9440 method=com.jogamp.common.util.RunnableTask.run()V @ 24

Internal exceptions (10 events):
Event: 0.171 Thread 0x00007fb34a801000 Exception <a 'java/lang/NoSuchFieldError': method resolution failed> (0x00000007957d5308) thrown at [/Users/java_re/workspace/8-2-build-macosx-x86_64/jdk8u111/7883/hotspot/src/share/vm/prims/methodHandles.cpp, line 1146]
Event: 0.173 Thread 0x00007fb34a801000 Exception <a 'java/lang/NoSuchFieldError': method resolution failed> (0x00000007957e2ad8) thrown at [/Users/java_re/workspace/8-2-build-macosx-x86_64/jdk8u111/7883/hotspot/src/share/vm/prims/methodHandles.cpp, line 1146]
Event: 0.382 Thread 0x00007fb34a801000 Exception <a 'java/io/FileNotFoundException'> (0x000000079585e2a0) thrown at [/Users/java_re/workspace/8-2-build-macosx-x86_64/jdk8u111/7883/hotspot/src/share/vm/prims/jni.cpp, line 709]
Event: 0.383 Thread 0x00007fb34a801000 Exception <a 'java/io/FileNotFoundException'> (0x000000079585ee40) thrown at [/Users/java_re/workspace/8-2-build-macosx-x86_64/jdk8u111/7883/hotspot/src/share/vm/prims/jni.cpp, line 709]
Event: 0.489 Thread 0x00007fb34a801000 Exception <a 'java/io/FileNotFoundException'> (0x000000079599e2c0) thrown at [/Users/java_re/workspace/8-2-build-macosx-x86_64/jdk8u111/7883/hotspot/src/share/vm/prims/jni.cpp, line 709]
Event: 1.699 Thread 0x00007fb349ad5800 Exception <a 'java/lang/UnsatisfiedLinkError': com.jogamp.common.util.JarUtil.fixNativeLibAttribs(Ljava/lang/String;)Z> (0x0000000796c1ec08) thrown at [/Users/java_re/workspace/8-2-build-macosx-x86_64/jdk8u111/7883/hotspot/src/share/vm/prims/nativeLookup.
Event: 1.927 Thread 0x00007fb34900b000 Exception <a 'java/lang/NullPointerException'> (0x00000007956a32a8) thrown at [/Users/java_re/workspace/8-2-build-macosx-x86_64/jdk8u111/7883/hotspot/src/share/vm/interpreter/linkResolver.cpp, line 1178]
Event: 2.515 Thread 0x00007fb34913e800 Exception <a 'java/io/FileNotFoundException'> (0x000000079613e240) thrown at [/Users/java_re/workspace/8-2-build-macosx-x86_64/jdk8u111/7883/hotspot/src/share/vm/prims/jni.cpp, line 709]
Event: 2.515 Thread 0x00007fb34913e800 Exception <a 'java/io/FileNotFoundException'> (0x00000007961459c8) thrown at [/Users/java_re/workspace/8-2-build-macosx-x86_64/jdk8u111/7883/hotspot/src/share/vm/prims/jni.cpp, line 709]
Event: 2.515 Thread 0x00007fb34913e800 Implicit null exception at 0x000000010595adb4 to 0x000000010595b1e9

Events (10 events):
Event: 104.765 Thread 0x00007fb34a2dc800 DEOPT UNPACKING pc=0x00000001057a6229 sp=0x000070000175f550 mode 2
Event: 104.766 Thread 0x00007fb349968800 Thread exited: 0x00007fb349968800
Event: 104.766 loading class java/awt/Window$1DisposeAction
Event: 104.766 loading class java/awt/Window$1DisposeAction done
Event: 104.766 Thread 0x00007fb34a2dc800 Uncommon trap: trap_request=0xffffffde fr.pc=0x0000000105e0ed70
Event: 104.766 Thread 0x00007fb34a2dc800 DEOPT PACKING pc=0x0000000105e0ed70 sp=0x000070000175fb80
Event: 104.766 Thread 0x00007fb34a2dc800 DEOPT UNPACKING pc=0x00000001057a6229 sp=0x000070000175fb90 mode 2
Event: 104.769 Thread 0x00007fb34a8ac000 Uncommon trap: trap_request=0xffffffde fr.pc=0x0000000105fa9440
Event: 104.769 Thread 0x00007fb34a8ac000 DEOPT PACKING pc=0x0000000105fa9440 sp=0x00007fff5bf3f660
Event: 104.769 Thread 0x00007fb34a8ac000 DEOPT UNPACKING pc=0x00000001057a6229 sp=0x00007fff5bf3f608 mode 2


Dynamic libraries:
0x000000000ad86000 	/System/Library/Frameworks/Cocoa.framework/Versions/A/Cocoa
0x000000000ad86000 	/System/Library/Frameworks/Security.framework/Versions/A/Security
0x000000000ad86000 	/System/Library/Frameworks/ApplicationServices.framework/Versions/A/ApplicationServices
0x000000000ad86000 	/usr/lib/libz.1.dylib
0x000000000ad86000 	/usr/lib/libSystem.B.dylib
0x000000000ad86000 	/usr/lib/libobjc.A.dylib
0x000000000ad86000 	/System/Library/Frameworks/CoreFoundation.framework/Versions/A/CoreFoundation
0x000000000ad86000 	/System/Library/Frameworks/Foundation.framework/Versions/C/Foundation
0x000000000ad86000 	/System/Library/Frameworks/AppKit.framework/Versions/C/AppKit
0x000000000ad86000 	/System/Library/Frameworks/CoreData.framework/Versions/A/CoreData
0x000000000ad86000 	/System/Library/PrivateFrameworks/RemoteViewServices.framework/Versions/A/RemoteViewServices
0x000000000ad86000 	/System/Library/PrivateFrameworks/UIFoundation.framework/Versions/A/UIFoundation
0x000000000ad86000 	/usr/lib/libScreenReader.dylib
0x000000000ad86000 	/System/Library/Frameworks/Accelerate.framework/Versions/A/Accelerate
0x000000000ad86000 	/System/Library/Frameworks/IOSurface.framework/Versions/A/IOSurface
0x000000000ad86000 	/System/Library/Frameworks/AudioToolbox.framework/Versions/A/AudioToolbox
0x000000000ad86000 	/System/Library/Frameworks/AudioUnit.framework/Versions/A/AudioUnit
0x000000000ad86000 	/System/Library/PrivateFrameworks/DataDetectorsCore.framework/Versions/A/DataDetectorsCore
0x000000000ad86000 	/System/Library/PrivateFrameworks/DesktopServicesPriv.framework/Versions/A/DesktopServicesPriv
0x000000000ad86000 	/System/Library/Frameworks/Carbon.framework/Versions/A/Frameworks/HIToolbox.framework/Versions/A/HIToolbox
0x000000000ad86000 	/System/Library/Frameworks/QuartzCore.framework/Versions/A/QuartzCore
0x000000000ad86000 	/System/Library/Frameworks/Carbon.framework/Versions/A/Frameworks/SpeechRecognition.framework/Versions/A/SpeechRecognition
0x000000000ad86000 	/usr/lib/libauto.dylib
0x000000000ad86000 	/usr/lib/libicucore.A.dylib
0x000000000ad86000 	/usr/lib/libxml2.2.dylib
0x000000000ad86000 	/System/Library/PrivateFrameworks/CoreUI.framework/Versions/A/CoreUI
0x000000000ad86000 	/System/Library/Frameworks/CoreAudio.framework/Versions/A/CoreAudio
0x000000000ad86000 	/System/Library/Frameworks/DiskArbitration.framework/Versions/A/DiskArbitration
0x000000000ad86000 	/usr/lib/liblangid.dylib
0x000000000ad86000 	/System/Library/PrivateFrameworks/MultitouchSupport.framework/Versions/A/MultitouchSupport
0x000000000ad86000 	/System/Library/Frameworks/IOKit.framework/Versions/A/IOKit
0x000000000ad86000 	/usr/lib/libDiagnosticMessagesClient.dylib
0x000000000ad86000 	/System/Library/Frameworks/CoreServices.framework/Versions/A/CoreServices
0x000000000ad86000 	/System/Library/PrivateFrameworks/PerformanceAnalysis.framework/Versions/A/PerformanceAnalysis
0x000000000ad86000 	/System/Library/PrivateFrameworks/GenerationalStorage.framework/Versions/A/GenerationalStorage
0x000000000ad86000 	/System/Library/Frameworks/OpenGL.framework/Versions/A/OpenGL
0x000000000ad86000 	/System/Library/PrivateFrameworks/Sharing.framework/Versions/A/Sharing
0x000000000ad86000 	/System/Library/Frameworks/CoreGraphics.framework/Versions/A/CoreGraphics
0x000000000ad86000 	/System/Library/Frameworks/CoreImage.framework/Versions/A/CoreImage
0x000000000ad86000 	/System/Library/Frameworks/CoreText.framework/Versions/A/CoreText
0x000000000ad86000 	/System/Library/Frameworks/ImageIO.framework/Versions/A/ImageIO
0x000000000ad86000 	/System/Library/PrivateFrameworks/Backup.framework/Versions/A/Backup
0x000000000ad86000 	/usr/lib/libextension.dylib
0x000000000ad86000 	/usr/lib/libarchive.2.dylib
0x000000000ad86000 	/System/Library/Frameworks/CFNetwork.framework/Versions/A/CFNetwork
0x000000000ad86000 	/System/Library/Frameworks/SystemConfiguration.framework/Versions/A/SystemConfiguration
0x000000000ad86000 	/usr/lib/libCRFSuite.dylib
0x000000000ad86000 	/usr/lib/libc++.1.dylib
0x000000000ad86000 	/usr/lib/libc++abi.dylib
0x000000000ad86000 	/usr/lib/system/libcache.dylib
0x000000000ad86000 	/usr/lib/system/libcommonCrypto.dylib
0x000000000ad86000 	/usr/lib/system/libcompiler_rt.dylib
0x000000000ad86000 	/usr/lib/system/libcopyfile.dylib
0x000000000ad86000 	/usr/lib/system/libcorecrypto.dylib
0x000000000ad86000 	/usr/lib/system/libdispatch.dylib
0x000000000ad86000 	/usr/lib/system/libdyld.dylib
0x000000000ad86000 	/usr/lib/system/libkeymgr.dylib
0x000000000ad86000 	/usr/lib/system/liblaunch.dylib
0x000000000ad86000 	/usr/lib/system/libmacho.dylib
0x000000000ad86000 	/usr/lib/system/libquarantine.dylib
0x000000000ad86000 	/usr/lib/system/libremovefile.dylib
0x000000000ad86000 	/usr/lib/system/libsystem_asl.dylib
0x000000000ad86000 	/usr/lib/system/libsystem_blocks.dylib
0x000000000ad86000 	/usr/lib/system/libsystem_c.dylib
0x000000000ad86000 	/usr/lib/system/libsystem_configuration.dylib
0x000000000ad86000 	/usr/lib/system/libsystem_coreservices.dylib
0x000000000ad86000 	/usr/lib/system/libsystem_coretls.dylib
0x000000000ad86000 	/usr/lib/system/libsystem_dnssd.dylib
0x000000000ad86000 	/usr/lib/system/libsystem_info.dylib
0x000000000ad86000 	/usr/lib/system/libsystem_kernel.dylib
0x000000000ad86000 	/usr/lib/system/libsystem_m.dylib
0x000000000ad86000 	/usr/lib/system/libsystem_malloc.dylib
0x000000000ad86000 	/usr/lib/system/libsystem_network.dylib
0x000000000ad86000 	/usr/lib/system/libsystem_networkextension.dylib
0x000000000ad86000 	/usr/lib/system/libsystem_notify.dylib
0x000000000ad86000 	/usr/lib/system/libsystem_platform.dylib
0x000000000ad86000 	/usr/lib/system/libsystem_pthread.dylib
0x000000000ad86000 	/usr/lib/system/libsystem_sandbox.dylib
0x000000000ad86000 	/usr/lib/system/libsystem_secinit.dylib
0x000000000ad86000 	/usr/lib/system/libsystem_trace.dylib
0x000000000ad86000 	/usr/lib/system/libunc.dylib
0x000000000ad86000 	/usr/lib/system/libunwind.dylib
0x000000000ad86000 	/usr/lib/system/libxpc.dylib
0x000000000ad86000 	/usr/lib/libenergytrace.dylib
0x000000000ad86000 	/usr/lib/libbsm.0.dylib
0x000000000ad86000 	/usr/lib/system/libkxld.dylib
0x000000000ad86000 	/usr/lib/libxar.1.dylib
0x000000000ad86000 	/usr/lib/libsqlite3.dylib
0x000000000ad86000 	/usr/lib/libpam.2.dylib
0x000000000ad86000 	/usr/lib/libOpenScriptingUtil.dylib
0x000000000ad86000 	/usr/lib/libbz2.1.0.dylib
0x000000000ad86000 	/usr/lib/liblzma.5.dylib
0x000000000ad86000 	/System/Library/Frameworks/CoreServices.framework/Versions/A/Frameworks/FSEvents.framework/Versions/A/FSEvents
0x000000000ad86000 	/System/Library/Frameworks/CoreServices.framework/Versions/A/Frameworks/CarbonCore.framework/Versions/A/CarbonCore
0x000000000ad86000 	/System/Library/Frameworks/CoreServices.framework/Versions/A/Frameworks/Metadata.framework/Versions/A/Metadata
0x000000000ad86000 	/System/Library/Frameworks/CoreServices.framework/Versions/A/Frameworks/OSServices.framework/Versions/A/OSServices
0x000000000ad86000 	/System/Library/Frameworks/CoreServices.framework/Versions/A/Frameworks/SearchKit.framework/Versions/A/SearchKit
0x000000000ad86000 	/System/Library/Frameworks/CoreServices.framework/Versions/A/Frameworks/AE.framework/Versions/A/AE
0x000000000ad86000 	/System/Library/Frameworks/CoreServices.framework/Versions/A/Frameworks/LaunchServices.framework/Versions/A/LaunchServices
0x000000000ad86000 	/System/Library/Frameworks/CoreServices.framework/Versions/A/Frameworks/DictionaryServices.framework/Versions/A/DictionaryServices
0x000000000ad86000 	/System/Library/Frameworks/CoreServices.framework/Versions/A/Frameworks/SharedFileList.framework/Versions/A/SharedFileList
0x000000000ad86000 	/System/Library/Frameworks/NetFS.framework/Versions/A/NetFS
0x000000000ad86000 	/System/Library/PrivateFrameworks/NetAuth.framework/Versions/A/NetAuth
0x000000000ad86000 	/System/Library/PrivateFrameworks/login.framework/Versions/A/Frameworks/loginsupport.framework/Versions/A/loginsupport
0x000000000ad86000 	/System/Library/PrivateFrameworks/TCC.framework/Versions/A/TCC
0x000000000ad86000 	/usr/lib/libmecabra.dylib
0x000000000ad86000 	/System/Library/Frameworks/ApplicationServices.framework/Versions/A/Frameworks/ATS.framework/Versions/A/ATS
0x000000000ad86000 	/System/Library/Frameworks/ApplicationServices.framework/Versions/A/Frameworks/ColorSync.framework/Versions/A/ColorSync
0x000000000ad86000 	/System/Library/Frameworks/ApplicationServices.framework/Versions/A/Frameworks/HIServices.framework/Versions/A/HIServices
0x000000000ad86000 	/System/Library/Frameworks/ApplicationServices.framework/Versions/A/Frameworks/LangAnalysis.framework/Versions/A/LangAnalysis
0x000000000ad86000 	/System/Library/Frameworks/ApplicationServices.framework/Versions/A/Frameworks/PrintCore.framework/Versions/A/PrintCore
0x000000000ad86000 	/System/Library/Frameworks/ApplicationServices.framework/Versions/A/Frameworks/QD.framework/Versions/A/QD
0x000000000ad86000 	/System/Library/Frameworks/ApplicationServices.framework/Versions/A/Frameworks/SpeechSynthesis.framework/Versions/A/SpeechSynthesis
0x000000000ad86000 	/System/Library/Frameworks/Metal.framework/Versions/A/Metal
0x000000000ad86000 	/System/Library/Frameworks/Accelerate.framework/Versions/A/Frameworks/vImage.framework/Versions/A/vImage
0x000000000ad86000 	/System/Library/Frameworks/Accelerate.framework/Versions/A/Frameworks/vecLib.framework/Versions/A/vecLib
0x000000000ad86000 	/System/Library/Frameworks/Accelerate.framework/Versions/A/Frameworks/vecLib.framework/Versions/A/libvDSP.dylib
0x000000000ad86000 	/System/Library/Frameworks/Accelerate.framework/Versions/A/Frameworks/vecLib.framework/Versions/A/libvMisc.dylib
0x000000000ad86000 	/System/Library/Frameworks/Accelerate.framework/Versions/A/Frameworks/vecLib.framework/Versions/A/libLAPACK.dylib
0x000000000ad86000 	/System/Library/Frameworks/Accelerate.framework/Versions/A/Frameworks/vecLib.framework/Versions/A/libBLAS.dylib
0x000000000ad86000 	/System/Library/Frameworks/Accelerate.framework/Versions/A/Frameworks/vecLib.framework/Versions/A/libLinearAlgebra.dylib
0x000000000ad86000 	/System/Library/Frameworks/Accelerate.framework/Versions/A/Frameworks/vecLib.framework/Versions/A/libSparseBLAS.dylib
0x000000000ad86000 	/System/Library/PrivateFrameworks/GPUCompiler.framework/libmetal_timestamp.dylib
0x000000000ad86000 	/System/Library/Frameworks/OpenGL.framework/Versions/A/Libraries/libCoreFSCache.dylib
0x000000000ad86000 	/System/Library/PrivateFrameworks/IOAccelerator.framework/Versions/A/IOAccelerator
0x000000000ad86000 	/System/Library/Frameworks/ApplicationServices.framework/Versions/A/Frameworks/ATS.framework/Versions/A/Resources/libFontParser.dylib
0x000000000ad86000 	/System/Library/Frameworks/ApplicationServices.framework/Versions/A/Frameworks/ATS.framework/Versions/A/Resources/libFontRegistry.dylib
0x000000000ad86000 	/System/Library/PrivateFrameworks/AppleVPA.framework/Versions/A/AppleVPA
0x000000000ad86000 	/System/Library/PrivateFrameworks/AppleJPEG.framework/Versions/A/AppleJPEG
0x000000000ad86000 	/System/Library/Frameworks/ImageIO.framework/Versions/A/Resources/libJPEG.dylib
0x000000000ad86000 	/System/Library/Frameworks/ImageIO.framework/Versions/A/Resources/libTIFF.dylib
0x000000000ad86000 	/System/Library/Frameworks/ImageIO.framework/Versions/A/Resources/libPng.dylib
0x000000000ad86000 	/System/Library/Frameworks/ImageIO.framework/Versions/A/Resources/libGIF.dylib
0x000000000ad86000 	/System/Library/Frameworks/ImageIO.framework/Versions/A/Resources/libJP2.dylib
0x000000000ad86000 	/System/Library/Frameworks/ImageIO.framework/Versions/A/Resources/libRadiance.dylib
0x000000000ad86000 	/System/Library/Frameworks/CoreVideo.framework/Versions/A/CoreVideo
0x000000000ad86000 	/System/Library/Frameworks/OpenGL.framework/Versions/A/Libraries/libGLU.dylib
0x000000000ad86000 	/System/Library/Frameworks/OpenGL.framework/Versions/A/Libraries/libGFXShared.dylib
0x000000000ad86000 	/System/Library/Frameworks/OpenGL.framework/Versions/A/Libraries/libGL.dylib
0x000000000ad86000 	/System/Library/Frameworks/OpenGL.framework/Versions/A/Libraries/libGLImage.dylib
0x000000000ad86000 	/System/Library/Frameworks/OpenGL.framework/Versions/A/Libraries/libCVMSPluginSupport.dylib
0x000000000ad86000 	/System/Library/Frameworks/OpenGL.framework/Versions/A/Libraries/libCoreVMClient.dylib
0x000000000ad86000 	/usr/lib/libcompression.dylib
0x000000000ad86000 	/usr/lib/libcups.2.dylib
0x000000000ad86000 	/System/Library/Frameworks/Kerberos.framework/Versions/A/Kerberos
0x000000000ad86000 	/System/Library/Frameworks/GSS.framework/Versions/A/GSS
0x000000000ad86000 	/usr/lib/libresolv.9.dylib
0x000000000ad86000 	/usr/lib/libiconv.2.dylib
0x000000000ad86000 	/System/Library/PrivateFrameworks/Heimdal.framework/Versions/A/Heimdal
0x000000000ad86000 	/usr/lib/libheimdal-asn1.dylib
0x000000000ad86000 	/System/Library/Frameworks/OpenDirectory.framework/Versions/A/OpenDirectory
0x000000000ad86000 	/System/Library/PrivateFrameworks/CommonAuth.framework/Versions/A/CommonAuth
0x000000000ad86000 	/System/Library/Frameworks/OpenDirectory.framework/Versions/A/Frameworks/CFOpenDirectory.framework/Versions/A/CFOpenDirectory
0x000000000ad86000 	/System/Library/Frameworks/SecurityFoundation.framework/Versions/A/SecurityFoundation
0x000000000ad86000 	/System/Library/PrivateFrameworks/LanguageModeling.framework/Versions/A/LanguageModeling
0x000000000ad86000 	/usr/lib/libmarisa.dylib
0x000000000ad86000 	/usr/lib/libChineseTokenizer.dylib
0x000000000ad86000 	/usr/lib/libcmph.dylib
0x000000000ad86000 	/System/Library/Frameworks/ServiceManagement.framework/Versions/A/ServiceManagement
0x000000000ad86000 	/usr/lib/libxslt.1.dylib
0x000000000ad86000 	/System/Library/Frameworks/Carbon.framework/Versions/A/Frameworks/Ink.framework/Versions/A/Ink
0x000000000ad86000 	/usr/lib/libFosl_dynamic.dylib
0x000000000ad86000 	/System/Library/PrivateFrameworks/FaceCore.framework/Versions/A/FaceCore
0x000000000ad86000 	/System/Library/Frameworks/OpenCL.framework/Versions/A/OpenCL
0x000000000ad86000 	/System/Library/PrivateFrameworks/CrashReporterSupport.framework/Versions/A/CrashReporterSupport
0x000000000ad86000 	/System/Library/PrivateFrameworks/IconServices.framework/Versions/A/IconServices
0x000000000ad86000 	/System/Library/PrivateFrameworks/Apple80211.framework/Versions/A/Apple80211
0x000000000ad86000 	/System/Library/Frameworks/CoreWLAN.framework/Versions/A/CoreWLAN
0x000000000ad86000 	/System/Library/Frameworks/IOBluetooth.framework/Versions/A/IOBluetooth
0x000000000ad86000 	/System/Library/PrivateFrameworks/CoreWiFi.framework/Versions/A/CoreWiFi
0x000000000ad86000 	/System/Library/Frameworks/CoreBluetooth.framework/Versions/A/CoreBluetooth
0x000000000ad86000 	/System/Library/PrivateFrameworks/ChunkingLibrary.framework/Versions/A/ChunkingLibrary
0x000000000ad86000 	/System/Library/PrivateFrameworks/DebugSymbols.framework/Versions/A/DebugSymbols
0x000000000ad86000 	/System/Library/PrivateFrameworks/CoreSymbolication.framework/Versions/A/CoreSymbolication
0x000000000ad86000 	/System/Library/PrivateFrameworks/Symbolication.framework/Versions/A/Symbolication
0x000000000ad86000 	/System/Library/PrivateFrameworks/SpeechRecognitionCore.framework/Versions/A/SpeechRecognitionCore
0x0000000104800000 	/Library/Java/JavaVirtualMachines/jdk1.8.0_111.jdk/Contents/Home/jre/lib/server/libjvm.dylib
0x000000000ad86000 	/usr/lib/libstdc++.6.dylib
0x0000000103f3c000 	/Library/Java/JavaVirtualMachines/jdk1.8.0_111.jdk/Contents/Home/jre/lib/libverify.dylib
0x0000000103f4a000 	/Library/Java/JavaVirtualMachines/jdk1.8.0_111.jdk/Contents/Home/jre/lib/libjava.dylib
0x0000000103f89000 	/Library/Java/JavaVirtualMachines/jdk1.8.0_111.jdk/Contents/Home/jre/lib/libzip.dylib
0x0000000103fe3000 	/System/Library/Frameworks/JavaVM.framework/Frameworks/JavaRuntimeSupport.framework/JavaRuntimeSupport
0x000000011b0b4000 	/System/Library/Frameworks/JavaVM.framework/Versions/A/Frameworks/JavaNativeFoundation.framework/Versions/A/JavaNativeFoundation
0x000000011b0c9000 	/System/Library/Frameworks/JavaVM.framework/Versions/A/JavaVM
0x000000000ad86000 	/System/Library/Frameworks/Carbon.framework/Versions/A/Carbon
0x000000011b0d6000 	/System/Library/PrivateFrameworks/JavaLaunching.framework/Versions/A/JavaLaunching
0x000000000ad86000 	/System/Library/Frameworks/Carbon.framework/Versions/A/Frameworks/CommonPanels.framework/Versions/A/CommonPanels
0x000000000ad86000 	/System/Library/Frameworks/Carbon.framework/Versions/A/Frameworks/Help.framework/Versions/A/Help
0x000000000ad86000 	/System/Library/Frameworks/Carbon.framework/Versions/A/Frameworks/ImageCapture.framework/Versions/A/ImageCapture
0x000000000ad86000 	/System/Library/Frameworks/Carbon.framework/Versions/A/Frameworks/OpenScripting.framework/Versions/A/OpenScripting
0x000000000ad86000 	/System/Library/Frameworks/Carbon.framework/Versions/A/Frameworks/Print.framework/Versions/A/Print
0x000000000ad86000 	/System/Library/Frameworks/Carbon.framework/Versions/A/Frameworks/SecurityHI.framework/Versions/A/SecurityHI
0x000000011ca33000 	/Library/Java/JavaVirtualMachines/jdk1.8.0_111.jdk/Contents/Home/jre/lib/libawt.dylib
0x000000011cadb000 	/Library/Java/JavaVirtualMachines/jdk1.8.0_111.jdk/Contents/Home/jre/lib/./libmlib_image.dylib
0x000000011cba7000 	/Library/Java/JavaVirtualMachines/jdk1.8.0_111.jdk/Contents/Home/jre/lib/libawt_lwawt.dylib
0x000000011cc5c000 	/Library/Java/JavaVirtualMachines/jdk1.8.0_111.jdk/Contents/Home/jre/lib/./libosxapp.dylib
0x000000000ad86000 	/System/Library/Frameworks/ExceptionHandling.framework/Versions/A/ExceptionHandling
0x000000000ad86000 	/System/Library/PrivateFrameworks/CoreServicesInternal.framework/Versions/A/CoreServicesInternal
0x000000000ad86000 	/System/Library/Frameworks/CoreGraphics.framework/Versions/A/Resources/libRIP.A.dylib
0x000000000ad86000 	/System/Library/Frameworks/Accelerate.framework/Versions/A/Frameworks/vImage.framework/Versions/A/Libraries/libCGInterfaces.dylib
0x000000000ad86000 	/System/Library/Frameworks/CoreGraphics.framework/Versions/A/Resources/libCGXType.A.dylib
0x000000000ad86000 	/System/Library/Frameworks/OpenCL.framework/Versions/A/Libraries/libcldcpuengine.dylib
0x000000000ad86000 	/System/Library/PrivateFrameworks/DiskImages.framework/Versions/A/DiskImages
0x000000000ad86000 	/System/Library/Frameworks/DiscRecording.framework/Versions/A/DiscRecording
0x000000000ad86000 	/usr/lib/libcsfde.dylib
0x000000000ad86000 	/usr/lib/libcurl.4.dylib
0x000000000ad86000 	/System/Library/PrivateFrameworks/MediaKit.framework/Versions/A/MediaKit
0x000000000ad86000 	/System/Library/PrivateFrameworks/ProtectedCloudStorage.framework/Versions/A/ProtectedCloudStorage
0x000000000ad86000 	/usr/lib/libCoreStorage.dylib
0x000000000ad86000 	/System/Library/PrivateFrameworks/EFILogin.framework/Versions/A/EFILogin
0x000000000ad86000 	/usr/lib/libutil.dylib
0x000000000ad86000 	/System/Library/PrivateFrameworks/FindMyDevice.framework/Versions/A/FindMyDevice
0x000000000ad86000 	/System/Library/Frameworks/LDAP.framework/Versions/A/LDAP
0x000000000ad86000 	/usr/lib/libsasl2.2.dylib
0x000000000ad86000 	/System/Library/PrivateFrameworks/CoreDaemon.framework/Versions/B/CoreDaemon
0x000000000ad86000 	/usr/lib/libcrypto.0.9.8.dylib
0x000000000ad86000 	/System/Library/PrivateFrameworks/AppleSRP.framework/Versions/A/AppleSRP
0x000000000ad86000 	/System/Library/PrivateFrameworks/TrustEvaluationAgent.framework/Versions/A/TrustEvaluationAgent
0x000000011e8ad000 	cl_kernels
0x000000000ad86000 	/System/Library/Frameworks/OpenCL.framework/Versions/A/Libraries/ImageFormats/unorm8_bgra.dylib
0x000000000ad86000 	/System/Library/Frameworks/OpenCL.framework/Versions/A/Libraries/ImageFormats/unorm8_rgba.dylib
0x000000000ad86000 	/System/Library/PrivateFrameworks/FamilyControls.framework/Versions/A/FamilyControls
0x000000000ad86000 	/System/Library/PrivateFrameworks/CommerceKit.framework/Versions/A/Frameworks/CommerceCore.framework/Versions/A/CommerceCore
0x000000000ad86000 	/System/Library/PrivateFrameworks/SystemAdministration.framework/Versions/A/SystemAdministration
0x000000000ad86000 	/System/Library/PrivateFrameworks/AppContainer.framework/Versions/A/AppContainer
0x000000000ad86000 	/System/Library/PrivateFrameworks/SecCodeWrapper.framework/Versions/A/SecCodeWrapper
0x000000000ad86000 	/System/Library/Frameworks/DirectoryService.framework/Versions/A/DirectoryService
0x000000000ad86000 	/System/Library/PrivateFrameworks/LoginUIKit.framework/Versions/A/Frameworks/LoginUICore.framework/Versions/A/LoginUICore
0x000000000ad86000 	/usr/lib/libodfde.dylib
0x000000000ad86000 	/System/Library/Frameworks/OpenGL.framework/Versions/A/Resources/GLEngine.bundle/GLEngine
0x000000000ad86000 	/System/Library/Frameworks/OpenGL.framework/Versions/A/Libraries/libGLProgrammability.dylib
0x000000011f9ab000 	/System/Library/Extensions/AppleIntelBDWGraphicsGLDriver.bundle/Contents/MacOS/AppleIntelBDWGraphicsGLDriver
0x000000000ad86000 	/System/Library/PrivateFrameworks/GPUSupport.framework/Versions/A/Libraries/libGPUSupportMercury.dylib
0x000000000ad86000 	/System/Library/Frameworks/OpenGL.framework/Versions/A/Resources/GLRendererFloat.bundle/GLRendererFloat
0x000000012092d000 	/Library/Java/JavaVirtualMachines/jdk1.8.0_111.jdk/Contents/Home/jre/lib/libfontmanager.dylib
0x0000000121df5000 	/Library/Java/JavaVirtualMachines/jdk1.8.0_111.jdk/Contents/Home/jre/lib/libosxui.dylib
0x0000000122914000 	/Library/Java/JavaVirtualMachines/jdk1.8.0_111.jdk/Contents/Home/jre/lib/libnet.dylib
0x00000001228a4000 	/Library/Java/JavaVirtualMachines/jdk1.8.0_111.jdk/Contents/Home/jre/lib/libnio.dylib
0x000000000ad86000 	/System/Library/Frameworks/ApplicationServices.framework/Versions/A/Frameworks/ATS.framework/Versions/A/Resources/libTrueTypeScaler.dylib
0x0000000173c5a000 	/System/Library/Extensions/AppleIntelBDWGraphicsMTLDriver.bundle/Contents/MacOS/AppleIntelBDWGraphicsMTLDriver
0x0000000121b7c000 	/private/var/folders/52/pd9n1grn4_55dn11fg2xx6m40000gn/T/jogamp_0000/file_cache/jln2694528808298071323/jln8239937432592075972/libgluegen-rt.jnilib
0x0000000121b80000 	/private/var/folders/52/pd9n1grn4_55dn11fg2xx6m40000gn/T/jogamp_0000/file_cache/jln2694528808298071323/jln8239937432592075972/libnativewindow_awt.jnilib
0x000000012287a000 	/Library/Java/JavaVirtualMachines/jdk1.8.0_111.jdk/Contents/Home/jre/lib/libjawt.dylib
0x0000000173bb1000 	/private/var/folders/52/pd9n1grn4_55dn11fg2xx6m40000gn/T/jogamp_0000/file_cache/jln2694528808298071323/jln8239937432592075972/libnativewindow_macosx.jnilib
0x0000000178eda000 	/private/var/folders/52/pd9n1grn4_55dn11fg2xx6m40000gn/T/jogamp_0000/file_cache/jln2694528808298071323/jln8239937432592075972/libjogl_desktop.jnilib
0x000000011e74f000 	/Library/Java/JavaVirtualMachines/jdk1.8.0_111.jdk/Contents/Home/jre/lib/libsunec.dylib
0x00000001742da000 	/Library/Java/JavaVirtualMachines/jdk1.8.0_111.jdk/Contents/Home/jre/lib/libt2k.dylib
0x00000001799a3000 	/Library/Java/JavaVirtualMachines/jdk1.8.0_111.jdk/Contents/Home/jre/lib/libjpeg.dylib

VM Arguments:
jvm_args: -Djava.security.policy=java.policy.applet -Dfile.encoding=UTF-8 
java_command: sun.applet.AppletViewer module4.EarthquakeCityMap1495389884575.html
java_class_path (initial): /Users/dhruvsawhney/Documents/workspace/UCSDUnfoldingMaps/build:/Users/dhruvsawhney/Documents/workspace/UCSDUnfoldingMaps/lib/core.jar:/Users/dhruvsawhney/Documents/workspace/UCSDUnfoldingMaps/lib/gluegen-rt.jar:/Users/dhruvsawhney/Documents/workspace/UCSDUnfoldingMaps/lib/jogl-all.jar:/Users/dhruvsawhney/Documents/workspace/UCSDUnfoldingMaps/lib/log4j-1.2.15.jar:/Users/dhruvsawhney/Documents/workspace/UCSDUnfoldingMaps/lib/sqlite-jdbc-3.7.2.jar:/Users/dhruvsawhney/Documents/workspace/UCSDUnfoldingMaps/lib/json4processing.jar:/Users/dhruvsawhney/Documents/workspace/UCSDUnfoldingMaps/lib/libTUIO.jar:/Users/dhruvsawhney/Documents/workspace/UCSDUnfoldingMaps/lib/unfolding.0.9.7-uscd.jar
Launcher Type: SUN_STANDARD

Environment Variables:
PATH=/usr/bin:/bin:/usr/sbin:/sbin
SHELL=/bin/bash
DISPLAY=/private/tmp/com.apple.launchd.TplqWvYJlD/org.macosforge.xquartz:0

Signal Handlers:
SIGSEGV: [libjvm.dylib+0x5b03ed], sa_mask[0]=11111111011111110111111111111111, sa_flags=SA_ONSTACK|SA_RESTART|SA_SIGINFO
SIGBUS: [libjvm.dylib+0x5b03ed], sa_mask[0]=11111111011111110111111111111111, sa_flags=SA_RESTART|SA_SIGINFO
SIGFPE: [libjvm.dylib+0x48711c], sa_mask[0]=11111111011111110111111111111111, sa_flags=SA_RESTART|SA_SIGINFO
SIGPIPE: [libjvm.dylib+0x48711c], sa_mask[0]=11111111011111110111111111111111, sa_flags=SA_RESTART|SA_SIGINFO
SIGXFSZ: [libjvm.dylib+0x48711c], sa_mask[0]=11111111011111110111111111111111, sa_flags=SA_RESTART|SA_SIGINFO
SIGILL: [libjvm.dylib+0x48711c], sa_mask[0]=11111111011111110111111111111111, sa_flags=SA_RESTART|SA_SIGINFO
SIGUSR1: SIG_DFL, sa_mask[0]=00000000000000000000000000000000, sa_flags=none
SIGUSR2: [libjvm.dylib+0x486c3a], sa_mask[0]=00100000000000000000000000000000, sa_flags=SA_RESTART|SA_SIGINFO
SIGHUP: [libjvm.dylib+0x485211], sa_mask[0]=11111111011111110111111111111111, sa_flags=SA_RESTART|SA_SIGINFO
SIGINT: [libjvm.dylib+0x485211], sa_mask[0]=11111111011111110111111111111111, sa_flags=SA_RESTART|SA_SIGINFO
SIGTERM: [libjvm.dylib+0x485211], sa_mask[0]=11111111011111110111111111111111, sa_flags=SA_RESTART|SA_SIGINFO
SIGQUIT: [libjvm.dylib+0x485211], sa_mask[0]=11111111011111110111111111111111, sa_flags=SA_RESTART|SA_SIGINFO


---------------  S Y S T E M  ---------------

OS:Bsduname:Darwin 15.6.0 Darwin Kernel Version 15.6.0: Thu Sep  1 15:01:16 PDT 2016; root:xnu-3248.60.11~2/RELEASE_X86_64 x86_64
rlimit: STACK 8192k, CORE 0k, NPROC 709, NOFILE 10240, AS infinity
load average:3.36 3.60 3.26

CPU:total 4 (2 cores per cpu, 2 threads per core) family 6 model 61 stepping 4, cmov, cx8, fxsr, mmx, sse, sse2, sse3, ssse3, sse4.1, sse4.2, popcnt, avx, avx2, aes, clmul, erms, 3dnowpref, lzcnt, ht, tsc, tscinvbit, bmi1, bmi2, adx

Memory: 4k page, physical 8388608k(312312k free)

/proc/meminfo:


vm_info: Java HotSpot(TM) 64-Bit Server VM (25.111-b14) for bsd-amd64 JRE (1.8.0_111-b14), built on Sep 22 2016 15:31:41 by "java_re" with gcc 4.2.1 (Based on Apple Inc. build 5658) (LLVM build 2336.11.00)

time: Sun May 21 11:06:29 2017
elapsed time: 104 seconds (0d 0h 1m 44s)

