#
# A fatal error has been detected by the Java Runtime Environment:
#
#  SIGSEGV (0xb) at pc=0x00007fffa11ca4e9, pid=2805, tid=0x0000000000000a0b
#
# JRE version: Java(TM) SE Runtime Environment (8.0_111-b14) (build 1.8.0_111-b14)
# Java VM: Java HotSpot(TM) 64-Bit Server VM (25.111-b14 mixed mode bsd-amd64 compressed oops)
# Problematic frame:
# C  [libobjc.A.dylib+0x14e9]  objc_msgSend+0x29
#
# Failed to write core dump. Core dumps have been disabled. To enable core dumping, try "ulimit -c unlimited" before starting Java again
#
# If you would like to submit a bug report, please visit:
#   http://bugreport.java.com/bugreport/crash.jsp
# The crash happened outside the Java Virtual Machine in native code.
# See problematic frame for where to report the bug.
#

---------------  T H R E A D  ---------------

Current thread (0x00007fad5c8db000):  JavaThread "AWT-AppKit" daemon [_thread_in_native, id=2571, stack(0x00007fff53512000,0x00007fff53d12000)]

siginfo: si_signo: 11 (SIGSEGV), si_code: 1 (SEGV_MAPERR), si_addr: 0x0000012800004d78

Registers:
RAX=0x00007fad60a8ae40, RBX=0x000000017bd45450, RCX=0x00000001260c04c0, RDX=0x0000000125a28500
RSP=0x00007fff53d0d2f8, RBP=0x00007fff53d0d3b0, RSI=0x00007fff9e274cbe, RDI=0x00007fad60b1e770
R8 =0x0000000000000000, R9 =0x00000000000008b0, R10=0x0000012800004d78, R11=0x000000010e2e90d0
R12=0x0000000000000000, R13=0x0000000180bd7bf0, R14=0x000000017bd45440, R15=0x00007fad5c8db000
RIP=0x00007fffa11ca4e9, EFLAGS=0x0000000000010206, ERR=0x0000000000000004
  TRAPNO=0x000000000000000e

Top of Stack: (sp=0x00007fff53d0d2f8)
0x00007fff53d0d2f8:   000000017bd43157 00007fff53d0d350
0x00007fff53d0d308:   0000000000000003 00007fff53d0d330
0x00007fff53d0d318:   000000010cbf27be 0000000180bd7bf0
0x00007fff53d0d328:   0000000180bd7bf0 00007fad60a8ae40
0x00007fff53d0d338:   000000017bd456a0 000000017bd45710
0x00007fff53d0d348:   00007fff7f08f770 00007fff7bee2500
0x00007fff53d0d358:   000000017bd45450 000000017bd45690
0x00007fff53d0d368:   00007fad60a8ae40 00007fad60b1e770
0x00007fff53d0d378:   00007fad5be1c790 00007fad60a8ae40
0x00007fff53d0d388:   00007fad60b1e770 00007fff53d0d438
0x00007fff53d0d398:   00007fad5c8db1f8 0000000180bd7bf0
0x00007fff53d0d3a8:   00007fff53d0d460 00007fff53d0d428
0x00007fff53d0d3b8:   000000010d9b89f4 0000000180bd7bf0
0x00007fff53d0d3c8:   00007fff53d0d460 00007fff53d0d428
0x00007fff53d0d3d8:   000000010d9b8787 000000010d9b8742
0x00007fff53d0d3e8:   00007fff53d0d3e8 0000000180bd7bf0
0x00007fff53d0d3f8:   00007fff53d0d460 0000000180bfb028
0x00007fff53d0d408:   0000000000000000 0000000180bd7bf0
0x00007fff53d0d418:   0000000000000000 00007fff53d0d448
0x00007fff53d0d428:   00007fff53d0d4a8 000000010d9a92bd
0x00007fff53d0d438:   00000007405a3518 000000010d9b2538
0x00007fff53d0d448:   00007fad60a8ae40 00007fff53d0d4a8
0x00007fff53d0d458:   00007fad60b1e770 000000010d9b3e02
0x00007fff53d0d468:   00007fff53d0d468 0000000180bd7dba
0x00007fff53d0d478:   00007fff53d0d4d0 0000000180bfb028
0x00007fff53d0d488:   0000000000000000 0000000180bd7dc8
0x00007fff53d0d498:   00007fff53d0d448 00007fff53d0d4b8
0x00007fff53d0d4a8:   00007fff53d0d518 000000010d9a92bd
0x00007fff53d0d4b8:   00007fad60a8ae40 00000007403a4570
0x00007fff53d0d4c8:   00007fad60b1e770 00000007403a4570
0x00007fff53d0d4d8:   00007fff53d0d4d8 0000000183afac86
0x00007fff53d0d4e8:   00007fff53d0d528 0000000183afad40 

Instructions: (pc=0x00007fffa11ca4e9)
0x00007fffa11ca4c9:   01 2e 75 66 49 bb f8 ff ff ff ff 7f 00 00 4c 23
0x00007fffa11ca4d9:   1f 49 89 f2 45 23 53 18 49 c1 e2 04 4d 03 53 10
0x00007fffa11ca4e9:   49 3b 32 75 04 41 ff 62 08 49 83 3a 01 76 0d 49
0x00007fffa11ca4f9:   83 c2 10 49 3b 32 75 f1 41 ff 62 08 72 40 4d 8b 

Register to memory mapping:

RAX=0x00007fad60a8ae40 is an unknown value
RBX=0x000000017bd45450: Java_jogamp_nativewindow_macosx_OSXUtil_GetScreenRefreshRate0+0x1cf0 in /private/var/folders/52/pd9n1grn4_55dn11fg2xx6m40000gn/T/jogamp_0000/file_cache/jln8683772233898006813/jln4105551132894997036/libnativewindow_macosx.jnilib at 0x000000017bd3e000
RCX=0x00000001260c04c0 is an unknown value
RDX=0x0000000125a28500 is an unknown value
RSP=0x00007fff53d0d2f8 is pointing into the stack for thread: 0x00007fad5c8db000
RBP=0x00007fff53d0d3b0 is pointing into the stack for thread: 0x00007fad5c8db000
RSI=0x00007fff9e274cbe is an unknown value
RDI=0x00007fad60b1e770 is an unknown value
R8 =0x0000000000000000 is an unknown value
R9 =0x00000000000008b0 is an unknown value
R10=0x0000012800004d78 is an unknown value
R11=0x000000010e2e90d0 is at entry_point+-1136 in (nmethod*)0x000000010e2e90d0
R12=0x0000000000000000 is an unknown value
R13={method} {0x0000000180bd7bf0} 'UnsetJAWTRootSurfaceLayer0' '(JJ)V' in 'jogamp/nativewindow/jawt/macosx/MacOSXJAWTWindow'
R14=0x000000017bd45440: Java_jogamp_nativewindow_macosx_OSXUtil_GetScreenRefreshRate0+0x1ce0 in /private/var/folders/52/pd9n1grn4_55dn11fg2xx6m40000gn/T/jogamp_0000/file_cache/jln8683772233898006813/jln4105551132894997036/libnativewindow_macosx.jnilib at 0x000000017bd3e000
R15=0x00007fad5c8db000 is a thread


Stack: [0x00007fff53512000,0x00007fff53d12000],  sp=0x00007fff53d0d2f8,  free space=8172k
Native frames: (J=compiled Java code, j=interpreted, Vv=VM code, C=native code)
C  [libobjc.A.dylib+0x14e9]  objc_msgSend+0x29
j  jogamp.nativewindow.jawt.macosx.MacOSXJAWTWindow.UnsetJAWTRootSurfaceLayer0(JJ)V+0
j  jogamp.nativewindow.jawt.macosx.MacOSXJAWTWindow.access$200(JJ)V+2
j  jogamp.nativewindow.jawt.macosx.MacOSXJAWTWindow$1.run()V+38
J 2513 C1 com.jogamp.common.util.RunnableTask.run()V (345 bytes) @ 0x000000010dd7c9b4 [0x000000010dd7c820+0x194]
v  ~StubRoutines::call_stub
V  [libjvm.dylib+0x2ecf8a]  JavaCalls::call_helper(JavaValue*, methodHandle*, JavaCallArguments*, Thread*)+0x6ae
V  [libjvm.dylib+0x324119]  jni_invoke_nonstatic(JNIEnv_*, JavaValue*, _jobject*, JNICallType, _jmethodID*, JNI_ArgumentPusher*, Thread*)+0x2ec
V  [libjvm.dylib+0x3168e7]  jni_CallVoidMethod+0x16b
C  [libnativewindow_macosx.jnilib+0x5326]  Java_jogamp_nativewindow_jawt_macosx_MacOSXJAWTWindow_UnsetJAWTRootSurfaceLayer0+0x2b6
C  [Foundation+0x76fde]  __NSThreadPerformPerform+0x117
C  [CoreFoundation+0xaa7e1]  __CFRUNLOOP_IS_CALLING_OUT_TO_A_SOURCE0_PERFORM_FUNCTION__+0x11
C  [CoreFoundation+0x89f1c]  __CFRunLoopDoSources0+0x22c
C  [CoreFoundation+0x8943f]  __CFRunLoopRun+0x39f
C  [CoreFoundation+0x88e38]  CFRunLoopRunSpecific+0x128
C  [HIToolbox+0x30935]  RunCurrentEventLoopInMode+0xeb
C  [HIToolbox+0x30677]  ReceiveNextEventCommon+0xb8
C  [HIToolbox+0x305af]  _BlockUntilNextEventMatchingListInModeWithFilter+0x47
C  [AppKit+0x48df6]  _DPSNextEvent+0x42b
C  [AppKit+0x48226]  -[NSApplication _nextEventMatchingEventMask:untilDate:inMode:dequeue:]+0x1c6
C  [libosxapp.dylib+0x23aa]  -[NSApplicationAWT nextEventMatchingMask:untilDate:inMode:dequeue:]+0x7c
C  [AppKit+0x3cd80]  -[NSApplication run]+0x2aa
C  [libosxapp.dylib+0x214d]  +[NSApplicationAWT runAWTLoopWithApp:]+0x9c
C  [libawt_lwawt.dylib+0x444b3]  -[AWTStarter starter:]+0x389
C  [Foundation+0x76fde]  __NSThreadPerformPerform+0x117
C  [CoreFoundation+0xaa7e1]  __CFRUNLOOP_IS_CALLING_OUT_TO_A_SOURCE0_PERFORM_FUNCTION__+0x11
C  [CoreFoundation+0x89f1c]  __CFRunLoopDoSources0+0x22c
C  [CoreFoundation+0x8943f]  __CFRunLoopRun+0x39f
C  [CoreFoundation+0x88e38]  CFRunLoopRunSpecific+0x128
C  [java+0x6465]  CreateExecutionEnvironment+0x367
C  [java+0x218c]  JLI_Launch+0x7a0
C  [java+0x84c2]  main+0x65
C  [java+0x19e4]  start+0x34
C  0x0000000000000007

Java frames: (J=compiled Java code, j=interpreted, Vv=VM code)
j  jogamp.nativewindow.jawt.macosx.MacOSXJAWTWindow.UnsetJAWTRootSurfaceLayer0(JJ)V+0
j  jogamp.nativewindow.jawt.macosx.MacOSXJAWTWindow.access$200(JJ)V+2
j  jogamp.nativewindow.jawt.macosx.MacOSXJAWTWindow$1.run()V+38
J 2513 C1 com.jogamp.common.util.RunnableTask.run()V (345 bytes) @ 0x000000010dd7c9b4 [0x000000010dd7c820+0x194]
v  ~StubRoutines::call_stub

---------------  P R O C E S S  ---------------

Java Threads: ( => current thread )
  0x00007fad5d0a9800 JavaThread "Thread-242" [_thread_blocked, id=34183, stack(0x0000700001a71000,0x0000700001b71000)]
  0x00007fad5d38c800 JavaThread "Image Fetcher 3" daemon [_thread_blocked, id=62215, stack(0x0000700002289000,0x0000700002389000)]
  0x00007fad5d128000 JavaThread "Image Fetcher 2" daemon [_thread_blocked, id=5019, stack(0x0000700002186000,0x0000700002286000)]
  0x00007fad5da53000 JavaThread "Image Fetcher 1" daemon [_thread_blocked, id=27427, stack(0x0000700002083000,0x0000700002183000)]
  0x00007fad5d3b6800 JavaThread "Image Fetcher 0" daemon [_thread_blocked, id=23899, stack(0x0000700001f80000,0x0000700002080000)]
  0x00007fad5c8e0000 JavaThread "Keep-Alive-Timer" daemon [_thread_blocked, id=13647, stack(0x0000700001e7d000,0x0000700001f7d000)]
  0x00007fad5c351000 JavaThread "AWT-EventQueue-1" [_thread_in_native, id=58911, stack(0x0000700001868000,0x0000700001968000)]
  0x00007fad5d805800 JavaThread "DestroyJavaVM" [_thread_blocked, id=5891, stack(0x000070000011a000,0x000070000021a000)]
  0x00007fad5c196800 JavaThread "AWT-EventQueue-0" [_thread_blocked, id=54023, stack(0x0000700001662000,0x0000700001762000)]
  0x00007fad5c169000 JavaThread "Java2D Disposer" daemon [_thread_blocked, id=52995, stack(0x00007000013d9000,0x00007000014d9000)]
  0x00007fad5d1f9000 JavaThread "Java2D Queue Flusher" daemon [_thread_blocked, id=49927, stack(0x00007000012d6000,0x00007000013d6000)]
  0x00007fad5d8a2800 JavaThread "AWT-Shutdown" [_thread_blocked, id=30759, stack(0x0000700001150000,0x0000700001250000)]
=>0x00007fad5c8db000 JavaThread "AWT-AppKit" daemon [_thread_in_native, id=2571, stack(0x00007fff53512000,0x00007fff53d12000)]
  0x00007fad5d030800 JavaThread "Service Thread" daemon [_thread_blocked, id=18947, stack(0x0000700000ec7000,0x0000700000fc7000)]
  0x00007fad5d030000 JavaThread "C1 CompilerThread2" daemon [_thread_blocked, id=18435, stack(0x0000700000dc4000,0x0000700000ec4000)]
  0x00007fad5d025000 JavaThread "C2 CompilerThread1" daemon [_thread_blocked, id=17923, stack(0x0000700000cc1000,0x0000700000dc1000)]
  0x00007fad5d810000 JavaThread "C2 CompilerThread0" daemon [_thread_blocked, id=17411, stack(0x0000700000bbe000,0x0000700000cbe000)]
  0x00007fad5d80e800 JavaThread "Signal Dispatcher" daemon [_thread_blocked, id=16663, stack(0x0000700000abb000,0x0000700000bbb000)]
  0x00007fad5d002000 JavaThread "Finalizer" daemon [_thread_blocked, id=12291, stack(0x000070000082f000,0x000070000092f000)]
  0x00007fad5c813800 JavaThread "Reference Handler" daemon [_thread_blocked, id=11779, stack(0x000070000072c000,0x000070000082c000)]

Other Threads:
  0x00007fad5c80f000 VMThread [stack: 0x0000700000629000,0x0000700000729000] [id=11267]
  0x00007fad5d800000 WatcherThread [stack: 0x0000700000fca000,0x00007000010ca000] [id=19459]

VM state:not at safepoint (normal execution)

VM Mutex/Monitor currently owned by a thread: None

Heap:
 PSYoungGen      total 107008K, used 81059K [0x0000000795580000, 0x000000079e480000, 0x00000007c0000000)
  eden space 81408K, 68% used [0x0000000795580000,0x0000000798bcc768,0x000000079a500000)
  from space 25600K, 99% used [0x000000079c180000,0x000000079da5c680,0x000000079da80000)
  to   space 29184K, 0% used [0x000000079a500000,0x000000079a500000,0x000000079c180000)
 ParOldGen       total 68096K, used 50102K [0x0000000740000000, 0x0000000744280000, 0x0000000795580000)
  object space 68096K, 73% used [0x0000000740000000,0x00000007430edad0,0x0000000744280000)
 Metaspace       used 24393K, capacity 24649K, committed 24832K, reserved 1071104K
  class space    used 2381K, capacity 2483K, committed 2560K, reserved 1048576K

Card table byte_map: [0x000000011cd61000,0x000000011d162000] byte_map_base: 0x0000000119361000

Marking Bits: (ParMarkBitMap*) 0x000000010d2efd20
 Begin Bits: [0x000000011d40d000, 0x000000011f40d000)
 End Bits:   [0x000000011f40d000, 0x000000012140d000)

Polling page: 0x000000010c1b1000

CodeCache: size=245760Kb used=10378Kb max_used=10436Kb free=235381Kb
 bounds [0x000000010d9a1000, 0x000000010e3f1000, 0x000000011c9a1000]
 total_blobs=3925 nmethods=3003 adapters=835
 compilation: enabled

Compilation events (10 events):
Event: 38.586 Thread 0x00007fad5d030000 nmethod 3498 0x000000010e2edb10 code [0x000000010e2ede00, 0x000000010e2ef528]
Event: 38.587 Thread 0x00007fad5d030000 3499       3       sun.misc.URLClassPath$JarLoader$2::getCodeSigners (8 bytes)
Event: 38.587 Thread 0x00007fad5d030000 nmethod 3499 0x000000010e1a1d10 code [0x000000010e1a1e80, 0x000000010e1a20a8]
Event: 38.587 Thread 0x00007fad5d030000 3500   !   3       java.util.jar.JarFile$JarFileEntry::getCodeSigners (78 bytes)
Event: 38.587 Thread 0x00007fad5d030000 nmethod 3500 0x000000010e3b5810 code [0x000000010e3b59e0, 0x000000010e3b5ff8]
Event: 38.591 Thread 0x00007fad5d810000 nmethod 3497 0x000000010e13de50 code [0x000000010e13dfc0, 0x000000010e13e738]
Event: 38.593 Thread 0x00007fad5d025000 3501       4       com.jogamp.nativewindow.awt.JAWTWindow::getGraphicsConfiguration (8 bytes)
Event: 38.593 Thread 0x00007fad5d025000 nmethod 3501 0x000000010e13db90 code [0x000000010e13dce0, 0x000000010e13dd78]
Event: 38.594 Thread 0x00007fad5d030000 3502   !   3       sun.misc.URLClassPath$JarLoader::getResource (349 bytes)
Event: 38.597 Thread 0x00007fad5d030000 nmethod 3502 0x000000010e2e90d0 code [0x000000010e2e9540, 0x000000010e2eba98]

GC Heap History (10 events):
Event: 22.267 GC heap before
{Heap before GC invocations=9 (full 1):
 PSYoungGen      total 66048K, used 65645K [0x0000000795580000, 0x000000079b200000, 0x00000007c0000000)
  eden space 53760K, 99% used [0x0000000795580000,0x00000007989c7390,0x0000000798a00000)
  from space 12288K, 98% used [0x0000000798a00000,0x00000007995d4300,0x0000000799600000)
  to   space 13824K, 0% used [0x000000079a480000,0x000000079a480000,0x000000079b200000)
 ParOldGen       total 68096K, used 22028K [0x0000000740000000, 0x0000000744280000, 0x0000000795580000)
  object space 68096K, 32% used [0x0000000740000000,0x0000000741583000,0x0000000744280000)
 Metaspace       used 24222K, capacity 24521K, committed 24832K, reserved 1071104K
  class space    used 2372K, capacity 2483K, committed 2560K, reserved 1048576K
Event: 22.278 GC heap after
Heap after GC invocations=9 (full 1):
 PSYoungGen      total 79360K, used 13744K [0x0000000795580000, 0x000000079b680000, 0x00000007c0000000)
  eden space 65536K, 0% used [0x0000000795580000,0x0000000795580000,0x0000000799580000)
  from space 13824K, 99% used [0x000000079a480000,0x000000079b1ec380,0x000000079b200000)
  to   space 15360K, 0% used [0x0000000799580000,0x0000000799580000,0x000000079a480000)
 ParOldGen       total 68096K, used 27412K [0x0000000740000000, 0x0000000744280000, 0x0000000795580000)
  object space 68096K, 40% used [0x0000000740000000,0x0000000741ac5150,0x0000000744280000)
 Metaspace       used 24222K, capacity 24521K, committed 24832K, reserved 1071104K
  class space    used 2372K, capacity 2483K, committed 2560K, reserved 1048576K
}
Event: 24.721 GC heap before
{Heap before GC invocations=10 (full 1):
 PSYoungGen      total 79360K, used 79280K [0x0000000795580000, 0x000000079b680000, 0x00000007c0000000)
  eden space 65536K, 100% used [0x0000000795580000,0x0000000799580000,0x0000000799580000)
  from space 13824K, 99% used [0x000000079a480000,0x000000079b1ec380,0x000000079b200000)
  to   space 15360K, 0% used [0x0000000799580000,0x0000000799580000,0x000000079a480000)
 ParOldGen       total 68096K, used 27412K [0x0000000740000000, 0x0000000744280000, 0x0000000795580000)
  object space 68096K, 40% used [0x0000000740000000,0x0000000741ac5150,0x0000000744280000)
 Metaspace       used 24250K, capacity 24521K, committed 24832K, reserved 1071104K
  class space    used 2372K, capacity 2483K, committed 2560K, reserved 1048576K
Event: 24.731 GC heap after
Heap after GC invocations=10 (full 1):
 PSYoungGen      total 80896K, used 15344K [0x0000000795580000, 0x000000079c700000, 0x00000007c0000000)
  eden space 65536K, 0% used [0x0000000795580000,0x0000000795580000,0x0000000799580000)
  from space 15360K, 99% used [0x0000000799580000,0x000000079a47c3e0,0x000000079a480000)
  to   space 19968K, 0% used [0x000000079b380000,0x000000079b380000,0x000000079c700000)
 ParOldGen       total 68096K, used 34332K [0x0000000740000000, 0x0000000744280000, 0x0000000795580000)
  object space 68096K, 50% used [0x0000000740000000,0x0000000742187300,0x0000000744280000)
 Metaspace       used 24250K, capacity 24521K, committed 24832K, reserved 1071104K
  class space    used 2372K, capacity 2483K, committed 2560K, reserved 1048576K
}
Event: 29.846 GC heap before
{Heap before GC invocations=11 (full 1):
 PSYoungGen      total 80896K, used 80880K [0x0000000795580000, 0x000000079c700000, 0x00000007c0000000)
  eden space 65536K, 100% used [0x0000000795580000,0x0000000799580000,0x0000000799580000)
  from space 15360K, 99% used [0x0000000799580000,0x000000079a47c3e0,0x000000079a480000)
  to   space 19968K, 0% used [0x000000079b380000,0x000000079b380000,0x000000079c700000)
 ParOldGen       total 68096K, used 34332K [0x0000000740000000, 0x0000000744280000, 0x0000000795580000)
  object space 68096K, 50% used [0x0000000740000000,0x0000000742187300,0x0000000744280000)
 Metaspace       used 24283K, capacity 24585K, committed 24832K, reserved 1071104K
  class space    used 2372K, capacity 2483K, committed 2560K, reserved 1048576K
Event: 29.859 GC heap after
Heap after GC invocations=11 (full 1):
 PSYoungGen      total 93696K, used 19937K [0x0000000795580000, 0x000000079cb80000, 0x00000007c0000000)
  eden space 73728K, 0% used [0x0000000795580000,0x0000000795580000,0x0000000799d80000)
  from space 19968K, 99% used [0x000000079b380000,0x000000079c6f84f0,0x000000079c700000)
  to   space 22528K, 0% used [0x0000000799d80000,0x0000000799d80000,0x000000079b380000)
 ParOldGen       total 68096K, used 35116K [0x0000000740000000, 0x0000000744280000, 0x0000000795580000)
  object space 68096K, 51% used [0x0000000740000000,0x000000074224b330,0x0000000744280000)
 Metaspace       used 24283K, capacity 24585K, committed 24832K, reserved 1071104K
  class space    used 2372K, capacity 2483K, committed 2560K, reserved 1048576K
}
Event: 32.857 GC heap before
{Heap before GC invocations=12 (full 1):
 PSYoungGen      total 93696K, used 93638K [0x0000000795580000, 0x000000079cb80000, 0x00000007c0000000)
  eden space 73728K, 99% used [0x0000000795580000,0x0000000799d79518,0x0000000799d80000)
  from space 19968K, 99% used [0x000000079b380000,0x000000079c6f84f0,0x000000079c700000)
  to   space 22528K, 0% used [0x0000000799d80000,0x0000000799d80000,0x000000079b380000)
 ParOldGen       total 68096K, used 35116K [0x0000000740000000, 0x0000000744280000, 0x0000000795580000)
  object space 68096K, 51% used [0x0000000740000000,0x000000074224b330,0x0000000744280000)
 Metaspace       used 24293K, capacity 24585K, committed 24832K, reserved 1071104K
  class space    used 2372K, capacity 2483K, committed 2560K, reserved 1048576K
Event: 32.868 GC heap after
Heap after GC invocations=12 (full 1):
 PSYoungGen      total 96256K, used 22433K [0x0000000795580000, 0x000000079da80000, 0x00000007c0000000)
  eden space 73728K, 0% used [0x0000000795580000,0x0000000795580000,0x0000000799d80000)
  from space 22528K, 99% used [0x0000000799d80000,0x000000079b3685b0,0x000000079b380000)
  to   space 25600K, 0% used [0x000000079c180000,0x000000079c180000,0x000000079da80000)
 ParOldGen       total 68096K, used 42157K [0x0000000740000000, 0x0000000744280000, 0x0000000795580000)
  object space 68096K, 61% used [0x0000000740000000,0x000000074292b4d0,0x0000000744280000)
 Metaspace       used 24293K, capacity 24585K, committed 24832K, reserved 1071104K
  class space    used 2372K, capacity 2483K, committed 2560K, reserved 1048576K
}
Event: 34.478 GC heap before
{Heap before GC invocations=13 (full 1):
 PSYoungGen      total 96256K, used 96161K [0x0000000795580000, 0x000000079da80000, 0x00000007c0000000)
  eden space 73728K, 100% used [0x0000000795580000,0x0000000799d80000,0x0000000799d80000)
  from space 22528K, 99% used [0x0000000799d80000,0x000000079b3685b0,0x000000079b380000)
  to   space 25600K, 0% used [0x000000079c180000,0x000000079c180000,0x000000079da80000)
 ParOldGen       total 68096K, used 42158K [0x0000000740000000, 0x0000000744280000, 0x0000000795580000)
  object space 68096K, 61% used [0x0000000740000000,0x000000074292b8e0,0x0000000744280000)
 Metaspace       used 24333K, capacity 24649K, committed 24832K, reserved 1071104K
  class space    used 2372K, capacity 2483K, committed 2560K, reserved 1048576K
Event: 34.496 GC heap after
Heap after GC invocations=13 (full 1):
 PSYoungGen      total 107008K, used 25457K [0x0000000795580000, 0x000000079e480000, 0x00000007c0000000)
  eden space 81408K, 0% used [0x0000000795580000,0x0000000795580000,0x000000079a500000)
  from space 25600K, 99% used [0x000000079c180000,0x000000079da5c680,0x000000079da80000)
  to   space 29184K, 0% used [0x000000079a500000,0x000000079a500000,0x000000079c180000)
 ParOldGen       total 68096K, used 50102K [0x0000000740000000, 0x0000000744280000, 0x0000000795580000)
  object space 68096K, 73% used [0x0000000740000000,0x00000007430edad0,0x0000000744280000)
 Metaspace       used 24333K, capacity 24649K, committed 24832K, reserved 1071104K
  class space    used 2372K, capacity 2483K, committed 2560K, reserved 1048576K
}

Deoptimization events (10 events):
Event: 38.550 Thread 0x00007fad5c196800 Uncommon trap: reason=unstable_if action=reinterpret pc=0x000000010e31b338 method=java.awt.EventQueue.getPriority(Ljava/awt/AWTEvent;)I @ 71
Event: 38.550 Thread 0x00007fad5c351000 Uncommon trap: reason=unstable_if action=reinterpret pc=0x000000010dab38e8 method=com.jogamp.common.util.VersionNumber.compareTo(Lcom/jogamp/common/util/VersionNumber;)I @ 21
Event: 38.551 Thread 0x00007fad5c351000 Uncommon trap: reason=unstable_if action=reinterpret pc=0x000000010e3a60cc method=java.awt.EventQueue.uncacheEQItem(Lsun/awt/EventQueueItem;)V @ 23
Event: 38.552 Thread 0x00007fad5c196800 Uncommon trap: reason=unstable_if action=reinterpret pc=0x000000010e3bff54 method=sun.java2d.pipe.Region.intersectsQuickCheck(Lsun/java2d/pipe/Region;)Z @ 41
Event: 38.581 Thread 0x00007fad5c982800 Uncommon trap: reason=class_check action=maybe_recompile pc=0x000000010dde925c method=java.util.HashMap.putVal(ILjava/lang/Object;Ljava/lang/Object;ZZ)Ljava/lang/Object; @ 91
Event: 38.581 Thread 0x00007fad5c982800 Uncommon trap: reason=class_check action=maybe_recompile pc=0x000000010dde925c method=java.util.HashMap.putVal(ILjava/lang/Object;Ljava/lang/Object;ZZ)Ljava/lang/Object; @ 91
Event: 38.581 Thread 0x00007fad5c982800 Uncommon trap: reason=class_check action=maybe_recompile pc=0x000000010ddb0a40 method=java.util.HashMap.putVal(ILjava/lang/Object;Ljava/lang/Object;ZZ)Ljava/lang/Object; @ 91
Event: 38.595 Thread 0x00007fad5c351000 Uncommon trap: reason=unstable_if action=reinterpret pc=0x000000010e1ba318 method=java.util.LinkedList$ListItr.<init>(Ljava/util/LinkedList;I)V @ 26
Event: 38.595 Thread 0x00007fad5c351000 Uncommon trap: reason=unstable_if action=reinterpret pc=0x000000010e05665c method=java.security.AccessControlContext.optimize()Ljava/security/AccessControlContext; @ 233
Event: 38.596 Thread 0x00007fad5c351000 Uncommon trap: reason=unstable_if action=reinterpret pc=0x000000010e12b184 method=java.util.LinkedList$ListItr.<init>(Ljava/util/LinkedList;I)V @ 26

Internal exceptions (10 events):
Event: 0.150 Thread 0x00007fad5d805800 Exception <a 'java/lang/NoSuchFieldError': method resolution failed> (0x00000007957d5308) thrown at [/Users/java_re/workspace/8-2-build-macosx-x86_64/jdk8u111/7883/hotspot/src/share/vm/prims/methodHandles.cpp, line 1146]
Event: 0.151 Thread 0x00007fad5d805800 Exception <a 'java/lang/NoSuchFieldError': method resolution failed> (0x00000007957e2ad8) thrown at [/Users/java_re/workspace/8-2-build-macosx-x86_64/jdk8u111/7883/hotspot/src/share/vm/prims/methodHandles.cpp, line 1146]
Event: 0.311 Thread 0x00007fad5d805800 Exception <a 'java/io/FileNotFoundException'> (0x000000079585e2a0) thrown at [/Users/java_re/workspace/8-2-build-macosx-x86_64/jdk8u111/7883/hotspot/src/share/vm/prims/jni.cpp, line 709]
Event: 0.311 Thread 0x00007fad5d805800 Exception <a 'java/io/FileNotFoundException'> (0x000000079585ee40) thrown at [/Users/java_re/workspace/8-2-build-macosx-x86_64/jdk8u111/7883/hotspot/src/share/vm/prims/jni.cpp, line 709]
Event: 0.405 Thread 0x00007fad5d805800 Exception <a 'java/io/FileNotFoundException'> (0x000000079599e2c0) thrown at [/Users/java_re/workspace/8-2-build-macosx-x86_64/jdk8u111/7883/hotspot/src/share/vm/prims/jni.cpp, line 709]
Event: 1.572 Thread 0x00007fad5d2a7000 Exception <a 'java/lang/UnsatisfiedLinkError': com.jogamp.common.util.JarUtil.fixNativeLibAttribs(Ljava/lang/String;)Z> (0x0000000796b961f0) thrown at [/Users/java_re/workspace/8-2-build-macosx-x86_64/jdk8u111/7883/hotspot/src/share/vm/prims/nativeLookup.
Event: 1.815 Thread 0x00007fad5d002000 Exception <a 'java/lang/NullPointerException'> (0x00000007956a48a0) thrown at [/Users/java_re/workspace/8-2-build-macosx-x86_64/jdk8u111/7883/hotspot/src/share/vm/interpreter/linkResolver.cpp, line 1178]
Event: 2.375 Thread 0x00007fad5c351000 Exception <a 'java/io/FileNotFoundException'> (0x00000007960d0c50) thrown at [/Users/java_re/workspace/8-2-build-macosx-x86_64/jdk8u111/7883/hotspot/src/share/vm/prims/jni.cpp, line 709]
Event: 2.376 Thread 0x00007fad5c351000 Exception <a 'java/io/FileNotFoundException'> (0x00000007960d83e8) thrown at [/Users/java_re/workspace/8-2-build-macosx-x86_64/jdk8u111/7883/hotspot/src/share/vm/prims/jni.cpp, line 709]
Event: 2.376 Thread 0x00007fad5c351000 Implicit null exception at 0x000000010db50574 to 0x000000010db5096d

Events (10 events):
Event: 38.595 Executing VM operation: Deoptimize
Event: 38.596 Executing VM operation: Deoptimize done
Event: 38.596 loading class java/awt/Toolkit$ToolkitEventMulticaster
Event: 38.596 loading class java/awt/Toolkit$ToolkitEventMulticaster done
Event: 38.596 Thread 0x00007fad5c351000 Uncommon trap: trap_request=0xffffff65 fr.pc=0x000000010e12b184
Event: 38.596 Thread 0x00007fad5c351000 DEOPT PACKING pc=0x000000010e12b184 sp=0x0000700001965950
Event: 38.596 Thread 0x00007fad5c351000 DEOPT UNPACKING pc=0x000000010d9a6229 sp=0x00007000019658a8 mode 2
Event: 38.597 Thread 0x00007fad5c982800 Thread exited: 0x00007fad5c982800
Event: 38.597 loading class java/awt/Window$1DisposeAction
Event: 38.597 loading class java/awt/Window$1DisposeAction done


Dynamic libraries:
0x000000000ad86000 	/System/Library/Frameworks/Cocoa.framework/Versions/A/Cocoa
0x000000000ad86000 	/System/Library/Frameworks/Security.framework/Versions/A/Security
0x000000000ad86000 	/System/Library/Frameworks/ApplicationServices.framework/Versions/A/ApplicationServices
0x000000000ad86000 	/usr/lib/libz.1.dylib
0x000000000ad86000 	/usr/lib/libSystem.B.dylib
0x000000000ad86000 	/usr/lib/libobjc.A.dylib
0x000000000ad86000 	/System/Library/Frameworks/CoreFoundation.framework/Versions/A/CoreFoundation
0x000000000ad86000 	/System/Library/Frameworks/Foundation.framework/Versions/C/Foundation
0x000000000ad86000 	/System/Library/Frameworks/AppKit.framework/Versions/C/AppKit
0x000000000ad86000 	/System/Library/Frameworks/CoreData.framework/Versions/A/CoreData
0x000000000ad86000 	/System/Library/PrivateFrameworks/RemoteViewServices.framework/Versions/A/RemoteViewServices
0x000000000ad86000 	/System/Library/PrivateFrameworks/UIFoundation.framework/Versions/A/UIFoundation
0x000000000ad86000 	/usr/lib/libScreenReader.dylib
0x000000000ad86000 	/System/Library/Frameworks/Accelerate.framework/Versions/A/Accelerate
0x000000000ad86000 	/System/Library/Frameworks/IOSurface.framework/Versions/A/IOSurface
0x000000000ad86000 	/System/Library/Frameworks/AudioToolbox.framework/Versions/A/AudioToolbox
0x000000000ad86000 	/System/Library/Frameworks/AudioUnit.framework/Versions/A/AudioUnit
0x000000000ad86000 	/System/Library/PrivateFrameworks/DataDetectorsCore.framework/Versions/A/DataDetectorsCore
0x000000000ad86000 	/System/Library/PrivateFrameworks/DesktopServicesPriv.framework/Versions/A/DesktopServicesPriv
0x000000000ad86000 	/System/Library/Frameworks/Carbon.framework/Versions/A/Frameworks/HIToolbox.framework/Versions/A/HIToolbox
0x000000000ad86000 	/System/Library/Frameworks/QuartzCore.framework/Versions/A/QuartzCore
0x000000000ad86000 	/System/Library/Frameworks/Carbon.framework/Versions/A/Frameworks/SpeechRecognition.framework/Versions/A/SpeechRecognition
0x000000000ad86000 	/usr/lib/libauto.dylib
0x000000000ad86000 	/usr/lib/libicucore.A.dylib
0x000000000ad86000 	/usr/lib/libxml2.2.dylib
0x000000000ad86000 	/System/Library/PrivateFrameworks/CoreUI.framework/Versions/A/CoreUI
0x000000000ad86000 	/System/Library/Frameworks/CoreAudio.framework/Versions/A/CoreAudio
0x000000000ad86000 	/System/Library/Frameworks/DiskArbitration.framework/Versions/A/DiskArbitration
0x000000000ad86000 	/usr/lib/liblangid.dylib
0x000000000ad86000 	/System/Library/PrivateFrameworks/MultitouchSupport.framework/Versions/A/MultitouchSupport
0x000000000ad86000 	/System/Library/Frameworks/IOKit.framework/Versions/A/IOKit
0x000000000ad86000 	/usr/lib/libDiagnosticMessagesClient.dylib
0x000000000ad86000 	/System/Library/Frameworks/CoreServices.framework/Versions/A/CoreServices
0x000000000ad86000 	/System/Library/PrivateFrameworks/PerformanceAnalysis.framework/Versions/A/PerformanceAnalysis
0x000000000ad86000 	/System/Library/PrivateFrameworks/GenerationalStorage.framework/Versions/A/GenerationalStorage
0x000000000ad86000 	/System/Library/Frameworks/OpenGL.framework/Versions/A/OpenGL
0x000000000ad86000 	/System/Library/PrivateFrameworks/Sharing.framework/Versions/A/Sharing
0x000000000ad86000 	/System/Library/Frameworks/CoreGraphics.framework/Versions/A/CoreGraphics
0x000000000ad86000 	/System/Library/Frameworks/CoreImage.framework/Versions/A/CoreImage
0x000000000ad86000 	/System/Library/Frameworks/CoreText.framework/Versions/A/CoreText
0x000000000ad86000 	/System/Library/Frameworks/ImageIO.framework/Versions/A/ImageIO
0x000000000ad86000 	/System/Library/PrivateFrameworks/Backup.framework/Versions/A/Backup
0x000000000ad86000 	/usr/lib/libextension.dylib
0x000000000ad86000 	/usr/lib/libarchive.2.dylib
0x000000000ad86000 	/System/Library/Frameworks/CFNetwork.framework/Versions/A/CFNetwork
0x000000000ad86000 	/System/Library/Frameworks/SystemConfiguration.framework/Versions/A/SystemConfiguration
0x000000000ad86000 	/usr/lib/libCRFSuite.dylib
0x000000000ad86000 	/usr/lib/libc++.1.dylib
0x000000000ad86000 	/usr/lib/libc++abi.dylib
0x000000000ad86000 	/usr/lib/system/libcache.dylib
0x000000000ad86000 	/usr/lib/system/libcommonCrypto.dylib
0x000000000ad86000 	/usr/lib/system/libcompiler_rt.dylib
0x000000000ad86000 	/usr/lib/system/libcopyfile.dylib
0x000000000ad86000 	/usr/lib/system/libcorecrypto.dylib
0x000000000ad86000 	/usr/lib/system/libdispatch.dylib
0x000000000ad86000 	/usr/lib/system/libdyld.dylib
0x000000000ad86000 	/usr/lib/system/libkeymgr.dylib
0x000000000ad86000 	/usr/lib/system/liblaunch.dylib
0x000000000ad86000 	/usr/lib/system/libmacho.dylib
0x000000000ad86000 	/usr/lib/system/libquarantine.dylib
0x000000000ad86000 	/usr/lib/system/libremovefile.dylib
0x000000000ad86000 	/usr/lib/system/libsystem_asl.dylib
0x000000000ad86000 	/usr/lib/system/libsystem_blocks.dylib
0x000000000ad86000 	/usr/lib/system/libsystem_c.dylib
0x000000000ad86000 	/usr/lib/system/libsystem_configuration.dylib
0x000000000ad86000 	/usr/lib/system/libsystem_coreservices.dylib
0x000000000ad86000 	/usr/lib/system/libsystem_coretls.dylib
0x000000000ad86000 	/usr/lib/system/libsystem_dnssd.dylib
0x000000000ad86000 	/usr/lib/system/libsystem_info.dylib
0x000000000ad86000 	/usr/lib/system/libsystem_kernel.dylib
0x000000000ad86000 	/usr/lib/system/libsystem_m.dylib
0x000000000ad86000 	/usr/lib/system/libsystem_malloc.dylib
0x000000000ad86000 	/usr/lib/system/libsystem_network.dylib
0x000000000ad86000 	/usr/lib/system/libsystem_networkextension.dylib
0x000000000ad86000 	/usr/lib/system/libsystem_notify.dylib
0x000000000ad86000 	/usr/lib/system/libsystem_platform.dylib
0x000000000ad86000 	/usr/lib/system/libsystem_pthread.dylib
0x000000000ad86000 	/usr/lib/system/libsystem_sandbox.dylib
0x000000000ad86000 	/usr/lib/system/libsystem_secinit.dylib
0x000000000ad86000 	/usr/lib/system/libsystem_trace.dylib
0x000000000ad86000 	/usr/lib/system/libunc.dylib
0x000000000ad86000 	/usr/lib/system/libunwind.dylib
0x000000000ad86000 	/usr/lib/system/libxpc.dylib
0x000000000ad86000 	/usr/lib/libenergytrace.dylib
0x000000000ad86000 	/usr/lib/libbsm.0.dylib
0x000000000ad86000 	/usr/lib/system/libkxld.dylib
0x000000000ad86000 	/usr/lib/libxar.1.dylib
0x000000000ad86000 	/usr/lib/libsqlite3.dylib
0x000000000ad86000 	/usr/lib/libpam.2.dylib
0x000000000ad86000 	/usr/lib/libOpenScriptingUtil.dylib
0x000000000ad86000 	/usr/lib/libbz2.1.0.dylib
0x000000000ad86000 	/usr/lib/liblzma.5.dylib
0x000000000ad86000 	/System/Library/Frameworks/CoreServices.framework/Versions/A/Frameworks/FSEvents.framework/Versions/A/FSEvents
0x000000000ad86000 	/System/Library/Frameworks/CoreServices.framework/Versions/A/Frameworks/CarbonCore.framework/Versions/A/CarbonCore
0x000000000ad86000 	/System/Library/Frameworks/CoreServices.framework/Versions/A/Frameworks/Metadata.framework/Versions/A/Metadata
0x000000000ad86000 	/System/Library/Frameworks/CoreServices.framework/Versions/A/Frameworks/OSServices.framework/Versions/A/OSServices
0x000000000ad86000 	/System/Library/Frameworks/CoreServices.framework/Versions/A/Frameworks/SearchKit.framework/Versions/A/SearchKit
0x000000000ad86000 	/System/Library/Frameworks/CoreServices.framework/Versions/A/Frameworks/AE.framework/Versions/A/AE
0x000000000ad86000 	/System/Library/Frameworks/CoreServices.framework/Versions/A/Frameworks/LaunchServices.framework/Versions/A/LaunchServices
0x000000000ad86000 	/System/Library/Frameworks/CoreServices.framework/Versions/A/Frameworks/DictionaryServices.framework/Versions/A/DictionaryServices
0x000000000ad86000 	/System/Library/Frameworks/CoreServices.framework/Versions/A/Frameworks/SharedFileList.framework/Versions/A/SharedFileList
0x000000000ad86000 	/System/Library/Frameworks/NetFS.framework/Versions/A/NetFS
0x000000000ad86000 	/System/Library/PrivateFrameworks/NetAuth.framework/Versions/A/NetAuth
0x000000000ad86000 	/System/Library/PrivateFrameworks/login.framework/Versions/A/Frameworks/loginsupport.framework/Versions/A/loginsupport
0x000000000ad86000 	/System/Library/PrivateFrameworks/TCC.framework/Versions/A/TCC
0x000000000ad86000 	/usr/lib/libmecabra.dylib
0x000000000ad86000 	/System/Library/Frameworks/ApplicationServices.framework/Versions/A/Frameworks/ATS.framework/Versions/A/ATS
0x000000000ad86000 	/System/Library/Frameworks/ApplicationServices.framework/Versions/A/Frameworks/ColorSync.framework/Versions/A/ColorSync
0x000000000ad86000 	/System/Library/Frameworks/ApplicationServices.framework/Versions/A/Frameworks/HIServices.framework/Versions/A/HIServices
0x000000000ad86000 	/System/Library/Frameworks/ApplicationServices.framework/Versions/A/Frameworks/LangAnalysis.framework/Versions/A/LangAnalysis
0x000000000ad86000 	/System/Library/Frameworks/ApplicationServices.framework/Versions/A/Frameworks/PrintCore.framework/Versions/A/PrintCore
0x000000000ad86000 	/System/Library/Frameworks/ApplicationServices.framework/Versions/A/Frameworks/QD.framework/Versions/A/QD
0x000000000ad86000 	/System/Library/Frameworks/ApplicationServices.framework/Versions/A/Frameworks/SpeechSynthesis.framework/Versions/A/SpeechSynthesis
0x000000000ad86000 	/System/Library/Frameworks/Metal.framework/Versions/A/Metal
0x000000000ad86000 	/System/Library/Frameworks/Accelerate.framework/Versions/A/Frameworks/vImage.framework/Versions/A/vImage
0x000000000ad86000 	/System/Library/Frameworks/Accelerate.framework/Versions/A/Frameworks/vecLib.framework/Versions/A/vecLib
0x000000000ad86000 	/System/Library/Frameworks/Accelerate.framework/Versions/A/Frameworks/vecLib.framework/Versions/A/libvDSP.dylib
0x000000000ad86000 	/System/Library/Frameworks/Accelerate.framework/Versions/A/Frameworks/vecLib.framework/Versions/A/libvMisc.dylib
0x000000000ad86000 	/System/Library/Frameworks/Accelerate.framework/Versions/A/Frameworks/vecLib.framework/Versions/A/libLAPACK.dylib
0x000000000ad86000 	/System/Library/Frameworks/Accelerate.framework/Versions/A/Frameworks/vecLib.framework/Versions/A/libBLAS.dylib
0x000000000ad86000 	/System/Library/Frameworks/Accelerate.framework/Versions/A/Frameworks/vecLib.framework/Versions/A/libLinearAlgebra.dylib
0x000000000ad86000 	/System/Library/Frameworks/Accelerate.framework/Versions/A/Frameworks/vecLib.framework/Versions/A/libSparseBLAS.dylib
0x000000000ad86000 	/System/Library/PrivateFrameworks/GPUCompiler.framework/libmetal_timestamp.dylib
0x000000000ad86000 	/System/Library/Frameworks/OpenGL.framework/Versions/A/Libraries/libCoreFSCache.dylib
0x000000000ad86000 	/System/Library/PrivateFrameworks/IOAccelerator.framework/Versions/A/IOAccelerator
0x000000000ad86000 	/System/Library/Frameworks/ApplicationServices.framework/Versions/A/Frameworks/ATS.framework/Versions/A/Resources/libFontParser.dylib
0x000000000ad86000 	/System/Library/Frameworks/ApplicationServices.framework/Versions/A/Frameworks/ATS.framework/Versions/A/Resources/libFontRegistry.dylib
0x000000000ad86000 	/System/Library/PrivateFrameworks/AppleVPA.framework/Versions/A/AppleVPA
0x000000000ad86000 	/System/Library/PrivateFrameworks/AppleJPEG.framework/Versions/A/AppleJPEG
0x000000000ad86000 	/System/Library/Frameworks/ImageIO.framework/Versions/A/Resources/libJPEG.dylib
0x000000000ad86000 	/System/Library/Frameworks/ImageIO.framework/Versions/A/Resources/libTIFF.dylib
0x000000000ad86000 	/System/Library/Frameworks/ImageIO.framework/Versions/A/Resources/libPng.dylib
0x000000000ad86000 	/System/Library/Frameworks/ImageIO.framework/Versions/A/Resources/libGIF.dylib
0x000000000ad86000 	/System/Library/Frameworks/ImageIO.framework/Versions/A/Resources/libJP2.dylib
0x000000000ad86000 	/System/Library/Frameworks/ImageIO.framework/Versions/A/Resources/libRadiance.dylib
0x000000000ad86000 	/System/Library/Frameworks/CoreVideo.framework/Versions/A/CoreVideo
0x000000000ad86000 	/System/Library/Frameworks/OpenGL.framework/Versions/A/Libraries/libGLU.dylib
0x000000000ad86000 	/System/Library/Frameworks/OpenGL.framework/Versions/A/Libraries/libGFXShared.dylib
0x000000000ad86000 	/System/Library/Frameworks/OpenGL.framework/Versions/A/Libraries/libGL.dylib
0x000000000ad86000 	/System/Library/Frameworks/OpenGL.framework/Versions/A/Libraries/libGLImage.dylib
0x000000000ad86000 	/System/Library/Frameworks/OpenGL.framework/Versions/A/Libraries/libCVMSPluginSupport.dylib
0x000000000ad86000 	/System/Library/Frameworks/OpenGL.framework/Versions/A/Libraries/libCoreVMClient.dylib
0x000000000ad86000 	/usr/lib/libcompression.dylib
0x000000000ad86000 	/usr/lib/libcups.2.dylib
0x000000000ad86000 	/System/Library/Frameworks/Kerberos.framework/Versions/A/Kerberos
0x000000000ad86000 	/System/Library/Frameworks/GSS.framework/Versions/A/GSS
0x000000000ad86000 	/usr/lib/libresolv.9.dylib
0x000000000ad86000 	/usr/lib/libiconv.2.dylib
0x000000000ad86000 	/System/Library/PrivateFrameworks/Heimdal.framework/Versions/A/Heimdal
0x000000000ad86000 	/usr/lib/libheimdal-asn1.dylib
0x000000000ad86000 	/System/Library/Frameworks/OpenDirectory.framework/Versions/A/OpenDirectory
0x000000000ad86000 	/System/Library/PrivateFrameworks/CommonAuth.framework/Versions/A/CommonAuth
0x000000000ad86000 	/System/Library/Frameworks/OpenDirectory.framework/Versions/A/Frameworks/CFOpenDirectory.framework/Versions/A/CFOpenDirectory
0x000000000ad86000 	/System/Library/Frameworks/SecurityFoundation.framework/Versions/A/SecurityFoundation
0x000000000ad86000 	/System/Library/PrivateFrameworks/LanguageModeling.framework/Versions/A/LanguageModeling
0x000000000ad86000 	/usr/lib/libmarisa.dylib
0x000000000ad86000 	/usr/lib/libChineseTokenizer.dylib
0x000000000ad86000 	/usr/lib/libcmph.dylib
0x000000000ad86000 	/System/Library/Frameworks/ServiceManagement.framework/Versions/A/ServiceManagement
0x000000000ad86000 	/usr/lib/libxslt.1.dylib
0x000000000ad86000 	/System/Library/Frameworks/Carbon.framework/Versions/A/Frameworks/Ink.framework/Versions/A/Ink
0x000000000ad86000 	/usr/lib/libFosl_dynamic.dylib
0x000000000ad86000 	/System/Library/PrivateFrameworks/FaceCore.framework/Versions/A/FaceCore
0x000000000ad86000 	/System/Library/Frameworks/OpenCL.framework/Versions/A/OpenCL
0x000000000ad86000 	/System/Library/PrivateFrameworks/CrashReporterSupport.framework/Versions/A/CrashReporterSupport
0x000000000ad86000 	/System/Library/PrivateFrameworks/IconServices.framework/Versions/A/IconServices
0x000000000ad86000 	/System/Library/PrivateFrameworks/Apple80211.framework/Versions/A/Apple80211
0x000000000ad86000 	/System/Library/Frameworks/CoreWLAN.framework/Versions/A/CoreWLAN
0x000000000ad86000 	/System/Library/Frameworks/IOBluetooth.framework/Versions/A/IOBluetooth
0x000000000ad86000 	/System/Library/PrivateFrameworks/CoreWiFi.framework/Versions/A/CoreWiFi
0x000000000ad86000 	/System/Library/Frameworks/CoreBluetooth.framework/Versions/A/CoreBluetooth
0x000000000ad86000 	/System/Library/PrivateFrameworks/ChunkingLibrary.framework/Versions/A/ChunkingLibrary
0x000000000ad86000 	/System/Library/PrivateFrameworks/DebugSymbols.framework/Versions/A/DebugSymbols
0x000000000ad86000 	/System/Library/PrivateFrameworks/CoreSymbolication.framework/Versions/A/CoreSymbolication
0x000000000ad86000 	/System/Library/PrivateFrameworks/Symbolication.framework/Versions/A/Symbolication
0x000000000ad86000 	/System/Library/PrivateFrameworks/SpeechRecognitionCore.framework/Versions/A/SpeechRecognitionCore
0x000000010ca00000 	/Library/Java/JavaVirtualMachines/jdk1.8.0_111.jdk/Contents/Home/jre/lib/server/libjvm.dylib
0x000000000ad86000 	/usr/lib/libstdc++.6.dylib
0x000000010c16e000 	/Library/Java/JavaVirtualMachines/jdk1.8.0_111.jdk/Contents/Home/jre/lib/libverify.dylib
0x000000010c17c000 	/Library/Java/JavaVirtualMachines/jdk1.8.0_111.jdk/Contents/Home/jre/lib/libjava.dylib
0x000000010c1bb000 	/Library/Java/JavaVirtualMachines/jdk1.8.0_111.jdk/Contents/Home/jre/lib/libzip.dylib
0x00000001232dc000 	/System/Library/Frameworks/JavaVM.framework/Frameworks/JavaRuntimeSupport.framework/JavaRuntimeSupport
0x00000001232f7000 	/System/Library/Frameworks/JavaVM.framework/Versions/A/Frameworks/JavaNativeFoundation.framework/Versions/A/JavaNativeFoundation
0x000000010c1ed000 	/System/Library/Frameworks/JavaVM.framework/Versions/A/JavaVM
0x000000000ad86000 	/System/Library/Frameworks/Carbon.framework/Versions/A/Carbon
0x000000012330c000 	/System/Library/PrivateFrameworks/JavaLaunching.framework/Versions/A/JavaLaunching
0x000000000ad86000 	/System/Library/Frameworks/Carbon.framework/Versions/A/Frameworks/CommonPanels.framework/Versions/A/CommonPanels
0x000000000ad86000 	/System/Library/Frameworks/Carbon.framework/Versions/A/Frameworks/Help.framework/Versions/A/Help
0x000000000ad86000 	/System/Library/Frameworks/Carbon.framework/Versions/A/Frameworks/ImageCapture.framework/Versions/A/ImageCapture
0x000000000ad86000 	/System/Library/Frameworks/Carbon.framework/Versions/A/Frameworks/OpenScripting.framework/Versions/A/OpenScripting
0x000000000ad86000 	/System/Library/Frameworks/Carbon.framework/Versions/A/Frameworks/Print.framework/Versions/A/Print
0x000000000ad86000 	/System/Library/Frameworks/Carbon.framework/Versions/A/Frameworks/SecurityHI.framework/Versions/A/SecurityHI
0x0000000124c66000 	/Library/Java/JavaVirtualMachines/jdk1.8.0_111.jdk/Contents/Home/jre/lib/libawt.dylib
0x0000000124d0e000 	/Library/Java/JavaVirtualMachines/jdk1.8.0_111.jdk/Contents/Home/jre/lib/./libmlib_image.dylib
0x0000000124dda000 	/Library/Java/JavaVirtualMachines/jdk1.8.0_111.jdk/Contents/Home/jre/lib/libawt_lwawt.dylib
0x0000000124e8f000 	/Library/Java/JavaVirtualMachines/jdk1.8.0_111.jdk/Contents/Home/jre/lib/./libosxapp.dylib
0x000000000ad86000 	/System/Library/Frameworks/ExceptionHandling.framework/Versions/A/ExceptionHandling
0x000000000ad86000 	/System/Library/PrivateFrameworks/CoreServicesInternal.framework/Versions/A/CoreServicesInternal
0x000000000ad86000 	/System/Library/Frameworks/CoreGraphics.framework/Versions/A/Resources/libRIP.A.dylib
0x000000000ad86000 	/System/Library/Frameworks/Accelerate.framework/Versions/A/Frameworks/vImage.framework/Versions/A/Libraries/libCGInterfaces.dylib
0x000000000ad86000 	/System/Library/Frameworks/CoreGraphics.framework/Versions/A/Resources/libCGXType.A.dylib
0x000000000ad86000 	/System/Library/Frameworks/OpenCL.framework/Versions/A/Libraries/libcldcpuengine.dylib
0x000000000ad86000 	/System/Library/PrivateFrameworks/DiskImages.framework/Versions/A/DiskImages
0x000000000ad86000 	/System/Library/Frameworks/DiscRecording.framework/Versions/A/DiscRecording
0x000000000ad86000 	/usr/lib/libcsfde.dylib
0x000000000ad86000 	/usr/lib/libcurl.4.dylib
0x000000000ad86000 	/System/Library/PrivateFrameworks/MediaKit.framework/Versions/A/MediaKit
0x000000000ad86000 	/System/Library/PrivateFrameworks/ProtectedCloudStorage.framework/Versions/A/ProtectedCloudStorage
0x000000000ad86000 	/usr/lib/libCoreStorage.dylib
0x000000000ad86000 	/System/Library/PrivateFrameworks/EFILogin.framework/Versions/A/EFILogin
0x000000000ad86000 	/usr/lib/libutil.dylib
0x000000000ad86000 	/System/Library/PrivateFrameworks/FindMyDevice.framework/Versions/A/FindMyDevice
0x000000000ad86000 	/System/Library/Frameworks/LDAP.framework/Versions/A/LDAP
0x000000000ad86000 	/usr/lib/libsasl2.2.dylib
0x000000000ad86000 	/System/Library/PrivateFrameworks/CoreDaemon.framework/Versions/B/CoreDaemon
0x000000000ad86000 	/usr/lib/libcrypto.0.9.8.dylib
0x000000000ad86000 	/System/Library/PrivateFrameworks/AppleSRP.framework/Versions/A/AppleSRP
0x000000000ad86000 	/System/Library/PrivateFrameworks/TrustEvaluationAgent.framework/Versions/A/TrustEvaluationAgent
0x0000000125a25000 	cl_kernels
0x000000000ad86000 	/System/Library/Frameworks/OpenCL.framework/Versions/A/Libraries/ImageFormats/unorm8_bgra.dylib
0x000000000ad86000 	/System/Library/Frameworks/OpenCL.framework/Versions/A/Libraries/ImageFormats/unorm8_rgba.dylib
0x000000000ad86000 	/System/Library/PrivateFrameworks/FamilyControls.framework/Versions/A/FamilyControls
0x000000000ad86000 	/System/Library/PrivateFrameworks/CommerceKit.framework/Versions/A/Frameworks/CommerceCore.framework/Versions/A/CommerceCore
0x000000000ad86000 	/System/Library/PrivateFrameworks/SystemAdministration.framework/Versions/A/SystemAdministration
0x000000000ad86000 	/System/Library/PrivateFrameworks/AppContainer.framework/Versions/A/AppContainer
0x000000000ad86000 	/System/Library/PrivateFrameworks/SecCodeWrapper.framework/Versions/A/SecCodeWrapper
0x000000000ad86000 	/System/Library/Frameworks/DirectoryService.framework/Versions/A/DirectoryService
0x000000000ad86000 	/System/Library/PrivateFrameworks/LoginUIKit.framework/Versions/A/Frameworks/LoginUICore.framework/Versions/A/LoginUICore
0x000000000ad86000 	/usr/lib/libodfde.dylib
0x000000000ad86000 	/System/Library/Frameworks/OpenGL.framework/Versions/A/Resources/GLEngine.bundle/GLEngine
0x000000000ad86000 	/System/Library/Frameworks/OpenGL.framework/Versions/A/Libraries/libGLProgrammability.dylib
0x0000000127bd3000 	/System/Library/Extensions/AppleIntelBDWGraphicsGLDriver.bundle/Contents/MacOS/AppleIntelBDWGraphicsGLDriver
0x000000000ad86000 	/System/Library/PrivateFrameworks/GPUSupport.framework/Versions/A/Libraries/libGPUSupportMercury.dylib
0x000000000ad86000 	/System/Library/Frameworks/OpenGL.framework/Versions/A/Resources/GLRendererFloat.bundle/GLRendererFloat
0x0000000128b5f000 	/Library/Java/JavaVirtualMachines/jdk1.8.0_111.jdk/Contents/Home/jre/lib/libfontmanager.dylib
0x000000012a027000 	/Library/Java/JavaVirtualMachines/jdk1.8.0_111.jdk/Contents/Home/jre/lib/libosxui.dylib
0x000000012ab29000 	/Library/Java/JavaVirtualMachines/jdk1.8.0_111.jdk/Contents/Home/jre/lib/libnet.dylib
0x000000012ad29000 	/Library/Java/JavaVirtualMachines/jdk1.8.0_111.jdk/Contents/Home/jre/lib/libnio.dylib
0x000000000ad86000 	/System/Library/Frameworks/ApplicationServices.framework/Versions/A/Frameworks/ATS.framework/Versions/A/Resources/libTrueTypeScaler.dylib
0x000000017be77000 	/System/Library/Extensions/AppleIntelBDWGraphicsMTLDriver.bundle/Contents/MacOS/AppleIntelBDWGraphicsMTLDriver
0x00000001260d7000 	/private/var/folders/52/pd9n1grn4_55dn11fg2xx6m40000gn/T/jogamp_0000/file_cache/jln8683772233898006813/jln4105551132894997036/libgluegen-rt.jnilib
0x00000001260dc000 	/private/var/folders/52/pd9n1grn4_55dn11fg2xx6m40000gn/T/jogamp_0000/file_cache/jln8683772233898006813/jln4105551132894997036/libnativewindow_awt.jnilib
0x00000001260df000 	/Library/Java/JavaVirtualMachines/jdk1.8.0_111.jdk/Contents/Home/jre/lib/libjawt.dylib
0x000000017bd3e000 	/private/var/folders/52/pd9n1grn4_55dn11fg2xx6m40000gn/T/jogamp_0000/file_cache/jln8683772233898006813/jln4105551132894997036/libnativewindow_macosx.jnilib
0x000000017c560000 	/private/var/folders/52/pd9n1grn4_55dn11fg2xx6m40000gn/T/jogamp_0000/file_cache/jln8683772233898006813/jln4105551132894997036/libjogl_desktop.jnilib
0x000000017bfac000 	/Library/Java/JavaVirtualMachines/jdk1.8.0_111.jdk/Contents/Home/jre/lib/libsunec.dylib
0x00000001851eb000 	/Library/Java/JavaVirtualMachines/jdk1.8.0_111.jdk/Contents/Home/jre/lib/libjpeg.dylib

VM Arguments:
jvm_args: -Djava.security.policy=java.policy.applet -Dfile.encoding=UTF-8 
java_command: sun.applet.AppletViewer module3.EarthquakeCityMap1495214037122.html
java_class_path (initial): /Users/dhruvsawhney/Documents/workspace/UCSDUnfoldingMaps/build:/Users/dhruvsawhney/Documents/workspace/UCSDUnfoldingMaps/lib/core.jar:/Users/dhruvsawhney/Documents/workspace/UCSDUnfoldingMaps/lib/gluegen-rt.jar:/Users/dhruvsawhney/Documents/workspace/UCSDUnfoldingMaps/lib/jogl-all.jar:/Users/dhruvsawhney/Documents/workspace/UCSDUnfoldingMaps/lib/log4j-1.2.15.jar:/Users/dhruvsawhney/Documents/workspace/UCSDUnfoldingMaps/lib/sqlite-jdbc-3.7.2.jar:/Users/dhruvsawhney/Documents/workspace/UCSDUnfoldingMaps/lib/json4processing.jar:/Users/dhruvsawhney/Documents/workspace/UCSDUnfoldingMaps/lib/libTUIO.jar:/Users/dhruvsawhney/Documents/workspace/UCSDUnfoldingMaps/lib/unfolding.0.9.7-uscd.jar
Launcher Type: SUN_STANDARD

Environment Variables:
PATH=/usr/bin:/bin:/usr/sbin:/sbin
SHELL=/bin/bash
DISPLAY=/private/tmp/com.apple.launchd.TplqWvYJlD/org.macosforge.xquartz:0

Signal Handlers:
SIGSEGV: [libjvm.dylib+0x5b03ed], sa_mask[0]=11111111011111110111111111111111, sa_flags=SA_ONSTACK|SA_RESTART|SA_SIGINFO
SIGBUS: [libjvm.dylib+0x5b03ed], sa_mask[0]=11111111011111110111111111111111, sa_flags=SA_RESTART|SA_SIGINFO
SIGFPE: [libjvm.dylib+0x48711c], sa_mask[0]=11111111011111110111111111111111, sa_flags=SA_RESTART|SA_SIGINFO
SIGPIPE: [libjvm.dylib+0x48711c], sa_mask[0]=11111111011111110111111111111111, sa_flags=SA_RESTART|SA_SIGINFO
SIGXFSZ: [libjvm.dylib+0x48711c], sa_mask[0]=11111111011111110111111111111111, sa_flags=SA_RESTART|SA_SIGINFO
SIGILL: [libjvm.dylib+0x48711c], sa_mask[0]=11111111011111110111111111111111, sa_flags=SA_RESTART|SA_SIGINFO
SIGUSR1: SIG_DFL, sa_mask[0]=00000000000000000000000000000000, sa_flags=none
SIGUSR2: [libjvm.dylib+0x486c3a], sa_mask[0]=00100000000000000000000000000000, sa_flags=SA_RESTART|SA_SIGINFO
SIGHUP: [libjvm.dylib+0x485211], sa_mask[0]=11111111011111110111111111111111, sa_flags=SA_RESTART|SA_SIGINFO
SIGINT: [libjvm.dylib+0x485211], sa_mask[0]=11111111011111110111111111111111, sa_flags=SA_RESTART|SA_SIGINFO
SIGTERM: [libjvm.dylib+0x485211], sa_mask[0]=11111111011111110111111111111111, sa_flags=SA_RESTART|SA_SIGINFO
SIGQUIT: [libjvm.dylib+0x485211], sa_mask[0]=11111111011111110111111111111111, sa_flags=SA_RESTART|SA_SIGINFO


---------------  S Y S T E M  ---------------

OS:Bsduname:Darwin 15.6.0 Darwin Kernel Version 15.6.0: Thu Sep  1 15:01:16 PDT 2016; root:xnu-3248.60.11~2/RELEASE_X86_64 x86_64
rlimit: STACK 8192k, CORE 0k, NPROC 709, NOFILE 10240, AS infinity
load average:2.08 1.93 2.11

CPU:total 4 (2 cores per cpu, 2 threads per core) family 6 model 61 stepping 4, cmov, cx8, fxsr, mmx, sse, sse2, sse3, ssse3, sse4.1, sse4.2, popcnt, avx, avx2, aes, clmul, erms, 3dnowpref, lzcnt, ht, tsc, tscinvbit, bmi1, bmi2, adx

Memory: 4k page, physical 8388608k(18168k free)

/proc/meminfo:


vm_info: Java HotSpot(TM) 64-Bit Server VM (25.111-b14) for bsd-amd64 JRE (1.8.0_111-b14), built on Sep 22 2016 15:31:41 by "java_re" with gcc 4.2.1 (Based on Apple Inc. build 5658) (LLVM build 2336.11.00)

time: Fri May 19 10:14:35 2017
elapsed time: 38 seconds (0d 0h 0m 38s)

