#
# A fatal error has been detected by the Java Runtime Environment:
#
#  SIGSEGV (0xb) at pc=0x00007fffa11ca4dd, pid=5924, tid=0x0000000000000a0b
#
# JRE version: Java(TM) SE Runtime Environment (8.0_111-b14) (build 1.8.0_111-b14)
# Java VM: Java HotSpot(TM) 64-Bit Server VM (25.111-b14 mixed mode bsd-amd64 compressed oops)
# Problematic frame:
# C  [libobjc.A.dylib+0x14dd]  objc_msgSend+0x1d
#
# Failed to write core dump. Core dumps have been disabled. To enable core dumping, try "ulimit -c unlimited" before starting Java again
#
# If you would like to submit a bug report, please visit:
#   http://bugreport.java.com/bugreport/crash.jsp
# The crash happened outside the Java Virtual Machine in native code.
# See problematic frame for where to report the bug.
#

---------------  T H R E A D  ---------------

Current thread (0x00007fea0c8c8000):  JavaThread "AWT-AppKit" daemon [_thread_in_native, id=2571, stack(0x00007fff4fb90000,0x00007fff50390000)]

siginfo: si_signo: 11 (SIGSEGV), si_code: 1 (SEGV_MAPERR), si_addr: 0x0000000000000018

Registers:
RAX=0x00007fea0f0edc50, RBX=0x000000017f71c450, RCX=0x0000000129a18740, RDX=0x0000000129a186c0
RSP=0x00007fff5038b2f8, RBP=0x00007fff5038b3b0, RSI=0x00007fff9e274cbe, RDI=0x00007fea0d7c6dd0
R8 =0x0000000000000000, R9 =0x00000000000008b0, R10=0x00007fff9e274cbe, R11=0x0000000000000000
R12=0x0000000000000000, R13=0x0000000185530b70, R14=0x000000017f71c440, R15=0x00007fea0c8c8000
RIP=0x00007fffa11ca4dd, EFLAGS=0x0000000000010246, ERR=0x0000000000000004
  TRAPNO=0x000000000000000e

Top of Stack: (sp=0x00007fff5038b2f8)
0x00007fff5038b2f8:   000000017f71a157 00007fff5038b350
0x00007fff5038b308:   0000000000000003 00007fff5038b330
0x00007fff5038b318:   000000010fcde7be 0000000185530b70
0x00007fff5038b328:   0000000185530b70 00007fea0f0edc50
0x00007fff5038b338:   000000017f71c6a0 000000017f71c710
0x00007fff5038b348:   00007fff7f08f770 00007fff7bee2500
0x00007fff5038b358:   000000017f71c450 000000017f71c690
0x00007fff5038b368:   00007fea0f0edc50 00007fea0d7c6dd0
0x00007fff5038b378:   00007fea0f1c2000 00007fea0f0edc50
0x00007fff5038b388:   00007fea0d7c6dd0 00007fff5038b438
0x00007fff5038b398:   00007fea0c8c81f8 0000000185530b70
0x00007fff5038b3a8:   00007fff5038b460 00007fff5038b428
0x00007fff5038b3b8:   00000001114179f4 0000000185530b70
0x00007fff5038b3c8:   00007fff5038b460 00007fff5038b428
0x00007fff5038b3d8:   0000000111417787 0000000111417742
0x00007fff5038b3e8:   00007fff5038b3e8 0000000185530b70
0x00007fff5038b3f8:   00007fff5038b460 00000001855337a8
0x00007fff5038b408:   0000000000000000 0000000185530b70
0x00007fff5038b418:   0000000000000000 00007fff5038b448
0x00007fff5038b428:   00007fff5038b4a8 00000001114082bd
0x00007fff5038b438:   0000000740550228 0000000111411538
0x00007fff5038b448:   00007fea0f0edc50 00007fff5038b4a8
0x00007fff5038b458:   00007fea0d7c6dd0 0000000111412e02
0x00007fff5038b468:   00007fff5038b468 0000000185530d3a
0x00007fff5038b478:   00007fff5038b4d0 00000001855337a8
0x00007fff5038b488:   0000000000000000 0000000185530d48
0x00007fff5038b498:   00007fff5038b448 00007fff5038b4b8
0x00007fff5038b4a8:   00007fff5038b518 00000001114082bd
0x00007fff5038b4b8:   00007fea0f0edc50 000000074042a420
0x00007fff5038b4c8:   00007fea0d7c6dd0 000000074042a420
0x00007fff5038b4d8:   00007fff5038b4d8 0000000188150d7e
0x00007fff5038b4e8:   00007fff5038b528 0000000188150e38 

Instructions: (pc=0x00007fffa11ca4dd)
0x00007fffa11ca4bd:   44 00 00 48 85 ff 2e 74 62 40 f6 c7 01 2e 75 66
0x00007fffa11ca4cd:   49 bb f8 ff ff ff ff 7f 00 00 4c 23 1f 49 89 f2
0x00007fffa11ca4dd:   45 23 53 18 49 c1 e2 04 4d 03 53 10 49 3b 32 75
0x00007fffa11ca4ed:   04 41 ff 62 08 49 83 3a 01 76 0d 49 83 c2 10 49 

Register to memory mapping:

RAX=0x00007fea0f0edc50 is an unknown value
RBX=0x000000017f71c450: Java_jogamp_nativewindow_macosx_OSXUtil_GetScreenRefreshRate0+0x1cf0 in /private/var/folders/52/pd9n1grn4_55dn11fg2xx6m40000gn/T/jogamp_0000/file_cache/jln6344596092574492343/jln5438970865875212526/libnativewindow_macosx.jnilib at 0x000000017f715000
RCX=0x0000000129a18740 is an unknown value
RDX=0x0000000129a186c0 is an unknown value
RSP=0x00007fff5038b2f8 is pointing into the stack for thread: 0x00007fea0c8c8000
RBP=0x00007fff5038b3b0 is pointing into the stack for thread: 0x00007fea0c8c8000
RSI=0x00007fff9e274cbe is an unknown value
RDI=0x00007fea0d7c6dd0 is an unknown value
R8 =0x0000000000000000 is an unknown value
R9 =0x00000000000008b0 is an unknown value
R10=0x00007fff9e274cbe is an unknown value
R11=0x0000000000000000 is an unknown value
R12=0x0000000000000000 is an unknown value
R13={method} {0x0000000185530b70} 'UnsetJAWTRootSurfaceLayer0' '(JJ)V' in 'jogamp/nativewindow/jawt/macosx/MacOSXJAWTWindow'
R14=0x000000017f71c440: Java_jogamp_nativewindow_macosx_OSXUtil_GetScreenRefreshRate0+0x1ce0 in /private/var/folders/52/pd9n1grn4_55dn11fg2xx6m40000gn/T/jogamp_0000/file_cache/jln6344596092574492343/jln5438970865875212526/libnativewindow_macosx.jnilib at 0x000000017f715000
R15=0x00007fea0c8c8000 is a thread


Stack: [0x00007fff4fb90000,0x00007fff50390000],  sp=0x00007fff5038b2f8,  free space=8172k
Native frames: (J=compiled Java code, j=interpreted, Vv=VM code, C=native code)
C  [libobjc.A.dylib+0x14dd]  objc_msgSend+0x1d
j  jogamp.nativewindow.jawt.macosx.MacOSXJAWTWindow.UnsetJAWTRootSurfaceLayer0(JJ)V+0
j  jogamp.nativewindow.jawt.macosx.MacOSXJAWTWindow.access$200(JJ)V+2
j  jogamp.nativewindow.jawt.macosx.MacOSXJAWTWindow$1.run()V+38
J 2811 C1 com.jogamp.common.util.RunnableTask.run()V (345 bytes) @ 0x0000000111c569b4 [0x0000000111c56820+0x194]
v  ~StubRoutines::call_stub
V  [libjvm.dylib+0x2ecf8a]  JavaCalls::call_helper(JavaValue*, methodHandle*, JavaCallArguments*, Thread*)+0x6ae
V  [libjvm.dylib+0x324119]  jni_invoke_nonstatic(JNIEnv_*, JavaValue*, _jobject*, JNICallType, _jmethodID*, JNI_ArgumentPusher*, Thread*)+0x2ec
V  [libjvm.dylib+0x3168e7]  jni_CallVoidMethod+0x16b
C  [libnativewindow_macosx.jnilib+0x5326]  Java_jogamp_nativewindow_jawt_macosx_MacOSXJAWTWindow_UnsetJAWTRootSurfaceLayer0+0x2b6
C  [Foundation+0x76fde]  __NSThreadPerformPerform+0x117
C  [CoreFoundation+0xaa7e1]  __CFRUNLOOP_IS_CALLING_OUT_TO_A_SOURCE0_PERFORM_FUNCTION__+0x11
C  [CoreFoundation+0x89e97]  __CFRunLoopDoSources0+0x1a7
C  [CoreFoundation+0x8943f]  __CFRunLoopRun+0x39f
C  [CoreFoundation+0x88e38]  CFRunLoopRunSpecific+0x128
C  [HIToolbox+0x30935]  RunCurrentEventLoopInMode+0xeb
C  [HIToolbox+0x30677]  ReceiveNextEventCommon+0xb8
C  [HIToolbox+0x305af]  _BlockUntilNextEventMatchingListInModeWithFilter+0x47
C  [AppKit+0x48df6]  _DPSNextEvent+0x42b
C  [AppKit+0x48226]  -[NSApplication _nextEventMatchingEventMask:untilDate:inMode:dequeue:]+0x1c6
C  [libosxapp.dylib+0x23aa]  -[NSApplicationAWT nextEventMatchingMask:untilDate:inMode:dequeue:]+0x7c
C  [AppKit+0x3cd80]  -[NSApplication run]+0x2aa
C  [libosxapp.dylib+0x214d]  +[NSApplicationAWT runAWTLoopWithApp:]+0x9c
C  [libawt_lwawt.dylib+0x444b3]  -[AWTStarter starter:]+0x389
C  [Foundation+0x76fde]  __NSThreadPerformPerform+0x117
C  [CoreFoundation+0xaa7e1]  __CFRUNLOOP_IS_CALLING_OUT_TO_A_SOURCE0_PERFORM_FUNCTION__+0x11
C  [CoreFoundation+0x89f1c]  __CFRunLoopDoSources0+0x22c
C  [CoreFoundation+0x8943f]  __CFRunLoopRun+0x39f
C  [CoreFoundation+0x88e38]  CFRunLoopRunSpecific+0x128
C  [java+0x6465]  CreateExecutionEnvironment+0x367
C  [java+0x218c]  JLI_Launch+0x7a0
C  [java+0x84c2]  main+0x65
C  [java+0x19e4]  start+0x34
C  0x0000000000000007

Java frames: (J=compiled Java code, j=interpreted, Vv=VM code)
j  jogamp.nativewindow.jawt.macosx.MacOSXJAWTWindow.UnsetJAWTRootSurfaceLayer0(JJ)V+0
j  jogamp.nativewindow.jawt.macosx.MacOSXJAWTWindow.access$200(JJ)V+2
j  jogamp.nativewindow.jawt.macosx.MacOSXJAWTWindow$1.run()V+38
J 2811 C1 com.jogamp.common.util.RunnableTask.run()V (345 bytes) @ 0x0000000111c569b4 [0x0000000111c56820+0x194]
v  ~StubRoutines::call_stub

---------------  P R O C E S S  ---------------

Java Threads: ( => current thread )
  0x00007fea1190a000 JavaThread "Thread-19" [_thread_blocked, id=23011, stack(0x00007000019ee000,0x0000700001aee000)]
  0x00007fea0b9e8000 JavaThread "AWT-EventQueue-1" [_thread_in_native, id=58951, stack(0x0000700001868000,0x0000700001968000)]
  0x00007fea0b801000 JavaThread "DestroyJavaVM" [_thread_blocked, id=5891, stack(0x000070000011a000,0x000070000021a000)]
  0x00007fea0b0e8800 JavaThread "AWT-EventQueue-0" [_thread_blocked, id=56327, stack(0x0000700001662000,0x0000700001762000)]
  0x00007fea0c1ec000 JavaThread "Java2D Disposer" daemon [_thread_blocked, id=50199, stack(0x00007000013d9000,0x00007000014d9000)]
  0x00007fea0b914800 JavaThread "Java2D Queue Flusher" daemon [_thread_blocked, id=41531, stack(0x00007000012d6000,0x00007000013d6000)]
  0x00007fea0c18d000 JavaThread "AWT-Shutdown" [_thread_blocked, id=24623, stack(0x00007000010cd000,0x00007000011cd000)]
=>0x00007fea0c8c8000 JavaThread "AWT-AppKit" daemon [_thread_in_native, id=2571, stack(0x00007fff4fb90000,0x00007fff50390000)]
  0x00007fea0c031000 JavaThread "Service Thread" daemon [_thread_blocked, id=18691, stack(0x0000700000e44000,0x0000700000f44000)]
  0x00007fea0b82d800 JavaThread "C1 CompilerThread2" daemon [_thread_blocked, id=18179, stack(0x0000700000d41000,0x0000700000e41000)]
  0x00007fea0b824800 JavaThread "C2 CompilerThread1" daemon [_thread_blocked, id=17667, stack(0x0000700000c3e000,0x0000700000d3e000)]
  0x00007fea0c03c000 JavaThread "C2 CompilerThread0" daemon [_thread_blocked, id=17155, stack(0x0000700000b3b000,0x0000700000c3b000)]
  0x00007fea0b820000 JavaThread "Signal Dispatcher" daemon [_thread_blocked, id=12815, stack(0x0000700000a38000,0x0000700000b38000)]
  0x00007fea0c007000 JavaThread "Finalizer" daemon [_thread_blocked, id=12291, stack(0x000070000082f000,0x000070000092f000)]
  0x00007fea0b80e000 JavaThread "Reference Handler" daemon [_thread_blocked, id=11779, stack(0x000070000072c000,0x000070000082c000)]

Other Threads:
  0x00007fea0c80b000 VMThread [stack: 0x0000700000629000,0x0000700000729000] [id=11267]
  0x00007fea0b81f000 WatcherThread [stack: 0x0000700000f47000,0x0000700001047000] [id=19203]

VM state:not at safepoint (normal execution)

VM Mutex/Monitor currently owned by a thread: None

Heap:
 PSYoungGen      total 137216K, used 84333K [0x0000000795580000, 0x000000079f600000, 0x00000007c0000000)
  eden space 125952K, 63% used [0x0000000795580000,0x000000079a303f78,0x000000079d080000)
  from space 11264K, 44% used [0x000000079d080000,0x000000079d5574b0,0x000000079db80000)
  to   space 11264K, 0% used [0x000000079eb00000,0x000000079eb00000,0x000000079f600000)
 ParOldGen       total 57856K, used 16831K [0x0000000740000000, 0x0000000743880000, 0x0000000795580000)
  object space 57856K, 29% used [0x0000000740000000,0x000000074106ffc8,0x0000000743880000)
 Metaspace       used 24339K, capacity 24537K, committed 24832K, reserved 1071104K
  class space    used 2393K, capacity 2485K, committed 2560K, reserved 1048576K

Card table byte_map: [0x00000001207c0000,0x0000000120bc1000] byte_map_base: 0x000000011cdc0000

Marking Bits: (ParMarkBitMap*) 0x00000001103dbd20
 Begin Bits: [0x0000000120e6c000, 0x0000000122e6c000)
 End Bits:   [0x0000000122e6c000, 0x0000000124e6c000)

Polling page: 0x0000000110ad4000

CodeCache: size=245760Kb used=10440Kb max_used=10529Kb free=235319Kb
 bounds [0x0000000111400000, 0x0000000111e70000, 0x0000000120400000]
 total_blobs=3963 nmethods=3039 adapters=837
 compilation: enabled

Compilation events (10 events):
Event: 80.658 Thread 0x00007fea0c03c000 nmethod 3389 0x0000000111aa5a50 code [0x0000000111aa5ba0, 0x0000000111aa5c38]
Event: 80.661 Thread 0x00007fea0b82d800 nmethod 3388 0x0000000111e3d490 code [0x0000000111e3d8a0, 0x0000000111e401d8]
Event: 80.676 Thread 0x00007fea0b82d800 3390   !   3       java.awt.DefaultKeyboardFocusManager::dispatchEvent (1589 bytes)
Event: 80.693 Thread 0x00007fea0b824800 3391       4       java.util.HashMap::putVal (300 bytes)
Event: 80.709 Thread 0x00007fea0b824800 nmethod 3391 0x0000000111e2c010 code [0x0000000111e2c1e0, 0x0000000111e2c8d0]
Event: 80.720 Thread 0x00007fea0b82d800 nmethod 3390 0x0000000111e43410 code [0x0000000111e44b80, 0x0000000111e588a8]
Event: 80.720 Thread 0x00007fea0b82d800 3392   !   3       java.awt.EventQueue::isDispatchThreadImpl (99 bytes)
Event: 80.720 Thread 0x00007fea0b82d800 nmethod 3392 0x0000000111518f50 code [0x0000000111519120, 0x0000000111519828]
Event: 80.721 Thread 0x00007fea0b82d800 3393   !   3       sun.misc.URLClassPath$JarLoader::getResource (349 bytes)
Event: 80.723 Thread 0x00007fea0b82d800 nmethod 3393 0x0000000111e62750 code [0x0000000111e62bc0, 0x0000000111e65118]

GC Heap History (10 events):
Event: 30.084 GC heap before
{Heap before GC invocations=8 (full 1):
 PSYoungGen      total 93184K, used 85373K [0x0000000795580000, 0x000000079cd80000, 0x00000007c0000000)
  eden space 80384K, 100% used [0x0000000795580000,0x000000079a400000,0x000000079a400000)
  from space 12800K, 38% used [0x000000079b080000,0x000000079b55f4b0,0x000000079bd00000)
  to   space 12800K, 0% used [0x000000079a400000,0x000000079a400000,0x000000079b080000)
 ParOldGen       total 57856K, used 16823K [0x0000000740000000, 0x0000000743880000, 0x0000000795580000)
  object space 57856K, 29% used [0x0000000740000000,0x000000074106dfc8,0x0000000743880000)
 Metaspace       used 24238K, capacity 24473K, committed 24832K, reserved 1071104K
  class space    used 2385K, capacity 2485K, committed 2560K, reserved 1048576K
Event: 30.099 GC heap after
Heap after GC invocations=8 (full 1):
 PSYoungGen      total 93184K, used 4957K [0x0000000795580000, 0x000000079dc00000, 0x00000007c0000000)
  eden space 80384K, 0% used [0x0000000795580000,0x0000000795580000,0x000000079a400000)
  from space 12800K, 38% used [0x000000079a400000,0x000000079a8d74b0,0x000000079b080000)
  to   space 12288K, 0% used [0x000000079d000000,0x000000079d000000,0x000000079dc00000)
 ParOldGen       total 57856K, used 16831K [0x0000000740000000, 0x0000000743880000, 0x0000000795580000)
  object space 57856K, 29% used [0x0000000740000000,0x000000074106ffc8,0x0000000743880000)
 Metaspace       used 24238K, capacity 24473K, committed 24832K, reserved 1071104K
  class space    used 2385K, capacity 2485K, committed 2560K, reserved 1048576K
}
Event: 37.577 GC heap before
{Heap before GC invocations=9 (full 1):
 PSYoungGen      total 93184K, used 85341K [0x0000000795580000, 0x000000079dc00000, 0x00000007c0000000)
  eden space 80384K, 100% used [0x0000000795580000,0x000000079a400000,0x000000079a400000)
  from space 12800K, 38% used [0x000000079a400000,0x000000079a8d74b0,0x000000079b080000)
  to   space 12288K, 0% used [0x000000079d000000,0x000000079d000000,0x000000079dc00000)
 ParOldGen       total 57856K, used 16831K [0x0000000740000000, 0x0000000743880000, 0x0000000795580000)
  object space 57856K, 29% used [0x0000000740000000,0x000000074106ffc8,0x0000000743880000)
 Metaspace       used 24238K, capacity 24473K, committed 24832K, reserved 1071104K
  class space    used 2385K, capacity 2485K, committed 2560K, reserved 1048576K
Event: 37.591 GC heap after
Heap after GC invocations=9 (full 1):
 PSYoungGen      total 117248K, used 4989K [0x0000000795580000, 0x000000079d800000, 0x00000007c0000000)
  eden space 109056K, 0% used [0x0000000795580000,0x0000000795580000,0x000000079c000000)
  from space 8192K, 60% used [0x000000079d000000,0x000000079d4df4b0,0x000000079d800000)
  to   space 12288K, 0% used [0x000000079c000000,0x000000079c000000,0x000000079cc00000)
 ParOldGen       total 57856K, used 16831K [0x0000000740000000, 0x0000000743880000, 0x0000000795580000)
  object space 57856K, 29% used [0x0000000740000000,0x000000074106ffc8,0x0000000743880000)
 Metaspace       used 24238K, capacity 24473K, committed 24832K, reserved 1071104K
  class space    used 2385K, capacity 2485K, committed 2560K, reserved 1048576K
}
Event: 47.698 GC heap before
{Heap before GC invocations=10 (full 1):
 PSYoungGen      total 117248K, used 114045K [0x0000000795580000, 0x000000079d800000, 0x00000007c0000000)
  eden space 109056K, 100% used [0x0000000795580000,0x000000079c000000,0x000000079c000000)
  from space 8192K, 60% used [0x000000079d000000,0x000000079d4df4b0,0x000000079d800000)
  to   space 12288K, 0% used [0x000000079c000000,0x000000079c000000,0x000000079cc00000)
 ParOldGen       total 57856K, used 16831K [0x0000000740000000, 0x0000000743880000, 0x0000000795580000)
  object space 57856K, 29% used [0x0000000740000000,0x000000074106ffc8,0x0000000743880000)
 Metaspace       used 24239K, capacity 24473K, committed 24832K, reserved 1071104K
  class space    used 2385K, capacity 2485K, committed 2560K, reserved 1048576K
Event: 47.714 GC heap after
Heap after GC invocations=10 (full 1):
 PSYoungGen      total 121344K, used 4957K [0x0000000795580000, 0x000000079ea80000, 0x00000007c0000000)
  eden space 109056K, 0% used [0x0000000795580000,0x0000000795580000,0x000000079c000000)
  from space 12288K, 40% used [0x000000079c000000,0x000000079c4d74b0,0x000000079cc00000)
  to   space 11776K, 0% used [0x000000079df00000,0x000000079df00000,0x000000079ea80000)
 ParOldGen       total 57856K, used 16831K [0x0000000740000000, 0x0000000743880000, 0x0000000795580000)
  object space 57856K, 29% used [0x0000000740000000,0x000000074106ffc8,0x0000000743880000)
 Metaspace       used 24239K, capacity 24473K, committed 24832K, reserved 1071104K
  class space    used 2385K, capacity 2485K, committed 2560K, reserved 1048576K
}
Event: 58.620 GC heap before
{Heap before GC invocations=11 (full 1):
 PSYoungGen      total 121344K, used 114013K [0x0000000795580000, 0x000000079ea80000, 0x00000007c0000000)
  eden space 109056K, 100% used [0x0000000795580000,0x000000079c000000,0x000000079c000000)
  from space 12288K, 40% used [0x000000079c000000,0x000000079c4d74b0,0x000000079cc00000)
  to   space 11776K, 0% used [0x000000079df00000,0x000000079df00000,0x000000079ea80000)
 ParOldGen       total 57856K, used 16831K [0x0000000740000000, 0x0000000743880000, 0x0000000795580000)
  object space 57856K, 29% used [0x0000000740000000,0x000000074106ffc8,0x0000000743880000)
 Metaspace       used 24239K, capacity 24473K, committed 24832K, reserved 1071104K
  class space    used 2385K, capacity 2485K, committed 2560K, reserved 1048576K
Event: 58.631 GC heap after
Heap after GC invocations=11 (full 1):
 PSYoungGen      total 133632K, used 4957K [0x0000000795580000, 0x000000079e680000, 0x00000007c0000000)
  eden space 125952K, 0% used [0x0000000795580000,0x0000000795580000,0x000000079d080000)
  from space 7680K, 64% used [0x000000079df00000,0x000000079e3d74b0,0x000000079e680000)
  to   space 11264K, 0% used [0x000000079d080000,0x000000079d080000,0x000000079db80000)
 ParOldGen       total 57856K, used 16831K [0x0000000740000000, 0x0000000743880000, 0x0000000795580000)
  object space 57856K, 29% used [0x0000000740000000,0x000000074106ffc8,0x0000000743880000)
 Metaspace       used 24239K, capacity 24473K, committed 24832K, reserved 1071104K
  class space    used 2385K, capacity 2485K, committed 2560K, reserved 1048576K
}
Event: 70.956 GC heap before
{Heap before GC invocations=12 (full 1):
 PSYoungGen      total 133632K, used 130909K [0x0000000795580000, 0x000000079e680000, 0x00000007c0000000)
  eden space 125952K, 100% used [0x0000000795580000,0x000000079d080000,0x000000079d080000)
  from space 7680K, 64% used [0x000000079df00000,0x000000079e3d74b0,0x000000079e680000)
  to   space 11264K, 0% used [0x000000079d080000,0x000000079d080000,0x000000079db80000)
 ParOldGen       total 57856K, used 16831K [0x0000000740000000, 0x0000000743880000, 0x0000000795580000)
  object space 57856K, 29% used [0x0000000740000000,0x000000074106ffc8,0x0000000743880000)
 Metaspace       used 24239K, capacity 24473K, committed 24832K, reserved 1071104K
  class space    used 2385K, capacity 2485K, committed 2560K, reserved 1048576K
Event: 70.960 GC heap after
Heap after GC invocations=12 (full 1):
 PSYoungGen      total 137216K, used 4957K [0x0000000795580000, 0x000000079f600000, 0x00000007c0000000)
  eden space 125952K, 0% used [0x0000000795580000,0x0000000795580000,0x000000079d080000)
  from space 11264K, 44% used [0x000000079d080000,0x000000079d5574b0,0x000000079db80000)
  to   space 11264K, 0% used [0x000000079eb00000,0x000000079eb00000,0x000000079f600000)
 ParOldGen       total 57856K, used 16831K [0x0000000740000000, 0x0000000743880000, 0x0000000795580000)
  object space 57856K, 29% used [0x0000000740000000,0x000000074106ffc8,0x0000000743880000)
 Metaspace       used 24239K, capacity 24473K, committed 24832K, reserved 1071104K
  class space    used 2385K, capacity 2485K, committed 2560K, reserved 1048576K
}

Deoptimization events (10 events):
Event: 80.651 Thread 0x00007fea0b0e8800 Uncommon trap: reason=unstable_if action=reinterpret pc=0x0000000111bf137c method=java.awt.font.FontRenderContext.equals(Ljava/awt/font/FontRenderContext;)Z @ 2
Event: 80.651 Thread 0x00007fea0b0e8800 Uncommon trap: reason=unstable_if action=reinterpret pc=0x0000000111bed654 method=java.awt.Font.equals(Ljava/lang/Object;)Z @ 2
Event: 80.693 Thread 0x00007fea0c1ea800 Uncommon trap: reason=class_check action=maybe_recompile pc=0x0000000111a5386c method=java.util.HashMap.putVal(ILjava/lang/Object;Ljava/lang/Object;ZZ)Ljava/lang/Object; @ 91
Event: 80.693 Thread 0x00007fea0c1ea800 Uncommon trap: reason=class_check action=maybe_recompile pc=0x0000000111a5386c method=java.util.HashMap.putVal(ILjava/lang/Object;Ljava/lang/Object;ZZ)Ljava/lang/Object; @ 91
Event: 80.693 Thread 0x00007fea0c1ea800 Uncommon trap: reason=class_check action=maybe_recompile pc=0x0000000111a5386c method=java.util.HashMap.putVal(ILjava/lang/Object;Ljava/lang/Object;ZZ)Ljava/lang/Object; @ 91
Event: 80.693 Thread 0x00007fea0c1ea800 Uncommon trap: reason=class_check action=maybe_recompile pc=0x0000000111a5386c method=java.util.HashMap.putVal(ILjava/lang/Object;Ljava/lang/Object;ZZ)Ljava/lang/Object; @ 91
Event: 80.693 Thread 0x00007fea0c1ea800 Uncommon trap: reason=class_check action=maybe_recompile pc=0x00000001119b6788 method=java.util.HashMap.putVal(ILjava/lang/Object;Ljava/lang/Object;ZZ)Ljava/lang/Object; @ 91
Event: 80.694 Thread 0x00007fea0b0e8800 Uncommon trap: reason=unstable_if action=reinterpret pc=0x0000000111da5c28 method=sun.java2d.pipe.Region.isInsideQuickCheck(Lsun/java2d/pipe/Region;)Z @ 48
Event: 80.713 Thread 0x00007fea0b9e8000 Uncommon trap: reason=unstable_if action=reinterpret pc=0x0000000111a3c418 method=java.util.LinkedList$ListItr.<init>(Ljava/util/LinkedList;I)V @ 26
Event: 80.716 Thread 0x00007fea1190a000 Uncommon trap: reason=predicate action=maybe_recompile pc=0x0000000111c1a5f8 method=java.util.Vector.indexOf(Ljava/lang/Object;I)I @ 44

Internal exceptions (10 events):
Event: 0.466 Thread 0x00007fea0b801000 Exception <a 'java/lang/NoSuchFieldError': method resolution failed> (0x00000007957e2aa8) thrown at [/Users/java_re/workspace/8-2-build-macosx-x86_64/jdk8u111/7883/hotspot/src/share/vm/prims/methodHandles.cpp, line 1146]
Event: 0.850 Thread 0x00007fea0b801000 Exception <a 'java/io/FileNotFoundException'> (0x000000079585e250) thrown at [/Users/java_re/workspace/8-2-build-macosx-x86_64/jdk8u111/7883/hotspot/src/share/vm/prims/jni.cpp, line 709]
Event: 0.850 Thread 0x00007fea0b801000 Exception <a 'java/io/FileNotFoundException'> (0x000000079585edf0) thrown at [/Users/java_re/workspace/8-2-build-macosx-x86_64/jdk8u111/7883/hotspot/src/share/vm/prims/jni.cpp, line 709]
Event: 1.054 Thread 0x00007fea0b801000 Exception <a 'java/io/FileNotFoundException'> (0x000000079599e268) thrown at [/Users/java_re/workspace/8-2-build-macosx-x86_64/jdk8u111/7883/hotspot/src/share/vm/prims/jni.cpp, line 709]
Event: 3.576 Thread 0x00007fea0b9ca800 Exception <a 'java/lang/UnsatisfiedLinkError': com.jogamp.common.util.JarUtil.fixNativeLibAttribs(Ljava/lang/String;)Z> (0x0000000796c1eee0) thrown at [/Users/java_re/workspace/8-2-build-macosx-x86_64/jdk8u111/7883/hotspot/src/share/vm/prims/nativeLookup.
Event: 4.150 Thread 0x00007fea0c007000 Exception <a 'java/lang/NullPointerException'> (0x000000079562a390) thrown at [/Users/java_re/workspace/8-2-build-macosx-x86_64/jdk8u111/7883/hotspot/src/share/vm/interpreter/linkResolver.cpp, line 1178]
Event: 5.119 Thread 0x00007fea0b9e8000 Exception <a 'java/io/FileNotFoundException'> (0x00000007960ec608) thrown at [/Users/java_re/workspace/8-2-build-macosx-x86_64/jdk8u111/7883/hotspot/src/share/vm/prims/jni.cpp, line 709]
Event: 5.119 Thread 0x00007fea0b9e8000 Exception <a 'java/io/FileNotFoundException'> (0x00000007960f3d90) thrown at [/Users/java_re/workspace/8-2-build-macosx-x86_64/jdk8u111/7883/hotspot/src/share/vm/prims/jni.cpp, line 709]
Event: 5.120 Thread 0x00007fea0b9e8000 Implicit null exception at 0x00000001115c3936 to 0x00000001115c3d05
Event: 8.148 Thread 0x00007fea0b9e8000 Implicit null exception at 0x00000001119fb9e5 to 0x00000001119fbb39

Events (10 events):
Event: 80.721 Thread 0x00007fea0b82d800 flushing nmethod 0x0000000111630190
Event: 80.721 Thread 0x00007fea0b82d800 flushing nmethod 0x000000011163a1d0
Event: 80.723 Thread 0x00007fea0b82d800 flushing nmethod 0x0000000111646710
Event: 80.723 Thread 0x00007fea0b82d800 flushing nmethod 0x000000011164bb10
Event: 80.723 Thread 0x00007fea0b82d800 flushing nmethod 0x000000011166add0
Event: 80.723 Thread 0x00007fea0b82d800 flushing nmethod 0x000000011166e090
Event: 80.724 Thread 0x00007fea0b82d800 flushing nmethod 0x0000000111680910
Event: 80.724 Thread 0x00007fea0b82d800 flushing nmethod 0x0000000111687f10
Event: 80.724 Thread 0x00007fea0b82d800 flushing nmethod 0x00000001116d36d0
Event: 80.724 Thread 0x00007fea0b82d800 flushing nmethod 0x00000001116e3a50


Dynamic libraries:
0x000000000ad86000 	/System/Library/Frameworks/Cocoa.framework/Versions/A/Cocoa
0x000000000ad86000 	/System/Library/Frameworks/Security.framework/Versions/A/Security
0x000000000ad86000 	/System/Library/Frameworks/ApplicationServices.framework/Versions/A/ApplicationServices
0x000000000ad86000 	/usr/lib/libz.1.dylib
0x000000000ad86000 	/usr/lib/libSystem.B.dylib
0x000000000ad86000 	/usr/lib/libobjc.A.dylib
0x000000000ad86000 	/System/Library/Frameworks/CoreFoundation.framework/Versions/A/CoreFoundation
0x000000000ad86000 	/System/Library/Frameworks/Foundation.framework/Versions/C/Foundation
0x000000000ad86000 	/System/Library/Frameworks/AppKit.framework/Versions/C/AppKit
0x000000000ad86000 	/System/Library/Frameworks/CoreData.framework/Versions/A/CoreData
0x000000000ad86000 	/System/Library/PrivateFrameworks/RemoteViewServices.framework/Versions/A/RemoteViewServices
0x000000000ad86000 	/System/Library/PrivateFrameworks/UIFoundation.framework/Versions/A/UIFoundation
0x000000000ad86000 	/usr/lib/libScreenReader.dylib
0x000000000ad86000 	/System/Library/Frameworks/Accelerate.framework/Versions/A/Accelerate
0x000000000ad86000 	/System/Library/Frameworks/IOSurface.framework/Versions/A/IOSurface
0x000000000ad86000 	/System/Library/Frameworks/AudioToolbox.framework/Versions/A/AudioToolbox
0x000000000ad86000 	/System/Library/Frameworks/AudioUnit.framework/Versions/A/AudioUnit
0x000000000ad86000 	/System/Library/PrivateFrameworks/DataDetectorsCore.framework/Versions/A/DataDetectorsCore
0x000000000ad86000 	/System/Library/PrivateFrameworks/DesktopServicesPriv.framework/Versions/A/DesktopServicesPriv
0x000000000ad86000 	/System/Library/Frameworks/Carbon.framework/Versions/A/Frameworks/HIToolbox.framework/Versions/A/HIToolbox
0x000000000ad86000 	/System/Library/Frameworks/QuartzCore.framework/Versions/A/QuartzCore
0x000000000ad86000 	/System/Library/Frameworks/Carbon.framework/Versions/A/Frameworks/SpeechRecognition.framework/Versions/A/SpeechRecognition
0x000000000ad86000 	/usr/lib/libauto.dylib
0x000000000ad86000 	/usr/lib/libicucore.A.dylib
0x000000000ad86000 	/usr/lib/libxml2.2.dylib
0x000000000ad86000 	/System/Library/PrivateFrameworks/CoreUI.framework/Versions/A/CoreUI
0x000000000ad86000 	/System/Library/Frameworks/CoreAudio.framework/Versions/A/CoreAudio
0x000000000ad86000 	/System/Library/Frameworks/DiskArbitration.framework/Versions/A/DiskArbitration
0x000000000ad86000 	/usr/lib/liblangid.dylib
0x000000000ad86000 	/System/Library/PrivateFrameworks/MultitouchSupport.framework/Versions/A/MultitouchSupport
0x000000000ad86000 	/System/Library/Frameworks/IOKit.framework/Versions/A/IOKit
0x000000000ad86000 	/usr/lib/libDiagnosticMessagesClient.dylib
0x000000000ad86000 	/System/Library/Frameworks/CoreServices.framework/Versions/A/CoreServices
0x000000000ad86000 	/System/Library/PrivateFrameworks/PerformanceAnalysis.framework/Versions/A/PerformanceAnalysis
0x000000000ad86000 	/System/Library/PrivateFrameworks/GenerationalStorage.framework/Versions/A/GenerationalStorage
0x000000000ad86000 	/System/Library/Frameworks/OpenGL.framework/Versions/A/OpenGL
0x000000000ad86000 	/System/Library/PrivateFrameworks/Sharing.framework/Versions/A/Sharing
0x000000000ad86000 	/System/Library/Frameworks/CoreGraphics.framework/Versions/A/CoreGraphics
0x000000000ad86000 	/System/Library/Frameworks/CoreImage.framework/Versions/A/CoreImage
0x000000000ad86000 	/System/Library/Frameworks/CoreText.framework/Versions/A/CoreText
0x000000000ad86000 	/System/Library/Frameworks/ImageIO.framework/Versions/A/ImageIO
0x000000000ad86000 	/System/Library/PrivateFrameworks/Backup.framework/Versions/A/Backup
0x000000000ad86000 	/usr/lib/libextension.dylib
0x000000000ad86000 	/usr/lib/libarchive.2.dylib
0x000000000ad86000 	/System/Library/Frameworks/CFNetwork.framework/Versions/A/CFNetwork
0x000000000ad86000 	/System/Library/Frameworks/SystemConfiguration.framework/Versions/A/SystemConfiguration
0x000000000ad86000 	/usr/lib/libCRFSuite.dylib
0x000000000ad86000 	/usr/lib/libc++.1.dylib
0x000000000ad86000 	/usr/lib/libc++abi.dylib
0x000000000ad86000 	/usr/lib/system/libcache.dylib
0x000000000ad86000 	/usr/lib/system/libcommonCrypto.dylib
0x000000000ad86000 	/usr/lib/system/libcompiler_rt.dylib
0x000000000ad86000 	/usr/lib/system/libcopyfile.dylib
0x000000000ad86000 	/usr/lib/system/libcorecrypto.dylib
0x000000000ad86000 	/usr/lib/system/libdispatch.dylib
0x000000000ad86000 	/usr/lib/system/libdyld.dylib
0x000000000ad86000 	/usr/lib/system/libkeymgr.dylib
0x000000000ad86000 	/usr/lib/system/liblaunch.dylib
0x000000000ad86000 	/usr/lib/system/libmacho.dylib
0x000000000ad86000 	/usr/lib/system/libquarantine.dylib
0x000000000ad86000 	/usr/lib/system/libremovefile.dylib
0x000000000ad86000 	/usr/lib/system/libsystem_asl.dylib
0x000000000ad86000 	/usr/lib/system/libsystem_blocks.dylib
0x000000000ad86000 	/usr/lib/system/libsystem_c.dylib
0x000000000ad86000 	/usr/lib/system/libsystem_configuration.dylib
0x000000000ad86000 	/usr/lib/system/libsystem_coreservices.dylib
0x000000000ad86000 	/usr/lib/system/libsystem_coretls.dylib
0x000000000ad86000 	/usr/lib/system/libsystem_dnssd.dylib
0x000000000ad86000 	/usr/lib/system/libsystem_info.dylib
0x000000000ad86000 	/usr/lib/system/libsystem_kernel.dylib
0x000000000ad86000 	/usr/lib/system/libsystem_m.dylib
0x000000000ad86000 	/usr/lib/system/libsystem_malloc.dylib
0x000000000ad86000 	/usr/lib/system/libsystem_network.dylib
0x000000000ad86000 	/usr/lib/system/libsystem_networkextension.dylib
0x000000000ad86000 	/usr/lib/system/libsystem_notify.dylib
0x000000000ad86000 	/usr/lib/system/libsystem_platform.dylib
0x000000000ad86000 	/usr/lib/system/libsystem_pthread.dylib
0x000000000ad86000 	/usr/lib/system/libsystem_sandbox.dylib
0x000000000ad86000 	/usr/lib/system/libsystem_secinit.dylib
0x000000000ad86000 	/usr/lib/system/libsystem_trace.dylib
0x000000000ad86000 	/usr/lib/system/libunc.dylib
0x000000000ad86000 	/usr/lib/system/libunwind.dylib
0x000000000ad86000 	/usr/lib/system/libxpc.dylib
0x000000000ad86000 	/usr/lib/libenergytrace.dylib
0x000000000ad86000 	/usr/lib/libbsm.0.dylib
0x000000000ad86000 	/usr/lib/system/libkxld.dylib
0x000000000ad86000 	/usr/lib/libxar.1.dylib
0x000000000ad86000 	/usr/lib/libsqlite3.dylib
0x000000000ad86000 	/usr/lib/libpam.2.dylib
0x000000000ad86000 	/usr/lib/libOpenScriptingUtil.dylib
0x000000000ad86000 	/usr/lib/libbz2.1.0.dylib
0x000000000ad86000 	/usr/lib/liblzma.5.dylib
0x000000000ad86000 	/System/Library/Frameworks/CoreServices.framework/Versions/A/Frameworks/FSEvents.framework/Versions/A/FSEvents
0x000000000ad86000 	/System/Library/Frameworks/CoreServices.framework/Versions/A/Frameworks/CarbonCore.framework/Versions/A/CarbonCore
0x000000000ad86000 	/System/Library/Frameworks/CoreServices.framework/Versions/A/Frameworks/Metadata.framework/Versions/A/Metadata
0x000000000ad86000 	/System/Library/Frameworks/CoreServices.framework/Versions/A/Frameworks/OSServices.framework/Versions/A/OSServices
0x000000000ad86000 	/System/Library/Frameworks/CoreServices.framework/Versions/A/Frameworks/SearchKit.framework/Versions/A/SearchKit
0x000000000ad86000 	/System/Library/Frameworks/CoreServices.framework/Versions/A/Frameworks/AE.framework/Versions/A/AE
0x000000000ad86000 	/System/Library/Frameworks/CoreServices.framework/Versions/A/Frameworks/LaunchServices.framework/Versions/A/LaunchServices
0x000000000ad86000 	/System/Library/Frameworks/CoreServices.framework/Versions/A/Frameworks/DictionaryServices.framework/Versions/A/DictionaryServices
0x000000000ad86000 	/System/Library/Frameworks/CoreServices.framework/Versions/A/Frameworks/SharedFileList.framework/Versions/A/SharedFileList
0x000000000ad86000 	/System/Library/Frameworks/NetFS.framework/Versions/A/NetFS
0x000000000ad86000 	/System/Library/PrivateFrameworks/NetAuth.framework/Versions/A/NetAuth
0x000000000ad86000 	/System/Library/PrivateFrameworks/login.framework/Versions/A/Frameworks/loginsupport.framework/Versions/A/loginsupport
0x000000000ad86000 	/System/Library/PrivateFrameworks/TCC.framework/Versions/A/TCC
0x000000000ad86000 	/usr/lib/libmecabra.dylib
0x000000000ad86000 	/System/Library/Frameworks/ApplicationServices.framework/Versions/A/Frameworks/ATS.framework/Versions/A/ATS
0x000000000ad86000 	/System/Library/Frameworks/ApplicationServices.framework/Versions/A/Frameworks/ColorSync.framework/Versions/A/ColorSync
0x000000000ad86000 	/System/Library/Frameworks/ApplicationServices.framework/Versions/A/Frameworks/HIServices.framework/Versions/A/HIServices
0x000000000ad86000 	/System/Library/Frameworks/ApplicationServices.framework/Versions/A/Frameworks/LangAnalysis.framework/Versions/A/LangAnalysis
0x000000000ad86000 	/System/Library/Frameworks/ApplicationServices.framework/Versions/A/Frameworks/PrintCore.framework/Versions/A/PrintCore
0x000000000ad86000 	/System/Library/Frameworks/ApplicationServices.framework/Versions/A/Frameworks/QD.framework/Versions/A/QD
0x000000000ad86000 	/System/Library/Frameworks/ApplicationServices.framework/Versions/A/Frameworks/SpeechSynthesis.framework/Versions/A/SpeechSynthesis
0x000000000ad86000 	/System/Library/Frameworks/Metal.framework/Versions/A/Metal
0x000000000ad86000 	/System/Library/Frameworks/Accelerate.framework/Versions/A/Frameworks/vImage.framework/Versions/A/vImage
0x000000000ad86000 	/System/Library/Frameworks/Accelerate.framework/Versions/A/Frameworks/vecLib.framework/Versions/A/vecLib
0x000000000ad86000 	/System/Library/Frameworks/Accelerate.framework/Versions/A/Frameworks/vecLib.framework/Versions/A/libvDSP.dylib
0x000000000ad86000 	/System/Library/Frameworks/Accelerate.framework/Versions/A/Frameworks/vecLib.framework/Versions/A/libvMisc.dylib
0x000000000ad86000 	/System/Library/Frameworks/Accelerate.framework/Versions/A/Frameworks/vecLib.framework/Versions/A/libLAPACK.dylib
0x000000000ad86000 	/System/Library/Frameworks/Accelerate.framework/Versions/A/Frameworks/vecLib.framework/Versions/A/libBLAS.dylib
0x000000000ad86000 	/System/Library/Frameworks/Accelerate.framework/Versions/A/Frameworks/vecLib.framework/Versions/A/libLinearAlgebra.dylib
0x000000000ad86000 	/System/Library/Frameworks/Accelerate.framework/Versions/A/Frameworks/vecLib.framework/Versions/A/libSparseBLAS.dylib
0x000000000ad86000 	/System/Library/PrivateFrameworks/GPUCompiler.framework/libmetal_timestamp.dylib
0x000000000ad86000 	/System/Library/Frameworks/OpenGL.framework/Versions/A/Libraries/libCoreFSCache.dylib
0x000000000ad86000 	/System/Library/PrivateFrameworks/IOAccelerator.framework/Versions/A/IOAccelerator
0x000000000ad86000 	/System/Library/Frameworks/ApplicationServices.framework/Versions/A/Frameworks/ATS.framework/Versions/A/Resources/libFontParser.dylib
0x000000000ad86000 	/System/Library/Frameworks/ApplicationServices.framework/Versions/A/Frameworks/ATS.framework/Versions/A/Resources/libFontRegistry.dylib
0x000000000ad86000 	/System/Library/PrivateFrameworks/AppleVPA.framework/Versions/A/AppleVPA
0x000000000ad86000 	/System/Library/PrivateFrameworks/AppleJPEG.framework/Versions/A/AppleJPEG
0x000000000ad86000 	/System/Library/Frameworks/ImageIO.framework/Versions/A/Resources/libJPEG.dylib
0x000000000ad86000 	/System/Library/Frameworks/ImageIO.framework/Versions/A/Resources/libTIFF.dylib
0x000000000ad86000 	/System/Library/Frameworks/ImageIO.framework/Versions/A/Resources/libPng.dylib
0x000000000ad86000 	/System/Library/Frameworks/ImageIO.framework/Versions/A/Resources/libGIF.dylib
0x000000000ad86000 	/System/Library/Frameworks/ImageIO.framework/Versions/A/Resources/libJP2.dylib
0x000000000ad86000 	/System/Library/Frameworks/ImageIO.framework/Versions/A/Resources/libRadiance.dylib
0x000000000ad86000 	/System/Library/Frameworks/CoreVideo.framework/Versions/A/CoreVideo
0x000000000ad86000 	/System/Library/Frameworks/OpenGL.framework/Versions/A/Libraries/libGLU.dylib
0x000000000ad86000 	/System/Library/Frameworks/OpenGL.framework/Versions/A/Libraries/libGFXShared.dylib
0x000000000ad86000 	/System/Library/Frameworks/OpenGL.framework/Versions/A/Libraries/libGL.dylib
0x000000000ad86000 	/System/Library/Frameworks/OpenGL.framework/Versions/A/Libraries/libGLImage.dylib
0x000000000ad86000 	/System/Library/Frameworks/OpenGL.framework/Versions/A/Libraries/libCVMSPluginSupport.dylib
0x000000000ad86000 	/System/Library/Frameworks/OpenGL.framework/Versions/A/Libraries/libCoreVMClient.dylib
0x000000000ad86000 	/usr/lib/libcompression.dylib
0x000000000ad86000 	/usr/lib/libcups.2.dylib
0x000000000ad86000 	/System/Library/Frameworks/Kerberos.framework/Versions/A/Kerberos
0x000000000ad86000 	/System/Library/Frameworks/GSS.framework/Versions/A/GSS
0x000000000ad86000 	/usr/lib/libresolv.9.dylib
0x000000000ad86000 	/usr/lib/libiconv.2.dylib
0x000000000ad86000 	/System/Library/PrivateFrameworks/Heimdal.framework/Versions/A/Heimdal
0x000000000ad86000 	/usr/lib/libheimdal-asn1.dylib
0x000000000ad86000 	/System/Library/Frameworks/OpenDirectory.framework/Versions/A/OpenDirectory
0x000000000ad86000 	/System/Library/PrivateFrameworks/CommonAuth.framework/Versions/A/CommonAuth
0x000000000ad86000 	/System/Library/Frameworks/OpenDirectory.framework/Versions/A/Frameworks/CFOpenDirectory.framework/Versions/A/CFOpenDirectory
0x000000000ad86000 	/System/Library/Frameworks/SecurityFoundation.framework/Versions/A/SecurityFoundation
0x000000000ad86000 	/System/Library/PrivateFrameworks/LanguageModeling.framework/Versions/A/LanguageModeling
0x000000000ad86000 	/usr/lib/libmarisa.dylib
0x000000000ad86000 	/usr/lib/libChineseTokenizer.dylib
0x000000000ad86000 	/usr/lib/libcmph.dylib
0x000000000ad86000 	/System/Library/Frameworks/ServiceManagement.framework/Versions/A/ServiceManagement
0x000000000ad86000 	/usr/lib/libxslt.1.dylib
0x000000000ad86000 	/System/Library/Frameworks/Carbon.framework/Versions/A/Frameworks/Ink.framework/Versions/A/Ink
0x000000000ad86000 	/usr/lib/libFosl_dynamic.dylib
0x000000000ad86000 	/System/Library/PrivateFrameworks/FaceCore.framework/Versions/A/FaceCore
0x000000000ad86000 	/System/Library/Frameworks/OpenCL.framework/Versions/A/OpenCL
0x000000000ad86000 	/System/Library/PrivateFrameworks/CrashReporterSupport.framework/Versions/A/CrashReporterSupport
0x000000000ad86000 	/System/Library/PrivateFrameworks/IconServices.framework/Versions/A/IconServices
0x000000000ad86000 	/System/Library/PrivateFrameworks/Apple80211.framework/Versions/A/Apple80211
0x000000000ad86000 	/System/Library/Frameworks/CoreWLAN.framework/Versions/A/CoreWLAN
0x000000000ad86000 	/System/Library/Frameworks/IOBluetooth.framework/Versions/A/IOBluetooth
0x000000000ad86000 	/System/Library/PrivateFrameworks/CoreWiFi.framework/Versions/A/CoreWiFi
0x000000000ad86000 	/System/Library/Frameworks/CoreBluetooth.framework/Versions/A/CoreBluetooth
0x000000000ad86000 	/System/Library/PrivateFrameworks/ChunkingLibrary.framework/Versions/A/ChunkingLibrary
0x000000000ad86000 	/System/Library/PrivateFrameworks/DebugSymbols.framework/Versions/A/DebugSymbols
0x000000000ad86000 	/System/Library/PrivateFrameworks/CoreSymbolication.framework/Versions/A/CoreSymbolication
0x000000000ad86000 	/System/Library/PrivateFrameworks/Symbolication.framework/Versions/A/Symbolication
0x000000000ad86000 	/System/Library/PrivateFrameworks/SpeechRecognitionCore.framework/Versions/A/SpeechRecognitionCore
0x000000010faec000 	/Library/Java/JavaVirtualMachines/jdk1.8.0_111.jdk/Contents/Home/jre/lib/server/libjvm.dylib
0x000000000ad86000 	/usr/lib/libstdc++.6.dylib
0x0000000110a91000 	/Library/Java/JavaVirtualMachines/jdk1.8.0_111.jdk/Contents/Home/jre/lib/libverify.dylib
0x0000000110a9f000 	/Library/Java/JavaVirtualMachines/jdk1.8.0_111.jdk/Contents/Home/jre/lib/libjava.dylib
0x0000000110ade000 	/Library/Java/JavaVirtualMachines/jdk1.8.0_111.jdk/Contents/Home/jre/lib/libzip.dylib
0x0000000110be4000 	/System/Library/Frameworks/JavaVM.framework/Frameworks/JavaRuntimeSupport.framework/JavaRuntimeSupport
0x0000000126c67000 	/System/Library/Frameworks/JavaVM.framework/Versions/A/Frameworks/JavaNativeFoundation.framework/Versions/A/JavaNativeFoundation
0x0000000126c7c000 	/System/Library/Frameworks/JavaVM.framework/Versions/A/JavaVM
0x000000000ad86000 	/System/Library/Frameworks/Carbon.framework/Versions/A/Carbon
0x0000000126c89000 	/System/Library/PrivateFrameworks/JavaLaunching.framework/Versions/A/JavaLaunching
0x000000000ad86000 	/System/Library/Frameworks/Carbon.framework/Versions/A/Frameworks/CommonPanels.framework/Versions/A/CommonPanels
0x000000000ad86000 	/System/Library/Frameworks/Carbon.framework/Versions/A/Frameworks/Help.framework/Versions/A/Help
0x000000000ad86000 	/System/Library/Frameworks/Carbon.framework/Versions/A/Frameworks/ImageCapture.framework/Versions/A/ImageCapture
0x000000000ad86000 	/System/Library/Frameworks/Carbon.framework/Versions/A/Frameworks/OpenScripting.framework/Versions/A/OpenScripting
0x000000000ad86000 	/System/Library/Frameworks/Carbon.framework/Versions/A/Frameworks/Print.framework/Versions/A/Print
0x000000000ad86000 	/System/Library/Frameworks/Carbon.framework/Versions/A/Frameworks/SecurityHI.framework/Versions/A/SecurityHI
0x00000001285e7000 	/Library/Java/JavaVirtualMachines/jdk1.8.0_111.jdk/Contents/Home/jre/lib/libawt.dylib
0x000000012868f000 	/Library/Java/JavaVirtualMachines/jdk1.8.0_111.jdk/Contents/Home/jre/lib/./libmlib_image.dylib
0x000000012875b000 	/Library/Java/JavaVirtualMachines/jdk1.8.0_111.jdk/Contents/Home/jre/lib/libawt_lwawt.dylib
0x0000000128810000 	/Library/Java/JavaVirtualMachines/jdk1.8.0_111.jdk/Contents/Home/jre/lib/./libosxapp.dylib
0x000000000ad86000 	/System/Library/Frameworks/ExceptionHandling.framework/Versions/A/ExceptionHandling
0x000000000ad86000 	/System/Library/PrivateFrameworks/CoreServicesInternal.framework/Versions/A/CoreServicesInternal
0x000000000ad86000 	/System/Library/Frameworks/CoreGraphics.framework/Versions/A/Resources/libRIP.A.dylib
0x000000000ad86000 	/System/Library/Frameworks/Accelerate.framework/Versions/A/Frameworks/vImage.framework/Versions/A/Libraries/libCGInterfaces.dylib
0x000000000ad86000 	/System/Library/Frameworks/CoreGraphics.framework/Versions/A/Resources/libCGXType.A.dylib
0x000000000ad86000 	/System/Library/Frameworks/OpenCL.framework/Versions/A/Libraries/libcldcpuengine.dylib
0x000000000ad86000 	/System/Library/PrivateFrameworks/DiskImages.framework/Versions/A/DiskImages
0x000000000ad86000 	/System/Library/Frameworks/DiscRecording.framework/Versions/A/DiscRecording
0x000000000ad86000 	/usr/lib/libcsfde.dylib
0x000000000ad86000 	/usr/lib/libcurl.4.dylib
0x000000000ad86000 	/System/Library/PrivateFrameworks/MediaKit.framework/Versions/A/MediaKit
0x000000000ad86000 	/System/Library/PrivateFrameworks/ProtectedCloudStorage.framework/Versions/A/ProtectedCloudStorage
0x000000000ad86000 	/usr/lib/libCoreStorage.dylib
0x000000000ad86000 	/System/Library/PrivateFrameworks/EFILogin.framework/Versions/A/EFILogin
0x000000000ad86000 	/usr/lib/libutil.dylib
0x000000000ad86000 	/System/Library/PrivateFrameworks/FindMyDevice.framework/Versions/A/FindMyDevice
0x000000000ad86000 	/System/Library/Frameworks/LDAP.framework/Versions/A/LDAP
0x000000000ad86000 	/usr/lib/libsasl2.2.dylib
0x000000000ad86000 	/System/Library/PrivateFrameworks/CoreDaemon.framework/Versions/B/CoreDaemon
0x000000000ad86000 	/usr/lib/libcrypto.0.9.8.dylib
0x000000000ad86000 	/System/Library/PrivateFrameworks/AppleSRP.framework/Versions/A/AppleSRP
0x000000000ad86000 	/System/Library/PrivateFrameworks/TrustEvaluationAgent.framework/Versions/A/TrustEvaluationAgent
0x000000012a461000 	cl_kernels
0x000000000ad86000 	/System/Library/Frameworks/OpenCL.framework/Versions/A/Libraries/ImageFormats/unorm8_bgra.dylib
0x000000000ad86000 	/System/Library/Frameworks/OpenCL.framework/Versions/A/Libraries/ImageFormats/unorm8_rgba.dylib
0x000000000ad86000 	/System/Library/PrivateFrameworks/FamilyControls.framework/Versions/A/FamilyControls
0x000000000ad86000 	/System/Library/PrivateFrameworks/CommerceKit.framework/Versions/A/Frameworks/CommerceCore.framework/Versions/A/CommerceCore
0x000000000ad86000 	/System/Library/PrivateFrameworks/SystemAdministration.framework/Versions/A/SystemAdministration
0x000000000ad86000 	/System/Library/PrivateFrameworks/AppContainer.framework/Versions/A/AppContainer
0x000000000ad86000 	/System/Library/PrivateFrameworks/SecCodeWrapper.framework/Versions/A/SecCodeWrapper
0x000000000ad86000 	/System/Library/Frameworks/DirectoryService.framework/Versions/A/DirectoryService
0x000000000ad86000 	/System/Library/PrivateFrameworks/LoginUIKit.framework/Versions/A/Frameworks/LoginUICore.framework/Versions/A/LoginUICore
0x000000000ad86000 	/usr/lib/libodfde.dylib
0x000000000ad86000 	/System/Library/Frameworks/OpenGL.framework/Versions/A/Resources/GLEngine.bundle/GLEngine
0x000000000ad86000 	/System/Library/Frameworks/OpenGL.framework/Versions/A/Libraries/libGLProgrammability.dylib
0x000000012b55f000 	/System/Library/Extensions/AppleIntelBDWGraphicsGLDriver.bundle/Contents/MacOS/AppleIntelBDWGraphicsGLDriver
0x000000000ad86000 	/System/Library/PrivateFrameworks/GPUSupport.framework/Versions/A/Libraries/libGPUSupportMercury.dylib
0x000000000ad86000 	/System/Library/Frameworks/OpenGL.framework/Versions/A/Resources/GLRendererFloat.bundle/GLRendererFloat
0x000000012c4e1000 	/Library/Java/JavaVirtualMachines/jdk1.8.0_111.jdk/Contents/Home/jre/lib/libfontmanager.dylib
0x000000012d9a9000 	/Library/Java/JavaVirtualMachines/jdk1.8.0_111.jdk/Contents/Home/jre/lib/libosxui.dylib
0x000000012e4c8000 	/Library/Java/JavaVirtualMachines/jdk1.8.0_111.jdk/Contents/Home/jre/lib/libnet.dylib
0x000000012e458000 	/Library/Java/JavaVirtualMachines/jdk1.8.0_111.jdk/Contents/Home/jre/lib/libnio.dylib
0x000000000ad86000 	/System/Library/Frameworks/ApplicationServices.framework/Versions/A/Frameworks/ATS.framework/Versions/A/Resources/libTrueTypeScaler.dylib
0x000000017f80e000 	/System/Library/Extensions/AppleIntelBDWGraphicsMTLDriver.bundle/Contents/MacOS/AppleIntelBDWGraphicsMTLDriver
0x000000012d730000 	/private/var/folders/52/pd9n1grn4_55dn11fg2xx6m40000gn/T/jogamp_0000/file_cache/jln6344596092574492343/jln5438970865875212526/libgluegen-rt.jnilib
0x000000012e42e000 	/private/var/folders/52/pd9n1grn4_55dn11fg2xx6m40000gn/T/jogamp_0000/file_cache/jln6344596092574492343/jln5438970865875212526/libnativewindow_awt.jnilib
0x000000012e4ec000 	/Library/Java/JavaVirtualMachines/jdk1.8.0_111.jdk/Contents/Home/jre/lib/libjawt.dylib
0x000000017f715000 	/private/var/folders/52/pd9n1grn4_55dn11fg2xx6m40000gn/T/jogamp_0000/file_cache/jln6344596092574492343/jln5438970865875212526/libnativewindow_macosx.jnilib
0x00000001853ce000 	/private/var/folders/52/pd9n1grn4_55dn11fg2xx6m40000gn/T/jogamp_0000/file_cache/jln6344596092574492343/jln5438970865875212526/libjogl_desktop.jnilib
0x00000001874c8000 	/Library/Java/JavaVirtualMachines/jdk1.8.0_111.jdk/Contents/Home/jre/lib/libsunec.dylib
0x00000001847be000 	/Library/Java/JavaVirtualMachines/jdk1.8.0_111.jdk/Contents/Home/jre/lib/libt2k.dylib
0x000000017f7af000 	/Library/Java/JavaVirtualMachines/jdk1.8.0_111.jdk/Contents/Home/jre/lib/libjpeg.dylib

VM Arguments:
jvm_args: -Djava.security.policy=java.policy.applet -Dfile.encoding=UTF-8 
java_command: sun.applet.AppletViewer module4.EarthquakeCityMap1495389731038.html
java_class_path (initial): /Users/dhruvsawhney/Documents/workspace/UCSDUnfoldingMaps/build:/Users/dhruvsawhney/Documents/workspace/UCSDUnfoldingMaps/lib/core.jar:/Users/dhruvsawhney/Documents/workspace/UCSDUnfoldingMaps/lib/gluegen-rt.jar:/Users/dhruvsawhney/Documents/workspace/UCSDUnfoldingMaps/lib/jogl-all.jar:/Users/dhruvsawhney/Documents/workspace/UCSDUnfoldingMaps/lib/log4j-1.2.15.jar:/Users/dhruvsawhney/Documents/workspace/UCSDUnfoldingMaps/lib/sqlite-jdbc-3.7.2.jar:/Users/dhruvsawhney/Documents/workspace/UCSDUnfoldingMaps/lib/json4processing.jar:/Users/dhruvsawhney/Documents/workspace/UCSDUnfoldingMaps/lib/libTUIO.jar:/Users/dhruvsawhney/Documents/workspace/UCSDUnfoldingMaps/lib/unfolding.0.9.7-uscd.jar
Launcher Type: SUN_STANDARD

Environment Variables:
PATH=/usr/bin:/bin:/usr/sbin:/sbin
SHELL=/bin/bash
DISPLAY=/private/tmp/com.apple.launchd.TplqWvYJlD/org.macosforge.xquartz:0

Signal Handlers:
SIGSEGV: [libjvm.dylib+0x5b03ed], sa_mask[0]=11111111011111110111111111111111, sa_flags=SA_ONSTACK|SA_RESTART|SA_SIGINFO
SIGBUS: [libjvm.dylib+0x5b03ed], sa_mask[0]=11111111011111110111111111111111, sa_flags=SA_RESTART|SA_SIGINFO
SIGFPE: [libjvm.dylib+0x48711c], sa_mask[0]=11111111011111110111111111111111, sa_flags=SA_RESTART|SA_SIGINFO
SIGPIPE: [libjvm.dylib+0x48711c], sa_mask[0]=11111111011111110111111111111111, sa_flags=SA_RESTART|SA_SIGINFO
SIGXFSZ: [libjvm.dylib+0x48711c], sa_mask[0]=11111111011111110111111111111111, sa_flags=SA_RESTART|SA_SIGINFO
SIGILL: [libjvm.dylib+0x48711c], sa_mask[0]=11111111011111110111111111111111, sa_flags=SA_RESTART|SA_SIGINFO
SIGUSR1: SIG_DFL, sa_mask[0]=00000000000000000000000000000000, sa_flags=none
SIGUSR2: [libjvm.dylib+0x486c3a], sa_mask[0]=00100000000000000000000000000000, sa_flags=SA_RESTART|SA_SIGINFO
SIGHUP: [libjvm.dylib+0x485211], sa_mask[0]=11111111011111110111111111111111, sa_flags=SA_RESTART|SA_SIGINFO
SIGINT: [libjvm.dylib+0x485211], sa_mask[0]=11111111011111110111111111111111, sa_flags=SA_RESTART|SA_SIGINFO
SIGTERM: [libjvm.dylib+0x485211], sa_mask[0]=11111111011111110111111111111111, sa_flags=SA_RESTART|SA_SIGINFO
SIGQUIT: [libjvm.dylib+0x485211], sa_mask[0]=11111111011111110111111111111111, sa_flags=SA_RESTART|SA_SIGINFO


---------------  S Y S T E M  ---------------

OS:Bsduname:Darwin 15.6.0 Darwin Kernel Version 15.6.0: Thu Sep  1 15:01:16 PDT 2016; root:xnu-3248.60.11~2/RELEASE_X86_64 x86_64
rlimit: STACK 8192k, CORE 0k, NPROC 709, NOFILE 10240, AS infinity
load average:5.11 3.78 3.24

CPU:total 4 (2 cores per cpu, 2 threads per core) family 6 model 61 stepping 4, cmov, cx8, fxsr, mmx, sse, sse2, sse3, ssse3, sse4.1, sse4.2, popcnt, avx, avx2, aes, clmul, erms, 3dnowpref, lzcnt, ht, tsc, tscinvbit, bmi1, bmi2, adx

Memory: 4k page, physical 8388608k(345600k free)

/proc/meminfo:


vm_info: Java HotSpot(TM) 64-Bit Server VM (25.111-b14) for bsd-amd64 JRE (1.8.0_111-b14), built on Sep 22 2016 15:31:41 by "java_re" with gcc 4.2.1 (Based on Apple Inc. build 5658) (LLVM build 2336.11.00)

time: Sun May 21 11:03:31 2017
elapsed time: 80 seconds (0d 0h 1m 20s)

