#
# A fatal error has been detected by the Java Runtime Environment:
#
#  SIGSEGV (0xb) at pc=0x00007fff9a8684dd, pid=4093, tid=0x0000000000000a0b
#
# JRE version: Java(TM) SE Runtime Environment (8.0_111-b14) (build 1.8.0_111-b14)
# Java VM: Java HotSpot(TM) 64-Bit Server VM (25.111-b14 mixed mode bsd-amd64 compressed oops)
# Problematic frame:
# C  [libobjc.A.dylib+0x14dd]  objc_msgSend+0x1d
#
# Failed to write core dump. Core dumps have been disabled. To enable core dumping, try "ulimit -c unlimited" before starting Java again
#
# If you would like to submit a bug report, please visit:
#   http://bugreport.java.com/bugreport/crash.jsp
# The crash happened outside the Java Virtual Machine in native code.
# See problematic frame for where to report the bug.
#

---------------  T H R E A D  ---------------

Current thread (0x00007fecb28d1000):  JavaThread "AWT-AppKit" daemon [_thread_in_native, id=2571, stack(0x00007fff50030000,0x00007fff50830000)]

siginfo: si_signo: 11 (SIGSEGV), si_code: 1 (SEGV_MAPERR), si_addr: 0x0000000000000018

Registers:
RAX=0x00007fecb6236dc0, RBX=0x000000017f22e450, RCX=0x00000001295781a0, RDX=0x0000000129578880
RSP=0x00007fff5082b3e8, RBP=0x00007fff5082b4a0, RSI=0x00007fff97912cbe, RDI=0x00007fecb622ad80
R8 =0x0000000000000000, R9 =0x00000000000008b0, R10=0x00007fff97912cbe, R11=0x0000000000000000
R12=0x0000000000000000, R13=0x0000000185a4f128, R14=0x000000017f22e440, R15=0x00007fecb28d1000
RIP=0x00007fff9a8684dd, EFLAGS=0x0000000000010246, ERR=0x0000000000000004
  TRAPNO=0x000000000000000e

Top of Stack: (sp=0x00007fff5082b3e8)
0x00007fff5082b3e8:   000000017f22c157 00007fff5082b440
0x00007fff5082b3f8:   0000000000000003 00007fff5082b420
0x00007fff5082b408:   00000001101f27be 0000000185a4f128
0x00007fff5082b418:   0000000185a4f128 00007fecb6236dc0
0x00007fff5082b428:   000000017f22e6a0 000000017f22e710
0x00007fff5082b438:   00007fff7872d770 00007fff75580500
0x00007fff5082b448:   000000017f22e450 000000017f22e690
0x00007fff5082b458:   00007fecb6236dc0 00007fecb622ad80
0x00007fff5082b468:   00007fecb151e470 00007fecb6236dc0
0x00007fff5082b478:   00007fecb622ad80 00007fff5082b528
0x00007fff5082b488:   00007fecb28d11f8 0000000185a4f128
0x00007fff5082b498:   00007fff5082b550 00007fff5082b518
0x00007fff5082b4a8:   0000000110fb89f4 0000000185a4f128
0x00007fff5082b4b8:   00007fff5082b550 00007fff5082b518
0x00007fff5082b4c8:   0000000110fb8787 0000000110fb8742
0x00007fff5082b4d8:   00007fff5082b4d8 0000000185a4f128
0x00007fff5082b4e8:   00007fff5082b550 00000001858a5ec8
0x00007fff5082b4f8:   0000000000000000 0000000185a4f128
0x00007fff5082b508:   0000000000000000 00007fff5082b538
0x00007fff5082b518:   00007fff5082b598 0000000110fa92bd
0x00007fff5082b528:   00000007433a39d8 0000000110fb2538
0x00007fff5082b538:   00007fecb6236dc0 00007fff5082b598
0x00007fff5082b548:   00007fecb622ad80 0000000110fb3e02
0x00007fff5082b558:   00007fff5082b558 0000000185a4f2f2
0x00007fff5082b568:   00007fff5082b5c0 00000001858a5ec8
0x00007fff5082b578:   0000000000000000 0000000185a4f300
0x00007fff5082b588:   00007fff5082b538 00007fff5082b5a8
0x00007fff5082b598:   00007fff5082b608 0000000110fa92bd
0x00007fff5082b5a8:   00007fecb6236dc0 00000007433a2430
0x00007fff5082b5b8:   00007fecb622ad80 00000007433a2430
0x00007fff5082b5c8:   00007fff5082b5c8 0000000183e6f3ee
0x00007fff5082b5d8:   00007fff5082b618 0000000183e6f4a8 

Instructions: (pc=0x00007fff9a8684dd)
0x00007fff9a8684bd:   44 00 00 48 85 ff 2e 74 62 40 f6 c7 01 2e 75 66
0x00007fff9a8684cd:   49 bb f8 ff ff ff ff 7f 00 00 4c 23 1f 49 89 f2
0x00007fff9a8684dd:   45 23 53 18 49 c1 e2 04 4d 03 53 10 49 3b 32 75
0x00007fff9a8684ed:   04 41 ff 62 08 49 83 3a 01 76 0d 49 83 c2 10 49 

Register to memory mapping:

RAX=0x00007fecb6236dc0 is an unknown value
RBX=0x000000017f22e450: Java_jogamp_nativewindow_macosx_OSXUtil_GetScreenRefreshRate0+0x1cf0 in /private/var/folders/52/pd9n1grn4_55dn11fg2xx6m40000gn/T/jogamp_0000/file_cache/jln4964132248098648362/jln7101139101786810215/libnativewindow_macosx.jnilib at 0x000000017f227000
RCX=0x00000001295781a0 is an unknown value
RDX=0x0000000129578880 is an unknown value
RSP=0x00007fff5082b3e8 is pointing into the stack for thread: 0x00007fecb28d1000
RBP=0x00007fff5082b4a0 is pointing into the stack for thread: 0x00007fecb28d1000
RSI=0x00007fff97912cbe is an unknown value
RDI=0x00007fecb622ad80 is an unknown value
R8 =0x0000000000000000 is an unknown value
R9 =0x00000000000008b0 is an unknown value
R10=0x00007fff97912cbe is an unknown value
R11=0x0000000000000000 is an unknown value
R12=0x0000000000000000 is an unknown value
R13={method} {0x0000000185a4f128} 'UnsetJAWTRootSurfaceLayer0' '(JJ)V' in 'jogamp/nativewindow/jawt/macosx/MacOSXJAWTWindow'
R14=0x000000017f22e440: Java_jogamp_nativewindow_macosx_OSXUtil_GetScreenRefreshRate0+0x1ce0 in /private/var/folders/52/pd9n1grn4_55dn11fg2xx6m40000gn/T/jogamp_0000/file_cache/jln4964132248098648362/jln7101139101786810215/libnativewindow_macosx.jnilib at 0x000000017f227000
R15=0x00007fecb28d1000 is a thread


Stack: [0x00007fff50030000,0x00007fff50830000],  sp=0x00007fff5082b3e8,  free space=8172k
Native frames: (J=compiled Java code, j=interpreted, Vv=VM code, C=native code)
C  [libobjc.A.dylib+0x14dd]  objc_msgSend+0x1d
j  jogamp.nativewindow.jawt.macosx.MacOSXJAWTWindow.UnsetJAWTRootSurfaceLayer0(JJ)V+0
j  jogamp.nativewindow.jawt.macosx.MacOSXJAWTWindow.access$200(JJ)V+2
j  jogamp.nativewindow.jawt.macosx.MacOSXJAWTWindow$1.run()V+38
j  com.jogamp.common.util.RunnableTask.run()V+24
v  ~StubRoutines::call_stub
V  [libjvm.dylib+0x2ecf8a]  JavaCalls::call_helper(JavaValue*, methodHandle*, JavaCallArguments*, Thread*)+0x6ae
V  [libjvm.dylib+0x324119]  jni_invoke_nonstatic(JNIEnv_*, JavaValue*, _jobject*, JNICallType, _jmethodID*, JNI_ArgumentPusher*, Thread*)+0x2ec
V  [libjvm.dylib+0x3168e7]  jni_CallVoidMethod+0x16b
C  [libnativewindow_macosx.jnilib+0x5326]  Java_jogamp_nativewindow_jawt_macosx_MacOSXJAWTWindow_UnsetJAWTRootSurfaceLayer0+0x2b6
C  [Foundation+0x76fde]  __NSThreadPerformPerform+0x117
C  [CoreFoundation+0xaa7e1]  __CFRUNLOOP_IS_CALLING_OUT_TO_A_SOURCE0_PERFORM_FUNCTION__+0x11
C  [CoreFoundation+0x89f1c]  __CFRunLoopDoSources0+0x22c
C  [CoreFoundation+0x8943f]  __CFRunLoopRun+0x39f
C  [CoreFoundation+0x88e38]  CFRunLoopRunSpecific+0x128
C  [HIToolbox+0x30935]  RunCurrentEventLoopInMode+0xeb
C  [HIToolbox+0x30677]  ReceiveNextEventCommon+0xb8
C  [HIToolbox+0x305af]  _BlockUntilNextEventMatchingListInModeWithFilter+0x47
C  [AppKit+0x48df6]  _DPSNextEvent+0x42b
C  [AppKit+0x48226]  -[NSApplication _nextEventMatchingEventMask:untilDate:inMode:dequeue:]+0x1c6
C  [libosxapp.dylib+0x23aa]  -[NSApplicationAWT nextEventMatchingMask:untilDate:inMode:dequeue:]+0x7c
C  [AppKit+0x3cd80]  -[NSApplication run]+0x2aa
C  [libosxapp.dylib+0x214d]  +[NSApplicationAWT runAWTLoopWithApp:]+0x9c
C  [libawt_lwawt.dylib+0x444b3]  -[AWTStarter starter:]+0x389
C  [Foundation+0x76fde]  __NSThreadPerformPerform+0x117
C  [CoreFoundation+0xaa7e1]  __CFRUNLOOP_IS_CALLING_OUT_TO_A_SOURCE0_PERFORM_FUNCTION__+0x11
C  [CoreFoundation+0x89f1c]  __CFRunLoopDoSources0+0x22c
C  [CoreFoundation+0x8943f]  __CFRunLoopRun+0x39f
C  [CoreFoundation+0x88e38]  CFRunLoopRunSpecific+0x128
C  [java+0x6465]  CreateExecutionEnvironment+0x367
C  [java+0x218c]  JLI_Launch+0x7a0
C  [java+0x84c2]  main+0x65
C  [java+0x19e4]  start+0x34
C  0x0000000000000007

Java frames: (J=compiled Java code, j=interpreted, Vv=VM code)
j  jogamp.nativewindow.jawt.macosx.MacOSXJAWTWindow.UnsetJAWTRootSurfaceLayer0(JJ)V+0
j  jogamp.nativewindow.jawt.macosx.MacOSXJAWTWindow.access$200(JJ)V+2
j  jogamp.nativewindow.jawt.macosx.MacOSXJAWTWindow$1.run()V+38
j  com.jogamp.common.util.RunnableTask.run()V+24
v  ~StubRoutines::call_stub

---------------  P R O C E S S  ---------------

Java Threads: ( => current thread )
  0x00007fecb68de800 JavaThread "Thread-3" [_thread_blocked, id=26463, stack(0x000070000104a000,0x000070000114a000)]
  0x00007fecb30de800 JavaThread "AWT-EventQueue-1" [_thread_in_native, id=59435, stack(0x00007000018eb000,0x00007000019eb000)]
  0x00007fecb2989800 JavaThread "DestroyJavaVM" [_thread_blocked, id=5891, stack(0x000070000011a000,0x000070000021a000)]
  0x00007fecb317a000 JavaThread "AWT-EventQueue-0" [_thread_blocked, id=54551, stack(0x00007000016e5000,0x00007000017e5000)]
  0x00007fecb21d3000 JavaThread "Java2D Disposer" daemon [_thread_blocked, id=51483, stack(0x000070000145c000,0x000070000155c000)]
  0x00007fecb216b800 JavaThread "Java2D Queue Flusher" daemon [_thread_blocked, id=42551, stack(0x0000700001359000,0x0000700001459000)]
  0x00007fecb28e9000 JavaThread "AWT-Shutdown" [_thread_blocked, id=29971, stack(0x00007000011d3000,0x00007000012d3000)]
=>0x00007fecb28d1000 JavaThread "AWT-AppKit" daemon [_thread_in_native, id=2571, stack(0x00007fff50030000,0x00007fff50830000)]
  0x00007fecb2834000 JavaThread "Service Thread" daemon [_thread_blocked, id=18691, stack(0x0000700000e44000,0x0000700000f44000)]
  0x00007fecb3069800 JavaThread "C1 CompilerThread2" daemon [_thread_blocked, id=18179, stack(0x0000700000d41000,0x0000700000e41000)]
  0x00007fecb3017000 JavaThread "C2 CompilerThread1" daemon [_thread_blocked, id=17667, stack(0x0000700000c3e000,0x0000700000d3e000)]
  0x00007fecb2017800 JavaThread "C2 CompilerThread0" daemon [_thread_blocked, id=17155, stack(0x0000700000b3b000,0x0000700000c3b000)]
  0x00007fecb3018800 JavaThread "Signal Dispatcher" daemon [_thread_blocked, id=13839, stack(0x0000700000a38000,0x0000700000b38000)]
  0x00007fecb3012800 JavaThread "Finalizer" daemon [_thread_blocked, id=12291, stack(0x000070000082f000,0x000070000092f000)]
  0x00007fecb3010000 JavaThread "Reference Handler" daemon [_thread_blocked, id=11779, stack(0x000070000072c000,0x000070000082c000)]

Other Threads:
  0x00007fecb300d800 VMThread [stack: 0x0000700000629000,0x0000700000729000] [id=11267]
  0x00007fecb2834800 WatcherThread [stack: 0x0000700000f47000,0x0000700001047000] [id=19203]

VM state:not at safepoint (normal execution)

VM Mutex/Monitor currently owned by a thread: None

Heap:
 PSYoungGen      total 24576K, used 22222K [0x0000000795580000, 0x0000000799600000, 0x00000007c0000000)
  eden space 24064K, 91% used [0x0000000795580000,0x0000000796b1ba88,0x0000000796d00000)
  from space 512K, 18% used [0x0000000799500000,0x0000000799518000,0x0000000799580000)
  to   space 512K, 0% used [0x0000000799580000,0x0000000799580000,0x0000000799600000)
 ParOldGen       total 87552K, used 58666K [0x0000000740000000, 0x0000000745580000, 0x0000000795580000)
  object space 87552K, 67% used [0x0000000740000000,0x000000074394ab90,0x0000000745580000)
 Metaspace       used 19721K, capacity 19907K, committed 20224K, reserved 1067008K
  class space    used 1932K, capacity 2016K, committed 2048K, reserved 1048576K

Card table byte_map: [0x0000000120361000,0x0000000120762000] byte_map_base: 0x000000011c961000

Marking Bits: (ParMarkBitMap*) 0x00000001108efd20
 Begin Bits: [0x0000000120a0d000, 0x0000000122a0d000)
 End Bits:   [0x0000000122a0d000, 0x0000000124a0d000)

Polling page: 0x000000010f693000

CodeCache: size=245760Kb used=7543Kb max_used=8900Kb free=238216Kb
 bounds [0x0000000110fa1000, 0x0000000111861000, 0x000000011ffa1000]
 total_blobs=2981 nmethods=2112 adapters=782
 compilation: enabled

Compilation events (10 events):
Event: 1026.465 Thread 0x00007fecb2017800 2542       4       sun.awt.image.PixelConverter$ArgbPre::rgbToPixel (100 bytes)
Event: 1026.466 Thread 0x00007fecb3069800 2543       2       java.awt.geom.AffineTransform::getTranslateX (5 bytes)
Event: 1026.466 Thread 0x00007fecb2017800 nmethod 2542 0x00000001115de8d0 code [0x00000001115dea20, 0x00000001115dea98]
Event: 1026.467 Thread 0x00007fecb3069800 nmethod 2543 0x0000000111608bd0 code [0x0000000111608d20, 0x0000000111608e70]
Event: 1026.467 Thread 0x00007fecb3069800 2544       2       java.awt.geom.AffineTransform::getTranslateY (5 bytes)
Event: 1026.467 Thread 0x00007fecb3069800 nmethod 2544 0x0000000111633f90 code [0x00000001116340e0, 0x0000000111634230]
Event: 1026.497 Thread 0x00007fecb3017000 2545       4       java.beans.WeakIdentityMap$Entry::isMatched (22 bytes)
Event: 1026.498 Thread 0x00007fecb3017000 nmethod 2545 0x00000001116817d0 code [0x0000000111681920, 0x00000001116819d8]
Event: 1026.504 Thread 0x00007fecb3069800 2546       1       sun.awt.AWTAutoShutdown::getInstance (4 bytes)
Event: 1026.505 Thread 0x00007fecb3069800 nmethod 2546 0x0000000111642a90 code [0x0000000111642be0, 0x0000000111642cd0]

GC Heap History (10 events):
Event: 874.077 GC heap before
{Heap before GC invocations=103 (full 0):
 PSYoungGen      total 24576K, used 24128K [0x0000000795580000, 0x0000000799600000, 0x00000007c0000000)
  eden space 24064K, 100% used [0x0000000795580000,0x0000000796d00000,0x0000000796d00000)
  from space 512K, 12% used [0x0000000799580000,0x0000000799590000,0x0000000799600000)
  to   space 512K, 0% used [0x0000000799500000,0x0000000799500000,0x0000000799580000)
 ParOldGen       total 87552K, used 58618K [0x0000000740000000, 0x0000000745580000, 0x0000000795580000)
  object space 87552K, 66% used [0x0000000740000000,0x000000074393eb90,0x0000000745580000)
 Metaspace       used 19683K, capacity 19875K, committed 20224K, reserved 1067008K
  class space    used 1924K, capacity 1984K, committed 2048K, reserved 1048576K
Event: 874.078 GC heap after
Heap after GC invocations=103 (full 0):
 PSYoungGen      total 24576K, used 96K [0x0000000795580000, 0x0000000799600000, 0x00000007c0000000)
  eden space 24064K, 0% used [0x0000000795580000,0x0000000795580000,0x0000000796d00000)
  from space 512K, 18% used [0x0000000799500000,0x0000000799518000,0x0000000799580000)
  to   space 512K, 0% used [0x0000000799580000,0x0000000799580000,0x0000000799600000)
 ParOldGen       total 87552K, used 58626K [0x0000000740000000, 0x0000000745580000, 0x0000000795580000)
  object space 87552K, 66% used [0x0000000740000000,0x0000000743940b90,0x0000000745580000)
 Metaspace       used 19683K, capacity 19875K, committed 20224K, reserved 1067008K
  class space    used 1924K, capacity 1984K, committed 2048K, reserved 1048576K
}
Event: 875.378 GC heap before
{Heap before GC invocations=104 (full 0):
 PSYoungGen      total 24576K, used 24160K [0x0000000795580000, 0x0000000799600000, 0x00000007c0000000)
  eden space 24064K, 100% used [0x0000000795580000,0x0000000796d00000,0x0000000796d00000)
  from space 512K, 18% used [0x0000000799500000,0x0000000799518000,0x0000000799580000)
  to   space 512K, 0% used [0x0000000799580000,0x0000000799580000,0x0000000799600000)
 ParOldGen       total 87552K, used 58626K [0x0000000740000000, 0x0000000745580000, 0x0000000795580000)
  object space 87552K, 66% used [0x0000000740000000,0x0000000743940b90,0x0000000745580000)
 Metaspace       used 19683K, capacity 19875K, committed 20224K, reserved 1067008K
  class space    used 1924K, capacity 1984K, committed 2048K, reserved 1048576K
Event: 875.379 GC heap after
Heap after GC invocations=104 (full 0):
 PSYoungGen      total 24576K, used 96K [0x0000000795580000, 0x0000000799600000, 0x00000007c0000000)
  eden space 24064K, 0% used [0x0000000795580000,0x0000000795580000,0x0000000796d00000)
  from space 512K, 18% used [0x0000000799580000,0x0000000799598000,0x0000000799600000)
  to   space 512K, 0% used [0x0000000799500000,0x0000000799500000,0x0000000799580000)
 ParOldGen       total 87552K, used 58634K [0x0000000740000000, 0x0000000745580000, 0x0000000795580000)
  object space 87552K, 66% used [0x0000000740000000,0x0000000743942b90,0x0000000745580000)
 Metaspace       used 19683K, capacity 19875K, committed 20224K, reserved 1067008K
  class space    used 1924K, capacity 1984K, committed 2048K, reserved 1048576K
}
Event: 877.796 GC heap before
{Heap before GC invocations=105 (full 0):
 PSYoungGen      total 24576K, used 24160K [0x0000000795580000, 0x0000000799600000, 0x00000007c0000000)
  eden space 24064K, 100% used [0x0000000795580000,0x0000000796d00000,0x0000000796d00000)
  from space 512K, 18% used [0x0000000799580000,0x0000000799598000,0x0000000799600000)
  to   space 512K, 0% used [0x0000000799500000,0x0000000799500000,0x0000000799580000)
 ParOldGen       total 87552K, used 58634K [0x0000000740000000, 0x0000000745580000, 0x0000000795580000)
  object space 87552K, 66% used [0x0000000740000000,0x0000000743942b90,0x0000000745580000)
 Metaspace       used 19683K, capacity 19875K, committed 20224K, reserved 1067008K
  class space    used 1924K, capacity 1984K, committed 2048K, reserved 1048576K
Event: 877.797 GC heap after
Heap after GC invocations=105 (full 0):
 PSYoungGen      total 24576K, used 96K [0x0000000795580000, 0x0000000799600000, 0x00000007c0000000)
  eden space 24064K, 0% used [0x0000000795580000,0x0000000795580000,0x0000000796d00000)
  from space 512K, 18% used [0x0000000799500000,0x0000000799518000,0x0000000799580000)
  to   space 512K, 0% used [0x0000000799580000,0x0000000799580000,0x0000000799600000)
 ParOldGen       total 87552K, used 58642K [0x0000000740000000, 0x0000000745580000, 0x0000000795580000)
  object space 87552K, 66% used [0x0000000740000000,0x0000000743944b90,0x0000000745580000)
 Metaspace       used 19683K, capacity 19875K, committed 20224K, reserved 1067008K
  class space    used 1924K, capacity 1984K, committed 2048K, reserved 1048576K
}
Event: 878.046 GC heap before
{Heap before GC invocations=106 (full 0):
 PSYoungGen      total 24576K, used 24160K [0x0000000795580000, 0x0000000799600000, 0x00000007c0000000)
  eden space 24064K, 100% used [0x0000000795580000,0x0000000796d00000,0x0000000796d00000)
  from space 512K, 18% used [0x0000000799500000,0x0000000799518000,0x0000000799580000)
  to   space 512K, 0% used [0x0000000799580000,0x0000000799580000,0x0000000799600000)
 ParOldGen       total 87552K, used 58642K [0x0000000740000000, 0x0000000745580000, 0x0000000795580000)
  object space 87552K, 66% used [0x0000000740000000,0x0000000743944b90,0x0000000745580000)
 Metaspace       used 19683K, capacity 19875K, committed 20224K, reserved 1067008K
  class space    used 1924K, capacity 1984K, committed 2048K, reserved 1048576K
Event: 878.048 GC heap after
Heap after GC invocations=106 (full 0):
 PSYoungGen      total 24576K, used 96K [0x0000000795580000, 0x0000000799600000, 0x00000007c0000000)
  eden space 24064K, 0% used [0x0000000795580000,0x0000000795580000,0x0000000796d00000)
  from space 512K, 18% used [0x0000000799580000,0x0000000799598000,0x0000000799600000)
  to   space 512K, 0% used [0x0000000799500000,0x0000000799500000,0x0000000799580000)
 ParOldGen       total 87552K, used 58650K [0x0000000740000000, 0x0000000745580000, 0x0000000795580000)
  object space 87552K, 66% used [0x0000000740000000,0x0000000743946b90,0x0000000745580000)
 Metaspace       used 19683K, capacity 19875K, committed 20224K, reserved 1067008K
  class space    used 1924K, capacity 1984K, committed 2048K, reserved 1048576K
}
Event: 907.448 GC heap before
{Heap before GC invocations=107 (full 0):
 PSYoungGen      total 24576K, used 24160K [0x0000000795580000, 0x0000000799600000, 0x00000007c0000000)
  eden space 24064K, 100% used [0x0000000795580000,0x0000000796d00000,0x0000000796d00000)
  from space 512K, 18% used [0x0000000799580000,0x0000000799598000,0x0000000799600000)
  to   space 512K, 0% used [0x0000000799500000,0x0000000799500000,0x0000000799580000)
 ParOldGen       total 87552K, used 58650K [0x0000000740000000, 0x0000000745580000, 0x0000000795580000)
  object space 87552K, 66% used [0x0000000740000000,0x0000000743946b90,0x0000000745580000)
 Metaspace       used 19683K, capacity 19875K, committed 20224K, reserved 1067008K
  class space    used 1924K, capacity 1984K, committed 2048K, reserved 1048576K
Event: 907.450 GC heap after
Heap after GC invocations=107 (full 0):
 PSYoungGen      total 24576K, used 96K [0x0000000795580000, 0x0000000799600000, 0x00000007c0000000)
  eden space 24064K, 0% used [0x0000000795580000,0x0000000795580000,0x0000000796d00000)
  from space 512K, 18% used [0x0000000799500000,0x0000000799518000,0x0000000799580000)
  to   space 512K, 0% used [0x0000000799580000,0x0000000799580000,0x0000000799600000)
 ParOldGen       total 87552K, used 58666K [0x0000000740000000, 0x0000000745580000, 0x0000000795580000)
  object space 87552K, 67% used [0x0000000740000000,0x000000074394ab90,0x0000000745580000)
 Metaspace       used 19683K, capacity 19875K, committed 20224K, reserved 1067008K
  class space    used 1924K, capacity 1984K, committed 2048K, reserved 1048576K
}

Deoptimization events (10 events):
Event: 1026.497 Thread 0x00007fecb317a000 Uncommon trap: reason=class_check action=maybe_recompile pc=0x00000001117a10bc method=java.awt.event.InvocationEvent.dispatch()V @ 47
Event: 1026.497 Thread 0x00007fecb317a000 Uncommon trap: reason=class_check action=maybe_recompile pc=0x00000001117a2c0c method=java.awt.Component.getGraphics()Ljava/awt/Graphics; @ 114
Event: 1026.497 Thread 0x00007fecb317a000 Uncommon trap: reason=unstable_if action=reinterpret pc=0x000000011174b81c method=sun.java2d.pipe.Region.isInsideQuickCheck(Lsun/java2d/pipe/Region;)Z @ 48
Event: 1026.497 Thread 0x00007fecb317a000 Uncommon trap: reason=unstable_if action=reinterpret pc=0x0000000111727c28 method=sun.java2d.pipe.Region.isInsideQuickCheck(Lsun/java2d/pipe/Region;)Z @ 48
Event: 1026.498 Thread 0x00007fecb28d1000 Uncommon trap: reason=class_check action=maybe_recompile pc=0x00000001110a9c00 method=com.jogamp.common.util.RunnableTask.run()V @ 24
Event: 1026.501 Thread 0x00007fecb30de800 Uncommon trap: reason=unstable_if action=reinterpret pc=0x00000001117eae44 method=jogamp.opengl.GLContextImpl.release(Z)V @ 161
Event: 1026.504 Thread 0x00007fecb30de800 Uncommon trap: reason=unstable_if action=reinterpret pc=0x000000011175a9d8 method=java.util.LinkedList$ListItr.<init>(Ljava/util/LinkedList;I)V @ 26
Event: 1026.504 Thread 0x00007fecb30de800 Uncommon trap: reason=unstable_if action=reinterpret pc=0x00000001116d920c method=java.security.AccessControlContext.combine([Ljava/security/ProtectionDomain;[Ljava/security/ProtectionDomain;)[Ljava/security/ProtectionDomain; @ 151
Event: 1026.505 Thread 0x00007fecb28d1000 Uncommon trap: reason=class_check action=maybe_recompile pc=0x00000001110a9c00 method=com.jogamp.common.util.RunnableTask.run()V @ 24
Event: 1026.506 Thread 0x00007fecb30de800 Uncommon trap: reason=unstable_if action=reinterpret pc=0x000000011175af04 method=java.util.LinkedList$ListItr.<init>(Ljava/util/LinkedList;I)V @ 26

Internal exceptions (10 events):
Event: 0.185 Thread 0x00007fecb2003000 Exception <a 'java/lang/NoSuchFieldError': method resolution failed> (0x00000007957e2ad8) thrown at [/Users/java_re/workspace/8-2-build-macosx-x86_64/jdk8u111/7883/hotspot/src/share/vm/prims/methodHandles.cpp, line 1146]
Event: 0.366 Thread 0x00007fecb2003000 Exception <a 'java/io/FileNotFoundException'> (0x000000079585e288) thrown at [/Users/java_re/workspace/8-2-build-macosx-x86_64/jdk8u111/7883/hotspot/src/share/vm/prims/jni.cpp, line 709]
Event: 0.366 Thread 0x00007fecb2003000 Exception <a 'java/io/FileNotFoundException'> (0x000000079585ee28) thrown at [/Users/java_re/workspace/8-2-build-macosx-x86_64/jdk8u111/7883/hotspot/src/share/vm/prims/jni.cpp, line 709]
Event: 0.484 Thread 0x00007fecb2003000 Exception <a 'java/io/FileNotFoundException'> (0x000000079599e2c0) thrown at [/Users/java_re/workspace/8-2-build-macosx-x86_64/jdk8u111/7883/hotspot/src/share/vm/prims/jni.cpp, line 709]
Event: 1.935 Thread 0x00007fecb30dc800 Exception <a 'java/lang/UnsatisfiedLinkError': com.jogamp.common.util.JarUtil.fixNativeLibAttribs(Ljava/lang/String;)Z> (0x0000000796c49618) thrown at [/Users/java_re/workspace/8-2-build-macosx-x86_64/jdk8u111/7883/hotspot/src/share/vm/prims/nativeLookup.
Event: 2.292 Thread 0x00007fecb3012800 Exception <a 'java/lang/NullPointerException'> (0x00000007956a5450) thrown at [/Users/java_re/workspace/8-2-build-macosx-x86_64/jdk8u111/7883/hotspot/src/share/vm/interpreter/linkResolver.cpp, line 1178]
Event: 3.286 Thread 0x00007fecb30de800 Exception <a 'java/io/FileNotFoundException'> (0x000000079615f068) thrown at [/Users/java_re/workspace/8-2-build-macosx-x86_64/jdk8u111/7883/hotspot/src/share/vm/prims/jni.cpp, line 709]
Event: 3.287 Thread 0x00007fecb30de800 Exception <a 'java/io/FileNotFoundException'> (0x00000007961667f0) thrown at [/Users/java_re/workspace/8-2-build-macosx-x86_64/jdk8u111/7883/hotspot/src/share/vm/prims/jni.cpp, line 709]
Event: 3.287 Thread 0x00007fecb30de800 Implicit null exception at 0x0000000111155736 to 0x0000000111155b05
Event: 878.259 Thread 0x00007fecb30de800 Implicit null exception at 0x000000011150b980 to 0x000000011150c269

Events (10 events):
Event: 1026.505 Thread 0x00007fecb28d1000 Uncommon trap: trap_request=0xffffffde fr.pc=0x00000001110a9c00
Event: 1026.505 Thread 0x00007fecb28d1000 DEOPT PACKING pc=0x00000001110a9c00 sp=0x00007fff5082b660
Event: 1026.505 Thread 0x00007fecb28d1000 DEOPT UNPACKING pc=0x0000000110fa6229 sp=0x00007fff5082b608 mode 2
Event: 1026.505 Executing VM operation: Deoptimize
Event: 1026.505 Executing VM operation: Deoptimize done
Event: 1026.506 loading class java/awt/Toolkit$ToolkitEventMulticaster
Event: 1026.506 loading class java/awt/Toolkit$ToolkitEventMulticaster done
Event: 1026.506 Thread 0x00007fecb30de800 Uncommon trap: trap_request=0xffffff65 fr.pc=0x000000011175af04
Event: 1026.506 Thread 0x00007fecb30de800 DEOPT PACKING pc=0x000000011175af04 sp=0x00007000019e8bc0
Event: 1026.506 Thread 0x00007fecb30de800 DEOPT UNPACKING pc=0x0000000110fa6229 sp=0x00007000019e8b18 mode 2


Dynamic libraries:
0x0000000004424000 	/System/Library/Frameworks/Cocoa.framework/Versions/A/Cocoa
0x0000000004424000 	/System/Library/Frameworks/Security.framework/Versions/A/Security
0x0000000004424000 	/System/Library/Frameworks/ApplicationServices.framework/Versions/A/ApplicationServices
0x0000000004424000 	/usr/lib/libz.1.dylib
0x0000000004424000 	/usr/lib/libSystem.B.dylib
0x0000000004424000 	/usr/lib/libobjc.A.dylib
0x0000000004424000 	/System/Library/Frameworks/CoreFoundation.framework/Versions/A/CoreFoundation
0x0000000004424000 	/System/Library/Frameworks/Foundation.framework/Versions/C/Foundation
0x0000000004424000 	/System/Library/Frameworks/AppKit.framework/Versions/C/AppKit
0x0000000004424000 	/System/Library/Frameworks/CoreData.framework/Versions/A/CoreData
0x0000000004424000 	/System/Library/PrivateFrameworks/RemoteViewServices.framework/Versions/A/RemoteViewServices
0x0000000004424000 	/System/Library/PrivateFrameworks/UIFoundation.framework/Versions/A/UIFoundation
0x0000000004424000 	/usr/lib/libScreenReader.dylib
0x0000000004424000 	/System/Library/Frameworks/Accelerate.framework/Versions/A/Accelerate
0x0000000004424000 	/System/Library/Frameworks/IOSurface.framework/Versions/A/IOSurface
0x0000000004424000 	/System/Library/Frameworks/AudioToolbox.framework/Versions/A/AudioToolbox
0x0000000004424000 	/System/Library/Frameworks/AudioUnit.framework/Versions/A/AudioUnit
0x0000000004424000 	/System/Library/PrivateFrameworks/DataDetectorsCore.framework/Versions/A/DataDetectorsCore
0x0000000004424000 	/System/Library/PrivateFrameworks/DesktopServicesPriv.framework/Versions/A/DesktopServicesPriv
0x0000000004424000 	/System/Library/Frameworks/Carbon.framework/Versions/A/Frameworks/HIToolbox.framework/Versions/A/HIToolbox
0x0000000004424000 	/System/Library/Frameworks/QuartzCore.framework/Versions/A/QuartzCore
0x0000000004424000 	/System/Library/Frameworks/Carbon.framework/Versions/A/Frameworks/SpeechRecognition.framework/Versions/A/SpeechRecognition
0x0000000004424000 	/usr/lib/libauto.dylib
0x0000000004424000 	/usr/lib/libicucore.A.dylib
0x0000000004424000 	/usr/lib/libxml2.2.dylib
0x0000000004424000 	/System/Library/PrivateFrameworks/CoreUI.framework/Versions/A/CoreUI
0x0000000004424000 	/System/Library/Frameworks/CoreAudio.framework/Versions/A/CoreAudio
0x0000000004424000 	/System/Library/Frameworks/DiskArbitration.framework/Versions/A/DiskArbitration
0x0000000004424000 	/usr/lib/liblangid.dylib
0x0000000004424000 	/System/Library/PrivateFrameworks/MultitouchSupport.framework/Versions/A/MultitouchSupport
0x0000000004424000 	/System/Library/Frameworks/IOKit.framework/Versions/A/IOKit
0x0000000004424000 	/usr/lib/libDiagnosticMessagesClient.dylib
0x0000000004424000 	/System/Library/Frameworks/CoreServices.framework/Versions/A/CoreServices
0x0000000004424000 	/System/Library/PrivateFrameworks/PerformanceAnalysis.framework/Versions/A/PerformanceAnalysis
0x0000000004424000 	/System/Library/PrivateFrameworks/GenerationalStorage.framework/Versions/A/GenerationalStorage
0x0000000004424000 	/System/Library/Frameworks/OpenGL.framework/Versions/A/OpenGL
0x0000000004424000 	/System/Library/PrivateFrameworks/Sharing.framework/Versions/A/Sharing
0x0000000004424000 	/System/Library/Frameworks/CoreGraphics.framework/Versions/A/CoreGraphics
0x0000000004424000 	/System/Library/Frameworks/CoreImage.framework/Versions/A/CoreImage
0x0000000004424000 	/System/Library/Frameworks/CoreText.framework/Versions/A/CoreText
0x0000000004424000 	/System/Library/Frameworks/ImageIO.framework/Versions/A/ImageIO
0x0000000004424000 	/System/Library/PrivateFrameworks/Backup.framework/Versions/A/Backup
0x0000000004424000 	/usr/lib/libextension.dylib
0x0000000004424000 	/usr/lib/libarchive.2.dylib
0x0000000004424000 	/System/Library/Frameworks/CFNetwork.framework/Versions/A/CFNetwork
0x0000000004424000 	/System/Library/Frameworks/SystemConfiguration.framework/Versions/A/SystemConfiguration
0x0000000004424000 	/usr/lib/libCRFSuite.dylib
0x0000000004424000 	/usr/lib/libc++.1.dylib
0x0000000004424000 	/usr/lib/libc++abi.dylib
0x0000000004424000 	/usr/lib/system/libcache.dylib
0x0000000004424000 	/usr/lib/system/libcommonCrypto.dylib
0x0000000004424000 	/usr/lib/system/libcompiler_rt.dylib
0x0000000004424000 	/usr/lib/system/libcopyfile.dylib
0x0000000004424000 	/usr/lib/system/libcorecrypto.dylib
0x0000000004424000 	/usr/lib/system/libdispatch.dylib
0x0000000004424000 	/usr/lib/system/libdyld.dylib
0x0000000004424000 	/usr/lib/system/libkeymgr.dylib
0x0000000004424000 	/usr/lib/system/liblaunch.dylib
0x0000000004424000 	/usr/lib/system/libmacho.dylib
0x0000000004424000 	/usr/lib/system/libquarantine.dylib
0x0000000004424000 	/usr/lib/system/libremovefile.dylib
0x0000000004424000 	/usr/lib/system/libsystem_asl.dylib
0x0000000004424000 	/usr/lib/system/libsystem_blocks.dylib
0x0000000004424000 	/usr/lib/system/libsystem_c.dylib
0x0000000004424000 	/usr/lib/system/libsystem_configuration.dylib
0x0000000004424000 	/usr/lib/system/libsystem_coreservices.dylib
0x0000000004424000 	/usr/lib/system/libsystem_coretls.dylib
0x0000000004424000 	/usr/lib/system/libsystem_dnssd.dylib
0x0000000004424000 	/usr/lib/system/libsystem_info.dylib
0x0000000004424000 	/usr/lib/system/libsystem_kernel.dylib
0x0000000004424000 	/usr/lib/system/libsystem_m.dylib
0x0000000004424000 	/usr/lib/system/libsystem_malloc.dylib
0x0000000004424000 	/usr/lib/system/libsystem_network.dylib
0x0000000004424000 	/usr/lib/system/libsystem_networkextension.dylib
0x0000000004424000 	/usr/lib/system/libsystem_notify.dylib
0x0000000004424000 	/usr/lib/system/libsystem_platform.dylib
0x0000000004424000 	/usr/lib/system/libsystem_pthread.dylib
0x0000000004424000 	/usr/lib/system/libsystem_sandbox.dylib
0x0000000004424000 	/usr/lib/system/libsystem_secinit.dylib
0x0000000004424000 	/usr/lib/system/libsystem_trace.dylib
0x0000000004424000 	/usr/lib/system/libunc.dylib
0x0000000004424000 	/usr/lib/system/libunwind.dylib
0x0000000004424000 	/usr/lib/system/libxpc.dylib
0x0000000004424000 	/usr/lib/libenergytrace.dylib
0x0000000004424000 	/usr/lib/libbsm.0.dylib
0x0000000004424000 	/usr/lib/system/libkxld.dylib
0x0000000004424000 	/usr/lib/libxar.1.dylib
0x0000000004424000 	/usr/lib/libsqlite3.dylib
0x0000000004424000 	/usr/lib/libpam.2.dylib
0x0000000004424000 	/usr/lib/libOpenScriptingUtil.dylib
0x0000000004424000 	/usr/lib/libbz2.1.0.dylib
0x0000000004424000 	/usr/lib/liblzma.5.dylib
0x0000000004424000 	/System/Library/Frameworks/CoreServices.framework/Versions/A/Frameworks/FSEvents.framework/Versions/A/FSEvents
0x0000000004424000 	/System/Library/Frameworks/CoreServices.framework/Versions/A/Frameworks/CarbonCore.framework/Versions/A/CarbonCore
0x0000000004424000 	/System/Library/Frameworks/CoreServices.framework/Versions/A/Frameworks/Metadata.framework/Versions/A/Metadata
0x0000000004424000 	/System/Library/Frameworks/CoreServices.framework/Versions/A/Frameworks/OSServices.framework/Versions/A/OSServices
0x0000000004424000 	/System/Library/Frameworks/CoreServices.framework/Versions/A/Frameworks/SearchKit.framework/Versions/A/SearchKit
0x0000000004424000 	/System/Library/Frameworks/CoreServices.framework/Versions/A/Frameworks/AE.framework/Versions/A/AE
0x0000000004424000 	/System/Library/Frameworks/CoreServices.framework/Versions/A/Frameworks/LaunchServices.framework/Versions/A/LaunchServices
0x0000000004424000 	/System/Library/Frameworks/CoreServices.framework/Versions/A/Frameworks/DictionaryServices.framework/Versions/A/DictionaryServices
0x0000000004424000 	/System/Library/Frameworks/CoreServices.framework/Versions/A/Frameworks/SharedFileList.framework/Versions/A/SharedFileList
0x0000000004424000 	/System/Library/Frameworks/NetFS.framework/Versions/A/NetFS
0x0000000004424000 	/System/Library/PrivateFrameworks/NetAuth.framework/Versions/A/NetAuth
0x0000000004424000 	/System/Library/PrivateFrameworks/login.framework/Versions/A/Frameworks/loginsupport.framework/Versions/A/loginsupport
0x0000000004424000 	/System/Library/PrivateFrameworks/TCC.framework/Versions/A/TCC
0x0000000004424000 	/usr/lib/libmecabra.dylib
0x0000000004424000 	/System/Library/Frameworks/ApplicationServices.framework/Versions/A/Frameworks/ATS.framework/Versions/A/ATS
0x0000000004424000 	/System/Library/Frameworks/ApplicationServices.framework/Versions/A/Frameworks/ColorSync.framework/Versions/A/ColorSync
0x0000000004424000 	/System/Library/Frameworks/ApplicationServices.framework/Versions/A/Frameworks/HIServices.framework/Versions/A/HIServices
0x0000000004424000 	/System/Library/Frameworks/ApplicationServices.framework/Versions/A/Frameworks/LangAnalysis.framework/Versions/A/LangAnalysis
0x0000000004424000 	/System/Library/Frameworks/ApplicationServices.framework/Versions/A/Frameworks/PrintCore.framework/Versions/A/PrintCore
0x0000000004424000 	/System/Library/Frameworks/ApplicationServices.framework/Versions/A/Frameworks/QD.framework/Versions/A/QD
0x0000000004424000 	/System/Library/Frameworks/ApplicationServices.framework/Versions/A/Frameworks/SpeechSynthesis.framework/Versions/A/SpeechSynthesis
0x0000000004424000 	/System/Library/Frameworks/Metal.framework/Versions/A/Metal
0x0000000004424000 	/System/Library/Frameworks/Accelerate.framework/Versions/A/Frameworks/vImage.framework/Versions/A/vImage
0x0000000004424000 	/System/Library/Frameworks/Accelerate.framework/Versions/A/Frameworks/vecLib.framework/Versions/A/vecLib
0x0000000004424000 	/System/Library/Frameworks/Accelerate.framework/Versions/A/Frameworks/vecLib.framework/Versions/A/libvDSP.dylib
0x0000000004424000 	/System/Library/Frameworks/Accelerate.framework/Versions/A/Frameworks/vecLib.framework/Versions/A/libvMisc.dylib
0x0000000004424000 	/System/Library/Frameworks/Accelerate.framework/Versions/A/Frameworks/vecLib.framework/Versions/A/libLAPACK.dylib
0x0000000004424000 	/System/Library/Frameworks/Accelerate.framework/Versions/A/Frameworks/vecLib.framework/Versions/A/libBLAS.dylib
0x0000000004424000 	/System/Library/Frameworks/Accelerate.framework/Versions/A/Frameworks/vecLib.framework/Versions/A/libLinearAlgebra.dylib
0x0000000004424000 	/System/Library/Frameworks/Accelerate.framework/Versions/A/Frameworks/vecLib.framework/Versions/A/libSparseBLAS.dylib
0x0000000004424000 	/System/Library/PrivateFrameworks/GPUCompiler.framework/libmetal_timestamp.dylib
0x0000000004424000 	/System/Library/Frameworks/OpenGL.framework/Versions/A/Libraries/libCoreFSCache.dylib
0x0000000004424000 	/System/Library/PrivateFrameworks/IOAccelerator.framework/Versions/A/IOAccelerator
0x0000000004424000 	/System/Library/Frameworks/ApplicationServices.framework/Versions/A/Frameworks/ATS.framework/Versions/A/Resources/libFontParser.dylib
0x0000000004424000 	/System/Library/Frameworks/ApplicationServices.framework/Versions/A/Frameworks/ATS.framework/Versions/A/Resources/libFontRegistry.dylib
0x0000000004424000 	/System/Library/PrivateFrameworks/AppleVPA.framework/Versions/A/AppleVPA
0x0000000004424000 	/System/Library/PrivateFrameworks/AppleJPEG.framework/Versions/A/AppleJPEG
0x0000000004424000 	/System/Library/Frameworks/ImageIO.framework/Versions/A/Resources/libJPEG.dylib
0x0000000004424000 	/System/Library/Frameworks/ImageIO.framework/Versions/A/Resources/libTIFF.dylib
0x0000000004424000 	/System/Library/Frameworks/ImageIO.framework/Versions/A/Resources/libPng.dylib
0x0000000004424000 	/System/Library/Frameworks/ImageIO.framework/Versions/A/Resources/libGIF.dylib
0x0000000004424000 	/System/Library/Frameworks/ImageIO.framework/Versions/A/Resources/libJP2.dylib
0x0000000004424000 	/System/Library/Frameworks/ImageIO.framework/Versions/A/Resources/libRadiance.dylib
0x0000000004424000 	/System/Library/Frameworks/CoreVideo.framework/Versions/A/CoreVideo
0x0000000004424000 	/System/Library/Frameworks/OpenGL.framework/Versions/A/Libraries/libGLU.dylib
0x0000000004424000 	/System/Library/Frameworks/OpenGL.framework/Versions/A/Libraries/libGFXShared.dylib
0x0000000004424000 	/System/Library/Frameworks/OpenGL.framework/Versions/A/Libraries/libGL.dylib
0x0000000004424000 	/System/Library/Frameworks/OpenGL.framework/Versions/A/Libraries/libGLImage.dylib
0x0000000004424000 	/System/Library/Frameworks/OpenGL.framework/Versions/A/Libraries/libCVMSPluginSupport.dylib
0x0000000004424000 	/System/Library/Frameworks/OpenGL.framework/Versions/A/Libraries/libCoreVMClient.dylib
0x0000000004424000 	/usr/lib/libcompression.dylib
0x0000000004424000 	/usr/lib/libcups.2.dylib
0x0000000004424000 	/System/Library/Frameworks/Kerberos.framework/Versions/A/Kerberos
0x0000000004424000 	/System/Library/Frameworks/GSS.framework/Versions/A/GSS
0x0000000004424000 	/usr/lib/libresolv.9.dylib
0x0000000004424000 	/usr/lib/libiconv.2.dylib
0x0000000004424000 	/System/Library/PrivateFrameworks/Heimdal.framework/Versions/A/Heimdal
0x0000000004424000 	/usr/lib/libheimdal-asn1.dylib
0x0000000004424000 	/System/Library/Frameworks/OpenDirectory.framework/Versions/A/OpenDirectory
0x0000000004424000 	/System/Library/PrivateFrameworks/CommonAuth.framework/Versions/A/CommonAuth
0x0000000004424000 	/System/Library/Frameworks/OpenDirectory.framework/Versions/A/Frameworks/CFOpenDirectory.framework/Versions/A/CFOpenDirectory
0x0000000004424000 	/System/Library/Frameworks/SecurityFoundation.framework/Versions/A/SecurityFoundation
0x0000000004424000 	/System/Library/PrivateFrameworks/LanguageModeling.framework/Versions/A/LanguageModeling
0x0000000004424000 	/usr/lib/libmarisa.dylib
0x0000000004424000 	/usr/lib/libChineseTokenizer.dylib
0x0000000004424000 	/usr/lib/libcmph.dylib
0x0000000004424000 	/System/Library/Frameworks/ServiceManagement.framework/Versions/A/ServiceManagement
0x0000000004424000 	/usr/lib/libxslt.1.dylib
0x0000000004424000 	/System/Library/Frameworks/Carbon.framework/Versions/A/Frameworks/Ink.framework/Versions/A/Ink
0x0000000004424000 	/usr/lib/libFosl_dynamic.dylib
0x0000000004424000 	/System/Library/PrivateFrameworks/FaceCore.framework/Versions/A/FaceCore
0x0000000004424000 	/System/Library/Frameworks/OpenCL.framework/Versions/A/OpenCL
0x0000000004424000 	/System/Library/PrivateFrameworks/CrashReporterSupport.framework/Versions/A/CrashReporterSupport
0x0000000004424000 	/System/Library/PrivateFrameworks/IconServices.framework/Versions/A/IconServices
0x0000000004424000 	/System/Library/PrivateFrameworks/Apple80211.framework/Versions/A/Apple80211
0x0000000004424000 	/System/Library/Frameworks/CoreWLAN.framework/Versions/A/CoreWLAN
0x0000000004424000 	/System/Library/Frameworks/IOBluetooth.framework/Versions/A/IOBluetooth
0x0000000004424000 	/System/Library/PrivateFrameworks/CoreWiFi.framework/Versions/A/CoreWiFi
0x0000000004424000 	/System/Library/Frameworks/CoreBluetooth.framework/Versions/A/CoreBluetooth
0x0000000004424000 	/System/Library/PrivateFrameworks/ChunkingLibrary.framework/Versions/A/ChunkingLibrary
0x0000000004424000 	/System/Library/PrivateFrameworks/DebugSymbols.framework/Versions/A/DebugSymbols
0x0000000004424000 	/System/Library/PrivateFrameworks/CoreSymbolication.framework/Versions/A/CoreSymbolication
0x0000000004424000 	/System/Library/PrivateFrameworks/Symbolication.framework/Versions/A/Symbolication
0x0000000004424000 	/System/Library/PrivateFrameworks/SpeechRecognitionCore.framework/Versions/A/SpeechRecognitionCore
0x0000000110000000 	/Library/Java/JavaVirtualMachines/jdk1.8.0_111.jdk/Contents/Home/jre/lib/server/libjvm.dylib
0x0000000004424000 	/usr/lib/libstdc++.6.dylib
0x000000010f650000 	/Library/Java/JavaVirtualMachines/jdk1.8.0_111.jdk/Contents/Home/jre/lib/libverify.dylib
0x000000010f65e000 	/Library/Java/JavaVirtualMachines/jdk1.8.0_111.jdk/Contents/Home/jre/lib/libjava.dylib
0x000000010f69d000 	/Library/Java/JavaVirtualMachines/jdk1.8.0_111.jdk/Contents/Home/jre/lib/libzip.dylib
0x00000001267c3000 	/System/Library/Frameworks/JavaVM.framework/Frameworks/JavaRuntimeSupport.framework/JavaRuntimeSupport
0x000000010f7e8000 	/System/Library/Frameworks/JavaVM.framework/Versions/A/Frameworks/JavaNativeFoundation.framework/Versions/A/JavaNativeFoundation
0x00000001267de000 	/System/Library/Frameworks/JavaVM.framework/Versions/A/JavaVM
0x0000000004424000 	/System/Library/Frameworks/Carbon.framework/Versions/A/Carbon
0x00000001267eb000 	/System/Library/PrivateFrameworks/JavaLaunching.framework/Versions/A/JavaLaunching
0x0000000004424000 	/System/Library/Frameworks/Carbon.framework/Versions/A/Frameworks/CommonPanels.framework/Versions/A/CommonPanels
0x0000000004424000 	/System/Library/Frameworks/Carbon.framework/Versions/A/Frameworks/Help.framework/Versions/A/Help
0x0000000004424000 	/System/Library/Frameworks/Carbon.framework/Versions/A/Frameworks/ImageCapture.framework/Versions/A/ImageCapture
0x0000000004424000 	/System/Library/Frameworks/Carbon.framework/Versions/A/Frameworks/OpenScripting.framework/Versions/A/OpenScripting
0x0000000004424000 	/System/Library/Frameworks/Carbon.framework/Versions/A/Frameworks/Print.framework/Versions/A/Print
0x0000000004424000 	/System/Library/Frameworks/Carbon.framework/Versions/A/Frameworks/SecurityHI.framework/Versions/A/SecurityHI
0x0000000128147000 	/Library/Java/JavaVirtualMachines/jdk1.8.0_111.jdk/Contents/Home/jre/lib/libawt.dylib
0x00000001281ef000 	/Library/Java/JavaVirtualMachines/jdk1.8.0_111.jdk/Contents/Home/jre/lib/./libmlib_image.dylib
0x00000001282bb000 	/Library/Java/JavaVirtualMachines/jdk1.8.0_111.jdk/Contents/Home/jre/lib/libawt_lwawt.dylib
0x0000000128370000 	/Library/Java/JavaVirtualMachines/jdk1.8.0_111.jdk/Contents/Home/jre/lib/./libosxapp.dylib
0x0000000004424000 	/System/Library/Frameworks/ExceptionHandling.framework/Versions/A/ExceptionHandling
0x0000000004424000 	/System/Library/PrivateFrameworks/CoreServicesInternal.framework/Versions/A/CoreServicesInternal
0x0000000004424000 	/System/Library/Frameworks/CoreGraphics.framework/Versions/A/Resources/libRIP.A.dylib
0x0000000004424000 	/System/Library/Frameworks/Accelerate.framework/Versions/A/Frameworks/vImage.framework/Versions/A/Libraries/libCGInterfaces.dylib
0x0000000004424000 	/System/Library/Frameworks/CoreGraphics.framework/Versions/A/Resources/libCGXType.A.dylib
0x0000000004424000 	/System/Library/Frameworks/OpenCL.framework/Versions/A/Libraries/libcldcpuengine.dylib
0x0000000004424000 	/System/Library/PrivateFrameworks/DiskImages.framework/Versions/A/DiskImages
0x0000000004424000 	/System/Library/Frameworks/DiscRecording.framework/Versions/A/DiscRecording
0x0000000004424000 	/usr/lib/libcsfde.dylib
0x0000000004424000 	/usr/lib/libcurl.4.dylib
0x0000000004424000 	/System/Library/PrivateFrameworks/MediaKit.framework/Versions/A/MediaKit
0x0000000004424000 	/System/Library/PrivateFrameworks/ProtectedCloudStorage.framework/Versions/A/ProtectedCloudStorage
0x0000000004424000 	/usr/lib/libCoreStorage.dylib
0x0000000004424000 	/System/Library/PrivateFrameworks/EFILogin.framework/Versions/A/EFILogin
0x0000000004424000 	/usr/lib/libutil.dylib
0x0000000004424000 	/System/Library/PrivateFrameworks/FindMyDevice.framework/Versions/A/FindMyDevice
0x0000000004424000 	/System/Library/Frameworks/LDAP.framework/Versions/A/LDAP
0x0000000004424000 	/usr/lib/libsasl2.2.dylib
0x0000000004424000 	/System/Library/PrivateFrameworks/CoreDaemon.framework/Versions/B/CoreDaemon
0x0000000004424000 	/usr/lib/libcrypto.0.9.8.dylib
0x0000000004424000 	/System/Library/PrivateFrameworks/AppleSRP.framework/Versions/A/AppleSRP
0x0000000004424000 	/System/Library/PrivateFrameworks/TrustEvaluationAgent.framework/Versions/A/TrustEvaluationAgent
0x0000000129fc1000 	cl_kernels
0x0000000004424000 	/System/Library/Frameworks/OpenCL.framework/Versions/A/Libraries/ImageFormats/unorm8_bgra.dylib
0x0000000004424000 	/System/Library/Frameworks/OpenCL.framework/Versions/A/Libraries/ImageFormats/unorm8_rgba.dylib
0x0000000004424000 	/System/Library/PrivateFrameworks/FamilyControls.framework/Versions/A/FamilyControls
0x0000000004424000 	/System/Library/PrivateFrameworks/CommerceKit.framework/Versions/A/Frameworks/CommerceCore.framework/Versions/A/CommerceCore
0x0000000004424000 	/System/Library/PrivateFrameworks/SystemAdministration.framework/Versions/A/SystemAdministration
0x0000000004424000 	/System/Library/PrivateFrameworks/AppContainer.framework/Versions/A/AppContainer
0x0000000004424000 	/System/Library/PrivateFrameworks/SecCodeWrapper.framework/Versions/A/SecCodeWrapper
0x0000000004424000 	/System/Library/Frameworks/DirectoryService.framework/Versions/A/DirectoryService
0x0000000004424000 	/System/Library/PrivateFrameworks/LoginUIKit.framework/Versions/A/Frameworks/LoginUICore.framework/Versions/A/LoginUICore
0x0000000004424000 	/usr/lib/libodfde.dylib
0x0000000004424000 	/System/Library/Frameworks/OpenGL.framework/Versions/A/Resources/GLEngine.bundle/GLEngine
0x0000000004424000 	/System/Library/Frameworks/OpenGL.framework/Versions/A/Libraries/libGLProgrammability.dylib
0x000000012b0bf000 	/System/Library/Extensions/AppleIntelBDWGraphicsGLDriver.bundle/Contents/MacOS/AppleIntelBDWGraphicsGLDriver
0x0000000004424000 	/System/Library/PrivateFrameworks/GPUSupport.framework/Versions/A/Libraries/libGPUSupportMercury.dylib
0x0000000004424000 	/System/Library/Frameworks/OpenGL.framework/Versions/A/Resources/GLRendererFloat.bundle/GLRendererFloat
0x000000012c041000 	/Library/Java/JavaVirtualMachines/jdk1.8.0_111.jdk/Contents/Home/jre/lib/libfontmanager.dylib
0x000000012d509000 	/Library/Java/JavaVirtualMachines/jdk1.8.0_111.jdk/Contents/Home/jre/lib/libosxui.dylib
0x000000012e00b000 	/Library/Java/JavaVirtualMachines/jdk1.8.0_111.jdk/Contents/Home/jre/lib/libnet.dylib
0x000000012e022000 	/Library/Java/JavaVirtualMachines/jdk1.8.0_111.jdk/Contents/Home/jre/lib/libnio.dylib
0x0000000004424000 	/System/Library/Frameworks/ApplicationServices.framework/Versions/A/Frameworks/ATS.framework/Versions/A/Resources/libTrueTypeScaler.dylib
0x000000017f360000 	/System/Library/Extensions/AppleIntelBDWGraphicsMTLDriver.bundle/Contents/MacOS/AppleIntelBDWGraphicsMTLDriver
0x000000012958f000 	/private/var/folders/52/pd9n1grn4_55dn11fg2xx6m40000gn/T/jogamp_0000/file_cache/jln4964132248098648362/jln7101139101786810215/libgluegen-rt.jnilib
0x0000000129594000 	/private/var/folders/52/pd9n1grn4_55dn11fg2xx6m40000gn/T/jogamp_0000/file_cache/jln4964132248098648362/jln7101139101786810215/libnativewindow_awt.jnilib
0x0000000129597000 	/Library/Java/JavaVirtualMachines/jdk1.8.0_111.jdk/Contents/Home/jre/lib/libjawt.dylib
0x000000017f227000 	/private/var/folders/52/pd9n1grn4_55dn11fg2xx6m40000gn/T/jogamp_0000/file_cache/jln4964132248098648362/jln7101139101786810215/libnativewindow_macosx.jnilib
0x00000001858e9000 	/private/var/folders/52/pd9n1grn4_55dn11fg2xx6m40000gn/T/jogamp_0000/file_cache/jln4964132248098648362/jln7101139101786810215/libjogl_desktop.jnilib

VM Arguments:
jvm_args: -Djava.security.policy=java.policy.applet -Dfile.encoding=UTF-8 
java_command: sun.applet.AppletViewer module6.EarthquakeCityMap1496127095394.html
java_class_path (initial): /Users/dhruvsawhney/Documents/workspace/UCSDUnfoldingMaps/build:/Users/dhruvsawhney/Documents/workspace/UCSDUnfoldingMaps/lib/core.jar:/Users/dhruvsawhney/Documents/workspace/UCSDUnfoldingMaps/lib/gluegen-rt.jar:/Users/dhruvsawhney/Documents/workspace/UCSDUnfoldingMaps/lib/jogl-all.jar:/Users/dhruvsawhney/Documents/workspace/UCSDUnfoldingMaps/lib/log4j-1.2.15.jar:/Users/dhruvsawhney/Documents/workspace/UCSDUnfoldingMaps/lib/sqlite-jdbc-3.7.2.jar:/Users/dhruvsawhney/Documents/workspace/UCSDUnfoldingMaps/lib/json4processing.jar:/Users/dhruvsawhney/Documents/workspace/UCSDUnfoldingMaps/lib/libTUIO.jar:/Users/dhruvsawhney/Documents/workspace/UCSDUnfoldingMaps/lib/unfolding.0.9.7-uscd.jar
Launcher Type: SUN_STANDARD

Environment Variables:
PATH=/usr/bin:/bin:/usr/sbin:/sbin
SHELL=/bin/bash
DISPLAY=/private/tmp/com.apple.launchd.R6hX440jOa/org.macosforge.xquartz:0

Signal Handlers:
SIGSEGV: [libjvm.dylib+0x5b03ed], sa_mask[0]=11111111011111110111111111111111, sa_flags=SA_ONSTACK|SA_RESTART|SA_SIGINFO
SIGBUS: [libjvm.dylib+0x5b03ed], sa_mask[0]=11111111011111110111111111111111, sa_flags=SA_RESTART|SA_SIGINFO
SIGFPE: [libjvm.dylib+0x48711c], sa_mask[0]=11111111011111110111111111111111, sa_flags=SA_RESTART|SA_SIGINFO
SIGPIPE: [libjvm.dylib+0x48711c], sa_mask[0]=11111111011111110111111111111111, sa_flags=SA_RESTART|SA_SIGINFO
SIGXFSZ: [libjvm.dylib+0x48711c], sa_mask[0]=11111111011111110111111111111111, sa_flags=SA_RESTART|SA_SIGINFO
SIGILL: [libjvm.dylib+0x48711c], sa_mask[0]=11111111011111110111111111111111, sa_flags=SA_RESTART|SA_SIGINFO
SIGUSR1: SIG_DFL, sa_mask[0]=00000000000000000000000000000000, sa_flags=none
SIGUSR2: [libjvm.dylib+0x486c3a], sa_mask[0]=00100000000000000000000000000000, sa_flags=SA_RESTART|SA_SIGINFO
SIGHUP: [libjvm.dylib+0x485211], sa_mask[0]=11111111011111110111111111111111, sa_flags=SA_RESTART|SA_SIGINFO
SIGINT: [libjvm.dylib+0x485211], sa_mask[0]=11111111011111110111111111111111, sa_flags=SA_RESTART|SA_SIGINFO
SIGTERM: [libjvm.dylib+0x485211], sa_mask[0]=11111111011111110111111111111111, sa_flags=SA_RESTART|SA_SIGINFO
SIGQUIT: [libjvm.dylib+0x485211], sa_mask[0]=11111111011111110111111111111111, sa_flags=SA_RESTART|SA_SIGINFO


---------------  S Y S T E M  ---------------

OS:Bsduname:Darwin 15.6.0 Darwin Kernel Version 15.6.0: Thu Sep  1 15:01:16 PDT 2016; root:xnu-3248.60.11~2/RELEASE_X86_64 x86_64
rlimit: STACK 8192k, CORE 0k, NPROC 709, NOFILE 10240, AS infinity
load average:3.38 3.60 3.13

CPU:total 4 (2 cores per cpu, 2 threads per core) family 6 model 61 stepping 4, cmov, cx8, fxsr, mmx, sse, sse2, sse3, ssse3, sse4.1, sse4.2, popcnt, avx, avx2, aes, clmul, erms, 3dnowpref, lzcnt, ht, tsc, tscinvbit, bmi1, bmi2, adx

Memory: 4k page, physical 8388608k(45444k free)

/proc/meminfo:


vm_info: Java HotSpot(TM) 64-Bit Server VM (25.111-b14) for bsd-amd64 JRE (1.8.0_111-b14), built on Sep 22 2016 15:31:41 by "java_re" with gcc 4.2.1 (Based on Apple Inc. build 5658) (LLVM build 2336.11.00)

time: Tue May 30 12:38:41 2017
elapsed time: 1026 seconds (0d 0h 17m 6s)

