#
# A fatal error has been detected by the Java Runtime Environment:
#
#  SIGSEGV (0xb) at pc=0x00007fffa11ca4dd, pid=5889, tid=0x0000000000000a0b
#
# JRE version: Java(TM) SE Runtime Environment (8.0_111-b14) (build 1.8.0_111-b14)
# Java VM: Java HotSpot(TM) 64-Bit Server VM (25.111-b14 mixed mode bsd-amd64 compressed oops)
# Problematic frame:
# C  [libobjc.A.dylib+0x14dd]  objc_msgSend+0x1d
#
# Failed to write core dump. Core dumps have been disabled. To enable core dumping, try "ulimit -c unlimited" before starting Java again
#
# If you would like to submit a bug report, please visit:
#   http://bugreport.java.com/bugreport/crash.jsp
# The crash happened outside the Java Virtual Machine in native code.
# See problematic frame for where to report the bug.
#

---------------  T H R E A D  ---------------

Current thread (0x00007fe48b899000):  JavaThread "AWT-AppKit" daemon [_thread_in_native, id=2571, stack(0x00007fff59c65000,0x00007fff5a465000)]

siginfo: si_signo: 11 (SIGSEGV), si_code: 1 (SEGV_MAPERR), si_addr: 0x0000000000000018

Registers:
RAX=0x00007fe4901c1d00, RBX=0x0000000175616450, RCX=0x000000011f92fee0, RDX=0x000000011f92fdc0
RSP=0x00007fff5a4602f8, RBP=0x00007fff5a4603b0, RSI=0x00007fff9e274cbe, RDI=0x00007fe49019c630
R8 =0x0000000000000000, R9 =0x00000000000008b0, R10=0x00007fff9e274cbe, R11=0x0000000000000000
R12=0x0000000000000000, R13=0x000000017b500b18, R14=0x0000000175616440, R15=0x00007fe48b899000
RIP=0x00007fffa11ca4dd, EFLAGS=0x0000000000010246, ERR=0x0000000000000004
  TRAPNO=0x000000000000000e

Top of Stack: (sp=0x00007fff5a4602f8)
0x00007fff5a4602f8:   0000000175614157 00007fff5a460350
0x00007fff5a460308:   0000000000000003 00007fff5a460330
0x00007fff5a460318:   0000000105c097be 000000017b500b18
0x00007fff5a460328:   000000017b500b18 00007fe4901c1d00
0x00007fff5a460338:   00000001756166a0 0000000175616710
0x00007fff5a460348:   00007fff7f08f770 00007fff7bee2500
0x00007fff5a460358:   0000000175616450 0000000175616690
0x00007fff5a460368:   00007fe4901c1d00 00007fe49019c630
0x00007fff5a460378:   00007fe48b71d890 00007fe4901c1d00
0x00007fff5a460388:   00007fe49019c630 00007fff5a460438
0x00007fff5a460398:   00007fe48b8991f8 000000017b500b18
0x00007fff5a4603a8:   00007fff5a460460 00007fff5a460428
0x00007fff5a4603b8:   00000001072299f4 000000017b500b18
0x00007fff5a4603c8:   00007fff5a460460 00007fff5a460428
0x00007fff5a4603d8:   0000000107229787 0000000107229742
0x00007fff5a4603e8:   00007fff5a4603e8 000000017b500b18
0x00007fff5a4603f8:   00007fff5a460460 000000017b503750
0x00007fff5a460408:   0000000000000000 000000017b500b18
0x00007fff5a460418:   0000000000000000 00007fff5a460448
0x00007fff5a460428:   00007fff5a4604a8 000000010721a2bd
0x00007fff5a460438:   00000007403c81c8 0000000107223538
0x00007fff5a460448:   00007fe4901c1d00 00007fff5a4604a8
0x00007fff5a460458:   00007fe49019c630 0000000107224e02
0x00007fff5a460468:   00007fff5a460468 000000017b500ce2
0x00007fff5a460478:   00007fff5a4604d0 000000017b503750
0x00007fff5a460488:   0000000000000000 000000017b500cf0
0x00007fff5a460498:   00007fff5a460448 00007fff5a4604b8
0x00007fff5a4604a8:   00007fff5a460518 000000010721a2bd
0x00007fff5a4604b8:   00007fe4901c1d00 00000007403ae520
0x00007fff5a4604c8:   00007fe49019c630 00000007403ae520
0x00007fff5a4604d8:   00007fff5a4604d8 000000017d49f2f6
0x00007fff5a4604e8:   00007fff5a460528 000000017d49f3b0 

Instructions: (pc=0x00007fffa11ca4dd)
0x00007fffa11ca4bd:   44 00 00 48 85 ff 2e 74 62 40 f6 c7 01 2e 75 66
0x00007fffa11ca4cd:   49 bb f8 ff ff ff ff 7f 00 00 4c 23 1f 49 89 f2
0x00007fffa11ca4dd:   45 23 53 18 49 c1 e2 04 4d 03 53 10 49 3b 32 75
0x00007fffa11ca4ed:   04 41 ff 62 08 49 83 3a 01 76 0d 49 83 c2 10 49 

Register to memory mapping:

RAX=0x00007fe4901c1d00 is an unknown value
RBX=0x0000000175616450: Java_jogamp_nativewindow_macosx_OSXUtil_GetScreenRefreshRate0+0x1cf0 in /private/var/folders/52/pd9n1grn4_55dn11fg2xx6m40000gn/T/jogamp_0000/file_cache/jln1788197125017715449/jln5996995847484328213/libnativewindow_macosx.jnilib at 0x000000017560f000
RCX=0x000000011f92fee0 is an unknown value
RDX=0x000000011f92fdc0 is an unknown value
RSP=0x00007fff5a4602f8 is pointing into the stack for thread: 0x00007fe48b899000
RBP=0x00007fff5a4603b0 is pointing into the stack for thread: 0x00007fe48b899000
RSI=0x00007fff9e274cbe is an unknown value
RDI=0x00007fe49019c630 is an unknown value
R8 =0x0000000000000000 is an unknown value
R9 =0x00000000000008b0 is an unknown value
R10=0x00007fff9e274cbe is an unknown value
R11=0x0000000000000000 is an unknown value
R12=0x0000000000000000 is an unknown value
R13={method} {0x000000017b500b18} 'UnsetJAWTRootSurfaceLayer0' '(JJ)V' in 'jogamp/nativewindow/jawt/macosx/MacOSXJAWTWindow'
R14=0x0000000175616440: Java_jogamp_nativewindow_macosx_OSXUtil_GetScreenRefreshRate0+0x1ce0 in /private/var/folders/52/pd9n1grn4_55dn11fg2xx6m40000gn/T/jogamp_0000/file_cache/jln1788197125017715449/jln5996995847484328213/libnativewindow_macosx.jnilib at 0x000000017560f000
R15=0x00007fe48b899000 is a thread


Stack: [0x00007fff59c65000,0x00007fff5a465000],  sp=0x00007fff5a4602f8,  free space=8172k
Native frames: (J=compiled Java code, j=interpreted, Vv=VM code, C=native code)
C  [libobjc.A.dylib+0x14dd]  objc_msgSend+0x1d
j  jogamp.nativewindow.jawt.macosx.MacOSXJAWTWindow.UnsetJAWTRootSurfaceLayer0(JJ)V+0
j  jogamp.nativewindow.jawt.macosx.MacOSXJAWTWindow.access$200(JJ)V+2
j  jogamp.nativewindow.jawt.macosx.MacOSXJAWTWindow$1.run()V+38
J 2706 C1 com.jogamp.common.util.RunnableTask.run()V (345 bytes) @ 0x0000000107a124f4 [0x0000000107a12360+0x194]
v  ~StubRoutines::call_stub
V  [libjvm.dylib+0x2ecf8a]
V  [libjvm.dylib+0x324119]
V  [libjvm.dylib+0x3168e7]
C  [libnativewindow_macosx.jnilib+0x5326]  Java_jogamp_nativewindow_jawt_macosx_MacOSXJAWTWindow_UnsetJAWTRootSurfaceLayer0+0x2b6
C  [Foundation+0x76fde]  __NSThreadPerformPerform+0x117
C  [CoreFoundation+0xaa7e1]  __CFRUNLOOP_IS_CALLING_OUT_TO_A_SOURCE0_PERFORM_FUNCTION__+0x11
C  [CoreFoundation+0x89e97]  __CFRunLoopDoSources0+0x1a7
C  [CoreFoundation+0x8943f]  __CFRunLoopRun+0x39f
C  [CoreFoundation+0x88e38]  CFRunLoopRunSpecific+0x128
C  [HIToolbox+0x30935]  RunCurrentEventLoopInMode+0xeb
C  [HIToolbox+0x30677]  ReceiveNextEventCommon+0xb8
C  [HIToolbox+0x305af]  _BlockUntilNextEventMatchingListInModeWithFilter+0x47
C  [AppKit+0x48df6]  _DPSNextEvent+0x42b
C  [AppKit+0x48226]  -[NSApplication _nextEventMatchingEventMask:untilDate:inMode:dequeue:]+0x1c6
C  [libosxapp.dylib+0x23aa]  -[NSApplicationAWT nextEventMatchingMask:untilDate:inMode:dequeue:]+0x7c
C  [AppKit+0x3cd80]  -[NSApplication run]+0x2aa
C  [libosxapp.dylib+0x214d]  +[NSApplicationAWT runAWTLoopWithApp:]+0x9c
C  [libawt_lwawt.dylib+0x444b3]  -[AWTStarter starter:]+0x389
C  [Foundation+0x76fde]  __NSThreadPerformPerform+0x117
C  [CoreFoundation+0xaa7e1]  __CFRUNLOOP_IS_CALLING_OUT_TO_A_SOURCE0_PERFORM_FUNCTION__+0x11
C  [CoreFoundation+0x89f1c]  __CFRunLoopDoSources0+0x22c
C  [CoreFoundation+0x8943f]  __CFRunLoopRun+0x39f
C  [CoreFoundation+0x88e38]  CFRunLoopRunSpecific+0x128
C  [java+0x6465]  CreateExecutionEnvironment+0x367
C  [java+0x218c]  JLI_Launch+0x7a0
C  [java+0x84c2]  main+0x65
C  [java+0x19e4]  start+0x34
C  0x0000000000000007

Java frames: (J=compiled Java code, j=interpreted, Vv=VM code)
j  jogamp.nativewindow.jawt.macosx.MacOSXJAWTWindow.UnsetJAWTRootSurfaceLayer0(JJ)V+0
j  jogamp.nativewindow.jawt.macosx.MacOSXJAWTWindow.access$200(JJ)V+2
j  jogamp.nativewindow.jawt.macosx.MacOSXJAWTWindow$1.run()V+38
J 2706 C1 com.jogamp.common.util.RunnableTask.run()V (345 bytes) @ 0x0000000107a124f4 [0x0000000107a12360+0x194]
v  ~StubRoutines::call_stub

---------------  P R O C E S S  ---------------

Java Threads: ( => current thread )
  0x00007fe4919d8800 JavaThread "Thread-165" [_thread_blocked, id=34623, stack(0x00007000010cd000,0x00007000011cd000)]
  0x00007fe48c7c0000 JavaThread "Image Fetcher 2" daemon [_thread_blocked, id=66659, stack(0x0000700002083000,0x0000700002183000)]
  0x00007fe491e1f000 JavaThread "Image Fetcher 1" daemon [_thread_blocked, id=67415, stack(0x0000700001f80000,0x0000700002080000)]
  0x00007fe492212000 JavaThread "Image Fetcher 0" daemon [_thread_blocked, id=66055, stack(0x0000700001d7a000,0x0000700001e7a000)]
  0x00007fe49106d000 JavaThread "Keep-Alive-Timer" daemon [_thread_blocked, id=65643, stack(0x0000700001e7d000,0x0000700001f7d000)]
  0x00007fe48d025800 JavaThread "AWT-EventQueue-1" [_thread_in_native, id=59439, stack(0x00007000018eb000,0x00007000019eb000)]
  0x00007fe48c802800 JavaThread "DestroyJavaVM" [_thread_blocked, id=5891, stack(0x000070000011a000,0x000070000021a000)]
  0x00007fe48b925800 JavaThread "AWT-EventQueue-0" [_thread_blocked, id=54539, stack(0x00007000016e5000,0x00007000017e5000)]
  0x00007fe48c9b6000 JavaThread "Java2D Disposer" daemon [_thread_blocked, id=51735, stack(0x000070000145c000,0x000070000155c000)]
  0x00007fe48c17f800 JavaThread "Java2D Queue Flusher" daemon [_thread_blocked, id=42055, stack(0x0000700001359000,0x0000700001459000)]
  0x00007fe48c173800 JavaThread "AWT-Shutdown" [_thread_blocked, id=29971, stack(0x00007000011d3000,0x00007000012d3000)]
=>0x00007fe48b899000 JavaThread "AWT-AppKit" daemon [_thread_in_native, id=2571, stack(0x00007fff59c65000,0x00007fff5a465000)]
  0x00007fe48d024800 JavaThread "Service Thread" daemon [_thread_blocked, id=18691, stack(0x0000700000e44000,0x0000700000f44000)]
  0x00007fe48c833000 JavaThread "C1 CompilerThread2" daemon [_thread_blocked, id=18179, stack(0x0000700000d41000,0x0000700000e41000)]
  0x00007fe48c832800 JavaThread "C2 CompilerThread1" daemon [_thread_blocked, id=17667, stack(0x0000700000c3e000,0x0000700000d3e000)]
  0x00007fe48c844800 JavaThread "C2 CompilerThread0" daemon [_thread_blocked, id=17155, stack(0x0000700000b3b000,0x0000700000c3b000)]
  0x00007fe48d000800 JavaThread "Signal Dispatcher" daemon [_thread_blocked, id=13839, stack(0x0000700000a38000,0x0000700000b38000)]
  0x00007fe48c81d800 JavaThread "Finalizer" daemon [_thread_blocked, id=12291, stack(0x000070000082f000,0x000070000092f000)]
  0x00007fe48b817800 JavaThread "Reference Handler" daemon [_thread_blocked, id=11779, stack(0x000070000072c000,0x000070000082c000)]

Other Threads:
  0x00007fe48c81a800 VMThread [stack: 0x0000700000629000,0x0000700000729000] [id=11267]
  0x00007fe48b825000 WatcherThread [stack: 0x0000700000f47000,0x0000700001047000] [id=19203]

VM state:not at safepoint (normal execution)

VM Mutex/Monitor currently owned by a thread: None

Heap:
 PSYoungGen      total 148480K, used 25559K [0x0000000795580000, 0x00000007a2080000, 0x00000007c0000000)
  eden space 134656K, 18% used [0x0000000795580000,0x0000000796e35050,0x000000079d900000)
  from space 13824K, 1% used [0x000000079d900000,0x000000079d940e18,0x000000079e680000)
  to   space 15360K, 0% used [0x00000007a1180000,0x00000007a1180000,0x00000007a2080000)
 ParOldGen       total 131584K, used 55630K [0x0000000740000000, 0x0000000748080000, 0x0000000795580000)
  object space 131584K, 42% used [0x0000000740000000,0x0000000743653990,0x0000000748080000)
 Metaspace       used 24614K, capacity 24857K, committed 25088K, reserved 1071104K
  class space    used 2396K, capacity 2485K, committed 2560K, reserved 1048576K

Card table byte_map: [0x00000001165d2000,0x00000001169d3000] byte_map_base: 0x0000000112bd2000

Marking Bits: (ParMarkBitMap*) 0x0000000106306d20
 Begin Bits: [0x0000000116c7e000, 0x0000000118c7e000)
 End Bits:   [0x0000000118c7e000, 0x000000011ac7e000)

Polling page: 0x00000001069ff000

CodeCache: size=245760Kb used=10618Kb max_used=10633Kb free=235141Kb
 bounds [0x0000000107212000, 0x0000000107c92000, 0x0000000116212000]
 total_blobs=3993 nmethods=3069 adapters=837
 compilation: enabled

Compilation events (10 events):
Event: 23.183 Thread 0x00007fe48c844800 3667       4       java.util.Vector::remove (6 bytes)
Event: 23.201 Thread 0x00007fe48c844800 nmethod 3667 0x00000001075fc610 code [0x00000001075fc780, 0x00000001075fcc78]
Event: 23.714 Thread 0x00007fe48c832800 3668       4       processing.opengl.PGraphicsOpenGL$TexCache::clear (24 bytes)
Event: 23.722 Thread 0x00007fe48c832800 nmethod 3668 0x00000001078c0310 code [0x00000001078c0460, 0x00000001078c05d8]
Event: 23.978 Thread 0x00007fe48c833000 3669       3       sun.java2d.pipe.PixelToParallelogramConverter::normalize (15 bytes)
Event: 23.978 Thread 0x00007fe48c833000 nmethod 3669 0x00000001078beb90 code [0x00000001078bed40, 0x00000001078befc8]
Event: 23.979 Thread 0x00007fe48c844800 3670  s!   4       sun.misc.URLClassPath::getLoader (197 bytes)
Event: 23.989 Thread 0x00007fe48c844800 nmethod 3670 0x00000001075fe050 code [0x00000001075fe1c0, 0x00000001075fe998]
Event: 23.989 Thread 0x00007fe48c832800 3671  s    4       sun.misc.URLClassPath::getNextLoader (88 bytes)
Event: 23.999 Thread 0x00007fe48c832800 nmethod 3671 0x00000001075fd250 code [0x00000001075fd3c0, 0x00000001075fdb38]

GC Heap History (10 events):
Event: 14.141 GC heap before
{Heap before GC invocations=7 (full 1):
 PSYoungGen      total 71680K, used 71661K [0x0000000795580000, 0x000000079c200000, 0x00000007c0000000)
  eden space 66560K, 100% used [0x0000000795580000,0x0000000799680000,0x0000000799680000)
  from space 5120K, 99% used [0x0000000799680000,0x0000000799b7b430,0x0000000799b80000)
  to   space 11264K, 0% used [0x000000079b700000,0x000000079b700000,0x000000079c200000)
 ParOldGen       total 55808K, used 15418K [0x0000000740000000, 0x0000000743680000, 0x0000000795580000)
  object space 55808K, 27% used [0x0000000740000000,0x0000000740f0e8d8,0x0000000743680000)
 Metaspace       used 24169K, capacity 24473K, committed 24832K, reserved 1071104K
  class space    used 2389K, capacity 2485K, committed 2560K, reserved 1048576K
Event: 14.154 GC heap after
Heap after GC invocations=7 (full 1):
 PSYoungGen      total 99840K, used 8013K [0x0000000795580000, 0x000000079cf80000, 0x00000007c0000000)
  eden space 88576K, 0% used [0x0000000795580000,0x0000000795580000,0x000000079ac00000)
  from space 11264K, 71% used [0x000000079b700000,0x000000079bed3500,0x000000079c200000)
  to   space 11264K, 0% used [0x000000079ac00000,0x000000079ac00000,0x000000079b700000)
 ParOldGen       total 55808K, used 15418K [0x0000000740000000, 0x0000000743680000, 0x0000000795580000)
  object space 55808K, 27% used [0x0000000740000000,0x0000000740f0e8d8,0x0000000743680000)
 Metaspace       used 24169K, capacity 24473K, committed 24832K, reserved 1071104K
  class space    used 2389K, capacity 2485K, committed 2560K, reserved 1048576K
}
Event: 15.772 GC heap before
{Heap before GC invocations=8 (full 1):
 PSYoungGen      total 99840K, used 96589K [0x0000000795580000, 0x000000079cf80000, 0x00000007c0000000)
  eden space 88576K, 100% used [0x0000000795580000,0x000000079ac00000,0x000000079ac00000)
  from space 11264K, 71% used [0x000000079b700000,0x000000079bed3500,0x000000079c200000)
  to   space 11264K, 0% used [0x000000079ac00000,0x000000079ac00000,0x000000079b700000)
 ParOldGen       total 55808K, used 15418K [0x0000000740000000, 0x0000000743680000, 0x0000000795580000)
  object space 55808K, 27% used [0x0000000740000000,0x0000000740f0e8d8,0x0000000743680000)
 Metaspace       used 24283K, capacity 24537K, committed 24832K, reserved 1071104K
  class space    used 2389K, capacity 2485K, committed 2560K, reserved 1048576K
Event: 15.792 GC heap after
Heap after GC invocations=8 (full 1):
 PSYoungGen      total 99840K, used 11054K [0x0000000795580000, 0x000000079f280000, 0x00000007c0000000)
  eden space 88576K, 0% used [0x0000000795580000,0x0000000795580000,0x000000079ac00000)
  from space 11264K, 98% used [0x000000079ac00000,0x000000079b6cb910,0x000000079b700000)
  to   space 12288K, 0% used [0x000000079e680000,0x000000079e680000,0x000000079f280000)
 ParOldGen       total 55808K, used 24130K [0x0000000740000000, 0x0000000743680000, 0x0000000795580000)
  object space 55808K, 43% used [0x0000000740000000,0x0000000741790af8,0x0000000743680000)
 Metaspace       used 24283K, capacity 24537K, committed 24832K, reserved 1071104K
  class space    used 2389K, capacity 2485K, committed 2560K, reserved 1048576K
}
Event: 17.784 GC heap before
{Heap before GC invocations=9 (full 1):
 PSYoungGen      total 99840K, used 99630K [0x0000000795580000, 0x000000079f280000, 0x00000007c0000000)
  eden space 88576K, 100% used [0x0000000795580000,0x000000079ac00000,0x000000079ac00000)
  from space 11264K, 98% used [0x000000079ac00000,0x000000079b6cb910,0x000000079b700000)
  to   space 12288K, 0% used [0x000000079e680000,0x000000079e680000,0x000000079f280000)
 ParOldGen       total 55808K, used 24130K [0x0000000740000000, 0x0000000743680000, 0x0000000795580000)
  object space 55808K, 43% used [0x0000000740000000,0x0000000741790af8,0x0000000743680000)
 Metaspace       used 24437K, capacity 24665K, committed 25088K, reserved 1071104K
  class space    used 2389K, capacity 2485K, committed 2560K, reserved 1048576K
Event: 17.811 GC heap after
Heap after GC invocations=9 (full 1):
 PSYoungGen      total 146944K, used 12257K [0x0000000795580000, 0x000000079f580000, 0x00000007c0000000)
  eden space 134656K, 0% used [0x0000000795580000,0x0000000795580000,0x000000079d900000)
  from space 12288K, 99% used [0x000000079e680000,0x000000079f2787c8,0x000000079f280000)
  to   space 13824K, 0% used [0x000000079d900000,0x000000079d900000,0x000000079e680000)
 ParOldGen       total 55808K, used 33242K [0x0000000740000000, 0x0000000743680000, 0x0000000795580000)
  object space 55808K, 59% used [0x0000000740000000,0x00000007420768f8,0x0000000743680000)
 Metaspace       used 24437K, capacity 24665K, committed 25088K, reserved 1071104K
  class space    used 2389K, capacity 2485K, committed 2560K, reserved 1048576K
}
Event: 21.984 GC heap before
{Heap before GC invocations=10 (full 1):
 PSYoungGen      total 146944K, used 146913K [0x0000000795580000, 0x000000079f580000, 0x00000007c0000000)
  eden space 134656K, 100% used [0x0000000795580000,0x000000079d900000,0x000000079d900000)
  from space 12288K, 99% used [0x000000079e680000,0x000000079f2787c8,0x000000079f280000)
  to   space 13824K, 0% used [0x000000079d900000,0x000000079d900000,0x000000079e680000)
 ParOldGen       total 55808K, used 33242K [0x0000000740000000, 0x0000000743680000, 0x0000000795580000)
  object space 55808K, 59% used [0x0000000740000000,0x00000007420768f8,0x0000000743680000)
 Metaspace       used 24574K, capacity 24857K, committed 25088K, reserved 1071104K
  class space    used 2389K, capacity 2485K, committed 2560K, reserved 1048576K
Event: 22.025 GC heap after
Heap after GC invocations=10 (full 1):
 PSYoungGen      total 148480K, used 13744K [0x0000000795580000, 0x00000007a2080000, 0x00000007c0000000)
  eden space 134656K, 0% used [0x0000000795580000,0x0000000795580000,0x000000079d900000)
  from space 13824K, 99% used [0x000000079d900000,0x000000079e66c370,0x000000079e680000)
  to   space 15360K, 0% used [0x00000007a1180000,0x00000007a1180000,0x00000007a2080000)
 ParOldGen       total 55808K, used 44531K [0x0000000740000000, 0x0000000743680000, 0x0000000795580000)
  object space 55808K, 79% used [0x0000000740000000,0x0000000742b7ccc8,0x0000000743680000)
 Metaspace       used 24574K, capacity 24857K, committed 25088K, reserved 1071104K
  class space    used 2389K, capacity 2485K, committed 2560K, reserved 1048576K
}
Event: 22.025 GC heap before
{Heap before GC invocations=11 (full 2):
 PSYoungGen      total 148480K, used 13744K [0x0000000795580000, 0x00000007a2080000, 0x00000007c0000000)
  eden space 134656K, 0% used [0x0000000795580000,0x0000000795580000,0x000000079d900000)
  from space 13824K, 99% used [0x000000079d900000,0x000000079e66c370,0x000000079e680000)
  to   space 15360K, 0% used [0x00000007a1180000,0x00000007a1180000,0x00000007a2080000)
 ParOldGen       total 55808K, used 44531K [0x0000000740000000, 0x0000000743680000, 0x0000000795580000)
  object space 55808K, 79% used [0x0000000740000000,0x0000000742b7ccc8,0x0000000743680000)
 Metaspace       used 24574K, capacity 24857K, committed 25088K, reserved 1071104K
  class space    used 2389K, capacity 2485K, committed 2560K, reserved 1048576K
Event: 22.141 GC heap after
Heap after GC invocations=11 (full 2):
 PSYoungGen      total 148480K, used 259K [0x0000000795580000, 0x00000007a2080000, 0x00000007c0000000)
  eden space 134656K, 0% used [0x0000000795580000,0x0000000795580000,0x000000079d900000)
  from space 13824K, 1% used [0x000000079d900000,0x000000079d940e18,0x000000079e680000)
  to   space 15360K, 0% used [0x00000007a1180000,0x00000007a1180000,0x00000007a2080000)
 ParOldGen       total 131584K, used 55630K [0x0000000740000000, 0x0000000748080000, 0x0000000795580000)
  object space 131584K, 42% used [0x0000000740000000,0x0000000743653990,0x0000000748080000)
 Metaspace       used 24574K, capacity 24857K, committed 25088K, reserved 1071104K
  class space    used 2389K, capacity 2485K, committed 2560K, reserved 1048576K
}

Deoptimization events (10 events):
Event: 16.044 Thread 0x00007fe48d025800 Uncommon trap: reason=unstable_if action=reinterpret pc=0x000000010744f300 method=java.text.DecimalFormat.subformat(Ljava/lang/StringBuffer;Ljava/text/Format$FieldDelegate;ZZIIII)Ljava/lang/StringBuffer; @ 753
Event: 23.947 Thread 0x00007fe48b925800 Uncommon trap: reason=unstable_if action=reinterpret pc=0x00000001079272a8 method=sun.java2d.pipe.Region.isInsideQuickCheck(Lsun/java2d/pipe/Region;)Z @ 48
Event: 23.948 Thread 0x00007fe48b925800 Uncommon trap: reason=unstable_if action=reinterpret pc=0x0000000107a772bc method=java.awt.font.FontRenderContext.equals(Ljava/awt/font/FontRenderContext;)Z @ 2
Event: 23.948 Thread 0x00007fe48b925800 Uncommon trap: reason=unstable_if action=reinterpret pc=0x0000000107a67994 method=java.awt.Font.equals(Ljava/lang/Object;)Z @ 2
Event: 23.977 Thread 0x00007fe48c1f9000 Uncommon trap: reason=class_check action=maybe_recompile pc=0x00000001076aeaac method=java.util.HashMap.putVal(ILjava/lang/Object;Ljava/lang/Object;ZZ)Ljava/lang/Object; @ 91
Event: 23.977 Thread 0x00007fe48c1f9000 Uncommon trap: reason=class_check action=maybe_recompile pc=0x00000001076aeaac method=java.util.HashMap.putVal(ILjava/lang/Object;Ljava/lang/Object;ZZ)Ljava/lang/Object; @ 91
Event: 23.977 Thread 0x00007fe48c1f9000 Uncommon trap: reason=class_check action=maybe_recompile pc=0x00000001076aeaac method=java.util.HashMap.putVal(ILjava/lang/Object;Ljava/lang/Object;ZZ)Ljava/lang/Object; @ 91
Event: 23.977 Thread 0x00007fe48c1f9000 Uncommon trap: reason=class_check action=maybe_recompile pc=0x00000001076aeaac method=java.util.HashMap.putVal(ILjava/lang/Object;Ljava/lang/Object;ZZ)Ljava/lang/Object; @ 91
Event: 23.977 Thread 0x00007fe48c1f9000 Uncommon trap: reason=class_check action=maybe_recompile pc=0x000000010769baf4 method=java.util.HashMap.putVal(ILjava/lang/Object;Ljava/lang/Object;ZZ)Ljava/lang/Object; @ 91
Event: 23.978 Thread 0x00007fe48b925800 Uncommon trap: reason=unstable_if action=reinterpret pc=0x0000000107a19d38 method=java.awt.font.FontRenderContext.equals(Ljava/awt/font/FontRenderContext;)Z @ 2

Internal exceptions (10 events):
Event: 0.268 Thread 0x00007fe48c802800 Exception <a 'java/lang/NoSuchFieldError': method resolution failed> (0x00000007957d5308) thrown at [/Users/java_re/workspace/8-2-build-macosx-x86_64/jdk8u111/7883/hotspot/src/share/vm/prims/methodHandles.cpp, line 1146]
Event: 0.271 Thread 0x00007fe48c802800 Exception <a 'java/lang/NoSuchFieldError': method resolution failed> (0x00000007957e2ad8) thrown at [/Users/java_re/workspace/8-2-build-macosx-x86_64/jdk8u111/7883/hotspot/src/share/vm/prims/methodHandles.cpp, line 1146]
Event: 0.508 Thread 0x00007fe48c802800 Exception <a 'java/io/FileNotFoundException'> (0x000000079585e2a0) thrown at [/Users/java_re/workspace/8-2-build-macosx-x86_64/jdk8u111/7883/hotspot/src/share/vm/prims/jni.cpp, line 709]
Event: 0.508 Thread 0x00007fe48c802800 Exception <a 'java/io/FileNotFoundException'> (0x000000079585ee40) thrown at [/Users/java_re/workspace/8-2-build-macosx-x86_64/jdk8u111/7883/hotspot/src/share/vm/prims/jni.cpp, line 709]
Event: 0.688 Thread 0x00007fe48c802800 Exception <a 'java/io/FileNotFoundException'> (0x000000079599e2c0) thrown at [/Users/java_re/workspace/8-2-build-macosx-x86_64/jdk8u111/7883/hotspot/src/share/vm/prims/jni.cpp, line 709]
Event: 2.447 Thread 0x00007fe48d220000 Exception <a 'java/lang/UnsatisfiedLinkError': com.jogamp.common.util.JarUtil.fixNativeLibAttribs(Ljava/lang/String;)Z> (0x0000000796c1e8c8) thrown at [/Users/java_re/workspace/8-2-build-macosx-x86_64/jdk8u111/7883/hotspot/src/share/vm/prims/nativeLookup.
Event: 2.768 Thread 0x00007fe48c81d800 Exception <a 'java/lang/NullPointerException'> (0x00000007956a6020) thrown at [/Users/java_re/workspace/8-2-build-macosx-x86_64/jdk8u111/7883/hotspot/src/share/vm/interpreter/linkResolver.cpp, line 1178]
Event: 3.495 Thread 0x00007fe48d025800 Exception <a 'java/io/FileNotFoundException'> (0x000000079613a658) thrown at [/Users/java_re/workspace/8-2-build-macosx-x86_64/jdk8u111/7883/hotspot/src/share/vm/prims/jni.cpp, line 709]
Event: 3.495 Thread 0x00007fe48d025800 Exception <a 'java/io/FileNotFoundException'> (0x0000000796141df0) thrown at [/Users/java_re/workspace/8-2-build-macosx-x86_64/jdk8u111/7883/hotspot/src/share/vm/prims/jni.cpp, line 709]
Event: 3.495 Thread 0x00007fe48d025800 Implicit null exception at 0x00000001073c13b6 to 0x00000001073c1785

Events (10 events):
Event: 23.990 loading class java/awt/LightweightDispatcher$2 done
Event: 23.991 loading class java/awt/event/AWTEventListenerProxy
Event: 23.991 loading class java/awt/event/AWTEventListenerProxy done
Event: 23.991 Executing VM operation: Deoptimize
Event: 23.991 Executing VM operation: Deoptimize done
Event: 23.991 loading class java/awt/Toolkit$ToolkitEventMulticaster
Event: 23.991 loading class java/awt/Toolkit$ToolkitEventMulticaster done
Event: 23.992 Thread 0x00007fe48c1f9000 Thread exited: 0x00007fe48c1f9000
Event: 23.992 loading class java/awt/Window$1DisposeAction
Event: 23.992 loading class java/awt/Window$1DisposeAction done


Dynamic libraries:
0x000000000ad86000 	/System/Library/Frameworks/Cocoa.framework/Versions/A/Cocoa
0x000000000ad86000 	/System/Library/Frameworks/Security.framework/Versions/A/Security
0x000000000ad86000 	/System/Library/Frameworks/ApplicationServices.framework/Versions/A/ApplicationServices
0x000000000ad86000 	/usr/lib/libz.1.dylib
0x000000000ad86000 	/usr/lib/libSystem.B.dylib
0x000000000ad86000 	/usr/lib/libobjc.A.dylib
0x000000000ad86000 	/System/Library/Frameworks/CoreFoundation.framework/Versions/A/CoreFoundation
0x000000000ad86000 	/System/Library/Frameworks/Foundation.framework/Versions/C/Foundation
0x000000000ad86000 	/System/Library/Frameworks/AppKit.framework/Versions/C/AppKit
0x000000000ad86000 	/System/Library/Frameworks/CoreData.framework/Versions/A/CoreData
0x000000000ad86000 	/System/Library/PrivateFrameworks/RemoteViewServices.framework/Versions/A/RemoteViewServices
0x000000000ad86000 	/System/Library/PrivateFrameworks/UIFoundation.framework/Versions/A/UIFoundation
0x000000000ad86000 	/usr/lib/libScreenReader.dylib
0x000000000ad86000 	/System/Library/Frameworks/Accelerate.framework/Versions/A/Accelerate
0x000000000ad86000 	/System/Library/Frameworks/IOSurface.framework/Versions/A/IOSurface
0x000000000ad86000 	/System/Library/Frameworks/AudioToolbox.framework/Versions/A/AudioToolbox
0x000000000ad86000 	/System/Library/Frameworks/AudioUnit.framework/Versions/A/AudioUnit
0x000000000ad86000 	/System/Library/PrivateFrameworks/DataDetectorsCore.framework/Versions/A/DataDetectorsCore
0x000000000ad86000 	/System/Library/PrivateFrameworks/DesktopServicesPriv.framework/Versions/A/DesktopServicesPriv
0x000000000ad86000 	/System/Library/Frameworks/Carbon.framework/Versions/A/Frameworks/HIToolbox.framework/Versions/A/HIToolbox
0x000000000ad86000 	/System/Library/Frameworks/QuartzCore.framework/Versions/A/QuartzCore
0x000000000ad86000 	/System/Library/Frameworks/Carbon.framework/Versions/A/Frameworks/SpeechRecognition.framework/Versions/A/SpeechRecognition
0x000000000ad86000 	/usr/lib/libauto.dylib
0x000000000ad86000 	/usr/lib/libicucore.A.dylib
0x000000000ad86000 	/usr/lib/libxml2.2.dylib
0x000000000ad86000 	/System/Library/PrivateFrameworks/CoreUI.framework/Versions/A/CoreUI
0x000000000ad86000 	/System/Library/Frameworks/CoreAudio.framework/Versions/A/CoreAudio
0x000000000ad86000 	/System/Library/Frameworks/DiskArbitration.framework/Versions/A/DiskArbitration
0x000000000ad86000 	/usr/lib/liblangid.dylib
0x000000000ad86000 	/System/Library/PrivateFrameworks/MultitouchSupport.framework/Versions/A/MultitouchSupport
0x000000000ad86000 	/System/Library/Frameworks/IOKit.framework/Versions/A/IOKit
0x000000000ad86000 	/usr/lib/libDiagnosticMessagesClient.dylib
0x000000000ad86000 	/System/Library/Frameworks/CoreServices.framework/Versions/A/CoreServices
0x000000000ad86000 	/System/Library/PrivateFrameworks/PerformanceAnalysis.framework/Versions/A/PerformanceAnalysis
0x000000000ad86000 	/System/Library/PrivateFrameworks/GenerationalStorage.framework/Versions/A/GenerationalStorage
0x000000000ad86000 	/System/Library/Frameworks/OpenGL.framework/Versions/A/OpenGL
0x000000000ad86000 	/System/Library/PrivateFrameworks/Sharing.framework/Versions/A/Sharing
0x000000000ad86000 	/System/Library/Frameworks/CoreGraphics.framework/Versions/A/CoreGraphics
0x000000000ad86000 	/System/Library/Frameworks/CoreImage.framework/Versions/A/CoreImage
0x000000000ad86000 	/System/Library/Frameworks/CoreText.framework/Versions/A/CoreText
0x000000000ad86000 	/System/Library/Frameworks/ImageIO.framework/Versions/A/ImageIO
0x000000000ad86000 	/System/Library/PrivateFrameworks/Backup.framework/Versions/A/Backup
0x000000000ad86000 	/usr/lib/libextension.dylib
0x000000000ad86000 	/usr/lib/libarchive.2.dylib
0x000000000ad86000 	/System/Library/Frameworks/CFNetwork.framework/Versions/A/CFNetwork
0x000000000ad86000 	/System/Library/Frameworks/SystemConfiguration.framework/Versions/A/SystemConfiguration
0x000000000ad86000 	/usr/lib/libCRFSuite.dylib
0x000000000ad86000 	/usr/lib/libc++.1.dylib
0x000000000ad86000 	/usr/lib/libc++abi.dylib
0x000000000ad86000 	/usr/lib/system/libcache.dylib
0x000000000ad86000 	/usr/lib/system/libcommonCrypto.dylib
0x000000000ad86000 	/usr/lib/system/libcompiler_rt.dylib
0x000000000ad86000 	/usr/lib/system/libcopyfile.dylib
0x000000000ad86000 	/usr/lib/system/libcorecrypto.dylib
0x000000000ad86000 	/usr/lib/system/libdispatch.dylib
0x000000000ad86000 	/usr/lib/system/libdyld.dylib
0x000000000ad86000 	/usr/lib/system/libkeymgr.dylib
0x000000000ad86000 	/usr/lib/system/liblaunch.dylib
0x000000000ad86000 	/usr/lib/system/libmacho.dylib
0x000000000ad86000 	/usr/lib/system/libquarantine.dylib
0x000000000ad86000 	/usr/lib/system/libremovefile.dylib
0x000000000ad86000 	/usr/lib/system/libsystem_asl.dylib
0x000000000ad86000 	/usr/lib/system/libsystem_blocks.dylib
0x000000000ad86000 	/usr/lib/system/libsystem_c.dylib
0x000000000ad86000 	/usr/lib/system/libsystem_configuration.dylib
0x000000000ad86000 	/usr/lib/system/libsystem_coreservices.dylib
0x000000000ad86000 	/usr/lib/system/libsystem_coretls.dylib
0x000000000ad86000 	/usr/lib/system/libsystem_dnssd.dylib
0x000000000ad86000 	/usr/lib/system/libsystem_info.dylib
0x000000000ad86000 	/usr/lib/system/libsystem_kernel.dylib
0x000000000ad86000 	/usr/lib/system/libsystem_m.dylib
0x000000000ad86000 	/usr/lib/system/libsystem_malloc.dylib
0x000000000ad86000 	/usr/lib/system/libsystem_network.dylib
0x000000000ad86000 	/usr/lib/system/libsystem_networkextension.dylib
0x000000000ad86000 	/usr/lib/system/libsystem_notify.dylib
0x000000000ad86000 	/usr/lib/system/libsystem_platform.dylib
0x000000000ad86000 	/usr/lib/system/libsystem_pthread.dylib
0x000000000ad86000 	/usr/lib/system/libsystem_sandbox.dylib
0x000000000ad86000 	/usr/lib/system/libsystem_secinit.dylib
0x000000000ad86000 	/usr/lib/system/libsystem_trace.dylib
0x000000000ad86000 	/usr/lib/system/libunc.dylib
0x000000000ad86000 	/usr/lib/system/libunwind.dylib
0x000000000ad86000 	/usr/lib/system/libxpc.dylib
0x000000000ad86000 	/usr/lib/libenergytrace.dylib
0x000000000ad86000 	/usr/lib/libbsm.0.dylib
0x000000000ad86000 	/usr/lib/system/libkxld.dylib
0x000000000ad86000 	/usr/lib/libxar.1.dylib
0x000000000ad86000 	/usr/lib/libsqlite3.dylib
0x000000000ad86000 	/usr/lib/libpam.2.dylib
0x000000000ad86000 	/usr/lib/libOpenScriptingUtil.dylib
0x000000000ad86000 	/usr/lib/libbz2.1.0.dylib
0x000000000ad86000 	/usr/lib/liblzma.5.dylib
0x000000000ad86000 	/System/Library/Frameworks/CoreServices.framework/Versions/A/Frameworks/FSEvents.framework/Versions/A/FSEvents
0x000000000ad86000 	/System/Library/Frameworks/CoreServices.framework/Versions/A/Frameworks/CarbonCore.framework/Versions/A/CarbonCore
0x000000000ad86000 	/System/Library/Frameworks/CoreServices.framework/Versions/A/Frameworks/Metadata.framework/Versions/A/Metadata
0x000000000ad86000 	/System/Library/Frameworks/CoreServices.framework/Versions/A/Frameworks/OSServices.framework/Versions/A/OSServices
0x000000000ad86000 	/System/Library/Frameworks/CoreServices.framework/Versions/A/Frameworks/SearchKit.framework/Versions/A/SearchKit
0x000000000ad86000 	/System/Library/Frameworks/CoreServices.framework/Versions/A/Frameworks/AE.framework/Versions/A/AE
0x000000000ad86000 	/System/Library/Frameworks/CoreServices.framework/Versions/A/Frameworks/LaunchServices.framework/Versions/A/LaunchServices
0x000000000ad86000 	/System/Library/Frameworks/CoreServices.framework/Versions/A/Frameworks/DictionaryServices.framework/Versions/A/DictionaryServices
0x000000000ad86000 	/System/Library/Frameworks/CoreServices.framework/Versions/A/Frameworks/SharedFileList.framework/Versions/A/SharedFileList
0x000000000ad86000 	/System/Library/Frameworks/NetFS.framework/Versions/A/NetFS
0x000000000ad86000 	/System/Library/PrivateFrameworks/NetAuth.framework/Versions/A/NetAuth
0x000000000ad86000 	/System/Library/PrivateFrameworks/login.framework/Versions/A/Frameworks/loginsupport.framework/Versions/A/loginsupport
0x000000000ad86000 	/System/Library/PrivateFrameworks/TCC.framework/Versions/A/TCC
0x000000000ad86000 	/usr/lib/libmecabra.dylib
0x000000000ad86000 	/System/Library/Frameworks/ApplicationServices.framework/Versions/A/Frameworks/ATS.framework/Versions/A/ATS
0x000000000ad86000 	/System/Library/Frameworks/ApplicationServices.framework/Versions/A/Frameworks/ColorSync.framework/Versions/A/ColorSync
0x000000000ad86000 	/System/Library/Frameworks/ApplicationServices.framework/Versions/A/Frameworks/HIServices.framework/Versions/A/HIServices
0x000000000ad86000 	/System/Library/Frameworks/ApplicationServices.framework/Versions/A/Frameworks/LangAnalysis.framework/Versions/A/LangAnalysis
0x000000000ad86000 	/System/Library/Frameworks/ApplicationServices.framework/Versions/A/Frameworks/PrintCore.framework/Versions/A/PrintCore
0x000000000ad86000 	/System/Library/Frameworks/ApplicationServices.framework/Versions/A/Frameworks/QD.framework/Versions/A/QD
0x000000000ad86000 	/System/Library/Frameworks/ApplicationServices.framework/Versions/A/Frameworks/SpeechSynthesis.framework/Versions/A/SpeechSynthesis
0x000000000ad86000 	/System/Library/Frameworks/Metal.framework/Versions/A/Metal
0x000000000ad86000 	/System/Library/Frameworks/Accelerate.framework/Versions/A/Frameworks/vImage.framework/Versions/A/vImage
0x000000000ad86000 	/System/Library/Frameworks/Accelerate.framework/Versions/A/Frameworks/vecLib.framework/Versions/A/vecLib
0x000000000ad86000 	/System/Library/Frameworks/Accelerate.framework/Versions/A/Frameworks/vecLib.framework/Versions/A/libvDSP.dylib
0x000000000ad86000 	/System/Library/Frameworks/Accelerate.framework/Versions/A/Frameworks/vecLib.framework/Versions/A/libvMisc.dylib
0x000000000ad86000 	/System/Library/Frameworks/Accelerate.framework/Versions/A/Frameworks/vecLib.framework/Versions/A/libLAPACK.dylib
0x000000000ad86000 	/System/Library/Frameworks/Accelerate.framework/Versions/A/Frameworks/vecLib.framework/Versions/A/libBLAS.dylib
0x000000000ad86000 	/System/Library/Frameworks/Accelerate.framework/Versions/A/Frameworks/vecLib.framework/Versions/A/libLinearAlgebra.dylib
0x000000000ad86000 	/System/Library/Frameworks/Accelerate.framework/Versions/A/Frameworks/vecLib.framework/Versions/A/libSparseBLAS.dylib
0x000000000ad86000 	/System/Library/PrivateFrameworks/GPUCompiler.framework/libmetal_timestamp.dylib
0x000000000ad86000 	/System/Library/Frameworks/OpenGL.framework/Versions/A/Libraries/libCoreFSCache.dylib
0x000000000ad86000 	/System/Library/PrivateFrameworks/IOAccelerator.framework/Versions/A/IOAccelerator
0x000000000ad86000 	/System/Library/Frameworks/ApplicationServices.framework/Versions/A/Frameworks/ATS.framework/Versions/A/Resources/libFontParser.dylib
0x000000000ad86000 	/System/Library/Frameworks/ApplicationServices.framework/Versions/A/Frameworks/ATS.framework/Versions/A/Resources/libFontRegistry.dylib
0x000000000ad86000 	/System/Library/PrivateFrameworks/AppleVPA.framework/Versions/A/AppleVPA
0x000000000ad86000 	/System/Library/PrivateFrameworks/AppleJPEG.framework/Versions/A/AppleJPEG
0x000000000ad86000 	/System/Library/Frameworks/ImageIO.framework/Versions/A/Resources/libJPEG.dylib
0x000000000ad86000 	/System/Library/Frameworks/ImageIO.framework/Versions/A/Resources/libTIFF.dylib
0x000000000ad86000 	/System/Library/Frameworks/ImageIO.framework/Versions/A/Resources/libPng.dylib
0x000000000ad86000 	/System/Library/Frameworks/ImageIO.framework/Versions/A/Resources/libGIF.dylib
0x000000000ad86000 	/System/Library/Frameworks/ImageIO.framework/Versions/A/Resources/libJP2.dylib
0x000000000ad86000 	/System/Library/Frameworks/ImageIO.framework/Versions/A/Resources/libRadiance.dylib
0x000000000ad86000 	/System/Library/Frameworks/CoreVideo.framework/Versions/A/CoreVideo
0x000000000ad86000 	/System/Library/Frameworks/OpenGL.framework/Versions/A/Libraries/libGLU.dylib
0x000000000ad86000 	/System/Library/Frameworks/OpenGL.framework/Versions/A/Libraries/libGFXShared.dylib
0x000000000ad86000 	/System/Library/Frameworks/OpenGL.framework/Versions/A/Libraries/libGL.dylib
0x000000000ad86000 	/System/Library/Frameworks/OpenGL.framework/Versions/A/Libraries/libGLImage.dylib
0x000000000ad86000 	/System/Library/Frameworks/OpenGL.framework/Versions/A/Libraries/libCVMSPluginSupport.dylib
0x000000000ad86000 	/System/Library/Frameworks/OpenGL.framework/Versions/A/Libraries/libCoreVMClient.dylib
0x000000000ad86000 	/usr/lib/libcompression.dylib
0x000000000ad86000 	/usr/lib/libcups.2.dylib
0x000000000ad86000 	/System/Library/Frameworks/Kerberos.framework/Versions/A/Kerberos
0x000000000ad86000 	/System/Library/Frameworks/GSS.framework/Versions/A/GSS
0x000000000ad86000 	/usr/lib/libresolv.9.dylib
0x000000000ad86000 	/usr/lib/libiconv.2.dylib
0x000000000ad86000 	/System/Library/PrivateFrameworks/Heimdal.framework/Versions/A/Heimdal
0x000000000ad86000 	/usr/lib/libheimdal-asn1.dylib
0x000000000ad86000 	/System/Library/Frameworks/OpenDirectory.framework/Versions/A/OpenDirectory
0x000000000ad86000 	/System/Library/PrivateFrameworks/CommonAuth.framework/Versions/A/CommonAuth
0x000000000ad86000 	/System/Library/Frameworks/OpenDirectory.framework/Versions/A/Frameworks/CFOpenDirectory.framework/Versions/A/CFOpenDirectory
0x000000000ad86000 	/System/Library/Frameworks/SecurityFoundation.framework/Versions/A/SecurityFoundation
0x000000000ad86000 	/System/Library/PrivateFrameworks/LanguageModeling.framework/Versions/A/LanguageModeling
0x000000000ad86000 	/usr/lib/libmarisa.dylib
0x000000000ad86000 	/usr/lib/libChineseTokenizer.dylib
0x000000000ad86000 	/usr/lib/libcmph.dylib
0x000000000ad86000 	/System/Library/Frameworks/ServiceManagement.framework/Versions/A/ServiceManagement
0x000000000ad86000 	/usr/lib/libxslt.1.dylib
0x000000000ad86000 	/System/Library/Frameworks/Carbon.framework/Versions/A/Frameworks/Ink.framework/Versions/A/Ink
0x000000000ad86000 	/usr/lib/libFosl_dynamic.dylib
0x000000000ad86000 	/System/Library/PrivateFrameworks/FaceCore.framework/Versions/A/FaceCore
0x000000000ad86000 	/System/Library/Frameworks/OpenCL.framework/Versions/A/OpenCL
0x000000000ad86000 	/System/Library/PrivateFrameworks/CrashReporterSupport.framework/Versions/A/CrashReporterSupport
0x000000000ad86000 	/System/Library/PrivateFrameworks/IconServices.framework/Versions/A/IconServices
0x000000000ad86000 	/System/Library/PrivateFrameworks/Apple80211.framework/Versions/A/Apple80211
0x000000000ad86000 	/System/Library/Frameworks/CoreWLAN.framework/Versions/A/CoreWLAN
0x000000000ad86000 	/System/Library/Frameworks/IOBluetooth.framework/Versions/A/IOBluetooth
0x000000000ad86000 	/System/Library/PrivateFrameworks/CoreWiFi.framework/Versions/A/CoreWiFi
0x000000000ad86000 	/System/Library/Frameworks/CoreBluetooth.framework/Versions/A/CoreBluetooth
0x000000000ad86000 	/System/Library/PrivateFrameworks/ChunkingLibrary.framework/Versions/A/ChunkingLibrary
0x000000000ad86000 	/System/Library/PrivateFrameworks/DebugSymbols.framework/Versions/A/DebugSymbols
0x000000000ad86000 	/System/Library/PrivateFrameworks/CoreSymbolication.framework/Versions/A/CoreSymbolication
0x000000000ad86000 	/System/Library/PrivateFrameworks/Symbolication.framework/Versions/A/Symbolication
0x000000000ad86000 	/System/Library/PrivateFrameworks/SpeechRecognitionCore.framework/Versions/A/SpeechRecognitionCore
0x0000000105a17000 	/Library/Java/JavaVirtualMachines/jdk1.8.0_111.jdk/Contents/Home/jre/lib/server/libjvm.dylib
0x000000000ad86000 	/usr/lib/libstdc++.6.dylib
0x00000001069bc000 	/Library/Java/JavaVirtualMachines/jdk1.8.0_111.jdk/Contents/Home/jre/lib/libverify.dylib
0x00000001069ca000 	/Library/Java/JavaVirtualMachines/jdk1.8.0_111.jdk/Contents/Home/jre/lib/libjava.dylib
0x0000000107209000 	/Library/Java/JavaVirtualMachines/jdk1.8.0_111.jdk/Contents/Home/jre/lib/libzip.dylib
0x000000011cb76000 	/System/Library/Frameworks/JavaVM.framework/Frameworks/JavaRuntimeSupport.framework/JavaRuntimeSupport
0x000000011cb91000 	/System/Library/Frameworks/JavaVM.framework/Versions/A/Frameworks/JavaNativeFoundation.framework/Versions/A/JavaNativeFoundation
0x000000011cba6000 	/System/Library/Frameworks/JavaVM.framework/Versions/A/JavaVM
0x000000000ad86000 	/System/Library/Frameworks/Carbon.framework/Versions/A/Carbon
0x000000011cbb3000 	/System/Library/PrivateFrameworks/JavaLaunching.framework/Versions/A/JavaLaunching
0x000000000ad86000 	/System/Library/Frameworks/Carbon.framework/Versions/A/Frameworks/CommonPanels.framework/Versions/A/CommonPanels
0x000000000ad86000 	/System/Library/Frameworks/Carbon.framework/Versions/A/Frameworks/Help.framework/Versions/A/Help
0x000000000ad86000 	/System/Library/Frameworks/Carbon.framework/Versions/A/Frameworks/ImageCapture.framework/Versions/A/ImageCapture
0x000000000ad86000 	/System/Library/Frameworks/Carbon.framework/Versions/A/Frameworks/OpenScripting.framework/Versions/A/OpenScripting
0x000000000ad86000 	/System/Library/Frameworks/Carbon.framework/Versions/A/Frameworks/Print.framework/Versions/A/Print
0x000000000ad86000 	/System/Library/Frameworks/Carbon.framework/Versions/A/Frameworks/SecurityHI.framework/Versions/A/SecurityHI
0x000000011e512000 	/Library/Java/JavaVirtualMachines/jdk1.8.0_111.jdk/Contents/Home/jre/lib/libawt.dylib
0x000000011e5ba000 	/Library/Java/JavaVirtualMachines/jdk1.8.0_111.jdk/Contents/Home/jre/lib/./libmlib_image.dylib
0x000000011e686000 	/Library/Java/JavaVirtualMachines/jdk1.8.0_111.jdk/Contents/Home/jre/lib/libawt_lwawt.dylib
0x000000011e73b000 	/Library/Java/JavaVirtualMachines/jdk1.8.0_111.jdk/Contents/Home/jre/lib/./libosxapp.dylib
0x000000000ad86000 	/System/Library/Frameworks/ExceptionHandling.framework/Versions/A/ExceptionHandling
0x000000000ad86000 	/System/Library/PrivateFrameworks/CoreServicesInternal.framework/Versions/A/CoreServicesInternal
0x000000000ad86000 	/System/Library/Frameworks/CoreGraphics.framework/Versions/A/Resources/libRIP.A.dylib
0x000000000ad86000 	/System/Library/Frameworks/Accelerate.framework/Versions/A/Frameworks/vImage.framework/Versions/A/Libraries/libCGInterfaces.dylib
0x000000000ad86000 	/System/Library/Frameworks/CoreGraphics.framework/Versions/A/Resources/libCGXType.A.dylib
0x000000000ad86000 	/System/Library/Frameworks/OpenCL.framework/Versions/A/Libraries/libcldcpuengine.dylib
0x000000000ad86000 	/System/Library/PrivateFrameworks/DiskImages.framework/Versions/A/DiskImages
0x000000000ad86000 	/System/Library/Frameworks/DiscRecording.framework/Versions/A/DiscRecording
0x000000000ad86000 	/usr/lib/libcsfde.dylib
0x000000000ad86000 	/usr/lib/libcurl.4.dylib
0x000000000ad86000 	/System/Library/PrivateFrameworks/MediaKit.framework/Versions/A/MediaKit
0x000000000ad86000 	/System/Library/PrivateFrameworks/ProtectedCloudStorage.framework/Versions/A/ProtectedCloudStorage
0x000000000ad86000 	/usr/lib/libCoreStorage.dylib
0x000000000ad86000 	/System/Library/PrivateFrameworks/EFILogin.framework/Versions/A/EFILogin
0x000000000ad86000 	/usr/lib/libutil.dylib
0x000000000ad86000 	/System/Library/PrivateFrameworks/FindMyDevice.framework/Versions/A/FindMyDevice
0x000000000ad86000 	/System/Library/Frameworks/LDAP.framework/Versions/A/LDAP
0x000000000ad86000 	/usr/lib/libsasl2.2.dylib
0x000000000ad86000 	/System/Library/PrivateFrameworks/CoreDaemon.framework/Versions/B/CoreDaemon
0x000000000ad86000 	/usr/lib/libcrypto.0.9.8.dylib
0x000000000ad86000 	/System/Library/PrivateFrameworks/AppleSRP.framework/Versions/A/AppleSRP
0x000000000ad86000 	/System/Library/PrivateFrameworks/TrustEvaluationAgent.framework/Versions/A/TrustEvaluationAgent
0x000000012038c000 	cl_kernels
0x000000000ad86000 	/System/Library/Frameworks/OpenCL.framework/Versions/A/Libraries/ImageFormats/unorm8_bgra.dylib
0x000000000ad86000 	/System/Library/Frameworks/OpenCL.framework/Versions/A/Libraries/ImageFormats/unorm8_rgba.dylib
0x000000000ad86000 	/System/Library/PrivateFrameworks/FamilyControls.framework/Versions/A/FamilyControls
0x000000000ad86000 	/System/Library/PrivateFrameworks/CommerceKit.framework/Versions/A/Frameworks/CommerceCore.framework/Versions/A/CommerceCore
0x000000000ad86000 	/System/Library/PrivateFrameworks/SystemAdministration.framework/Versions/A/SystemAdministration
0x000000000ad86000 	/System/Library/PrivateFrameworks/AppContainer.framework/Versions/A/AppContainer
0x000000000ad86000 	/System/Library/PrivateFrameworks/SecCodeWrapper.framework/Versions/A/SecCodeWrapper
0x000000000ad86000 	/System/Library/Frameworks/DirectoryService.framework/Versions/A/DirectoryService
0x000000000ad86000 	/System/Library/PrivateFrameworks/LoginUIKit.framework/Versions/A/Frameworks/LoginUICore.framework/Versions/A/LoginUICore
0x000000000ad86000 	/usr/lib/libodfde.dylib
0x000000000ad86000 	/System/Library/Frameworks/OpenGL.framework/Versions/A/Resources/GLEngine.bundle/GLEngine
0x000000000ad86000 	/System/Library/Frameworks/OpenGL.framework/Versions/A/Libraries/libGLProgrammability.dylib
0x000000012148a000 	/System/Library/Extensions/AppleIntelBDWGraphicsGLDriver.bundle/Contents/MacOS/AppleIntelBDWGraphicsGLDriver
0x000000000ad86000 	/System/Library/PrivateFrameworks/GPUSupport.framework/Versions/A/Libraries/libGPUSupportMercury.dylib
0x000000000ad86000 	/System/Library/Frameworks/OpenGL.framework/Versions/A/Resources/GLRendererFloat.bundle/GLRendererFloat
0x000000012240c000 	/Library/Java/JavaVirtualMachines/jdk1.8.0_111.jdk/Contents/Home/jre/lib/libfontmanager.dylib
0x00000001238d4000 	/Library/Java/JavaVirtualMachines/jdk1.8.0_111.jdk/Contents/Home/jre/lib/libosxui.dylib
0x00000001243f0000 	/Library/Java/JavaVirtualMachines/jdk1.8.0_111.jdk/Contents/Home/jre/lib/libnet.dylib
0x0000000124382000 	/Library/Java/JavaVirtualMachines/jdk1.8.0_111.jdk/Contents/Home/jre/lib/libnio.dylib
0x000000000ad86000 	/System/Library/Frameworks/ApplicationServices.framework/Versions/A/Frameworks/ATS.framework/Versions/A/Resources/libTrueTypeScaler.dylib
0x0000000175738000 	/System/Library/Extensions/AppleIntelBDWGraphicsMTLDriver.bundle/Contents/MacOS/AppleIntelBDWGraphicsMTLDriver
0x000000011f935000 	/private/var/folders/52/pd9n1grn4_55dn11fg2xx6m40000gn/T/jogamp_0000/file_cache/jln1788197125017715449/jln5996995847484328213/libgluegen-rt.jnilib
0x000000011f95f000 	/private/var/folders/52/pd9n1grn4_55dn11fg2xx6m40000gn/T/jogamp_0000/file_cache/jln1788197125017715449/jln5996995847484328213/libnativewindow_awt.jnilib
0x000000011f962000 	/Library/Java/JavaVirtualMachines/jdk1.8.0_111.jdk/Contents/Home/jre/lib/libjawt.dylib
0x000000017560f000 	/private/var/folders/52/pd9n1grn4_55dn11fg2xx6m40000gn/T/jogamp_0000/file_cache/jln1788197125017715449/jln5996995847484328213/libnativewindow_macosx.jnilib
0x000000017b39e000 	/private/var/folders/52/pd9n1grn4_55dn11fg2xx6m40000gn/T/jogamp_0000/file_cache/jln1788197125017715449/jln5996995847484328213/libjogl_desktop.jnilib
0x000000017cf0a000 	/Library/Java/JavaVirtualMachines/jdk1.8.0_111.jdk/Contents/Home/jre/lib/libsunec.dylib
0x0000000175619000 	/Library/Java/JavaVirtualMachines/jdk1.8.0_111.jdk/Contents/Home/jre/lib/libt2k.dylib
0x000000017587c000 	/Library/Java/JavaVirtualMachines/jdk1.8.0_111.jdk/Contents/Home/jre/lib/libjpeg.dylib

VM Arguments:
jvm_args: -Djava.security.policy=java.policy.applet -Dfile.encoding=UTF-8 
java_command: sun.applet.AppletViewer module4.EarthquakeCityMap1495389165804.html
java_class_path (initial): /Users/dhruvsawhney/Documents/workspace/UCSDUnfoldingMaps/build:/Users/dhruvsawhney/Documents/workspace/UCSDUnfoldingMaps/lib/core.jar:/Users/dhruvsawhney/Documents/workspace/UCSDUnfoldingMaps/lib/gluegen-rt.jar:/Users/dhruvsawhney/Documents/workspace/UCSDUnfoldingMaps/lib/jogl-all.jar:/Users/dhruvsawhney/Documents/workspace/UCSDUnfoldingMaps/lib/log4j-1.2.15.jar:/Users/dhruvsawhney/Documents/workspace/UCSDUnfoldingMaps/lib/sqlite-jdbc-3.7.2.jar:/Users/dhruvsawhney/Documents/workspace/UCSDUnfoldingMaps/lib/json4processing.jar:/Users/dhruvsawhney/Documents/workspace/UCSDUnfoldingMaps/lib/libTUIO.jar:/Users/dhruvsawhney/Documents/workspace/UCSDUnfoldingMaps/lib/unfolding.0.9.7-uscd.jar
Launcher Type: SUN_STANDARD

Environment Variables:
PATH=/usr/bin:/bin:/usr/sbin:/sbin
SHELL=/bin/bash
DISPLAY=/private/tmp/com.apple.launchd.TplqWvYJlD/org.macosforge.xquartz:0

Signal Handlers:
SIGSEGV: [libjvm.dylib+0x5b03ed], sa_mask[0]=11111111011111110111111111111111, sa_flags=SA_ONSTACK|SA_RESTART|SA_SIGINFO
SIGBUS: [libjvm.dylib+0x5b03ed], sa_mask[0]=11111111011111110111111111111111, sa_flags=SA_RESTART|SA_SIGINFO
SIGFPE: [libjvm.dylib+0x48711c], sa_mask[0]=11111111011111110111111111111111, sa_flags=SA_RESTART|SA_SIGINFO
SIGPIPE: [libjvm.dylib+0x48711c], sa_mask[0]=11111111011111110111111111111111, sa_flags=SA_RESTART|SA_SIGINFO
SIGXFSZ: [libjvm.dylib+0x48711c], sa_mask[0]=11111111011111110111111111111111, sa_flags=SA_RESTART|SA_SIGINFO
SIGILL: [libjvm.dylib+0x48711c], sa_mask[0]=11111111011111110111111111111111, sa_flags=SA_RESTART|SA_SIGINFO
SIGUSR1: SIG_DFL, sa_mask[0]=00000000000000000000000000000000, sa_flags=none
SIGUSR2: [libjvm.dylib+0x486c3a], sa_mask[0]=00100000000000000000000000000000, sa_flags=SA_RESTART|SA_SIGINFO
SIGHUP: [libjvm.dylib+0x485211], sa_mask[0]=11111111011111110111111111111111, sa_flags=SA_RESTART|SA_SIGINFO
SIGINT: [libjvm.dylib+0x485211], sa_mask[0]=11111111011111110111111111111111, sa_flags=SA_RESTART|SA_SIGINFO
SIGTERM: [libjvm.dylib+0x485211], sa_mask[0]=11111111011111110111111111111111, sa_flags=SA_RESTART|SA_SIGINFO
SIGQUIT: [libjvm.dylib+0x485211], sa_mask[0]=11111111011111110111111111111111, sa_flags=SA_RESTART|SA_SIGINFO


---------------  S Y S T E M  ---------------

OS:Bsduname:Darwin 15.6.0 Darwin Kernel Version 15.6.0: Thu Sep  1 15:01:16 PDT 2016; root:xnu-3248.60.11~2/RELEASE_X86_64 x86_64
rlimit: STACK 8192k, CORE 0k, NPROC 709, NOFILE 10240, AS infinity
load average:3.10 2.93 2.83

CPU:total 4 (2 cores per cpu, 2 threads per core) family 6 model 61 stepping 4, cmov, cx8, fxsr, mmx, sse, sse2, sse3, ssse3, sse4.1, sse4.2, popcnt, avx, avx2, aes, clmul, erms, 3dnowpref, lzcnt, ht, tsc, tscinvbit, bmi1, bmi2, adx

Memory: 4k page, physical 8388608k(121636k free)

/proc/meminfo:


vm_info: Java HotSpot(TM) 64-Bit Server VM (25.111-b14) for bsd-amd64 JRE (1.8.0_111-b14), built on Sep 22 2016 15:31:41 by "java_re" with gcc 4.2.1 (Based on Apple Inc. build 5658) (LLVM build 2336.11.00)

time: Sun May 21 10:53:09 2017
elapsed time: 24 seconds (0d 0h 0m 24s)

