#
# A fatal error has been detected by the Java Runtime Environment:
#
#  SIGSEGV (0xb) at pc=0x00007fffa11ca4e9, pid=3329, tid=0x0000000000000a0b
#
# JRE version: Java(TM) SE Runtime Environment (8.0_111-b14) (build 1.8.0_111-b14)
# Java VM: Java HotSpot(TM) 64-Bit Server VM (25.111-b14 mixed mode bsd-amd64 compressed oops)
# Problematic frame:
# C  [libobjc.A.dylib+0x14e9]  objc_msgSend+0x29
#
# Failed to write core dump. Core dumps have been disabled. To enable core dumping, try "ulimit -c unlimited" before starting Java again
#
# If you would like to submit a bug report, please visit:
#   http://bugreport.java.com/bugreport/crash.jsp
# The crash happened outside the Java Virtual Machine in native code.
# See problematic frame for where to report the bug.
#

---------------  T H R E A D  ---------------

Current thread (0x00007fa579934000):  JavaThread "AWT-AppKit" daemon [_thread_in_native, id=2571, stack(0x00007fff5d599000,0x00007fff5dd99000)]

siginfo: si_signo: 11 (SIGSEGV), si_code: 1 (SEGV_MAPERR), si_addr: 0x0000012800000e38

Registers:
RAX=0x00007fa57cb0af20, RBX=0x000000011c013450, RCX=0x000000011bffb040, RDX=0x000000011bffb4c0
RSP=0x00007fff5dd942f8, RBP=0x00007fff5dd943b0, RSI=0x00007fff9e274cbe, RDI=0x00007fa578481cb0
R8 =0x0000000000000000, R9 =0x00000000000008b0, R10=0x0000012800000e38, R11=0x00000001042db550
R12=0x0000000000000000, R13=0x0000000176badb50, R14=0x000000011c013440, R15=0x00007fa579934000
RIP=0x00007fffa11ca4e9, EFLAGS=0x0000000000010202, ERR=0x0000000000000004
  TRAPNO=0x000000000000000e

Top of Stack: (sp=0x00007fff5dd942f8)
0x00007fff5dd942f8:   000000011c011157 00007fff5dd94350
0x00007fff5dd94308:   0000000000000003 00007fff5dd94330
0x00007fff5dd94318:   0000000102bf27be 0000000176badb50
0x00007fff5dd94328:   0000000176badb50 00007fa57cb0af20
0x00007fff5dd94338:   000000011c0136a0 000000011c013710
0x00007fff5dd94348:   00007fff7f08f770 00007fff7bee2500
0x00007fff5dd94358:   000000011c013450 000000011c013690
0x00007fff5dd94368:   00007fa57cb0af20 00007fa578481cb0
0x00007fff5dd94378:   00007fa57cb44b00 00007fa57cb0af20
0x00007fff5dd94388:   00007fa578481cb0 00007fff5dd94438
0x00007fff5dd94398:   00007fa5799341f8 0000000176badb50
0x00007fff5dd943a8:   00007fff5dd94460 00007fff5dd94428
0x00007fff5dd943b8:   00000001039b89f4 0000000176badb50
0x00007fff5dd943c8:   00007fff5dd94460 00007fff5dd94428
0x00007fff5dd943d8:   00000001039b8787 00000001039b8742
0x00007fff5dd943e8:   00007fff5dd943e8 0000000176badb50
0x00007fff5dd943f8:   00007fff5dd94460 0000000176bb0788
0x00007fff5dd94408:   0000000000000000 0000000176badb50
0x00007fff5dd94418:   0000000000000000 00007fff5dd94448
0x00007fff5dd94428:   00007fff5dd944a8 00000001039a92bd
0x00007fff5dd94438:   000000074048b300 00000001039b2538
0x00007fff5dd94448:   00007fa57cb0af20 00007fff5dd944a8
0x00007fff5dd94458:   00007fa578481cb0 00000001039b3e02
0x00007fff5dd94468:   00007fff5dd94468 0000000176badd1a
0x00007fff5dd94478:   00007fff5dd944d0 0000000176bb0788
0x00007fff5dd94488:   0000000000000000 0000000176badd28
0x00007fff5dd94498:   00007fff5dd94448 00007fff5dd944b8
0x00007fff5dd944a8:   00007fff5dd94518 00000001039a92bd
0x00007fff5dd944b8:   00007fa57cb0af20 000000074041be80
0x00007fff5dd944c8:   00007fa578481cb0 000000074041be80
0x00007fff5dd944d8:   00007fff5dd944d8 0000000179aa8dd6
0x00007fff5dd944e8:   00007fff5dd94528 0000000179aa8e90 

Instructions: (pc=0x00007fffa11ca4e9)
0x00007fffa11ca4c9:   01 2e 75 66 49 bb f8 ff ff ff ff 7f 00 00 4c 23
0x00007fffa11ca4d9:   1f 49 89 f2 45 23 53 18 49 c1 e2 04 4d 03 53 10
0x00007fffa11ca4e9:   49 3b 32 75 04 41 ff 62 08 49 83 3a 01 76 0d 49
0x00007fffa11ca4f9:   83 c2 10 49 3b 32 75 f1 41 ff 62 08 72 40 4d 8b 

Register to memory mapping:

RAX=0x00007fa57cb0af20 is an unknown value
RBX=0x000000011c013450: Java_jogamp_nativewindow_macosx_OSXUtil_GetScreenRefreshRate0+0x1cf0 in /private/var/folders/52/pd9n1grn4_55dn11fg2xx6m40000gn/T/jogamp_0000/file_cache/jln5512342967122696400/jln8216646274487869803/libnativewindow_macosx.jnilib at 0x000000011c00c000
RCX=0x000000011bffb040 is an unknown value
RDX=0x000000011bffb4c0 is an unknown value
RSP=0x00007fff5dd942f8 is pointing into the stack for thread: 0x00007fa579934000
RBP=0x00007fff5dd943b0 is pointing into the stack for thread: 0x00007fa579934000
RSI=0x00007fff9e274cbe is an unknown value
RDI=0x00007fa578481cb0 is an unknown value
R8 =0x0000000000000000 is an unknown value
R9 =0x00000000000008b0 is an unknown value
R10=0x0000012800000e38 is an unknown value
R11=0x00000001042db550 is at entry_point+-368 in (nmethod*)0x00000001042db550
R12=0x0000000000000000 is an unknown value
R13={method} {0x0000000176badb50} 'UnsetJAWTRootSurfaceLayer0' '(JJ)V' in 'jogamp/nativewindow/jawt/macosx/MacOSXJAWTWindow'
R14=0x000000011c013440: Java_jogamp_nativewindow_macosx_OSXUtil_GetScreenRefreshRate0+0x1ce0 in /private/var/folders/52/pd9n1grn4_55dn11fg2xx6m40000gn/T/jogamp_0000/file_cache/jln5512342967122696400/jln8216646274487869803/libnativewindow_macosx.jnilib at 0x000000011c00c000
R15=0x00007fa579934000 is a thread


Stack: [0x00007fff5d599000,0x00007fff5dd99000],  sp=0x00007fff5dd942f8,  free space=8172k
Native frames: (J=compiled Java code, j=interpreted, Vv=VM code, C=native code)
C  [libobjc.A.dylib+0x14e9]  objc_msgSend+0x29
j  jogamp.nativewindow.jawt.macosx.MacOSXJAWTWindow.UnsetJAWTRootSurfaceLayer0(JJ)V+0
j  jogamp.nativewindow.jawt.macosx.MacOSXJAWTWindow.access$200(JJ)V+2
j  jogamp.nativewindow.jawt.macosx.MacOSXJAWTWindow$1.run()V+38
J 2653 C1 com.jogamp.common.util.RunnableTask.run()V (345 bytes) @ 0x0000000103c68334 [0x0000000103c681a0+0x194]
v  ~StubRoutines::call_stub
V  [libjvm.dylib+0x2ecf8a]
V  [libjvm.dylib+0x324119]
V  [libjvm.dylib+0x3168e7]
C  [libnativewindow_macosx.jnilib+0x5326]  Java_jogamp_nativewindow_jawt_macosx_MacOSXJAWTWindow_UnsetJAWTRootSurfaceLayer0+0x2b6
C  [Foundation+0x76fde]  __NSThreadPerformPerform+0x117
C  [CoreFoundation+0xaa7e1]  __CFRUNLOOP_IS_CALLING_OUT_TO_A_SOURCE0_PERFORM_FUNCTION__+0x11
C  [CoreFoundation+0x89e97]  __CFRunLoopDoSources0+0x1a7
C  [CoreFoundation+0x8943f]  __CFRunLoopRun+0x39f
C  [CoreFoundation+0x88e38]  CFRunLoopRunSpecific+0x128
C  [HIToolbox+0x30935]  RunCurrentEventLoopInMode+0xeb
C  [HIToolbox+0x30677]  ReceiveNextEventCommon+0xb8
C  [HIToolbox+0x305af]  _BlockUntilNextEventMatchingListInModeWithFilter+0x47
C  [AppKit+0x48df6]  _DPSNextEvent+0x42b
C  [AppKit+0x48226]  -[NSApplication _nextEventMatchingEventMask:untilDate:inMode:dequeue:]+0x1c6
C  [libosxapp.dylib+0x23aa]  -[NSApplicationAWT nextEventMatchingMask:untilDate:inMode:dequeue:]+0x7c
C  [AppKit+0x3cd80]  -[NSApplication run]+0x2aa
C  [libosxapp.dylib+0x214d]  +[NSApplicationAWT runAWTLoopWithApp:]+0x9c
C  [libawt_lwawt.dylib+0x444b3]  -[AWTStarter starter:]+0x389
C  [Foundation+0x76fde]  __NSThreadPerformPerform+0x117
C  [CoreFoundation+0xaa7e1]  __CFRUNLOOP_IS_CALLING_OUT_TO_A_SOURCE0_PERFORM_FUNCTION__+0x11
C  [CoreFoundation+0x89f1c]  __CFRunLoopDoSources0+0x22c
C  [CoreFoundation+0x8943f]  __CFRunLoopRun+0x39f
C  [CoreFoundation+0x88e38]  CFRunLoopRunSpecific+0x128
C  [java+0x6465]  CreateExecutionEnvironment+0x367
C  [java+0x218c]  JLI_Launch+0x7a0
C  [java+0x84c2]  main+0x65
C  [java+0x19e4]  start+0x34
C  0x0000000000000007

Java frames: (J=compiled Java code, j=interpreted, Vv=VM code)
j  jogamp.nativewindow.jawt.macosx.MacOSXJAWTWindow.UnsetJAWTRootSurfaceLayer0(JJ)V+0
j  jogamp.nativewindow.jawt.macosx.MacOSXJAWTWindow.access$200(JJ)V+2
j  jogamp.nativewindow.jawt.macosx.MacOSXJAWTWindow$1.run()V+38
J 2653 C1 com.jogamp.common.util.RunnableTask.run()V (345 bytes) @ 0x0000000103c68334 [0x0000000103c681a0+0x194]
v  ~StubRoutines::call_stub

---------------  P R O C E S S  ---------------

Java Threads: ( => current thread )
  0x00007fa578be0000 JavaThread "Thread-180" [_thread_blocked, id=66187, stack(0x000070000104a000,0x000070000114a000)]
  0x00007fa57d8b1000 JavaThread "Image Fetcher 0" daemon [_thread_blocked, id=26619, stack(0x0000700001cf7000,0x0000700001df7000)]
  0x00007fa5797f2800 JavaThread "Keep-Alive-Timer" daemon [_thread_blocked, id=64875, stack(0x0000700001dfa000,0x0000700001efa000)]
  0x00007fa5793f7800 JavaThread "AWT-EventQueue-1" [_thread_in_native, id=58655, stack(0x0000700001868000,0x0000700001968000)]
  0x00007fa578854000 JavaThread "DestroyJavaVM" [_thread_blocked, id=5891, stack(0x000070000011a000,0x000070000021a000)]
  0x00007fa579230000 JavaThread "AWT-EventQueue-0" [_thread_blocked, id=53515, stack(0x0000700001662000,0x0000700001762000)]
  0x00007fa578913800 JavaThread "Java2D Disposer" daemon [_thread_blocked, id=52483, stack(0x00007000013d9000,0x00007000014d9000)]
  0x00007fa57a138000 JavaThread "Java2D Queue Flusher" daemon [_thread_blocked, id=49671, stack(0x00007000012d6000,0x00007000013d6000)]
  0x00007fa57890a800 JavaThread "AWT-Shutdown" [_thread_blocked, id=29459, stack(0x0000700001150000,0x0000700001250000)]
=>0x00007fa579934000 JavaThread "AWT-AppKit" daemon [_thread_in_native, id=2571, stack(0x00007fff5d599000,0x00007fff5dd99000)]
  0x00007fa57983e000 JavaThread "Service Thread" daemon [_thread_blocked, id=18691, stack(0x0000700000e44000,0x0000700000f44000)]
  0x00007fa578824800 JavaThread "C1 CompilerThread2" daemon [_thread_blocked, id=18179, stack(0x0000700000d41000,0x0000700000e41000)]
  0x00007fa578823800 JavaThread "C2 CompilerThread1" daemon [_thread_blocked, id=17667, stack(0x0000700000c3e000,0x0000700000d3e000)]
  0x00007fa578822000 JavaThread "C2 CompilerThread0" daemon [_thread_blocked, id=17155, stack(0x0000700000b3b000,0x0000700000c3b000)]
  0x00007fa578817000 JavaThread "Signal Dispatcher" daemon [_thread_blocked, id=13839, stack(0x0000700000a38000,0x0000700000b38000)]
  0x00007fa579830800 JavaThread "Finalizer" daemon [_thread_blocked, id=12291, stack(0x000070000082f000,0x000070000092f000)]
  0x00007fa57982e000 JavaThread "Reference Handler" daemon [_thread_blocked, id=11779, stack(0x000070000072c000,0x000070000082c000)]

Other Threads:
  0x00007fa57900d800 VMThread [stack: 0x0000700000629000,0x0000700000729000] [id=11267]
  0x00007fa579802800 WatcherThread [stack: 0x0000700000f47000,0x0000700001047000] [id=19203]

VM state:not at safepoint (normal execution)

VM Mutex/Monitor currently owned by a thread: None

Heap:
 PSYoungGen      total 100352K, used 71389K [0x0000000795580000, 0x000000079d400000, 0x00000007c0000000)
  eden space 79360K, 63% used [0x0000000795580000,0x00000007986d7060,0x000000079a300000)
  from space 20992K, 99% used [0x000000079ba80000,0x000000079cee0530,0x000000079cf00000)
  to   space 24064K, 0% used [0x000000079a300000,0x000000079a300000,0x000000079ba80000)
 ParOldGen       total 70144K, used 40145K [0x0000000740000000, 0x0000000744480000, 0x0000000795580000)
  object space 70144K, 57% used [0x0000000740000000,0x0000000742734778,0x0000000744480000)
 Metaspace       used 24516K, capacity 24781K, committed 25088K, reserved 1071104K
  class space    used 2394K, capacity 2483K, committed 2560K, reserved 1048576K

Card table byte_map: [0x0000000112d61000,0x0000000113162000] byte_map_base: 0x000000010f361000

Marking Bits: (ParMarkBitMap*) 0x00000001032efd20
 Begin Bits: [0x000000011340d000, 0x000000011540d000)
 End Bits:   [0x000000011540d000, 0x000000011740d000)

Polling page: 0x000000010212a000

CodeCache: size=245760Kb used=10039Kb max_used=10274Kb free=235720Kb
 bounds [0x00000001039a1000, 0x00000001043c1000, 0x00000001129a1000]
 total_blobs=3909 nmethods=2979 adapters=843
 compilation: enabled

Compilation events (10 events):
Event: 33.571 Thread 0x00007fa578823800 3492  s!   4       sun.misc.URLClassPath::getLoader (197 bytes)
Event: 33.573 Thread 0x00007fa578824800 3493   !   3       sun.misc.URLClassPath$JarLoader::getResource (349 bytes)
Event: 33.577 Thread 0x00007fa578824800 nmethod 3493 0x000000010410a1d0 code [0x000000010410a640, 0x000000010410cb98]
Event: 33.577 Thread 0x00007fa578824800 3494       3       sun.misc.JarIndex::get (49 bytes)
Event: 33.577 Thread 0x00007fa578824800 nmethod 3494 0x0000000103fbc990 code [0x0000000103fbcb60, 0x0000000103fbd3d8]
Event: 33.579 Thread 0x00007fa578823800 nmethod 3492 0x0000000103e75250 code [0x0000000103e753c0, 0x0000000103e75b98]
Event: 33.582 Thread 0x00007fa578822000 3495  s    4       sun.misc.URLClassPath::getNextLoader (88 bytes)
Event: 33.587 Thread 0x00007fa578824800 3496       3       java.awt.Component::dispatchEvent (6 bytes)
Event: 33.587 Thread 0x00007fa578824800 nmethod 3496 0x00000001040f42d0 code [0x00000001040f4440, 0x00000001040f4648]
Event: 33.588 Thread 0x00007fa578822000 nmethod 3495 0x00000001042db550 code [0x00000001042db6c0, 0x00000001042dbe38]

GC Heap History (10 events):
Event: 15.962 GC heap before
{Heap before GC invocations=7 (full 1):
 PSYoungGen      total 50176K, used 50112K [0x0000000795580000, 0x000000079a480000, 0x00000007c0000000)
  eden space 45056K, 100% used [0x0000000795580000,0x0000000798180000,0x0000000798180000)
  from space 5120K, 98% used [0x0000000798180000,0x0000000798670180,0x0000000798680000)
  to   space 12800K, 0% used [0x0000000799800000,0x0000000799800000,0x000000079a480000)
 ParOldGen       total 70144K, used 21950K [0x0000000740000000, 0x0000000744480000, 0x0000000795580000)
  object space 70144K, 31% used [0x0000000740000000,0x000000074156fb38,0x0000000744480000)
 Metaspace       used 24142K, capacity 24397K, committed 24832K, reserved 1071104K
  class space    used 2370K, capacity 2483K, committed 2560K, reserved 1048576K
Event: 15.968 GC heap after
Heap after GC invocations=7 (full 1):
 PSYoungGen      total 67072K, used 10176K [0x0000000795580000, 0x000000079a780000, 0x00000007c0000000)
  eden space 54272K, 0% used [0x0000000795580000,0x0000000795580000,0x0000000798a80000)
  from space 12800K, 79% used [0x0000000799800000,0x000000079a1f02a0,0x000000079a480000)
  to   space 13824K, 0% used [0x0000000798a80000,0x0000000798a80000,0x0000000799800000)
 ParOldGen       total 70144K, used 21958K [0x0000000740000000, 0x0000000744480000, 0x0000000795580000)
  object space 70144K, 31% used [0x0000000740000000,0x0000000741571b38,0x0000000744480000)
 Metaspace       used 24142K, capacity 24397K, committed 24832K, reserved 1071104K
  class space    used 2370K, capacity 2483K, committed 2560K, reserved 1048576K
}
Event: 17.297 GC heap before
{Heap before GC invocations=8 (full 1):
 PSYoungGen      total 67072K, used 64360K [0x0000000795580000, 0x000000079a780000, 0x00000007c0000000)
  eden space 54272K, 99% used [0x0000000795580000,0x0000000798a69e10,0x0000000798a80000)
  from space 12800K, 79% used [0x0000000799800000,0x000000079a1f02a0,0x000000079a480000)
  to   space 13824K, 0% used [0x0000000798a80000,0x0000000798a80000,0x0000000799800000)
 ParOldGen       total 70144K, used 22214K [0x0000000740000000, 0x0000000744480000, 0x0000000795580000)
  object space 70144K, 31% used [0x0000000740000000,0x00000007415b1b48,0x0000000744480000)
 Metaspace       used 24223K, capacity 24461K, committed 24832K, reserved 1071104K
  class space    used 2373K, capacity 2483K, committed 2560K, reserved 1048576K
Event: 17.309 GC heap after
Heap after GC invocations=8 (full 1):
 PSYoungGen      total 68096K, used 13699K [0x0000000795580000, 0x000000079ba00000, 0x00000007c0000000)
  eden space 54272K, 0% used [0x0000000795580000,0x0000000795580000,0x0000000798a80000)
  from space 13824K, 99% used [0x0000000798a80000,0x00000007997e0f40,0x0000000799800000)
  to   space 15872K, 0% used [0x000000079aa80000,0x000000079aa80000,0x000000079ba00000)
 ParOldGen       total 70144K, used 26567K [0x0000000740000000, 0x0000000744480000, 0x0000000795580000)
  object space 70144K, 37% used [0x0000000740000000,0x00000007419f1c58,0x0000000744480000)
 Metaspace       used 24223K, capacity 24461K, committed 24832K, reserved 1071104K
  class space    used 2373K, capacity 2483K, committed 2560K, reserved 1048576K
}
Event: 18.628 GC heap before
{Heap before GC invocations=9 (full 1):
 PSYoungGen      total 68096K, used 67971K [0x0000000795580000, 0x000000079ba00000, 0x00000007c0000000)
  eden space 54272K, 100% used [0x0000000795580000,0x0000000798a80000,0x0000000798a80000)
  from space 13824K, 99% used [0x0000000798a80000,0x00000007997e0f40,0x0000000799800000)
  to   space 15872K, 0% used [0x000000079aa80000,0x000000079aa80000,0x000000079ba00000)
 ParOldGen       total 70144K, used 27081K [0x0000000740000000, 0x0000000744480000, 0x0000000795580000)
  object space 70144K, 38% used [0x0000000740000000,0x0000000741a72448,0x0000000744480000)
 Metaspace       used 24299K, capacity 24525K, committed 24832K, reserved 1071104K
  class space    used 2373K, capacity 2483K, committed 2560K, reserved 1048576K
Event: 18.638 GC heap after
Heap after GC invocations=9 (full 1):
 PSYoungGen      total 84480K, used 15649K [0x0000000795580000, 0x000000079c000000, 0x00000007c0000000)
  eden space 68608K, 0% used [0x0000000795580000,0x0000000795580000,0x0000000799880000)
  from space 15872K, 98% used [0x000000079aa80000,0x000000079b9c8410,0x000000079ba00000)
  to   space 18432K, 0% used [0x0000000799880000,0x0000000799880000,0x000000079aa80000)
 ParOldGen       total 70144K, used 30929K [0x0000000740000000, 0x0000000744480000, 0x0000000795580000)
  object space 70144K, 44% used [0x0000000740000000,0x0000000741e34538,0x0000000744480000)
 Metaspace       used 24299K, capacity 24525K, committed 24832K, reserved 1071104K
  class space    used 2373K, capacity 2483K, committed 2560K, reserved 1048576K
}
Event: 20.965 GC heap before
{Heap before GC invocations=10 (full 1):
 PSYoungGen      total 84480K, used 84090K [0x0000000795580000, 0x000000079c000000, 0x00000007c0000000)
  eden space 68608K, 99% used [0x0000000795580000,0x0000000799856760,0x0000000799880000)
  from space 15872K, 98% used [0x000000079aa80000,0x000000079b9c8410,0x000000079ba00000)
  to   space 18432K, 0% used [0x0000000799880000,0x0000000799880000,0x000000079aa80000)
 ParOldGen       total 70144K, used 30929K [0x0000000740000000, 0x0000000744480000, 0x0000000795580000)
  object space 70144K, 44% used [0x0000000740000000,0x0000000741e34538,0x0000000744480000)
 Metaspace       used 24383K, capacity 24653K, committed 25088K, reserved 1071104K
  class space    used 2373K, capacity 2483K, committed 2560K, reserved 1048576K
Event: 20.977 GC heap after
Heap after GC invocations=10 (full 1):
 PSYoungGen      total 87040K, used 18401K [0x0000000795580000, 0x000000079cf00000, 0x00000007c0000000)
  eden space 68608K, 0% used [0x0000000795580000,0x0000000795580000,0x0000000799880000)
  from space 18432K, 99% used [0x0000000799880000,0x000000079aa784f0,0x000000079aa80000)
  to   space 20992K, 0% used [0x000000079ba80000,0x000000079ba80000,0x000000079cf00000)
 ParOldGen       total 70144K, used 37073K [0x0000000740000000, 0x0000000744480000, 0x0000000795580000)
  object space 70144K, 52% used [0x0000000740000000,0x00000007424346b8,0x0000000744480000)
 Metaspace       used 24383K, capacity 24653K, committed 25088K, reserved 1071104K
  class space    used 2373K, capacity 2483K, committed 2560K, reserved 1048576K
}
Event: 26.233 GC heap before
{Heap before GC invocations=11 (full 1):
 PSYoungGen      total 87040K, used 87009K [0x0000000795580000, 0x000000079cf00000, 0x00000007c0000000)
  eden space 68608K, 100% used [0x0000000795580000,0x0000000799880000,0x0000000799880000)
  from space 18432K, 99% used [0x0000000799880000,0x000000079aa784f0,0x000000079aa80000)
  to   space 20992K, 0% used [0x000000079ba80000,0x000000079ba80000,0x000000079cf00000)
 ParOldGen       total 70144K, used 37073K [0x0000000740000000, 0x0000000744480000, 0x0000000795580000)
  object space 70144K, 52% used [0x0000000740000000,0x00000007424346b8,0x0000000744480000)
 Metaspace       used 24463K, capacity 24717K, committed 25088K, reserved 1071104K
  class space    used 2387K, capacity 2483K, committed 2560K, reserved 1048576K
Event: 26.248 GC heap after
Heap after GC invocations=11 (full 1):
 PSYoungGen      total 100352K, used 20865K [0x0000000795580000, 0x000000079d400000, 0x00000007c0000000)
  eden space 79360K, 0% used [0x0000000795580000,0x0000000795580000,0x000000079a300000)
  from space 20992K, 99% used [0x000000079ba80000,0x000000079cee0530,0x000000079cf00000)
  to   space 24064K, 0% used [0x000000079a300000,0x000000079a300000,0x000000079ba80000)
 ParOldGen       total 70144K, used 40145K [0x0000000740000000, 0x0000000744480000, 0x0000000795580000)
  object space 70144K, 57% used [0x0000000740000000,0x0000000742734778,0x0000000744480000)
 Metaspace       used 24463K, capacity 24717K, committed 25088K, reserved 1071104K
  class space    used 2387K, capacity 2483K, committed 2560K, reserved 1048576K
}

Deoptimization events (10 events):
Event: 25.436 Thread 0x00007fa579934000 Uncommon trap: reason=class_check action=maybe_recompile pc=0x0000000103da2db0 method=java.util.HashMap.putVal(ILjava/lang/Object;Ljava/lang/Object;ZZ)Ljava/lang/Object; @ 91
Event: 33.501 Thread 0x00007fa5793f7800 Uncommon trap: reason=class_check action=maybe_recompile pc=0x00000001043b4234 method=java.awt.EventQueue.coalesceEvent(Ljava/awt/AWTEvent;I)Z @ 32
Event: 33.519 Thread 0x00007fa579230000 Uncommon trap: reason=unstable_if action=reinterpret pc=0x00000001043b3d6c method=java.awt.EventQueue.getPriority(Ljava/awt/AWTEvent;)I @ 71
Event: 33.519 Thread 0x00007fa5793f7800 Uncommon trap: reason=unstable_if action=reinterpret pc=0x0000000103b54ca8 method=com.jogamp.common.util.VersionNumber.compareTo(Lcom/jogamp/common/util/VersionNumber;)I @ 21
Event: 33.522 Thread 0x00007fa579230000 Uncommon trap: reason=unstable_if action=reinterpret pc=0x0000000103ac28f8 method=java.awt.font.FontRenderContext.equals(Ljava/awt/font/FontRenderContext;)Z @ 2
Event: 33.523 Thread 0x00007fa579230000 Uncommon trap: reason=unstable_if action=reinterpret pc=0x0000000103feb454 method=java.awt.Font.equals(Ljava/lang/Object;)Z @ 2
Event: 33.568 Thread 0x00007fa57a132000 Uncommon trap: reason=class_check action=maybe_recompile pc=0x0000000103dd8d20 method=java.util.HashMap.putVal(ILjava/lang/Object;Ljava/lang/Object;ZZ)Ljava/lang/Object; @ 91
Event: 33.568 Thread 0x00007fa57a132000 Uncommon trap: reason=class_check action=maybe_recompile pc=0x0000000103dd8d20 method=java.util.HashMap.putVal(ILjava/lang/Object;Ljava/lang/Object;ZZ)Ljava/lang/Object; @ 91
Event: 33.568 Thread 0x00007fa57a132000 Uncommon trap: reason=class_check action=maybe_recompile pc=0x0000000103da2db0 method=java.util.HashMap.putVal(ILjava/lang/Object;Ljava/lang/Object;ZZ)Ljava/lang/Object; @ 91
Event: 33.585 Thread 0x00007fa5793f7800 Uncommon trap: reason=unstable_if action=reinterpret pc=0x000000010422374c method=java.security.AccessControlContext.optimize()Ljava/security/AccessControlContext; @ 233

Internal exceptions (10 events):
Event: 0.453 Thread 0x00007fa579003800 Exception <a 'java/io/FileNotFoundException'> (0x000000079599e2c0) thrown at [/Users/java_re/workspace/8-2-build-macosx-x86_64/jdk8u111/7883/hotspot/src/share/vm/prims/jni.cpp, line 709]
Event: 1.709 Thread 0x00007fa57a0ed800 Exception <a 'java/lang/UnsatisfiedLinkError': com.jogamp.common.util.JarUtil.fixNativeLibAttribs(Ljava/lang/String;)Z> (0x0000000796ba29f8) thrown at [/Users/java_re/workspace/8-2-build-macosx-x86_64/jdk8u111/7883/hotspot/src/share/vm/prims/nativeLookup.
Event: 1.962 Thread 0x00007fa579830800 Exception <a 'java/lang/NullPointerException'> (0x00000007956a5608) thrown at [/Users/java_re/workspace/8-2-build-macosx-x86_64/jdk8u111/7883/hotspot/src/share/vm/interpreter/linkResolver.cpp, line 1178]
Event: 2.547 Thread 0x00007fa5793f7800 Exception <a 'java/io/FileNotFoundException'> (0x000000079605f0b0) thrown at [/Users/java_re/workspace/8-2-build-macosx-x86_64/jdk8u111/7883/hotspot/src/share/vm/prims/jni.cpp, line 709]
Event: 2.547 Thread 0x00007fa5793f7800 Exception <a 'java/io/FileNotFoundException'> (0x0000000796066838) thrown at [/Users/java_re/workspace/8-2-build-macosx-x86_64/jdk8u111/7883/hotspot/src/share/vm/prims/jni.cpp, line 709]
Event: 2.547 Thread 0x00007fa5793f7800 Implicit null exception at 0x0000000103b4bfb4 to 0x0000000103b4c3b5
Event: 16.450 Thread 0x00007fa57a23a800 Exception <a 'java/security/PrivilegedActionException'> (0x0000000796c549c0) thrown at [/Users/java_re/workspace/8-2-build-macosx-x86_64/jdk8u111/7883/hotspot/src/share/vm/prims/jvm.cpp, line 1386]
Event: 17.330 Thread 0x00007fa578afb800 Exception <a 'java/net/SocketException': Socket closed> (0x000000079579ba48) thrown at [/Users/java_re/workspace/8-2-build-macosx-x86_64/jdk8u111/7883/hotspot/src/share/vm/prims/jni.cpp, line 735]
Event: 17.331 Thread 0x00007fa578afb800 Exception <a 'java/net/SocketException': Socket closed> (0x000000079579bf20) thrown at [/Users/java_re/workspace/8-2-build-macosx-x86_64/jdk8u111/7883/hotspot/src/share/vm/prims/jni.cpp, line 735]
Event: 17.331 Thread 0x00007fa578afb800 Exception <a 'java/net/SocketException': Socket closed> (0x000000079579c378) thrown at [/Users/java_re/workspace/8-2-build-macosx-x86_64/jdk8u111/7883/hotspot/src/share/vm/prims/jni.cpp, line 735]

Events (10 events):
Event: 33.585 loading class java/awt/LightweightDispatcher$2 done
Event: 33.585 loading class java/awt/event/AWTEventListenerProxy
Event: 33.585 loading class java/awt/event/AWTEventListenerProxy done
Event: 33.585 Executing VM operation: Deoptimize
Event: 33.586 Executing VM operation: Deoptimize done
Event: 33.586 loading class java/awt/Toolkit$ToolkitEventMulticaster
Event: 33.586 loading class java/awt/Toolkit$ToolkitEventMulticaster done
Event: 33.587 Thread 0x00007fa57a132000 Thread exited: 0x00007fa57a132000
Event: 33.587 loading class java/awt/Window$1DisposeAction
Event: 33.587 loading class java/awt/Window$1DisposeAction done


Dynamic libraries:
0x000000000ad86000 	/System/Library/Frameworks/Cocoa.framework/Versions/A/Cocoa
0x000000000ad86000 	/System/Library/Frameworks/Security.framework/Versions/A/Security
0x000000000ad86000 	/System/Library/Frameworks/ApplicationServices.framework/Versions/A/ApplicationServices
0x000000000ad86000 	/usr/lib/libz.1.dylib
0x000000000ad86000 	/usr/lib/libSystem.B.dylib
0x000000000ad86000 	/usr/lib/libobjc.A.dylib
0x000000000ad86000 	/System/Library/Frameworks/CoreFoundation.framework/Versions/A/CoreFoundation
0x000000000ad86000 	/System/Library/Frameworks/Foundation.framework/Versions/C/Foundation
0x000000000ad86000 	/System/Library/Frameworks/AppKit.framework/Versions/C/AppKit
0x000000000ad86000 	/System/Library/Frameworks/CoreData.framework/Versions/A/CoreData
0x000000000ad86000 	/System/Library/PrivateFrameworks/RemoteViewServices.framework/Versions/A/RemoteViewServices
0x000000000ad86000 	/System/Library/PrivateFrameworks/UIFoundation.framework/Versions/A/UIFoundation
0x000000000ad86000 	/usr/lib/libScreenReader.dylib
0x000000000ad86000 	/System/Library/Frameworks/Accelerate.framework/Versions/A/Accelerate
0x000000000ad86000 	/System/Library/Frameworks/IOSurface.framework/Versions/A/IOSurface
0x000000000ad86000 	/System/Library/Frameworks/AudioToolbox.framework/Versions/A/AudioToolbox
0x000000000ad86000 	/System/Library/Frameworks/AudioUnit.framework/Versions/A/AudioUnit
0x000000000ad86000 	/System/Library/PrivateFrameworks/DataDetectorsCore.framework/Versions/A/DataDetectorsCore
0x000000000ad86000 	/System/Library/PrivateFrameworks/DesktopServicesPriv.framework/Versions/A/DesktopServicesPriv
0x000000000ad86000 	/System/Library/Frameworks/Carbon.framework/Versions/A/Frameworks/HIToolbox.framework/Versions/A/HIToolbox
0x000000000ad86000 	/System/Library/Frameworks/QuartzCore.framework/Versions/A/QuartzCore
0x000000000ad86000 	/System/Library/Frameworks/Carbon.framework/Versions/A/Frameworks/SpeechRecognition.framework/Versions/A/SpeechRecognition
0x000000000ad86000 	/usr/lib/libauto.dylib
0x000000000ad86000 	/usr/lib/libicucore.A.dylib
0x000000000ad86000 	/usr/lib/libxml2.2.dylib
0x000000000ad86000 	/System/Library/PrivateFrameworks/CoreUI.framework/Versions/A/CoreUI
0x000000000ad86000 	/System/Library/Frameworks/CoreAudio.framework/Versions/A/CoreAudio
0x000000000ad86000 	/System/Library/Frameworks/DiskArbitration.framework/Versions/A/DiskArbitration
0x000000000ad86000 	/usr/lib/liblangid.dylib
0x000000000ad86000 	/System/Library/PrivateFrameworks/MultitouchSupport.framework/Versions/A/MultitouchSupport
0x000000000ad86000 	/System/Library/Frameworks/IOKit.framework/Versions/A/IOKit
0x000000000ad86000 	/usr/lib/libDiagnosticMessagesClient.dylib
0x000000000ad86000 	/System/Library/Frameworks/CoreServices.framework/Versions/A/CoreServices
0x000000000ad86000 	/System/Library/PrivateFrameworks/PerformanceAnalysis.framework/Versions/A/PerformanceAnalysis
0x000000000ad86000 	/System/Library/PrivateFrameworks/GenerationalStorage.framework/Versions/A/GenerationalStorage
0x000000000ad86000 	/System/Library/Frameworks/OpenGL.framework/Versions/A/OpenGL
0x000000000ad86000 	/System/Library/PrivateFrameworks/Sharing.framework/Versions/A/Sharing
0x000000000ad86000 	/System/Library/Frameworks/CoreGraphics.framework/Versions/A/CoreGraphics
0x000000000ad86000 	/System/Library/Frameworks/CoreImage.framework/Versions/A/CoreImage
0x000000000ad86000 	/System/Library/Frameworks/CoreText.framework/Versions/A/CoreText
0x000000000ad86000 	/System/Library/Frameworks/ImageIO.framework/Versions/A/ImageIO
0x000000000ad86000 	/System/Library/PrivateFrameworks/Backup.framework/Versions/A/Backup
0x000000000ad86000 	/usr/lib/libextension.dylib
0x000000000ad86000 	/usr/lib/libarchive.2.dylib
0x000000000ad86000 	/System/Library/Frameworks/CFNetwork.framework/Versions/A/CFNetwork
0x000000000ad86000 	/System/Library/Frameworks/SystemConfiguration.framework/Versions/A/SystemConfiguration
0x000000000ad86000 	/usr/lib/libCRFSuite.dylib
0x000000000ad86000 	/usr/lib/libc++.1.dylib
0x000000000ad86000 	/usr/lib/libc++abi.dylib
0x000000000ad86000 	/usr/lib/system/libcache.dylib
0x000000000ad86000 	/usr/lib/system/libcommonCrypto.dylib
0x000000000ad86000 	/usr/lib/system/libcompiler_rt.dylib
0x000000000ad86000 	/usr/lib/system/libcopyfile.dylib
0x000000000ad86000 	/usr/lib/system/libcorecrypto.dylib
0x000000000ad86000 	/usr/lib/system/libdispatch.dylib
0x000000000ad86000 	/usr/lib/system/libdyld.dylib
0x000000000ad86000 	/usr/lib/system/libkeymgr.dylib
0x000000000ad86000 	/usr/lib/system/liblaunch.dylib
0x000000000ad86000 	/usr/lib/system/libmacho.dylib
0x000000000ad86000 	/usr/lib/system/libquarantine.dylib
0x000000000ad86000 	/usr/lib/system/libremovefile.dylib
0x000000000ad86000 	/usr/lib/system/libsystem_asl.dylib
0x000000000ad86000 	/usr/lib/system/libsystem_blocks.dylib
0x000000000ad86000 	/usr/lib/system/libsystem_c.dylib
0x000000000ad86000 	/usr/lib/system/libsystem_configuration.dylib
0x000000000ad86000 	/usr/lib/system/libsystem_coreservices.dylib
0x000000000ad86000 	/usr/lib/system/libsystem_coretls.dylib
0x000000000ad86000 	/usr/lib/system/libsystem_dnssd.dylib
0x000000000ad86000 	/usr/lib/system/libsystem_info.dylib
0x000000000ad86000 	/usr/lib/system/libsystem_kernel.dylib
0x000000000ad86000 	/usr/lib/system/libsystem_m.dylib
0x000000000ad86000 	/usr/lib/system/libsystem_malloc.dylib
0x000000000ad86000 	/usr/lib/system/libsystem_network.dylib
0x000000000ad86000 	/usr/lib/system/libsystem_networkextension.dylib
0x000000000ad86000 	/usr/lib/system/libsystem_notify.dylib
0x000000000ad86000 	/usr/lib/system/libsystem_platform.dylib
0x000000000ad86000 	/usr/lib/system/libsystem_pthread.dylib
0x000000000ad86000 	/usr/lib/system/libsystem_sandbox.dylib
0x000000000ad86000 	/usr/lib/system/libsystem_secinit.dylib
0x000000000ad86000 	/usr/lib/system/libsystem_trace.dylib
0x000000000ad86000 	/usr/lib/system/libunc.dylib
0x000000000ad86000 	/usr/lib/system/libunwind.dylib
0x000000000ad86000 	/usr/lib/system/libxpc.dylib
0x000000000ad86000 	/usr/lib/libenergytrace.dylib
0x000000000ad86000 	/usr/lib/libbsm.0.dylib
0x000000000ad86000 	/usr/lib/system/libkxld.dylib
0x000000000ad86000 	/usr/lib/libxar.1.dylib
0x000000000ad86000 	/usr/lib/libsqlite3.dylib
0x000000000ad86000 	/usr/lib/libpam.2.dylib
0x000000000ad86000 	/usr/lib/libOpenScriptingUtil.dylib
0x000000000ad86000 	/usr/lib/libbz2.1.0.dylib
0x000000000ad86000 	/usr/lib/liblzma.5.dylib
0x000000000ad86000 	/System/Library/Frameworks/CoreServices.framework/Versions/A/Frameworks/FSEvents.framework/Versions/A/FSEvents
0x000000000ad86000 	/System/Library/Frameworks/CoreServices.framework/Versions/A/Frameworks/CarbonCore.framework/Versions/A/CarbonCore
0x000000000ad86000 	/System/Library/Frameworks/CoreServices.framework/Versions/A/Frameworks/Metadata.framework/Versions/A/Metadata
0x000000000ad86000 	/System/Library/Frameworks/CoreServices.framework/Versions/A/Frameworks/OSServices.framework/Versions/A/OSServices
0x000000000ad86000 	/System/Library/Frameworks/CoreServices.framework/Versions/A/Frameworks/SearchKit.framework/Versions/A/SearchKit
0x000000000ad86000 	/System/Library/Frameworks/CoreServices.framework/Versions/A/Frameworks/AE.framework/Versions/A/AE
0x000000000ad86000 	/System/Library/Frameworks/CoreServices.framework/Versions/A/Frameworks/LaunchServices.framework/Versions/A/LaunchServices
0x000000000ad86000 	/System/Library/Frameworks/CoreServices.framework/Versions/A/Frameworks/DictionaryServices.framework/Versions/A/DictionaryServices
0x000000000ad86000 	/System/Library/Frameworks/CoreServices.framework/Versions/A/Frameworks/SharedFileList.framework/Versions/A/SharedFileList
0x000000000ad86000 	/System/Library/Frameworks/NetFS.framework/Versions/A/NetFS
0x000000000ad86000 	/System/Library/PrivateFrameworks/NetAuth.framework/Versions/A/NetAuth
0x000000000ad86000 	/System/Library/PrivateFrameworks/login.framework/Versions/A/Frameworks/loginsupport.framework/Versions/A/loginsupport
0x000000000ad86000 	/System/Library/PrivateFrameworks/TCC.framework/Versions/A/TCC
0x000000000ad86000 	/usr/lib/libmecabra.dylib
0x000000000ad86000 	/System/Library/Frameworks/ApplicationServices.framework/Versions/A/Frameworks/ATS.framework/Versions/A/ATS
0x000000000ad86000 	/System/Library/Frameworks/ApplicationServices.framework/Versions/A/Frameworks/ColorSync.framework/Versions/A/ColorSync
0x000000000ad86000 	/System/Library/Frameworks/ApplicationServices.framework/Versions/A/Frameworks/HIServices.framework/Versions/A/HIServices
0x000000000ad86000 	/System/Library/Frameworks/ApplicationServices.framework/Versions/A/Frameworks/LangAnalysis.framework/Versions/A/LangAnalysis
0x000000000ad86000 	/System/Library/Frameworks/ApplicationServices.framework/Versions/A/Frameworks/PrintCore.framework/Versions/A/PrintCore
0x000000000ad86000 	/System/Library/Frameworks/ApplicationServices.framework/Versions/A/Frameworks/QD.framework/Versions/A/QD
0x000000000ad86000 	/System/Library/Frameworks/ApplicationServices.framework/Versions/A/Frameworks/SpeechSynthesis.framework/Versions/A/SpeechSynthesis
0x000000000ad86000 	/System/Library/Frameworks/Metal.framework/Versions/A/Metal
0x000000000ad86000 	/System/Library/Frameworks/Accelerate.framework/Versions/A/Frameworks/vImage.framework/Versions/A/vImage
0x000000000ad86000 	/System/Library/Frameworks/Accelerate.framework/Versions/A/Frameworks/vecLib.framework/Versions/A/vecLib
0x000000000ad86000 	/System/Library/Frameworks/Accelerate.framework/Versions/A/Frameworks/vecLib.framework/Versions/A/libvDSP.dylib
0x000000000ad86000 	/System/Library/Frameworks/Accelerate.framework/Versions/A/Frameworks/vecLib.framework/Versions/A/libvMisc.dylib
0x000000000ad86000 	/System/Library/Frameworks/Accelerate.framework/Versions/A/Frameworks/vecLib.framework/Versions/A/libLAPACK.dylib
0x000000000ad86000 	/System/Library/Frameworks/Accelerate.framework/Versions/A/Frameworks/vecLib.framework/Versions/A/libBLAS.dylib
0x000000000ad86000 	/System/Library/Frameworks/Accelerate.framework/Versions/A/Frameworks/vecLib.framework/Versions/A/libLinearAlgebra.dylib
0x000000000ad86000 	/System/Library/Frameworks/Accelerate.framework/Versions/A/Frameworks/vecLib.framework/Versions/A/libSparseBLAS.dylib
0x000000000ad86000 	/System/Library/PrivateFrameworks/GPUCompiler.framework/libmetal_timestamp.dylib
0x000000000ad86000 	/System/Library/Frameworks/OpenGL.framework/Versions/A/Libraries/libCoreFSCache.dylib
0x000000000ad86000 	/System/Library/PrivateFrameworks/IOAccelerator.framework/Versions/A/IOAccelerator
0x000000000ad86000 	/System/Library/Frameworks/ApplicationServices.framework/Versions/A/Frameworks/ATS.framework/Versions/A/Resources/libFontParser.dylib
0x000000000ad86000 	/System/Library/Frameworks/ApplicationServices.framework/Versions/A/Frameworks/ATS.framework/Versions/A/Resources/libFontRegistry.dylib
0x000000000ad86000 	/System/Library/PrivateFrameworks/AppleVPA.framework/Versions/A/AppleVPA
0x000000000ad86000 	/System/Library/PrivateFrameworks/AppleJPEG.framework/Versions/A/AppleJPEG
0x000000000ad86000 	/System/Library/Frameworks/ImageIO.framework/Versions/A/Resources/libJPEG.dylib
0x000000000ad86000 	/System/Library/Frameworks/ImageIO.framework/Versions/A/Resources/libTIFF.dylib
0x000000000ad86000 	/System/Library/Frameworks/ImageIO.framework/Versions/A/Resources/libPng.dylib
0x000000000ad86000 	/System/Library/Frameworks/ImageIO.framework/Versions/A/Resources/libGIF.dylib
0x000000000ad86000 	/System/Library/Frameworks/ImageIO.framework/Versions/A/Resources/libJP2.dylib
0x000000000ad86000 	/System/Library/Frameworks/ImageIO.framework/Versions/A/Resources/libRadiance.dylib
0x000000000ad86000 	/System/Library/Frameworks/CoreVideo.framework/Versions/A/CoreVideo
0x000000000ad86000 	/System/Library/Frameworks/OpenGL.framework/Versions/A/Libraries/libGLU.dylib
0x000000000ad86000 	/System/Library/Frameworks/OpenGL.framework/Versions/A/Libraries/libGFXShared.dylib
0x000000000ad86000 	/System/Library/Frameworks/OpenGL.framework/Versions/A/Libraries/libGL.dylib
0x000000000ad86000 	/System/Library/Frameworks/OpenGL.framework/Versions/A/Libraries/libGLImage.dylib
0x000000000ad86000 	/System/Library/Frameworks/OpenGL.framework/Versions/A/Libraries/libCVMSPluginSupport.dylib
0x000000000ad86000 	/System/Library/Frameworks/OpenGL.framework/Versions/A/Libraries/libCoreVMClient.dylib
0x000000000ad86000 	/usr/lib/libcompression.dylib
0x000000000ad86000 	/usr/lib/libcups.2.dylib
0x000000000ad86000 	/System/Library/Frameworks/Kerberos.framework/Versions/A/Kerberos
0x000000000ad86000 	/System/Library/Frameworks/GSS.framework/Versions/A/GSS
0x000000000ad86000 	/usr/lib/libresolv.9.dylib
0x000000000ad86000 	/usr/lib/libiconv.2.dylib
0x000000000ad86000 	/System/Library/PrivateFrameworks/Heimdal.framework/Versions/A/Heimdal
0x000000000ad86000 	/usr/lib/libheimdal-asn1.dylib
0x000000000ad86000 	/System/Library/Frameworks/OpenDirectory.framework/Versions/A/OpenDirectory
0x000000000ad86000 	/System/Library/PrivateFrameworks/CommonAuth.framework/Versions/A/CommonAuth
0x000000000ad86000 	/System/Library/Frameworks/OpenDirectory.framework/Versions/A/Frameworks/CFOpenDirectory.framework/Versions/A/CFOpenDirectory
0x000000000ad86000 	/System/Library/Frameworks/SecurityFoundation.framework/Versions/A/SecurityFoundation
0x000000000ad86000 	/System/Library/PrivateFrameworks/LanguageModeling.framework/Versions/A/LanguageModeling
0x000000000ad86000 	/usr/lib/libmarisa.dylib
0x000000000ad86000 	/usr/lib/libChineseTokenizer.dylib
0x000000000ad86000 	/usr/lib/libcmph.dylib
0x000000000ad86000 	/System/Library/Frameworks/ServiceManagement.framework/Versions/A/ServiceManagement
0x000000000ad86000 	/usr/lib/libxslt.1.dylib
0x000000000ad86000 	/System/Library/Frameworks/Carbon.framework/Versions/A/Frameworks/Ink.framework/Versions/A/Ink
0x000000000ad86000 	/usr/lib/libFosl_dynamic.dylib
0x000000000ad86000 	/System/Library/PrivateFrameworks/FaceCore.framework/Versions/A/FaceCore
0x000000000ad86000 	/System/Library/Frameworks/OpenCL.framework/Versions/A/OpenCL
0x000000000ad86000 	/System/Library/PrivateFrameworks/CrashReporterSupport.framework/Versions/A/CrashReporterSupport
0x000000000ad86000 	/System/Library/PrivateFrameworks/IconServices.framework/Versions/A/IconServices
0x000000000ad86000 	/System/Library/PrivateFrameworks/Apple80211.framework/Versions/A/Apple80211
0x000000000ad86000 	/System/Library/Frameworks/CoreWLAN.framework/Versions/A/CoreWLAN
0x000000000ad86000 	/System/Library/Frameworks/IOBluetooth.framework/Versions/A/IOBluetooth
0x000000000ad86000 	/System/Library/PrivateFrameworks/CoreWiFi.framework/Versions/A/CoreWiFi
0x000000000ad86000 	/System/Library/Frameworks/CoreBluetooth.framework/Versions/A/CoreBluetooth
0x000000000ad86000 	/System/Library/PrivateFrameworks/ChunkingLibrary.framework/Versions/A/ChunkingLibrary
0x000000000ad86000 	/System/Library/PrivateFrameworks/DebugSymbols.framework/Versions/A/DebugSymbols
0x000000000ad86000 	/System/Library/PrivateFrameworks/CoreSymbolication.framework/Versions/A/CoreSymbolication
0x000000000ad86000 	/System/Library/PrivateFrameworks/Symbolication.framework/Versions/A/Symbolication
0x000000000ad86000 	/System/Library/PrivateFrameworks/SpeechRecognitionCore.framework/Versions/A/SpeechRecognitionCore
0x0000000102a00000 	/Library/Java/JavaVirtualMachines/jdk1.8.0_111.jdk/Contents/Home/jre/lib/server/libjvm.dylib
0x000000000ad86000 	/usr/lib/libstdc++.6.dylib
0x00000001020e7000 	/Library/Java/JavaVirtualMachines/jdk1.8.0_111.jdk/Contents/Home/jre/lib/libverify.dylib
0x00000001020f5000 	/Library/Java/JavaVirtualMachines/jdk1.8.0_111.jdk/Contents/Home/jre/lib/libjava.dylib
0x0000000102134000 	/Library/Java/JavaVirtualMachines/jdk1.8.0_111.jdk/Contents/Home/jre/lib/libzip.dylib
0x0000000119259000 	/System/Library/Frameworks/JavaVM.framework/Frameworks/JavaRuntimeSupport.framework/JavaRuntimeSupport
0x00000001021e9000 	/System/Library/Frameworks/JavaVM.framework/Versions/A/Frameworks/JavaNativeFoundation.framework/Versions/A/JavaNativeFoundation
0x0000000119274000 	/System/Library/Frameworks/JavaVM.framework/Versions/A/JavaVM
0x000000000ad86000 	/System/Library/Frameworks/Carbon.framework/Versions/A/Carbon
0x0000000119281000 	/System/Library/PrivateFrameworks/JavaLaunching.framework/Versions/A/JavaLaunching
0x000000000ad86000 	/System/Library/Frameworks/Carbon.framework/Versions/A/Frameworks/CommonPanels.framework/Versions/A/CommonPanels
0x000000000ad86000 	/System/Library/Frameworks/Carbon.framework/Versions/A/Frameworks/Help.framework/Versions/A/Help
0x000000000ad86000 	/System/Library/Frameworks/Carbon.framework/Versions/A/Frameworks/ImageCapture.framework/Versions/A/ImageCapture
0x000000000ad86000 	/System/Library/Frameworks/Carbon.framework/Versions/A/Frameworks/OpenScripting.framework/Versions/A/OpenScripting
0x000000000ad86000 	/System/Library/Frameworks/Carbon.framework/Versions/A/Frameworks/Print.framework/Versions/A/Print
0x000000000ad86000 	/System/Library/Frameworks/Carbon.framework/Versions/A/Frameworks/SecurityHI.framework/Versions/A/SecurityHI
0x000000011abde000 	/Library/Java/JavaVirtualMachines/jdk1.8.0_111.jdk/Contents/Home/jre/lib/libawt.dylib
0x000000011ac86000 	/Library/Java/JavaVirtualMachines/jdk1.8.0_111.jdk/Contents/Home/jre/lib/./libmlib_image.dylib
0x000000011ad52000 	/Library/Java/JavaVirtualMachines/jdk1.8.0_111.jdk/Contents/Home/jre/lib/libawt_lwawt.dylib
0x000000011ae07000 	/Library/Java/JavaVirtualMachines/jdk1.8.0_111.jdk/Contents/Home/jre/lib/./libosxapp.dylib
0x000000000ad86000 	/System/Library/Frameworks/ExceptionHandling.framework/Versions/A/ExceptionHandling
0x000000000ad86000 	/System/Library/PrivateFrameworks/CoreServicesInternal.framework/Versions/A/CoreServicesInternal
0x000000000ad86000 	/System/Library/Frameworks/CoreGraphics.framework/Versions/A/Resources/libRIP.A.dylib
0x000000000ad86000 	/System/Library/Frameworks/Accelerate.framework/Versions/A/Frameworks/vImage.framework/Versions/A/Libraries/libCGInterfaces.dylib
0x000000000ad86000 	/System/Library/Frameworks/CoreGraphics.framework/Versions/A/Resources/libCGXType.A.dylib
0x000000000ad86000 	/System/Library/Frameworks/OpenCL.framework/Versions/A/Libraries/libcldcpuengine.dylib
0x000000000ad86000 	/System/Library/PrivateFrameworks/DiskImages.framework/Versions/A/DiskImages
0x000000000ad86000 	/System/Library/Frameworks/DiscRecording.framework/Versions/A/DiscRecording
0x000000000ad86000 	/usr/lib/libcsfde.dylib
0x000000000ad86000 	/usr/lib/libcurl.4.dylib
0x000000000ad86000 	/System/Library/PrivateFrameworks/MediaKit.framework/Versions/A/MediaKit
0x000000000ad86000 	/System/Library/PrivateFrameworks/ProtectedCloudStorage.framework/Versions/A/ProtectedCloudStorage
0x000000000ad86000 	/usr/lib/libCoreStorage.dylib
0x000000000ad86000 	/System/Library/PrivateFrameworks/EFILogin.framework/Versions/A/EFILogin
0x000000000ad86000 	/usr/lib/libutil.dylib
0x000000000ad86000 	/System/Library/PrivateFrameworks/FindMyDevice.framework/Versions/A/FindMyDevice
0x000000000ad86000 	/System/Library/Frameworks/LDAP.framework/Versions/A/LDAP
0x000000000ad86000 	/usr/lib/libsasl2.2.dylib
0x000000000ad86000 	/System/Library/PrivateFrameworks/CoreDaemon.framework/Versions/B/CoreDaemon
0x000000000ad86000 	/usr/lib/libcrypto.0.9.8.dylib
0x000000000ad86000 	/System/Library/PrivateFrameworks/AppleSRP.framework/Versions/A/AppleSRP
0x000000000ad86000 	/System/Library/PrivateFrameworks/TrustEvaluationAgent.framework/Versions/A/TrustEvaluationAgent
0x000000011ca58000 	cl_kernels
0x000000000ad86000 	/System/Library/Frameworks/OpenCL.framework/Versions/A/Libraries/ImageFormats/unorm8_bgra.dylib
0x000000000ad86000 	/System/Library/Frameworks/OpenCL.framework/Versions/A/Libraries/ImageFormats/unorm8_rgba.dylib
0x000000000ad86000 	/System/Library/PrivateFrameworks/FamilyControls.framework/Versions/A/FamilyControls
0x000000000ad86000 	/System/Library/PrivateFrameworks/CommerceKit.framework/Versions/A/Frameworks/CommerceCore.framework/Versions/A/CommerceCore
0x000000000ad86000 	/System/Library/PrivateFrameworks/SystemAdministration.framework/Versions/A/SystemAdministration
0x000000000ad86000 	/System/Library/PrivateFrameworks/AppContainer.framework/Versions/A/AppContainer
0x000000000ad86000 	/System/Library/PrivateFrameworks/SecCodeWrapper.framework/Versions/A/SecCodeWrapper
0x000000000ad86000 	/System/Library/Frameworks/DirectoryService.framework/Versions/A/DirectoryService
0x000000000ad86000 	/System/Library/PrivateFrameworks/LoginUIKit.framework/Versions/A/Frameworks/LoginUICore.framework/Versions/A/LoginUICore
0x000000000ad86000 	/usr/lib/libodfde.dylib
0x000000000ad86000 	/System/Library/Frameworks/OpenGL.framework/Versions/A/Resources/GLEngine.bundle/GLEngine
0x000000000ad86000 	/System/Library/Frameworks/OpenGL.framework/Versions/A/Libraries/libGLProgrammability.dylib
0x000000011db56000 	/System/Library/Extensions/AppleIntelBDWGraphicsGLDriver.bundle/Contents/MacOS/AppleIntelBDWGraphicsGLDriver
0x000000000ad86000 	/System/Library/PrivateFrameworks/GPUSupport.framework/Versions/A/Libraries/libGPUSupportMercury.dylib
0x000000000ad86000 	/System/Library/Frameworks/OpenGL.framework/Versions/A/Resources/GLRendererFloat.bundle/GLRendererFloat
0x000000011ead8000 	/Library/Java/JavaVirtualMachines/jdk1.8.0_111.jdk/Contents/Home/jre/lib/libfontmanager.dylib
0x000000011ffa5000 	/Library/Java/JavaVirtualMachines/jdk1.8.0_111.jdk/Contents/Home/jre/lib/libosxui.dylib
0x0000000120aa9000 	/Library/Java/JavaVirtualMachines/jdk1.8.0_111.jdk/Contents/Home/jre/lib/libnet.dylib
0x0000000120ca9000 	/Library/Java/JavaVirtualMachines/jdk1.8.0_111.jdk/Contents/Home/jre/lib/libnio.dylib
0x000000000ad86000 	/System/Library/Frameworks/ApplicationServices.framework/Versions/A/Frameworks/ATS.framework/Versions/A/Resources/libTrueTypeScaler.dylib
0x0000000171dfa000 	/System/Library/Extensions/AppleIntelBDWGraphicsMTLDriver.bundle/Contents/MacOS/AppleIntelBDWGraphicsMTLDriver
0x000000011c001000 	/private/var/folders/52/pd9n1grn4_55dn11fg2xx6m40000gn/T/jogamp_0000/file_cache/jln5512342967122696400/jln8216646274487869803/libgluegen-rt.jnilib
0x000000011c006000 	/private/var/folders/52/pd9n1grn4_55dn11fg2xx6m40000gn/T/jogamp_0000/file_cache/jln5512342967122696400/jln8216646274487869803/libnativewindow_awt.jnilib
0x000000011c009000 	/Library/Java/JavaVirtualMachines/jdk1.8.0_111.jdk/Contents/Home/jre/lib/libjawt.dylib
0x000000011c00c000 	/private/var/folders/52/pd9n1grn4_55dn11fg2xx6m40000gn/T/jogamp_0000/file_cache/jln5512342967122696400/jln8216646274487869803/libnativewindow_macosx.jnilib
0x0000000176a4a000 	/private/var/folders/52/pd9n1grn4_55dn11fg2xx6m40000gn/T/jogamp_0000/file_cache/jln5512342967122696400/jln8216646274487869803/libjogl_desktop.jnilib
0x0000000172111000 	/Library/Java/JavaVirtualMachines/jdk1.8.0_111.jdk/Contents/Home/jre/lib/libsunec.dylib
0x000000017a494000 	/Library/Java/JavaVirtualMachines/jdk1.8.0_111.jdk/Contents/Home/jre/lib/libt2k.dylib
0x000000017b5fa000 	/Library/Java/JavaVirtualMachines/jdk1.8.0_111.jdk/Contents/Home/jre/lib/libjpeg.dylib

VM Arguments:
jvm_args: -Djava.security.policy=java.policy.applet -Dfile.encoding=UTF-8 
java_command: sun.applet.AppletViewer module3.EarthquakeCityMap1495243202505.html
java_class_path (initial): /Users/dhruvsawhney/Documents/workspace/UCSDUnfoldingMaps/build:/Users/dhruvsawhney/Documents/workspace/UCSDUnfoldingMaps/lib/core.jar:/Users/dhruvsawhney/Documents/workspace/UCSDUnfoldingMaps/lib/gluegen-rt.jar:/Users/dhruvsawhney/Documents/workspace/UCSDUnfoldingMaps/lib/jogl-all.jar:/Users/dhruvsawhney/Documents/workspace/UCSDUnfoldingMaps/lib/log4j-1.2.15.jar:/Users/dhruvsawhney/Documents/workspace/UCSDUnfoldingMaps/lib/sqlite-jdbc-3.7.2.jar:/Users/dhruvsawhney/Documents/workspace/UCSDUnfoldingMaps/lib/json4processing.jar:/Users/dhruvsawhney/Documents/workspace/UCSDUnfoldingMaps/lib/libTUIO.jar:/Users/dhruvsawhney/Documents/workspace/UCSDUnfoldingMaps/lib/unfolding.0.9.7-uscd.jar
Launcher Type: SUN_STANDARD

Environment Variables:
PATH=/usr/bin:/bin:/usr/sbin:/sbin
SHELL=/bin/bash
DISPLAY=/private/tmp/com.apple.launchd.TplqWvYJlD/org.macosforge.xquartz:0

Signal Handlers:
SIGSEGV: [libjvm.dylib+0x5b03ed], sa_mask[0]=11111111011111110111111111111111, sa_flags=SA_ONSTACK|SA_RESTART|SA_SIGINFO
SIGBUS: [libjvm.dylib+0x5b03ed], sa_mask[0]=11111111011111110111111111111111, sa_flags=SA_RESTART|SA_SIGINFO
SIGFPE: [libjvm.dylib+0x48711c], sa_mask[0]=11111111011111110111111111111111, sa_flags=SA_RESTART|SA_SIGINFO
SIGPIPE: [libjvm.dylib+0x48711c], sa_mask[0]=11111111011111110111111111111111, sa_flags=SA_RESTART|SA_SIGINFO
SIGXFSZ: [libjvm.dylib+0x48711c], sa_mask[0]=11111111011111110111111111111111, sa_flags=SA_RESTART|SA_SIGINFO
SIGILL: [libjvm.dylib+0x48711c], sa_mask[0]=11111111011111110111111111111111, sa_flags=SA_RESTART|SA_SIGINFO
SIGUSR1: SIG_DFL, sa_mask[0]=00000000000000000000000000000000, sa_flags=none
SIGUSR2: [libjvm.dylib+0x486c3a], sa_mask[0]=00100000000000000000000000000000, sa_flags=SA_RESTART|SA_SIGINFO
SIGHUP: [libjvm.dylib+0x485211], sa_mask[0]=11111111011111110111111111111111, sa_flags=SA_RESTART|SA_SIGINFO
SIGINT: [libjvm.dylib+0x485211], sa_mask[0]=11111111011111110111111111111111, sa_flags=SA_RESTART|SA_SIGINFO
SIGTERM: [libjvm.dylib+0x485211], sa_mask[0]=11111111011111110111111111111111, sa_flags=SA_RESTART|SA_SIGINFO
SIGQUIT: [libjvm.dylib+0x485211], sa_mask[0]=11111111011111110111111111111111, sa_flags=SA_RESTART|SA_SIGINFO


---------------  S Y S T E M  ---------------

OS:Bsduname:Darwin 15.6.0 Darwin Kernel Version 15.6.0: Thu Sep  1 15:01:16 PDT 2016; root:xnu-3248.60.11~2/RELEASE_X86_64 x86_64
rlimit: STACK 8192k, CORE 0k, NPROC 709, NOFILE 10240, AS infinity
load average:2.60 2.41 2.25

CPU:total 4 (2 cores per cpu, 2 threads per core) family 6 model 61 stepping 4, cmov, cx8, fxsr, mmx, sse, sse2, sse3, ssse3, sse4.1, sse4.2, popcnt, avx, avx2, aes, clmul, erms, 3dnowpref, lzcnt, ht, tsc, tscinvbit, bmi1, bmi2, adx

Memory: 4k page, physical 8388608k(591964k free)

/proc/meminfo:


vm_info: Java HotSpot(TM) 64-Bit Server VM (25.111-b14) for bsd-amd64 JRE (1.8.0_111-b14), built on Sep 22 2016 15:31:41 by "java_re" with gcc 4.2.1 (Based on Apple Inc. build 5658) (LLVM build 2336.11.00)

time: Fri May 19 18:20:36 2017
elapsed time: 33 seconds (0d 0h 0m 33s)

