#
# A fatal error has been detected by the Java Runtime Environment:
#
#  SIGSEGV (0xb) at pc=0x00007fffa11ca4dd, pid=4599, tid=0x0000000000000a0b
#
# JRE version: Java(TM) SE Runtime Environment (8.0_111-b14) (build 1.8.0_111-b14)
# Java VM: Java HotSpot(TM) 64-Bit Server VM (25.111-b14 mixed mode bsd-amd64 compressed oops)
# Problematic frame:
# C  [libobjc.A.dylib+0x14dd]  objc_msgSend+0x1d
#
# Failed to write core dump. Core dumps have been disabled. To enable core dumping, try "ulimit -c unlimited" before starting Java again
#
# If you would like to submit a bug report, please visit:
#   http://bugreport.java.com/bugreport/crash.jsp
# The crash happened outside the Java Virtual Machine in native code.
# See problematic frame for where to report the bug.
#

---------------  T H R E A D  ---------------

Current thread (0x00007fd6f48ab800):  JavaThread "AWT-AppKit" daemon [_thread_in_native, id=2571, stack(0x00007fff510d5000,0x00007fff518d5000)]

siginfo: si_signo: 11 (SIGSEGV), si_code: 1 (SEGV_MAPERR), si_addr: 0x0000000000000018

Registers:
RAX=0x00007fd6f65f1d70, RBX=0x000000017e14d450, RCX=0x00000001284f52c0, RDX=0x000000012831f020
RSP=0x00007fff518d02f8, RBP=0x00007fff518d03b0, RSI=0x00007fff9e274cbe, RDI=0x00007fd6f3ca8990
R8 =0x0000000000000000, R9 =0x00000000000008b0, R10=0x00007fff9e274cbe, R11=0x0000000000000000
R12=0x0000000000000000, R13=0x00000001836cf0e0, R14=0x000000017e14d440, R15=0x00007fd6f48ab800
RIP=0x00007fffa11ca4dd, EFLAGS=0x0000000000010246, ERR=0x0000000000000004
  TRAPNO=0x000000000000000e

Top of Stack: (sp=0x00007fff518d02f8)
0x00007fff518d02f8:   000000017e14b157 00007fff518d0350
0x00007fff518d0308:   0000000000000003 00007fff518d0330
0x00007fff518d0318:   000000010eff27be 00000001836cf0e0
0x00007fff518d0328:   00000001836cf0e0 00007fd6f65f1d70
0x00007fff518d0338:   000000017e14d6a0 000000017e14d710
0x00007fff518d0348:   00007fff7f08f770 00007fff7bee2500
0x00007fff518d0358:   000000017e14d450 000000017e14d690
0x00007fff518d0368:   00007fd6f65f1d70 00007fd6f3ca8990
0x00007fff518d0378:   00007fd6f3c8a300 00007fd6f65f1d70
0x00007fff518d0388:   00007fd6f3ca8990 00007fff518d0438
0x00007fff518d0398:   00007fd6f48ab9f8 00000001836cf0e0
0x00007fff518d03a8:   00007fff518d0460 00007fff518d0428
0x00007fff518d03b8:   000000010fdc19f4 00000001836cf0e0
0x00007fff518d03c8:   00007fff518d0460 00007fff518d0428
0x00007fff518d03d8:   000000010fdc1787 000000010fdc1742
0x00007fff518d03e8:   00007fff518d03e8 00000001836cf0e0
0x00007fff518d03f8:   00007fff518d0460 00000001836d1d78
0x00007fff518d0408:   0000000000000000 00000001836cf0e0
0x00007fff518d0418:   0000000000000000 00007fff518d0448
0x00007fff518d0428:   00007fff518d04a8 000000010fdb22bd
0x00007fff518d0438:   0000000740e17a58 000000010fdbb538
0x00007fff518d0448:   00007fd6f65f1d70 00007fff518d04a8
0x00007fff518d0458:   00007fd6f3ca8990 000000010fdbce02
0x00007fff518d0468:   00007fff518d0468 00000001836cf2aa
0x00007fff518d0478:   00007fff518d04d0 00000001836d1d78
0x00007fff518d0488:   0000000000000000 00000001836cf2b8
0x00007fff518d0498:   00007fff518d0448 00007fff518d04b8
0x00007fff518d04a8:   00007fff518d0518 000000010fdb22bd
0x00007fff518d04b8:   00007fd6f65f1d70 0000000740d52b18
0x00007fff518d04c8:   00007fd6f3ca8990 0000000740d52b18
0x00007fff518d04d8:   00007fff518d04d8 0000000188a9715e
0x00007fff518d04e8:   00007fff518d0528 0000000188a97218 

Instructions: (pc=0x00007fffa11ca4dd)
0x00007fffa11ca4bd:   44 00 00 48 85 ff 2e 74 62 40 f6 c7 01 2e 75 66
0x00007fffa11ca4cd:   49 bb f8 ff ff ff ff 7f 00 00 4c 23 1f 49 89 f2
0x00007fffa11ca4dd:   45 23 53 18 49 c1 e2 04 4d 03 53 10 49 3b 32 75
0x00007fffa11ca4ed:   04 41 ff 62 08 49 83 3a 01 76 0d 49 83 c2 10 49 

Register to memory mapping:

RAX=0x00007fd6f65f1d70 is an unknown value
RBX=0x000000017e14d450: Java_jogamp_nativewindow_macosx_OSXUtil_GetScreenRefreshRate0+0x1cf0 in /private/var/folders/52/pd9n1grn4_55dn11fg2xx6m40000gn/T/jogamp_0000/file_cache/jln1890423180374324251/jln4067363118472523658/libnativewindow_macosx.jnilib at 0x000000017e146000
RCX=0x00000001284f52c0 is an unknown value
RDX=0x000000012831f020 is an unknown value
RSP=0x00007fff518d02f8 is pointing into the stack for thread: 0x00007fd6f48ab800
RBP=0x00007fff518d03b0 is pointing into the stack for thread: 0x00007fd6f48ab800
RSI=0x00007fff9e274cbe is an unknown value
RDI=0x00007fd6f3ca8990 is an unknown value
R8 =0x0000000000000000 is an unknown value
R9 =0x00000000000008b0 is an unknown value
R10=0x00007fff9e274cbe is an unknown value
R11=0x0000000000000000 is an unknown value
R12=0x0000000000000000 is an unknown value
R13={method} {0x00000001836cf0e0} 'UnsetJAWTRootSurfaceLayer0' '(JJ)V' in 'jogamp/nativewindow/jawt/macosx/MacOSXJAWTWindow'
R14=0x000000017e14d440: Java_jogamp_nativewindow_macosx_OSXUtil_GetScreenRefreshRate0+0x1ce0 in /private/var/folders/52/pd9n1grn4_55dn11fg2xx6m40000gn/T/jogamp_0000/file_cache/jln1890423180374324251/jln4067363118472523658/libnativewindow_macosx.jnilib at 0x000000017e146000
R15=0x00007fd6f48ab800 is a thread


Stack: [0x00007fff510d5000,0x00007fff518d5000],  sp=0x00007fff518d02f8,  free space=8172k
Native frames: (J=compiled Java code, j=interpreted, Vv=VM code, C=native code)
C  [libobjc.A.dylib+0x14dd]  objc_msgSend+0x1d
j  jogamp.nativewindow.jawt.macosx.MacOSXJAWTWindow.UnsetJAWTRootSurfaceLayer0(JJ)V+0
j  jogamp.nativewindow.jawt.macosx.MacOSXJAWTWindow.access$200(JJ)V+2
j  jogamp.nativewindow.jawt.macosx.MacOSXJAWTWindow$1.run()V+38
J 2365 C1 com.jogamp.common.util.RunnableTask.run()V (345 bytes) @ 0x000000011056c234 [0x000000011056c0a0+0x194]
v  ~StubRoutines::call_stub
V  [libjvm.dylib+0x2ecf8a]
V  [libjvm.dylib+0x324119]
V  [libjvm.dylib+0x3168e7]
C  [libnativewindow_macosx.jnilib+0x5326]  Java_jogamp_nativewindow_jawt_macosx_MacOSXJAWTWindow_UnsetJAWTRootSurfaceLayer0+0x2b6
C  [Foundation+0x76fde]  __NSThreadPerformPerform+0x117
C  [CoreFoundation+0xaa7e1]  __CFRUNLOOP_IS_CALLING_OUT_TO_A_SOURCE0_PERFORM_FUNCTION__+0x11
C  [CoreFoundation+0x89e97]  __CFRunLoopDoSources0+0x1a7
C  [CoreFoundation+0x8943f]  __CFRunLoopRun+0x39f
C  [CoreFoundation+0x88e38]  CFRunLoopRunSpecific+0x128
C  [HIToolbox+0x30935]  RunCurrentEventLoopInMode+0xeb
C  [HIToolbox+0x30677]  ReceiveNextEventCommon+0xb8
C  [HIToolbox+0x305af]  _BlockUntilNextEventMatchingListInModeWithFilter+0x47
C  [AppKit+0x48df6]  _DPSNextEvent+0x42b
C  [AppKit+0x48226]  -[NSApplication _nextEventMatchingEventMask:untilDate:inMode:dequeue:]+0x1c6
C  [libosxapp.dylib+0x23aa]  -[NSApplicationAWT nextEventMatchingMask:untilDate:inMode:dequeue:]+0x7c
C  [AppKit+0x3cd80]  -[NSApplication run]+0x2aa
C  [libosxapp.dylib+0x214d]  +[NSApplicationAWT runAWTLoopWithApp:]+0x9c
C  [libawt_lwawt.dylib+0x444b3]  -[AWTStarter starter:]+0x389
C  [Foundation+0x76fde]  __NSThreadPerformPerform+0x117
C  [CoreFoundation+0xaa7e1]  __CFRUNLOOP_IS_CALLING_OUT_TO_A_SOURCE0_PERFORM_FUNCTION__+0x11
C  [CoreFoundation+0x89f1c]  __CFRunLoopDoSources0+0x22c
C  [CoreFoundation+0x8943f]  __CFRunLoopRun+0x39f
C  [CoreFoundation+0x88e38]  CFRunLoopRunSpecific+0x128
C  [java+0x6465]  CreateExecutionEnvironment+0x367
C  [java+0x218c]  JLI_Launch+0x7a0
C  [java+0x84c2]  main+0x65
C  [java+0x19e4]  start+0x34
C  0x0000000000000007

Java frames: (J=compiled Java code, j=interpreted, Vv=VM code)
j  jogamp.nativewindow.jawt.macosx.MacOSXJAWTWindow.UnsetJAWTRootSurfaceLayer0(JJ)V+0
j  jogamp.nativewindow.jawt.macosx.MacOSXJAWTWindow.access$200(JJ)V+2
j  jogamp.nativewindow.jawt.macosx.MacOSXJAWTWindow$1.run()V+38
J 2365 C1 com.jogamp.common.util.RunnableTask.run()V (345 bytes) @ 0x000000011056c234 [0x000000011056c0a0+0x194]
v  ~StubRoutines::call_stub

---------------  P R O C E S S  ---------------

Java Threads: ( => current thread )
  0x00007fd6f9893000 JavaThread "Thread-19" [_thread_blocked, id=65167, stack(0x0000700001a71000,0x0000700001b71000)]
  0x00007fd6f5acb800 JavaThread "AWT-EventQueue-1" [_thread_in_native, id=59179, stack(0x00007000018eb000,0x00007000019eb000)]
  0x00007fd6f5801000 JavaThread "DestroyJavaVM" [_thread_blocked, id=5891, stack(0x000070000011a000,0x000070000021a000)]
  0x00007fd6f4981800 JavaThread "AWT-EventQueue-0" [_thread_blocked, id=56583, stack(0x00007000016e5000,0x00007000017e5000)]
  0x00007fd6f4956000 JavaThread "Java2D Disposer" daemon [_thread_blocked, id=50699, stack(0x000070000145c000,0x000070000155c000)]
  0x00007fd6f419d800 JavaThread "Java2D Queue Flusher" daemon [_thread_blocked, id=50439, stack(0x0000700001359000,0x0000700001459000)]
  0x00007fd6f4186800 JavaThread "AWT-Shutdown" [_thread_blocked, id=29971, stack(0x00007000011d3000,0x00007000012d3000)]
=>0x00007fd6f48ab800 JavaThread "AWT-AppKit" daemon [_thread_in_native, id=2571, stack(0x00007fff510d5000,0x00007fff518d5000)]
  0x00007fd6f4817000 JavaThread "Service Thread" daemon [_thread_blocked, id=18691, stack(0x0000700000e44000,0x0000700000f44000)]
  0x00007fd6f4011800 JavaThread "C1 CompilerThread2" daemon [_thread_blocked, id=18179, stack(0x0000700000d41000,0x0000700000e41000)]
  0x00007fd6f4811000 JavaThread "C2 CompilerThread1" daemon [_thread_blocked, id=17667, stack(0x0000700000c3e000,0x0000700000d3e000)]
  0x00007fd6f5847000 JavaThread "C2 CompilerThread0" daemon [_thread_blocked, id=17155, stack(0x0000700000b3b000,0x0000700000c3b000)]
  0x00007fd6f480f800 JavaThread "Signal Dispatcher" daemon [_thread_blocked, id=13839, stack(0x0000700000a38000,0x0000700000b38000)]
  0x00007fd6f480e800 JavaThread "Finalizer" daemon [_thread_blocked, id=12291, stack(0x000070000082f000,0x000070000092f000)]
  0x00007fd6f480c000 JavaThread "Reference Handler" daemon [_thread_blocked, id=11779, stack(0x000070000072c000,0x000070000082c000)]

Other Threads:
  0x00007fd6f4004800 VMThread [stack: 0x0000700000629000,0x0000700000729000] [id=11267]
  0x00007fd6f500d800 WatcherThread [stack: 0x0000700000f47000,0x0000700001047000] [id=19203]

VM state:not at safepoint (normal execution)

VM Mutex/Monitor currently owned by a thread: None

Heap:
 PSYoungGen      total 30208K, used 4506K [0x0000000795580000, 0x0000000798b80000, 0x00000007c0000000)
  eden space 29696K, 14% used [0x0000000795580000,0x00000007959c6840,0x0000000797280000)
  from space 512K, 25% used [0x0000000797300000,0x0000000797320000,0x0000000797380000)
  to   space 12800K, 0% used [0x0000000797f00000,0x0000000797f00000,0x0000000798b80000)
 ParOldGen       total 57344K, used 15999K [0x0000000740000000, 0x0000000743800000, 0x0000000795580000)
  object space 57344K, 27% used [0x0000000740000000,0x0000000740f9fcd8,0x0000000743800000)
 Metaspace       used 20982K, capacity 21155K, committed 21552K, reserved 1069056K
  class space    used 2053K, capacity 2114K, committed 2176K, reserved 1048576K

Card table byte_map: [0x000000011f16a000,0x000000011f56b000] byte_map_base: 0x000000011b76a000

Marking Bits: (ParMarkBitMap*) 0x000000010f6efd20
 Begin Bits: [0x000000011f816000, 0x0000000121816000)
 End Bits:   [0x0000000121816000, 0x0000000123816000)

Polling page: 0x000000010e5ee000

CodeCache: size=245760Kb used=9064Kb max_used=9077Kb free=236695Kb
 bounds [0x000000010fdaa000, 0x000000011069a000, 0x000000011edaa000]
 total_blobs=3403 nmethods=2513 adapters=803
 compilation: enabled

Compilation events (10 events):
Event: 73.090 Thread 0x00007fd6f4011800 nmethod 2656 0x0000000110687d50 code [0x0000000110687ec0, 0x0000000110688128]
Event: 73.099 Thread 0x00007fd6f4811000 2657       4       java.security.AccessController::getContext (23 bytes)
Event: 73.099 Thread 0x00007fd6f4011800 2658       1       java.awt.AWTEvent::isConsumed (5 bytes)
Event: 73.100 Thread 0x00007fd6f4011800 nmethod 2658 0x0000000110687a90 code [0x0000000110687be0, 0x0000000110687cf0]
Event: 73.101 Thread 0x00007fd6f4811000 nmethod 2657 0x0000000110687710 code [0x0000000110687880, 0x0000000110687978]
Event: 73.149 Thread 0x00007fd6f4011800 2659       3       sun.java2d.pipe.RenderBuffer::remaining (11 bytes)
Event: 73.149 Thread 0x00007fd6f4011800 nmethod 2659 0x0000000110687410 code [0x0000000110687560, 0x00000001106876b0]
Event: 73.154 Thread 0x00007fd6f5847000 2660  s    4       sun.misc.URLClassPath::getNextLoader (88 bytes)
Event: 73.158 Thread 0x00007fd6f4011800 2661       1       java.awt.AlphaComposite::getRule (5 bytes)
Event: 73.158 Thread 0x00007fd6f4011800 nmethod 2661 0x000000011068d8d0 code [0x000000011068da20, 0x000000011068db30]

GC Heap History (10 events):
Event: 39.001 GC heap before
{Heap before GC invocations=8 (full 1):
 PSYoungGen      total 46080K, used 32352K [0x0000000795580000, 0x0000000799100000, 0x00000007c0000000)
  eden space 32256K, 100% used [0x0000000795580000,0x0000000797500000,0x0000000797500000)
  from space 13824K, 0% used [0x0000000798380000,0x0000000798398000,0x0000000799100000)
  to   space 14336K, 0% used [0x0000000797500000,0x0000000797500000,0x0000000798300000)
 ParOldGen       total 57344K, used 15999K [0x0000000740000000, 0x0000000743800000, 0x0000000795580000)
  object space 57344K, 27% used [0x0000000740000000,0x0000000740f9fcd8,0x0000000743800000)
 Metaspace       used 20920K, capacity 21149K, committed 21552K, reserved 1069056K
  class space    used 2041K, capacity 2113K, committed 2176K, reserved 1048576K
Event: 39.003 GC heap after
Heap after GC invocations=8 (full 1):
 PSYoungGen      total 32256K, used 96K [0x0000000795580000, 0x0000000799080000, 0x00000007c0000000)
  eden space 31744K, 0% used [0x0000000795580000,0x0000000795580000,0x0000000797480000)
  from space 512K, 18% used [0x0000000797500000,0x0000000797518000,0x0000000797580000)
  to   space 14336K, 0% used [0x0000000798280000,0x0000000798280000,0x0000000799080000)
 ParOldGen       total 57344K, used 15999K [0x0000000740000000, 0x0000000743800000, 0x0000000795580000)
  object space 57344K, 27% used [0x0000000740000000,0x0000000740f9fcd8,0x0000000743800000)
 Metaspace       used 20920K, capacity 21149K, committed 21552K, reserved 1069056K
  class space    used 2041K, capacity 2113K, committed 2176K, reserved 1048576K
}
Event: 47.004 GC heap before
{Heap before GC invocations=9 (full 1):
 PSYoungGen      total 32256K, used 31840K [0x0000000795580000, 0x0000000799080000, 0x00000007c0000000)
  eden space 31744K, 100% used [0x0000000795580000,0x0000000797480000,0x0000000797480000)
  from space 512K, 18% used [0x0000000797500000,0x0000000797518000,0x0000000797580000)
  to   space 14336K, 0% used [0x0000000798280000,0x0000000798280000,0x0000000799080000)
 ParOldGen       total 57344K, used 15999K [0x0000000740000000, 0x0000000743800000, 0x0000000795580000)
  object space 57344K, 27% used [0x0000000740000000,0x0000000740f9fcd8,0x0000000743800000)
 Metaspace       used 20920K, capacity 21149K, committed 21552K, reserved 1069056K
  class space    used 2042K, capacity 2113K, committed 2176K, reserved 1048576K
Event: 47.006 GC heap after
Heap after GC invocations=9 (full 1):
 PSYoungGen      total 45056K, used 96K [0x0000000795580000, 0x0000000799000000, 0x00000007c0000000)
  eden space 31232K, 0% used [0x0000000795580000,0x0000000795580000,0x0000000797400000)
  from space 13824K, 0% used [0x0000000798280000,0x0000000798298000,0x0000000799000000)
  to   space 14336K, 0% used [0x0000000797400000,0x0000000797400000,0x0000000798200000)
 ParOldGen       total 57344K, used 15999K [0x0000000740000000, 0x0000000743800000, 0x0000000795580000)
  object space 57344K, 27% used [0x0000000740000000,0x0000000740f9fcd8,0x0000000743800000)
 Metaspace       used 20920K, capacity 21149K, committed 21552K, reserved 1069056K
  class space    used 2042K, capacity 2113K, committed 2176K, reserved 1048576K
}
Event: 54.875 GC heap before
{Heap before GC invocations=10 (full 1):
 PSYoungGen      total 45056K, used 31328K [0x0000000795580000, 0x0000000799000000, 0x00000007c0000000)
  eden space 31232K, 100% used [0x0000000795580000,0x0000000797400000,0x0000000797400000)
  from space 13824K, 0% used [0x0000000798280000,0x0000000798298000,0x0000000799000000)
  to   space 14336K, 0% used [0x0000000797400000,0x0000000797400000,0x0000000798200000)
 ParOldGen       total 57344K, used 15999K [0x0000000740000000, 0x0000000743800000, 0x0000000795580000)
  object space 57344K, 27% used [0x0000000740000000,0x0000000740f9fcd8,0x0000000743800000)
 Metaspace       used 20920K, capacity 21149K, committed 21552K, reserved 1069056K
  class space    used 2042K, capacity 2113K, committed 2176K, reserved 1048576K
Event: 54.876 GC heap after
Heap after GC invocations=10 (full 1):
 PSYoungGen      total 31232K, used 96K [0x0000000795580000, 0x0000000798e80000, 0x00000007c0000000)
  eden space 30720K, 0% used [0x0000000795580000,0x0000000795580000,0x0000000797380000)
  from space 512K, 18% used [0x0000000797400000,0x0000000797418000,0x0000000797480000)
  to   space 13824K, 0% used [0x0000000798100000,0x0000000798100000,0x0000000798e80000)
 ParOldGen       total 57344K, used 15999K [0x0000000740000000, 0x0000000743800000, 0x0000000795580000)
  object space 57344K, 27% used [0x0000000740000000,0x0000000740f9fcd8,0x0000000743800000)
 Metaspace       used 20920K, capacity 21149K, committed 21552K, reserved 1069056K
  class space    used 2042K, capacity 2113K, committed 2176K, reserved 1048576K
}
Event: 62.628 GC heap before
{Heap before GC invocations=11 (full 1):
 PSYoungGen      total 31232K, used 30816K [0x0000000795580000, 0x0000000798e80000, 0x00000007c0000000)
  eden space 30720K, 100% used [0x0000000795580000,0x0000000797380000,0x0000000797380000)
  from space 512K, 18% used [0x0000000797400000,0x0000000797418000,0x0000000797480000)
  to   space 13824K, 0% used [0x0000000798100000,0x0000000798100000,0x0000000798e80000)
 ParOldGen       total 57344K, used 15999K [0x0000000740000000, 0x0000000743800000, 0x0000000795580000)
  object space 57344K, 27% used [0x0000000740000000,0x0000000740f9fcd8,0x0000000743800000)
 Metaspace       used 20920K, capacity 21149K, committed 21552K, reserved 1069056K
  class space    used 2042K, capacity 2113K, committed 2176K, reserved 1048576K
Event: 62.630 GC heap after
Heap after GC invocations=11 (full 1):
 PSYoungGen      total 42496K, used 96K [0x0000000795580000, 0x0000000798d00000, 0x00000007c0000000)
  eden space 30208K, 0% used [0x0000000795580000,0x0000000795580000,0x0000000797300000)
  from space 12288K, 0% used [0x0000000798100000,0x0000000798118000,0x0000000798d00000)
  to   space 13312K, 0% used [0x0000000797300000,0x0000000797300000,0x0000000798000000)
 ParOldGen       total 57344K, used 15999K [0x0000000740000000, 0x0000000743800000, 0x0000000795580000)
  object space 57344K, 27% used [0x0000000740000000,0x0000000740f9fcd8,0x0000000743800000)
 Metaspace       used 20920K, capacity 21149K, committed 21552K, reserved 1069056K
  class space    used 2042K, capacity 2113K, committed 2176K, reserved 1048576K
}
Event: 72.067 GC heap before
{Heap before GC invocations=12 (full 1):
 PSYoungGen      total 42496K, used 30304K [0x0000000795580000, 0x0000000798d00000, 0x00000007c0000000)
  eden space 30208K, 100% used [0x0000000795580000,0x0000000797300000,0x0000000797300000)
  from space 12288K, 0% used [0x0000000798100000,0x0000000798118000,0x0000000798d00000)
  to   space 13312K, 0% used [0x0000000797300000,0x0000000797300000,0x0000000798000000)
 ParOldGen       total 57344K, used 15999K [0x0000000740000000, 0x0000000743800000, 0x0000000795580000)
  object space 57344K, 27% used [0x0000000740000000,0x0000000740f9fcd8,0x0000000743800000)
 Metaspace       used 20920K, capacity 21149K, committed 21552K, reserved 1069056K
  class space    used 2042K, capacity 2113K, committed 2176K, reserved 1048576K
Event: 72.069 GC heap after
Heap after GC invocations=12 (full 1):
 PSYoungGen      total 30208K, used 128K [0x0000000795580000, 0x0000000798b80000, 0x00000007c0000000)
  eden space 29696K, 0% used [0x0000000795580000,0x0000000795580000,0x0000000797280000)
  from space 512K, 25% used [0x0000000797300000,0x0000000797320000,0x0000000797380000)
  to   space 12800K, 0% used [0x0000000797f00000,0x0000000797f00000,0x0000000798b80000)
 ParOldGen       total 57344K, used 15999K [0x0000000740000000, 0x0000000743800000, 0x0000000795580000)
  object space 57344K, 27% used [0x0000000740000000,0x0000000740f9fcd8,0x0000000743800000)
 Metaspace       used 20920K, capacity 21149K, committed 21552K, reserved 1069056K
  class space    used 2042K, capacity 2113K, committed 2176K, reserved 1048576K
}

Deoptimization events (10 events):
Event: 72.506 Thread 0x00007fd6f4981800 Uncommon trap: reason=unstable_if action=reinterpret pc=0x00000001103dba78 method=java.awt.font.FontRenderContext.equals(Ljava/awt/font/FontRenderContext;)Z @ 2
Event: 72.600 Thread 0x00007fd6f4981800 Uncommon trap: reason=unstable_if action=reinterpret pc=0x00000001105e65e8 method=sun.java2d.pipe.Region.isInsideQuickCheck(Lsun/java2d/pipe/Region;)Z @ 48
Event: 72.603 Thread 0x00007fd6f5acb800 Uncommon trap: reason=unstable_if action=reinterpret pc=0x00000001102d20c8 method=jogamp.opengl.GLFBODrawableImpl.contextMadeCurrent(Ljavax/media/opengl/GLContext;Z)V @ 73
Event: 72.614 Thread 0x00007fd6f5acb800 Uncommon trap: reason=unstable_if action=reinterpret pc=0x000000011062c644 method=java.util.LinkedList$ListItr.<init>(Ljava/util/LinkedList;I)V @ 26
Event: 72.646 Thread 0x00007fd6f5acb800 Uncommon trap: reason=unstable_if action=reinterpret pc=0x0000000110655e88 method=processing.opengl.PJOGL.wrapBackTexture(Lprocessing/opengl/Texture;)Lprocessing/opengl/Texture; @ 8
Event: 72.647 Thread 0x00007fd6f5acb800 Uncommon trap: reason=unstable_if action=reinterpret pc=0x000000011064f1f4 method=processing.opengl.PGraphicsOpenGL.setDrawDefaults()V @ 193
Event: 73.148 Thread 0x00007fd6f5948000 Uncommon trap: reason=unstable_if action=reinterpret pc=0x0000000110271268 method=java.util.HashMap.putVal(ILjava/lang/Object;Ljava/lang/Object;ZZ)Ljava/lang/Object; @ 81
Event: 73.148 Thread 0x00007fd6f5948000 Uncommon trap: reason=unstable_if action=reinterpret pc=0x000000011020523c method=java.util.HashMap.putVal(ILjava/lang/Object;Ljava/lang/Object;ZZ)Ljava/lang/Object; @ 81
Event: 73.155 Thread 0x00007fd6f5acb800 Uncommon trap: reason=unstable_if action=reinterpret pc=0x0000000110618998 method=java.util.LinkedList$ListItr.<init>(Ljava/util/LinkedList;I)V @ 26
Event: 73.159 Thread 0x00007fd6f9893000 Uncommon trap: reason=predicate action=maybe_recompile pc=0x00000001103d6b54 method=java.util.Vector.indexOf(Ljava/lang/Object;I)I @ 44

Internal exceptions (10 events):
Event: 0.246 Thread 0x00007fd6f5801000 Exception <a 'java/lang/NoSuchFieldError': method resolution failed> (0x00000007957e2ad8) thrown at [/Users/java_re/workspace/8-2-build-macosx-x86_64/jdk8u111/7883/hotspot/src/share/vm/prims/methodHandles.cpp, line 1146]
Event: 0.491 Thread 0x00007fd6f5801000 Exception <a 'java/io/FileNotFoundException'> (0x000000079585e2a0) thrown at [/Users/java_re/workspace/8-2-build-macosx-x86_64/jdk8u111/7883/hotspot/src/share/vm/prims/jni.cpp, line 709]
Event: 0.491 Thread 0x00007fd6f5801000 Exception <a 'java/io/FileNotFoundException'> (0x000000079585ee40) thrown at [/Users/java_re/workspace/8-2-build-macosx-x86_64/jdk8u111/7883/hotspot/src/share/vm/prims/jni.cpp, line 709]
Event: 0.639 Thread 0x00007fd6f5801000 Exception <a 'java/io/FileNotFoundException'> (0x000000079599e2c0) thrown at [/Users/java_re/workspace/8-2-build-macosx-x86_64/jdk8u111/7883/hotspot/src/share/vm/prims/jni.cpp, line 709]
Event: 3.409 Thread 0x00007fd6f432c800 Exception <a 'java/lang/UnsatisfiedLinkError': com.jogamp.common.util.JarUtil.fixNativeLibAttribs(Ljava/lang/String;)Z> (0x0000000796bacdf0) thrown at [/Users/java_re/workspace/8-2-build-macosx-x86_64/jdk8u111/7883/hotspot/src/share/vm/prims/nativeLookup.
Event: 3.797 Thread 0x00007fd6f480e800 Exception <a 'java/lang/NullPointerException'> (0x00000007956a5f50) thrown at [/Users/java_re/workspace/8-2-build-macosx-x86_64/jdk8u111/7883/hotspot/src/share/vm/interpreter/linkResolver.cpp, line 1178]
Event: 4.566 Thread 0x00007fd6f5acb800 Exception <a 'java/io/FileNotFoundException'> (0x00000007960f0a40) thrown at [/Users/java_re/workspace/8-2-build-macosx-x86_64/jdk8u111/7883/hotspot/src/share/vm/prims/jni.cpp, line 709]
Event: 4.566 Thread 0x00007fd6f5acb800 Exception <a 'java/io/FileNotFoundException'> (0x00000007960f81d8) thrown at [/Users/java_re/workspace/8-2-build-macosx-x86_64/jdk8u111/7883/hotspot/src/share/vm/prims/jni.cpp, line 709]
Event: 4.566 Thread 0x00007fd6f5acb800 Implicit null exception at 0x000000010ff57a76 to 0x000000010ff57e45
Event: 5.521 Thread 0x00007fd6f5acb800 Implicit null exception at 0x00000001102295e5 to 0x0000000110229739

Events (10 events):
Event: 73.156 loading class java/awt/event/AWTEventListenerProxy
Event: 73.157 loading class java/awt/event/AWTEventListenerProxy done
Event: 73.157 loading class java/awt/Toolkit$ToolkitEventMulticaster
Event: 73.157 loading class java/awt/Toolkit$ToolkitEventMulticaster done
Event: 73.159 Thread 0x00007fd6f5948000 Thread exited: 0x00007fd6f5948000
Event: 73.159 Thread 0x00007fd6f9893000 Uncommon trap: trap_request=0xffffff86 fr.pc=0x00000001103d6b54
Event: 73.159 Thread 0x00007fd6f9893000 DEOPT PACKING pc=0x00000001103d6b54 sp=0x0000700001b707f0
Event: 73.159 Thread 0x00007fd6f9893000 DEOPT UNPACKING pc=0x000000010fdaf229 sp=0x0000700001b707a0 mode 2
Event: 73.160 loading class java/awt/Window$1DisposeAction
Event: 73.160 loading class java/awt/Window$1DisposeAction done


Dynamic libraries:
0x000000000ad86000 	/System/Library/Frameworks/Cocoa.framework/Versions/A/Cocoa
0x000000000ad86000 	/System/Library/Frameworks/Security.framework/Versions/A/Security
0x000000000ad86000 	/System/Library/Frameworks/ApplicationServices.framework/Versions/A/ApplicationServices
0x000000000ad86000 	/usr/lib/libz.1.dylib
0x000000000ad86000 	/usr/lib/libSystem.B.dylib
0x000000000ad86000 	/usr/lib/libobjc.A.dylib
0x000000000ad86000 	/System/Library/Frameworks/CoreFoundation.framework/Versions/A/CoreFoundation
0x000000000ad86000 	/System/Library/Frameworks/Foundation.framework/Versions/C/Foundation
0x000000000ad86000 	/System/Library/Frameworks/AppKit.framework/Versions/C/AppKit
0x000000000ad86000 	/System/Library/Frameworks/CoreData.framework/Versions/A/CoreData
0x000000000ad86000 	/System/Library/PrivateFrameworks/RemoteViewServices.framework/Versions/A/RemoteViewServices
0x000000000ad86000 	/System/Library/PrivateFrameworks/UIFoundation.framework/Versions/A/UIFoundation
0x000000000ad86000 	/usr/lib/libScreenReader.dylib
0x000000000ad86000 	/System/Library/Frameworks/Accelerate.framework/Versions/A/Accelerate
0x000000000ad86000 	/System/Library/Frameworks/IOSurface.framework/Versions/A/IOSurface
0x000000000ad86000 	/System/Library/Frameworks/AudioToolbox.framework/Versions/A/AudioToolbox
0x000000000ad86000 	/System/Library/Frameworks/AudioUnit.framework/Versions/A/AudioUnit
0x000000000ad86000 	/System/Library/PrivateFrameworks/DataDetectorsCore.framework/Versions/A/DataDetectorsCore
0x000000000ad86000 	/System/Library/PrivateFrameworks/DesktopServicesPriv.framework/Versions/A/DesktopServicesPriv
0x000000000ad86000 	/System/Library/Frameworks/Carbon.framework/Versions/A/Frameworks/HIToolbox.framework/Versions/A/HIToolbox
0x000000000ad86000 	/System/Library/Frameworks/QuartzCore.framework/Versions/A/QuartzCore
0x000000000ad86000 	/System/Library/Frameworks/Carbon.framework/Versions/A/Frameworks/SpeechRecognition.framework/Versions/A/SpeechRecognition
0x000000000ad86000 	/usr/lib/libauto.dylib
0x000000000ad86000 	/usr/lib/libicucore.A.dylib
0x000000000ad86000 	/usr/lib/libxml2.2.dylib
0x000000000ad86000 	/System/Library/PrivateFrameworks/CoreUI.framework/Versions/A/CoreUI
0x000000000ad86000 	/System/Library/Frameworks/CoreAudio.framework/Versions/A/CoreAudio
0x000000000ad86000 	/System/Library/Frameworks/DiskArbitration.framework/Versions/A/DiskArbitration
0x000000000ad86000 	/usr/lib/liblangid.dylib
0x000000000ad86000 	/System/Library/PrivateFrameworks/MultitouchSupport.framework/Versions/A/MultitouchSupport
0x000000000ad86000 	/System/Library/Frameworks/IOKit.framework/Versions/A/IOKit
0x000000000ad86000 	/usr/lib/libDiagnosticMessagesClient.dylib
0x000000000ad86000 	/System/Library/Frameworks/CoreServices.framework/Versions/A/CoreServices
0x000000000ad86000 	/System/Library/PrivateFrameworks/PerformanceAnalysis.framework/Versions/A/PerformanceAnalysis
0x000000000ad86000 	/System/Library/PrivateFrameworks/GenerationalStorage.framework/Versions/A/GenerationalStorage
0x000000000ad86000 	/System/Library/Frameworks/OpenGL.framework/Versions/A/OpenGL
0x000000000ad86000 	/System/Library/PrivateFrameworks/Sharing.framework/Versions/A/Sharing
0x000000000ad86000 	/System/Library/Frameworks/CoreGraphics.framework/Versions/A/CoreGraphics
0x000000000ad86000 	/System/Library/Frameworks/CoreImage.framework/Versions/A/CoreImage
0x000000000ad86000 	/System/Library/Frameworks/CoreText.framework/Versions/A/CoreText
0x000000000ad86000 	/System/Library/Frameworks/ImageIO.framework/Versions/A/ImageIO
0x000000000ad86000 	/System/Library/PrivateFrameworks/Backup.framework/Versions/A/Backup
0x000000000ad86000 	/usr/lib/libextension.dylib
0x000000000ad86000 	/usr/lib/libarchive.2.dylib
0x000000000ad86000 	/System/Library/Frameworks/CFNetwork.framework/Versions/A/CFNetwork
0x000000000ad86000 	/System/Library/Frameworks/SystemConfiguration.framework/Versions/A/SystemConfiguration
0x000000000ad86000 	/usr/lib/libCRFSuite.dylib
0x000000000ad86000 	/usr/lib/libc++.1.dylib
0x000000000ad86000 	/usr/lib/libc++abi.dylib
0x000000000ad86000 	/usr/lib/system/libcache.dylib
0x000000000ad86000 	/usr/lib/system/libcommonCrypto.dylib
0x000000000ad86000 	/usr/lib/system/libcompiler_rt.dylib
0x000000000ad86000 	/usr/lib/system/libcopyfile.dylib
0x000000000ad86000 	/usr/lib/system/libcorecrypto.dylib
0x000000000ad86000 	/usr/lib/system/libdispatch.dylib
0x000000000ad86000 	/usr/lib/system/libdyld.dylib
0x000000000ad86000 	/usr/lib/system/libkeymgr.dylib
0x000000000ad86000 	/usr/lib/system/liblaunch.dylib
0x000000000ad86000 	/usr/lib/system/libmacho.dylib
0x000000000ad86000 	/usr/lib/system/libquarantine.dylib
0x000000000ad86000 	/usr/lib/system/libremovefile.dylib
0x000000000ad86000 	/usr/lib/system/libsystem_asl.dylib
0x000000000ad86000 	/usr/lib/system/libsystem_blocks.dylib
0x000000000ad86000 	/usr/lib/system/libsystem_c.dylib
0x000000000ad86000 	/usr/lib/system/libsystem_configuration.dylib
0x000000000ad86000 	/usr/lib/system/libsystem_coreservices.dylib
0x000000000ad86000 	/usr/lib/system/libsystem_coretls.dylib
0x000000000ad86000 	/usr/lib/system/libsystem_dnssd.dylib
0x000000000ad86000 	/usr/lib/system/libsystem_info.dylib
0x000000000ad86000 	/usr/lib/system/libsystem_kernel.dylib
0x000000000ad86000 	/usr/lib/system/libsystem_m.dylib
0x000000000ad86000 	/usr/lib/system/libsystem_malloc.dylib
0x000000000ad86000 	/usr/lib/system/libsystem_network.dylib
0x000000000ad86000 	/usr/lib/system/libsystem_networkextension.dylib
0x000000000ad86000 	/usr/lib/system/libsystem_notify.dylib
0x000000000ad86000 	/usr/lib/system/libsystem_platform.dylib
0x000000000ad86000 	/usr/lib/system/libsystem_pthread.dylib
0x000000000ad86000 	/usr/lib/system/libsystem_sandbox.dylib
0x000000000ad86000 	/usr/lib/system/libsystem_secinit.dylib
0x000000000ad86000 	/usr/lib/system/libsystem_trace.dylib
0x000000000ad86000 	/usr/lib/system/libunc.dylib
0x000000000ad86000 	/usr/lib/system/libunwind.dylib
0x000000000ad86000 	/usr/lib/system/libxpc.dylib
0x000000000ad86000 	/usr/lib/libenergytrace.dylib
0x000000000ad86000 	/usr/lib/libbsm.0.dylib
0x000000000ad86000 	/usr/lib/system/libkxld.dylib
0x000000000ad86000 	/usr/lib/libxar.1.dylib
0x000000000ad86000 	/usr/lib/libsqlite3.dylib
0x000000000ad86000 	/usr/lib/libpam.2.dylib
0x000000000ad86000 	/usr/lib/libOpenScriptingUtil.dylib
0x000000000ad86000 	/usr/lib/libbz2.1.0.dylib
0x000000000ad86000 	/usr/lib/liblzma.5.dylib
0x000000000ad86000 	/System/Library/Frameworks/CoreServices.framework/Versions/A/Frameworks/FSEvents.framework/Versions/A/FSEvents
0x000000000ad86000 	/System/Library/Frameworks/CoreServices.framework/Versions/A/Frameworks/CarbonCore.framework/Versions/A/CarbonCore
0x000000000ad86000 	/System/Library/Frameworks/CoreServices.framework/Versions/A/Frameworks/Metadata.framework/Versions/A/Metadata
0x000000000ad86000 	/System/Library/Frameworks/CoreServices.framework/Versions/A/Frameworks/OSServices.framework/Versions/A/OSServices
0x000000000ad86000 	/System/Library/Frameworks/CoreServices.framework/Versions/A/Frameworks/SearchKit.framework/Versions/A/SearchKit
0x000000000ad86000 	/System/Library/Frameworks/CoreServices.framework/Versions/A/Frameworks/AE.framework/Versions/A/AE
0x000000000ad86000 	/System/Library/Frameworks/CoreServices.framework/Versions/A/Frameworks/LaunchServices.framework/Versions/A/LaunchServices
0x000000000ad86000 	/System/Library/Frameworks/CoreServices.framework/Versions/A/Frameworks/DictionaryServices.framework/Versions/A/DictionaryServices
0x000000000ad86000 	/System/Library/Frameworks/CoreServices.framework/Versions/A/Frameworks/SharedFileList.framework/Versions/A/SharedFileList
0x000000000ad86000 	/System/Library/Frameworks/NetFS.framework/Versions/A/NetFS
0x000000000ad86000 	/System/Library/PrivateFrameworks/NetAuth.framework/Versions/A/NetAuth
0x000000000ad86000 	/System/Library/PrivateFrameworks/login.framework/Versions/A/Frameworks/loginsupport.framework/Versions/A/loginsupport
0x000000000ad86000 	/System/Library/PrivateFrameworks/TCC.framework/Versions/A/TCC
0x000000000ad86000 	/usr/lib/libmecabra.dylib
0x000000000ad86000 	/System/Library/Frameworks/ApplicationServices.framework/Versions/A/Frameworks/ATS.framework/Versions/A/ATS
0x000000000ad86000 	/System/Library/Frameworks/ApplicationServices.framework/Versions/A/Frameworks/ColorSync.framework/Versions/A/ColorSync
0x000000000ad86000 	/System/Library/Frameworks/ApplicationServices.framework/Versions/A/Frameworks/HIServices.framework/Versions/A/HIServices
0x000000000ad86000 	/System/Library/Frameworks/ApplicationServices.framework/Versions/A/Frameworks/LangAnalysis.framework/Versions/A/LangAnalysis
0x000000000ad86000 	/System/Library/Frameworks/ApplicationServices.framework/Versions/A/Frameworks/PrintCore.framework/Versions/A/PrintCore
0x000000000ad86000 	/System/Library/Frameworks/ApplicationServices.framework/Versions/A/Frameworks/QD.framework/Versions/A/QD
0x000000000ad86000 	/System/Library/Frameworks/ApplicationServices.framework/Versions/A/Frameworks/SpeechSynthesis.framework/Versions/A/SpeechSynthesis
0x000000000ad86000 	/System/Library/Frameworks/Metal.framework/Versions/A/Metal
0x000000000ad86000 	/System/Library/Frameworks/Accelerate.framework/Versions/A/Frameworks/vImage.framework/Versions/A/vImage
0x000000000ad86000 	/System/Library/Frameworks/Accelerate.framework/Versions/A/Frameworks/vecLib.framework/Versions/A/vecLib
0x000000000ad86000 	/System/Library/Frameworks/Accelerate.framework/Versions/A/Frameworks/vecLib.framework/Versions/A/libvDSP.dylib
0x000000000ad86000 	/System/Library/Frameworks/Accelerate.framework/Versions/A/Frameworks/vecLib.framework/Versions/A/libvMisc.dylib
0x000000000ad86000 	/System/Library/Frameworks/Accelerate.framework/Versions/A/Frameworks/vecLib.framework/Versions/A/libLAPACK.dylib
0x000000000ad86000 	/System/Library/Frameworks/Accelerate.framework/Versions/A/Frameworks/vecLib.framework/Versions/A/libBLAS.dylib
0x000000000ad86000 	/System/Library/Frameworks/Accelerate.framework/Versions/A/Frameworks/vecLib.framework/Versions/A/libLinearAlgebra.dylib
0x000000000ad86000 	/System/Library/Frameworks/Accelerate.framework/Versions/A/Frameworks/vecLib.framework/Versions/A/libSparseBLAS.dylib
0x000000000ad86000 	/System/Library/PrivateFrameworks/GPUCompiler.framework/libmetal_timestamp.dylib
0x000000000ad86000 	/System/Library/Frameworks/OpenGL.framework/Versions/A/Libraries/libCoreFSCache.dylib
0x000000000ad86000 	/System/Library/PrivateFrameworks/IOAccelerator.framework/Versions/A/IOAccelerator
0x000000000ad86000 	/System/Library/Frameworks/ApplicationServices.framework/Versions/A/Frameworks/ATS.framework/Versions/A/Resources/libFontParser.dylib
0x000000000ad86000 	/System/Library/Frameworks/ApplicationServices.framework/Versions/A/Frameworks/ATS.framework/Versions/A/Resources/libFontRegistry.dylib
0x000000000ad86000 	/System/Library/PrivateFrameworks/AppleVPA.framework/Versions/A/AppleVPA
0x000000000ad86000 	/System/Library/PrivateFrameworks/AppleJPEG.framework/Versions/A/AppleJPEG
0x000000000ad86000 	/System/Library/Frameworks/ImageIO.framework/Versions/A/Resources/libJPEG.dylib
0x000000000ad86000 	/System/Library/Frameworks/ImageIO.framework/Versions/A/Resources/libTIFF.dylib
0x000000000ad86000 	/System/Library/Frameworks/ImageIO.framework/Versions/A/Resources/libPng.dylib
0x000000000ad86000 	/System/Library/Frameworks/ImageIO.framework/Versions/A/Resources/libGIF.dylib
0x000000000ad86000 	/System/Library/Frameworks/ImageIO.framework/Versions/A/Resources/libJP2.dylib
0x000000000ad86000 	/System/Library/Frameworks/ImageIO.framework/Versions/A/Resources/libRadiance.dylib
0x000000000ad86000 	/System/Library/Frameworks/CoreVideo.framework/Versions/A/CoreVideo
0x000000000ad86000 	/System/Library/Frameworks/OpenGL.framework/Versions/A/Libraries/libGLU.dylib
0x000000000ad86000 	/System/Library/Frameworks/OpenGL.framework/Versions/A/Libraries/libGFXShared.dylib
0x000000000ad86000 	/System/Library/Frameworks/OpenGL.framework/Versions/A/Libraries/libGL.dylib
0x000000000ad86000 	/System/Library/Frameworks/OpenGL.framework/Versions/A/Libraries/libGLImage.dylib
0x000000000ad86000 	/System/Library/Frameworks/OpenGL.framework/Versions/A/Libraries/libCVMSPluginSupport.dylib
0x000000000ad86000 	/System/Library/Frameworks/OpenGL.framework/Versions/A/Libraries/libCoreVMClient.dylib
0x000000000ad86000 	/usr/lib/libcompression.dylib
0x000000000ad86000 	/usr/lib/libcups.2.dylib
0x000000000ad86000 	/System/Library/Frameworks/Kerberos.framework/Versions/A/Kerberos
0x000000000ad86000 	/System/Library/Frameworks/GSS.framework/Versions/A/GSS
0x000000000ad86000 	/usr/lib/libresolv.9.dylib
0x000000000ad86000 	/usr/lib/libiconv.2.dylib
0x000000000ad86000 	/System/Library/PrivateFrameworks/Heimdal.framework/Versions/A/Heimdal
0x000000000ad86000 	/usr/lib/libheimdal-asn1.dylib
0x000000000ad86000 	/System/Library/Frameworks/OpenDirectory.framework/Versions/A/OpenDirectory
0x000000000ad86000 	/System/Library/PrivateFrameworks/CommonAuth.framework/Versions/A/CommonAuth
0x000000000ad86000 	/System/Library/Frameworks/OpenDirectory.framework/Versions/A/Frameworks/CFOpenDirectory.framework/Versions/A/CFOpenDirectory
0x000000000ad86000 	/System/Library/Frameworks/SecurityFoundation.framework/Versions/A/SecurityFoundation
0x000000000ad86000 	/System/Library/PrivateFrameworks/LanguageModeling.framework/Versions/A/LanguageModeling
0x000000000ad86000 	/usr/lib/libmarisa.dylib
0x000000000ad86000 	/usr/lib/libChineseTokenizer.dylib
0x000000000ad86000 	/usr/lib/libcmph.dylib
0x000000000ad86000 	/System/Library/Frameworks/ServiceManagement.framework/Versions/A/ServiceManagement
0x000000000ad86000 	/usr/lib/libxslt.1.dylib
0x000000000ad86000 	/System/Library/Frameworks/Carbon.framework/Versions/A/Frameworks/Ink.framework/Versions/A/Ink
0x000000000ad86000 	/usr/lib/libFosl_dynamic.dylib
0x000000000ad86000 	/System/Library/PrivateFrameworks/FaceCore.framework/Versions/A/FaceCore
0x000000000ad86000 	/System/Library/Frameworks/OpenCL.framework/Versions/A/OpenCL
0x000000000ad86000 	/System/Library/PrivateFrameworks/CrashReporterSupport.framework/Versions/A/CrashReporterSupport
0x000000000ad86000 	/System/Library/PrivateFrameworks/IconServices.framework/Versions/A/IconServices
0x000000000ad86000 	/System/Library/PrivateFrameworks/Apple80211.framework/Versions/A/Apple80211
0x000000000ad86000 	/System/Library/Frameworks/CoreWLAN.framework/Versions/A/CoreWLAN
0x000000000ad86000 	/System/Library/Frameworks/IOBluetooth.framework/Versions/A/IOBluetooth
0x000000000ad86000 	/System/Library/PrivateFrameworks/CoreWiFi.framework/Versions/A/CoreWiFi
0x000000000ad86000 	/System/Library/Frameworks/CoreBluetooth.framework/Versions/A/CoreBluetooth
0x000000000ad86000 	/System/Library/PrivateFrameworks/ChunkingLibrary.framework/Versions/A/ChunkingLibrary
0x000000000ad86000 	/System/Library/PrivateFrameworks/DebugSymbols.framework/Versions/A/DebugSymbols
0x000000000ad86000 	/System/Library/PrivateFrameworks/CoreSymbolication.framework/Versions/A/CoreSymbolication
0x000000000ad86000 	/System/Library/PrivateFrameworks/Symbolication.framework/Versions/A/Symbolication
0x000000000ad86000 	/System/Library/PrivateFrameworks/SpeechRecognitionCore.framework/Versions/A/SpeechRecognitionCore
0x000000010ee00000 	/Library/Java/JavaVirtualMachines/jdk1.8.0_111.jdk/Contents/Home/jre/lib/server/libjvm.dylib
0x000000000ad86000 	/usr/lib/libstdc++.6.dylib
0x000000010e5ab000 	/Library/Java/JavaVirtualMachines/jdk1.8.0_111.jdk/Contents/Home/jre/lib/libverify.dylib
0x000000010e5b9000 	/Library/Java/JavaVirtualMachines/jdk1.8.0_111.jdk/Contents/Home/jre/lib/libjava.dylib
0x000000010fda1000 	/Library/Java/JavaVirtualMachines/jdk1.8.0_111.jdk/Contents/Home/jre/lib/libzip.dylib
0x000000012570d000 	/System/Library/Frameworks/JavaVM.framework/Frameworks/JavaRuntimeSupport.framework/JavaRuntimeSupport
0x0000000125728000 	/System/Library/Frameworks/JavaVM.framework/Versions/A/Frameworks/JavaNativeFoundation.framework/Versions/A/JavaNativeFoundation
0x000000012573d000 	/System/Library/Frameworks/JavaVM.framework/Versions/A/JavaVM
0x000000000ad86000 	/System/Library/Frameworks/Carbon.framework/Versions/A/Carbon
0x000000012574a000 	/System/Library/PrivateFrameworks/JavaLaunching.framework/Versions/A/JavaLaunching
0x000000000ad86000 	/System/Library/Frameworks/Carbon.framework/Versions/A/Frameworks/CommonPanels.framework/Versions/A/CommonPanels
0x000000000ad86000 	/System/Library/Frameworks/Carbon.framework/Versions/A/Frameworks/Help.framework/Versions/A/Help
0x000000000ad86000 	/System/Library/Frameworks/Carbon.framework/Versions/A/Frameworks/ImageCapture.framework/Versions/A/ImageCapture
0x000000000ad86000 	/System/Library/Frameworks/Carbon.framework/Versions/A/Frameworks/OpenScripting.framework/Versions/A/OpenScripting
0x000000000ad86000 	/System/Library/Frameworks/Carbon.framework/Versions/A/Frameworks/Print.framework/Versions/A/Print
0x000000000ad86000 	/System/Library/Frameworks/Carbon.framework/Versions/A/Frameworks/SecurityHI.framework/Versions/A/SecurityHI
0x00000001270a2000 	/Library/Java/JavaVirtualMachines/jdk1.8.0_111.jdk/Contents/Home/jre/lib/libawt.dylib
0x000000012714a000 	/Library/Java/JavaVirtualMachines/jdk1.8.0_111.jdk/Contents/Home/jre/lib/./libmlib_image.dylib
0x0000000127216000 	/Library/Java/JavaVirtualMachines/jdk1.8.0_111.jdk/Contents/Home/jre/lib/libawt_lwawt.dylib
0x00000001272cb000 	/Library/Java/JavaVirtualMachines/jdk1.8.0_111.jdk/Contents/Home/jre/lib/./libosxapp.dylib
0x000000000ad86000 	/System/Library/Frameworks/ExceptionHandling.framework/Versions/A/ExceptionHandling
0x000000000ad86000 	/System/Library/PrivateFrameworks/CoreServicesInternal.framework/Versions/A/CoreServicesInternal
0x000000000ad86000 	/System/Library/Frameworks/CoreGraphics.framework/Versions/A/Resources/libRIP.A.dylib
0x000000000ad86000 	/System/Library/Frameworks/Accelerate.framework/Versions/A/Frameworks/vImage.framework/Versions/A/Libraries/libCGInterfaces.dylib
0x000000000ad86000 	/System/Library/Frameworks/CoreGraphics.framework/Versions/A/Resources/libCGXType.A.dylib
0x000000000ad86000 	/System/Library/Frameworks/OpenCL.framework/Versions/A/Libraries/libcldcpuengine.dylib
0x000000000ad86000 	/System/Library/PrivateFrameworks/DiskImages.framework/Versions/A/DiskImages
0x000000000ad86000 	/System/Library/Frameworks/DiscRecording.framework/Versions/A/DiscRecording
0x000000000ad86000 	/usr/lib/libcsfde.dylib
0x000000000ad86000 	/usr/lib/libcurl.4.dylib
0x000000000ad86000 	/System/Library/PrivateFrameworks/MediaKit.framework/Versions/A/MediaKit
0x000000000ad86000 	/System/Library/PrivateFrameworks/ProtectedCloudStorage.framework/Versions/A/ProtectedCloudStorage
0x000000000ad86000 	/usr/lib/libCoreStorage.dylib
0x000000000ad86000 	/System/Library/PrivateFrameworks/EFILogin.framework/Versions/A/EFILogin
0x000000000ad86000 	/usr/lib/libutil.dylib
0x000000000ad86000 	/System/Library/PrivateFrameworks/FindMyDevice.framework/Versions/A/FindMyDevice
0x000000000ad86000 	/System/Library/Frameworks/LDAP.framework/Versions/A/LDAP
0x000000000ad86000 	/usr/lib/libsasl2.2.dylib
0x000000000ad86000 	/System/Library/PrivateFrameworks/CoreDaemon.framework/Versions/B/CoreDaemon
0x000000000ad86000 	/usr/lib/libcrypto.0.9.8.dylib
0x000000000ad86000 	/System/Library/PrivateFrameworks/AppleSRP.framework/Versions/A/AppleSRP
0x000000000ad86000 	/System/Library/PrivateFrameworks/TrustEvaluationAgent.framework/Versions/A/TrustEvaluationAgent
0x0000000128f1c000 	cl_kernels
0x000000000ad86000 	/System/Library/Frameworks/OpenCL.framework/Versions/A/Libraries/ImageFormats/unorm8_bgra.dylib
0x000000000ad86000 	/System/Library/Frameworks/OpenCL.framework/Versions/A/Libraries/ImageFormats/unorm8_rgba.dylib
0x000000000ad86000 	/System/Library/PrivateFrameworks/FamilyControls.framework/Versions/A/FamilyControls
0x000000000ad86000 	/System/Library/PrivateFrameworks/CommerceKit.framework/Versions/A/Frameworks/CommerceCore.framework/Versions/A/CommerceCore
0x000000000ad86000 	/System/Library/PrivateFrameworks/SystemAdministration.framework/Versions/A/SystemAdministration
0x000000000ad86000 	/System/Library/PrivateFrameworks/AppContainer.framework/Versions/A/AppContainer
0x000000000ad86000 	/System/Library/PrivateFrameworks/SecCodeWrapper.framework/Versions/A/SecCodeWrapper
0x000000000ad86000 	/System/Library/Frameworks/DirectoryService.framework/Versions/A/DirectoryService
0x000000000ad86000 	/System/Library/PrivateFrameworks/LoginUIKit.framework/Versions/A/Frameworks/LoginUICore.framework/Versions/A/LoginUICore
0x000000000ad86000 	/usr/lib/libodfde.dylib
0x000000000ad86000 	/System/Library/Frameworks/OpenGL.framework/Versions/A/Resources/GLEngine.bundle/GLEngine
0x000000000ad86000 	/System/Library/Frameworks/OpenGL.framework/Versions/A/Libraries/libGLProgrammability.dylib
0x000000012a01a000 	/System/Library/Extensions/AppleIntelBDWGraphicsGLDriver.bundle/Contents/MacOS/AppleIntelBDWGraphicsGLDriver
0x000000000ad86000 	/System/Library/PrivateFrameworks/GPUSupport.framework/Versions/A/Libraries/libGPUSupportMercury.dylib
0x000000000ad86000 	/System/Library/Frameworks/OpenGL.framework/Versions/A/Resources/GLRendererFloat.bundle/GLRendererFloat
0x000000012af9c000 	/Library/Java/JavaVirtualMachines/jdk1.8.0_111.jdk/Contents/Home/jre/lib/libfontmanager.dylib
0x000000012c464000 	/Library/Java/JavaVirtualMachines/jdk1.8.0_111.jdk/Contents/Home/jre/lib/libosxui.dylib
0x000000012cf70000 	/Library/Java/JavaVirtualMachines/jdk1.8.0_111.jdk/Contents/Home/jre/lib/libnet.dylib
0x000000012d170000 	/Library/Java/JavaVirtualMachines/jdk1.8.0_111.jdk/Contents/Home/jre/lib/libnio.dylib
0x000000000ad86000 	/System/Library/Frameworks/ApplicationServices.framework/Versions/A/Frameworks/ATS.framework/Versions/A/Resources/libTrueTypeScaler.dylib
0x000000017e2bc000 	/System/Library/Extensions/AppleIntelBDWGraphicsMTLDriver.bundle/Contents/MacOS/AppleIntelBDWGraphicsMTLDriver
0x000000012c1eb000 	/private/var/folders/52/pd9n1grn4_55dn11fg2xx6m40000gn/T/jogamp_0000/file_cache/jln1890423180374324251/jln4067363118472523658/libgluegen-rt.jnilib
0x000000012cf92000 	/private/var/folders/52/pd9n1grn4_55dn11fg2xx6m40000gn/T/jogamp_0000/file_cache/jln1890423180374324251/jln4067363118472523658/libnativewindow_awt.jnilib
0x000000017e143000 	/Library/Java/JavaVirtualMachines/jdk1.8.0_111.jdk/Contents/Home/jre/lib/libjawt.dylib
0x000000017e146000 	/private/var/folders/52/pd9n1grn4_55dn11fg2xx6m40000gn/T/jogamp_0000/file_cache/jln1890423180374324251/jln4067363118472523658/libnativewindow_macosx.jnilib
0x000000018356d000 	/private/var/folders/52/pd9n1grn4_55dn11fg2xx6m40000gn/T/jogamp_0000/file_cache/jln1890423180374324251/jln4067363118472523658/libjogl_desktop.jnilib
0x0000000128d05000 	/Library/Java/JavaVirtualMachines/jdk1.8.0_111.jdk/Contents/Home/jre/lib/libt2k.dylib

VM Arguments:
jvm_args: -Djava.security.policy=java.policy.applet -Dfile.encoding=UTF-8 
java_command: sun.applet.AppletViewer module4.EarthquakeCityMap1495318902476.html
java_class_path (initial): /Users/dhruvsawhney/Documents/workspace/UCSDUnfoldingMaps/build:/Users/dhruvsawhney/Documents/workspace/UCSDUnfoldingMaps/lib/core.jar:/Users/dhruvsawhney/Documents/workspace/UCSDUnfoldingMaps/lib/gluegen-rt.jar:/Users/dhruvsawhney/Documents/workspace/UCSDUnfoldingMaps/lib/jogl-all.jar:/Users/dhruvsawhney/Documents/workspace/UCSDUnfoldingMaps/lib/log4j-1.2.15.jar:/Users/dhruvsawhney/Documents/workspace/UCSDUnfoldingMaps/lib/sqlite-jdbc-3.7.2.jar:/Users/dhruvsawhney/Documents/workspace/UCSDUnfoldingMaps/lib/json4processing.jar:/Users/dhruvsawhney/Documents/workspace/UCSDUnfoldingMaps/lib/libTUIO.jar:/Users/dhruvsawhney/Documents/workspace/UCSDUnfoldingMaps/lib/unfolding.0.9.7-uscd.jar
Launcher Type: SUN_STANDARD

Environment Variables:
PATH=/usr/bin:/bin:/usr/sbin:/sbin
SHELL=/bin/bash
DISPLAY=/private/tmp/com.apple.launchd.TplqWvYJlD/org.macosforge.xquartz:0

Signal Handlers:
SIGSEGV: [libjvm.dylib+0x5b03ed], sa_mask[0]=11111111011111110111111111111111, sa_flags=SA_ONSTACK|SA_RESTART|SA_SIGINFO
SIGBUS: [libjvm.dylib+0x5b03ed], sa_mask[0]=11111111011111110111111111111111, sa_flags=SA_RESTART|SA_SIGINFO
SIGFPE: [libjvm.dylib+0x48711c], sa_mask[0]=11111111011111110111111111111111, sa_flags=SA_RESTART|SA_SIGINFO
SIGPIPE: [libjvm.dylib+0x48711c], sa_mask[0]=11111111011111110111111111111111, sa_flags=SA_RESTART|SA_SIGINFO
SIGXFSZ: [libjvm.dylib+0x48711c], sa_mask[0]=11111111011111110111111111111111, sa_flags=SA_RESTART|SA_SIGINFO
SIGILL: [libjvm.dylib+0x48711c], sa_mask[0]=11111111011111110111111111111111, sa_flags=SA_RESTART|SA_SIGINFO
SIGUSR1: SIG_DFL, sa_mask[0]=00000000000000000000000000000000, sa_flags=none
SIGUSR2: [libjvm.dylib+0x486c3a], sa_mask[0]=00100000000000000000000000000000, sa_flags=SA_RESTART|SA_SIGINFO
SIGHUP: [libjvm.dylib+0x485211], sa_mask[0]=11111111011111110111111111111111, sa_flags=SA_RESTART|SA_SIGINFO
SIGINT: [libjvm.dylib+0x485211], sa_mask[0]=11111111011111110111111111111111, sa_flags=SA_RESTART|SA_SIGINFO
SIGTERM: [libjvm.dylib+0x485211], sa_mask[0]=11111111011111110111111111111111, sa_flags=SA_RESTART|SA_SIGINFO
SIGQUIT: [libjvm.dylib+0x485211], sa_mask[0]=11111111011111110111111111111111, sa_flags=SA_RESTART|SA_SIGINFO


---------------  S Y S T E M  ---------------

OS:Bsduname:Darwin 15.6.0 Darwin Kernel Version 15.6.0: Thu Sep  1 15:01:16 PDT 2016; root:xnu-3248.60.11~2/RELEASE_X86_64 x86_64
rlimit: STACK 8192k, CORE 0k, NPROC 709, NOFILE 10240, AS infinity
load average:3.50 2.71 2.34

CPU:total 4 (2 cores per cpu, 2 threads per core) family 6 model 61 stepping 4, cmov, cx8, fxsr, mmx, sse, sse2, sse3, ssse3, sse4.1, sse4.2, popcnt, avx, avx2, aes, clmul, erms, 3dnowpref, lzcnt, ht, tsc, tscinvbit, bmi1, bmi2, adx

Memory: 4k page, physical 8388608k(491788k free)

/proc/meminfo:


vm_info: Java HotSpot(TM) 64-Bit Server VM (25.111-b14) for bsd-amd64 JRE (1.8.0_111-b14), built on Sep 22 2016 15:31:41 by "java_re" with gcc 4.2.1 (Based on Apple Inc. build 5658) (LLVM build 2336.11.00)

time: Sat May 20 15:22:55 2017
elapsed time: 73 seconds (0d 0h 1m 13s)

