#
# A fatal error has been detected by the Java Runtime Environment:
#
#  SIGSEGV (0xb) at pc=0x00007fffa11ca4dd, pid=5732, tid=0x0000000000000a0b
#
# JRE version: Java(TM) SE Runtime Environment (8.0_111-b14) (build 1.8.0_111-b14)
# Java VM: Java HotSpot(TM) 64-Bit Server VM (25.111-b14 mixed mode bsd-amd64 compressed oops)
# Problematic frame:
# C  [libobjc.A.dylib+0x14dd]  objc_msgSend+0x1d
#
# Failed to write core dump. Core dumps have been disabled. To enable core dumping, try "ulimit -c unlimited" before starting Java again
#
# If you would like to submit a bug report, please visit:
#   http://bugreport.java.com/bugreport/crash.jsp
# The crash happened outside the Java Virtual Machine in native code.
# See problematic frame for where to report the bug.
#

---------------  T H R E A D  ---------------

Current thread (0x00007f87f38fd000):  JavaThread "AWT-AppKit" daemon [_thread_in_native, id=2571, stack(0x00007fff580e6000,0x00007fff588e6000)]

siginfo: si_signo: 11 (SIGSEGV), si_code: 1 (SEGV_MAPERR), si_addr: 0x0000000000000018

Registers:
RAX=0x00007f87f80a2570, RBX=0x0000000177211450, RCX=0x00000001214c1fc0, RDX=0x000000012130d620
RSP=0x00007fff588e13e8, RBP=0x00007fff588e14a0, RSI=0x00007fff9e274cbe, RDI=0x00007f87f3537ce0
R8 =0x0000000000000000, R9 =0x00000000000008b0, R10=0x00007fff9e274cbe, R11=0x0000000000000000
R12=0x0000000000000000, R13=0x000000017cf75918, R14=0x0000000177211440, R15=0x00007f87f38fd000
RIP=0x00007fffa11ca4dd, EFLAGS=0x0000000000010246, ERR=0x0000000000000004
  TRAPNO=0x000000000000000e

Top of Stack: (sp=0x00007fff588e13e8)
0x00007fff588e13e8:   000000017720f157 00007fff588e1440
0x00007fff588e13f8:   0000000000000003 00007fff588e1420
0x00007fff588e1408:   0000000107ff27be 000000017cf75918
0x00007fff588e1418:   000000017cf75918 00007f87f80a2570
0x00007fff588e1428:   00000001772116a0 0000000177211710
0x00007fff588e1438:   00007fff7f08f770 00007fff7bee2500
0x00007fff588e1448:   0000000177211450 0000000177211690
0x00007fff588e1458:   00007f87f80a2570 00007f87f3537ce0
0x00007fff588e1468:   00007f87f343f020 00007f87f80a2570
0x00007fff588e1478:   00007f87f3537ce0 00007fff588e1528
0x00007fff588e1488:   00007f87f38fd1f8 000000017cf75918
0x00007fff588e1498:   00007fff588e1550 00007fff588e1518
0x00007fff588e14a8:   0000000108db89f4 000000017cf75918
0x00007fff588e14b8:   00007fff588e1550 00007fff588e1518
0x00007fff588e14c8:   0000000108db8787 0000000108db8742
0x00007fff588e14d8:   00007fff588e14d8 000000017cf75918
0x00007fff588e14e8:   00007fff588e1550 000000017cf78550
0x00007fff588e14f8:   0000000000000000 000000017cf75918
0x00007fff588e1508:   0000000000000000 00007fff588e1538
0x00007fff588e1518:   00007fff588e1598 0000000108da92bd
0x00007fff588e1528:   000000074045b760 0000000108db2538
0x00007fff588e1538:   00007f87f80a2570 00007fff588e1598
0x00007fff588e1548:   00007f87f3537ce0 0000000108db3e02
0x00007fff588e1558:   00007fff588e1558 000000017cf75ae2
0x00007fff588e1568:   00007fff588e15c0 000000017cf78550
0x00007fff588e1578:   0000000000000000 000000017cf75af0
0x00007fff588e1588:   00007fff588e1538 00007fff588e15a8
0x00007fff588e1598:   00007fff588e1608 0000000108da92bd
0x00007fff588e15a8:   00007f87f80a2570 00000007404397b8
0x00007fff588e15b8:   00007f87f3537ce0 00000007404397b8
0x00007fff588e15c8:   00007fff588e15c8 000000017edc84ee
0x00007fff588e15d8:   00007fff588e1618 000000017edc85a8 

Instructions: (pc=0x00007fffa11ca4dd)
0x00007fffa11ca4bd:   44 00 00 48 85 ff 2e 74 62 40 f6 c7 01 2e 75 66
0x00007fffa11ca4cd:   49 bb f8 ff ff ff ff 7f 00 00 4c 23 1f 49 89 f2
0x00007fffa11ca4dd:   45 23 53 18 49 c1 e2 04 4d 03 53 10 49 3b 32 75
0x00007fffa11ca4ed:   04 41 ff 62 08 49 83 3a 01 76 0d 49 83 c2 10 49 

Register to memory mapping:

RAX=0x00007f87f80a2570 is an unknown value
RBX=0x0000000177211450: Java_jogamp_nativewindow_macosx_OSXUtil_GetScreenRefreshRate0+0x1cf0 in /private/var/folders/52/pd9n1grn4_55dn11fg2xx6m40000gn/T/jogamp_0000/file_cache/jln6740901573677588913/jln8494609258857370858/libnativewindow_macosx.jnilib at 0x000000017720a000
RCX=0x00000001214c1fc0 is an unknown value
RDX=0x000000012130d620 is an unknown value
RSP=0x00007fff588e13e8 is pointing into the stack for thread: 0x00007f87f38fd000
RBP=0x00007fff588e14a0 is pointing into the stack for thread: 0x00007f87f38fd000
RSI=0x00007fff9e274cbe is an unknown value
RDI=0x00007f87f3537ce0 is an unknown value
R8 =0x0000000000000000 is an unknown value
R9 =0x00000000000008b0 is an unknown value
R10=0x00007fff9e274cbe is an unknown value
R11=0x0000000000000000 is an unknown value
R12=0x0000000000000000 is an unknown value
R13={method} {0x000000017cf75918} 'UnsetJAWTRootSurfaceLayer0' '(JJ)V' in 'jogamp/nativewindow/jawt/macosx/MacOSXJAWTWindow'
R14=0x0000000177211440: Java_jogamp_nativewindow_macosx_OSXUtil_GetScreenRefreshRate0+0x1ce0 in /private/var/folders/52/pd9n1grn4_55dn11fg2xx6m40000gn/T/jogamp_0000/file_cache/jln6740901573677588913/jln8494609258857370858/libnativewindow_macosx.jnilib at 0x000000017720a000
R15=0x00007f87f38fd000 is a thread


Stack: [0x00007fff580e6000,0x00007fff588e6000],  sp=0x00007fff588e13e8,  free space=8172k
Native frames: (J=compiled Java code, j=interpreted, Vv=VM code, C=native code)
C  [libobjc.A.dylib+0x14dd]  objc_msgSend+0x1d
j  jogamp.nativewindow.jawt.macosx.MacOSXJAWTWindow.UnsetJAWTRootSurfaceLayer0(JJ)V+0
j  jogamp.nativewindow.jawt.macosx.MacOSXJAWTWindow.access$200(JJ)V+2
j  jogamp.nativewindow.jawt.macosx.MacOSXJAWTWindow$1.run()V+38
j  com.jogamp.common.util.RunnableTask.run()V+24
v  ~StubRoutines::call_stub
V  [libjvm.dylib+0x2ecf8a]
V  [libjvm.dylib+0x324119]
V  [libjvm.dylib+0x3168e7]
C  [libnativewindow_macosx.jnilib+0x5326]  Java_jogamp_nativewindow_jawt_macosx_MacOSXJAWTWindow_UnsetJAWTRootSurfaceLayer0+0x2b6
C  [Foundation+0x76fde]  __NSThreadPerformPerform+0x117
C  [CoreFoundation+0xaa7e1]  __CFRUNLOOP_IS_CALLING_OUT_TO_A_SOURCE0_PERFORM_FUNCTION__+0x11
C  [CoreFoundation+0x89e97]  __CFRunLoopDoSources0+0x1a7
C  [CoreFoundation+0x8943f]  __CFRunLoopRun+0x39f
C  [CoreFoundation+0x88e38]  CFRunLoopRunSpecific+0x128
C  [HIToolbox+0x30935]  RunCurrentEventLoopInMode+0xeb
C  [HIToolbox+0x30677]  ReceiveNextEventCommon+0xb8
C  [HIToolbox+0x305af]  _BlockUntilNextEventMatchingListInModeWithFilter+0x47
C  [AppKit+0x48df6]  _DPSNextEvent+0x42b
C  [AppKit+0x48226]  -[NSApplication _nextEventMatchingEventMask:untilDate:inMode:dequeue:]+0x1c6
C  [libosxapp.dylib+0x23aa]  -[NSApplicationAWT nextEventMatchingMask:untilDate:inMode:dequeue:]+0x7c
C  [AppKit+0x3cd80]  -[NSApplication run]+0x2aa
C  [libosxapp.dylib+0x214d]  +[NSApplicationAWT runAWTLoopWithApp:]+0x9c
C  [libawt_lwawt.dylib+0x444b3]  -[AWTStarter starter:]+0x389
C  [Foundation+0x76fde]  __NSThreadPerformPerform+0x117
C  [CoreFoundation+0xaa7e1]  __CFRUNLOOP_IS_CALLING_OUT_TO_A_SOURCE0_PERFORM_FUNCTION__+0x11
C  [CoreFoundation+0x89f1c]  __CFRunLoopDoSources0+0x22c
C  [CoreFoundation+0x8943f]  __CFRunLoopRun+0x39f
C  [CoreFoundation+0x88e38]  CFRunLoopRunSpecific+0x128
C  [java+0x6465]  CreateExecutionEnvironment+0x367
C  [java+0x218c]  JLI_Launch+0x7a0
C  [java+0x84c2]  main+0x65
C  [java+0x19e4]  start+0x34
C  0x0000000000000007

Java frames: (J=compiled Java code, j=interpreted, Vv=VM code)
j  jogamp.nativewindow.jawt.macosx.MacOSXJAWTWindow.UnsetJAWTRootSurfaceLayer0(JJ)V+0
j  jogamp.nativewindow.jawt.macosx.MacOSXJAWTWindow.access$200(JJ)V+2
j  jogamp.nativewindow.jawt.macosx.MacOSXJAWTWindow$1.run()V+38
j  com.jogamp.common.util.RunnableTask.run()V+24
v  ~StubRoutines::call_stub

---------------  P R O C E S S  ---------------

Java Threads: ( => current thread )
  0x00007f87f9a61800 JavaThread "Thread-19" [_thread_blocked, id=22315, stack(0x0000700001a71000,0x0000700001b71000)]
  0x00007f87f4165800 JavaThread "AWT-EventQueue-1" [_thread_in_native, id=58671, stack(0x0000700001868000,0x0000700001968000)]
  0x00007f87f3810000 JavaThread "DestroyJavaVM" [_thread_blocked, id=5891, stack(0x000070000011a000,0x000070000021a000)]
  0x00007f87f4115000 JavaThread "AWT-EventQueue-0" [_thread_blocked, id=56067, stack(0x0000700001662000,0x0000700001762000)]
  0x00007f87f392b000 JavaThread "Java2D Disposer" daemon [_thread_blocked, id=52739, stack(0x00007000013d9000,0x00007000014d9000)]
  0x00007f87f5197000 JavaThread "Java2D Queue Flusher" daemon [_thread_blocked, id=49671, stack(0x00007000012d6000,0x00007000013d6000)]
  0x00007f87f40b9800 JavaThread "AWT-Shutdown" [_thread_blocked, id=29203, stack(0x0000700001150000,0x0000700001250000)]
=>0x00007f87f38fd000 JavaThread "AWT-AppKit" daemon [_thread_in_native, id=2571, stack(0x00007fff580e6000,0x00007fff588e6000)]
  0x00007f87f5051800 JavaThread "Service Thread" daemon [_thread_blocked, id=18691, stack(0x0000700000e44000,0x0000700000f44000)]
  0x00007f87f482a000 JavaThread "C1 CompilerThread2" daemon [_thread_blocked, id=18179, stack(0x0000700000d41000,0x0000700000e41000)]
  0x00007f87f5049000 JavaThread "C2 CompilerThread1" daemon [_thread_blocked, id=17667, stack(0x0000700000c3e000,0x0000700000d3e000)]
  0x00007f87f4826000 JavaThread "C2 CompilerThread0" daemon [_thread_blocked, id=17155, stack(0x0000700000b3b000,0x0000700000c3b000)]
  0x00007f87f4825800 JavaThread "Signal Dispatcher" daemon [_thread_blocked, id=13839, stack(0x0000700000a38000,0x0000700000b38000)]
  0x00007f87f4820800 JavaThread "Finalizer" daemon [_thread_blocked, id=12291, stack(0x000070000082f000,0x000070000092f000)]
  0x00007f87f481e000 JavaThread "Reference Handler" daemon [_thread_blocked, id=11779, stack(0x000070000072c000,0x000070000082c000)]

Other Threads:
  0x00007f87f481b000 VMThread [stack: 0x0000700000629000,0x0000700000729000] [id=11267]
  0x00007f87f4001000 WatcherThread [stack: 0x0000700000f47000,0x0000700001047000] [id=19203]

VM state:not at safepoint (normal execution)

VM Mutex/Monitor currently owned by a thread: None

Heap:
 PSYoungGen      total 67584K, used 35633K [0x0000000795580000, 0x000000079a000000, 0x00000007c0000000)
  eden space 61952K, 57% used [0x0000000795580000,0x00000007978445e8,0x0000000799200000)
  from space 5632K, 0% used [0x0000000799a80000,0x0000000799a88000,0x000000079a000000)
  to   space 7168K, 0% used [0x0000000799200000,0x0000000799200000,0x0000000799900000)
 ParOldGen       total 57344K, used 20923K [0x0000000740000000, 0x0000000743800000, 0x0000000795580000)
  object space 57344K, 36% used [0x0000000740000000,0x000000074146eca0,0x0000000743800000)
 Metaspace       used 24312K, capacity 24537K, committed 24832K, reserved 1071104K
  class space    used 2394K, capacity 2485K, committed 2560K, reserved 1048576K

Card table byte_map: [0x0000000118161000,0x0000000118562000] byte_map_base: 0x0000000114761000

Marking Bits: (ParMarkBitMap*) 0x00000001086efd20
 Begin Bits: [0x000000011880d000, 0x000000011a80d000)
 End Bits:   [0x000000011a80d000, 0x000000011c80d000)

Polling page: 0x00000001075dd000

CodeCache: size=245760Kb used=9554Kb max_used=11467Kb free=236205Kb
 bounds [0x0000000108da1000, 0x00000001098f1000, 0x0000000117da1000]
 total_blobs=3709 nmethods=2785 adapters=837
 compilation: enabled

Compilation events (10 events):
Event: 271.585 Thread 0x00007f87f4826000 nmethod 3389 0x0000000109749950 code [0x0000000109749aa0, 0x0000000109749b58]
Event: 271.586 Thread 0x00007f87f4826000 3390  s    4       sun.misc.URLClassPath::getNextLoader (88 bytes)
Event: 271.586 Thread 0x00007f87f482a000 3391   !   3       sun.misc.URLClassPath$JarLoader::getResource (349 bytes)
Event: 271.595 Thread 0x00007f87f482a000 nmethod 3391 0x00000001096cf090 code [0x00000001096cf500, 0x00000001096d1a58]
Event: 271.595 Thread 0x00007f87f482a000 3392       3       sun.misc.JarIndex::get (49 bytes)
Event: 271.596 Thread 0x00007f87f482a000 nmethod 3392 0x00000001092b9dd0 code [0x00000001092b9fa0, 0x00000001092ba818]
Event: 271.597 Thread 0x00007f87f482a000 3393       3       java.util.Stack::empty (13 bytes)
Event: 271.598 Thread 0x00007f87f482a000 nmethod 3393 0x000000010911df90 code [0x000000010911e100, 0x000000010911e4d0]
Event: 271.602 Thread 0x00007f87f4826000 nmethod 3390 0x0000000109052dd0 code [0x0000000109052f40, 0x00000001090536b8]
Event: 271.627 Thread 0x00007f87f5049000 nmethod 3387 0x0000000109476490 code [0x00000001094766c0, 0x0000000109477ab0]

GC Heap History (10 events):
Event: 238.636 GC heap before
{Heap before GC invocations=31 (full 1):
 PSYoungGen      total 71168K, used 70784K [0x0000000795580000, 0x000000079ab80000, 0x00000007c0000000)
  eden space 70656K, 100% used [0x0000000795580000,0x0000000799a80000,0x0000000799a80000)
  from space 512K, 25% used [0x0000000799c80000,0x0000000799ca0000,0x0000000799d00000)
  to   space 8704K, 0% used [0x000000079a300000,0x000000079a300000,0x000000079ab80000)
 ParOldGen       total 57344K, used 20883K [0x0000000740000000, 0x0000000743800000, 0x0000000795580000)
  object space 57344K, 36% used [0x0000000740000000,0x0000000741464ca0,0x0000000743800000)
 Metaspace       used 24255K, capacity 24473K, committed 24832K, reserved 1071104K
  class space    used 2386K, capacity 2485K, committed 2560K, reserved 1048576K
Event: 238.643 GC heap after
Heap after GC invocations=31 (full 1):
 PSYoungGen      total 75264K, used 64K [0x0000000795580000, 0x000000079a980000, 0x00000007c0000000)
  eden space 68608K, 0% used [0x0000000795580000,0x0000000795580000,0x0000000799880000)
  from space 6656K, 0% used [0x000000079a300000,0x000000079a310000,0x000000079a980000)
  to   space 8704K, 0% used [0x0000000799880000,0x0000000799880000,0x000000079a100000)
 ParOldGen       total 57344K, used 20891K [0x0000000740000000, 0x0000000743800000, 0x0000000795580000)
  object space 57344K, 36% used [0x0000000740000000,0x0000000741466ca0,0x0000000743800000)
 Metaspace       used 24255K, capacity 24473K, committed 24832K, reserved 1071104K
  class space    used 2386K, capacity 2485K, committed 2560K, reserved 1048576K
}
Event: 245.490 GC heap before
{Heap before GC invocations=32 (full 1):
 PSYoungGen      total 75264K, used 68672K [0x0000000795580000, 0x000000079a980000, 0x00000007c0000000)
  eden space 68608K, 100% used [0x0000000795580000,0x0000000799880000,0x0000000799880000)
  from space 6656K, 0% used [0x000000079a300000,0x000000079a310000,0x000000079a980000)
  to   space 8704K, 0% used [0x0000000799880000,0x0000000799880000,0x000000079a100000)
 ParOldGen       total 57344K, used 20891K [0x0000000740000000, 0x0000000743800000, 0x0000000795580000)
  object space 57344K, 36% used [0x0000000740000000,0x0000000741466ca0,0x0000000743800000)
 Metaspace       used 24255K, capacity 24473K, committed 24832K, reserved 1071104K
  class space    used 2386K, capacity 2485K, committed 2560K, reserved 1048576K
Event: 245.492 GC heap after
Heap after GC invocations=32 (full 1):
 PSYoungGen      total 67072K, used 96K [0x0000000795580000, 0x000000079a680000, 0x00000007c0000000)
  eden space 66560K, 0% used [0x0000000795580000,0x0000000795580000,0x0000000799680000)
  from space 512K, 18% used [0x0000000799880000,0x0000000799898000,0x0000000799900000)
  to   space 8192K, 0% used [0x0000000799e80000,0x0000000799e80000,0x000000079a680000)
 ParOldGen       total 57344K, used 20891K [0x0000000740000000, 0x0000000743800000, 0x0000000795580000)
  object space 57344K, 36% used [0x0000000740000000,0x0000000741466ca0,0x0000000743800000)
 Metaspace       used 24255K, capacity 24473K, committed 24832K, reserved 1071104K
  class space    used 2386K, capacity 2485K, committed 2560K, reserved 1048576K
}
Event: 252.139 GC heap before
{Heap before GC invocations=33 (full 1):
 PSYoungGen      total 67072K, used 66656K [0x0000000795580000, 0x000000079a680000, 0x00000007c0000000)
  eden space 66560K, 100% used [0x0000000795580000,0x0000000799680000,0x0000000799680000)
  from space 512K, 18% used [0x0000000799880000,0x0000000799898000,0x0000000799900000)
  to   space 8192K, 0% used [0x0000000799e80000,0x0000000799e80000,0x000000079a680000)
 ParOldGen       total 57344K, used 20891K [0x0000000740000000, 0x0000000743800000, 0x0000000795580000)
  object space 57344K, 36% used [0x0000000740000000,0x0000000741466ca0,0x0000000743800000)
 Metaspace       used 24255K, capacity 24473K, committed 24832K, reserved 1071104K
  class space    used 2386K, capacity 2485K, committed 2560K, reserved 1048576K
Event: 252.153 GC heap after
Heap after GC invocations=33 (full 1):
 PSYoungGen      total 70656K, used 64K [0x0000000795580000, 0x000000079a400000, 0x00000007c0000000)
  eden space 65024K, 0% used [0x0000000795580000,0x0000000795580000,0x0000000799500000)
  from space 5632K, 1% used [0x0000000799e80000,0x0000000799e90000,0x000000079a400000)
  to   space 7680K, 0% used [0x0000000799500000,0x0000000799500000,0x0000000799c80000)
 ParOldGen       total 57344K, used 20899K [0x0000000740000000, 0x0000000743800000, 0x0000000795580000)
  object space 57344K, 36% used [0x0000000740000000,0x0000000741468ca0,0x0000000743800000)
 Metaspace       used 24255K, capacity 24473K, committed 24832K, reserved 1071104K
  class space    used 2386K, capacity 2485K, committed 2560K, reserved 1048576K
}
Event: 259.478 GC heap before
{Heap before GC invocations=34 (full 1):
 PSYoungGen      total 70656K, used 65088K [0x0000000795580000, 0x000000079a400000, 0x00000007c0000000)
  eden space 65024K, 100% used [0x0000000795580000,0x0000000799500000,0x0000000799500000)
  from space 5632K, 1% used [0x0000000799e80000,0x0000000799e90000,0x000000079a400000)
  to   space 7680K, 0% used [0x0000000799500000,0x0000000799500000,0x0000000799c80000)
 ParOldGen       total 57344K, used 20899K [0x0000000740000000, 0x0000000743800000, 0x0000000795580000)
  object space 57344K, 36% used [0x0000000740000000,0x0000000741468ca0,0x0000000743800000)
 Metaspace       used 24255K, capacity 24473K, committed 24832K, reserved 1071104K
  class space    used 2386K, capacity 2485K, committed 2560K, reserved 1048576K
Event: 259.481 GC heap after
Heap after GC invocations=34 (full 1):
 PSYoungGen      total 64000K, used 96K [0x0000000795580000, 0x000000079a180000, 0x00000007c0000000)
  eden space 63488K, 0% used [0x0000000795580000,0x0000000795580000,0x0000000799380000)
  from space 512K, 18% used [0x0000000799500000,0x0000000799518000,0x0000000799580000)
  to   space 7168K, 0% used [0x0000000799a80000,0x0000000799a80000,0x000000079a180000)
 ParOldGen       total 57344K, used 20923K [0x0000000740000000, 0x0000000743800000, 0x0000000795580000)
  object space 57344K, 36% used [0x0000000740000000,0x000000074146eca0,0x0000000743800000)
 Metaspace       used 24255K, capacity 24473K, committed 24832K, reserved 1071104K
  class space    used 2386K, capacity 2485K, committed 2560K, reserved 1048576K
}
Event: 267.698 GC heap before
{Heap before GC invocations=35 (full 1):
 PSYoungGen      total 64000K, used 63584K [0x0000000795580000, 0x000000079a180000, 0x00000007c0000000)
  eden space 63488K, 100% used [0x0000000795580000,0x0000000799380000,0x0000000799380000)
  from space 512K, 18% used [0x0000000799500000,0x0000000799518000,0x0000000799580000)
  to   space 7168K, 0% used [0x0000000799a80000,0x0000000799a80000,0x000000079a180000)
 ParOldGen       total 57344K, used 20923K [0x0000000740000000, 0x0000000743800000, 0x0000000795580000)
  object space 57344K, 36% used [0x0000000740000000,0x000000074146eca0,0x0000000743800000)
 Metaspace       used 24255K, capacity 24473K, committed 24832K, reserved 1071104K
  class space    used 2386K, capacity 2485K, committed 2560K, reserved 1048576K
Event: 267.715 GC heap after
Heap after GC invocations=35 (full 1):
 PSYoungGen      total 67584K, used 32K [0x0000000795580000, 0x000000079a000000, 0x00000007c0000000)
  eden space 61952K, 0% used [0x0000000795580000,0x0000000795580000,0x0000000799200000)
  from space 5632K, 0% used [0x0000000799a80000,0x0000000799a88000,0x000000079a000000)
  to   space 7168K, 0% used [0x0000000799200000,0x0000000799200000,0x0000000799900000)
 ParOldGen       total 57344K, used 20923K [0x0000000740000000, 0x0000000743800000, 0x0000000795580000)
  object space 57344K, 36% used [0x0000000740000000,0x000000074146eca0,0x0000000743800000)
 Metaspace       used 24255K, capacity 24473K, committed 24832K, reserved 1071104K
  class space    used 2386K, capacity 2485K, committed 2560K, reserved 1048576K
}

Deoptimization events (10 events):
Event: 271.582 Thread 0x00007f87f4115000 Uncommon trap: reason=unstable_if action=reinterpret pc=0x000000010982bca8 method=sun.java2d.pipe.Region.isInsideQuickCheck(Lsun/java2d/pipe/Region;)Z @ 48
Event: 271.582 Thread 0x00007f87f4165800 Uncommon trap: reason=class_check action=maybe_recompile pc=0x0000000108f40090 method=java.awt.event.InvocationEvent.dispatch()V @ 11
Event: 271.582 Thread 0x00007f87f4115000 Uncommon trap: reason=unstable_if action=reinterpret pc=0x00000001096ea5f8 method=java.awt.font.FontRenderContext.equals(Ljava/awt/font/FontRenderContext;)Z @ 2
Event: 271.598 Thread 0x00007f87f38fd000 Uncommon trap: reason=class_check action=maybe_recompile pc=0x0000000108eb8800 method=com.jogamp.common.util.RunnableTask.run()V @ 24
Event: 271.600 Thread 0x00007f87f38fd000 Uncommon trap: reason=unstable_if action=reinterpret pc=0x0000000108ebbe7c method=jogamp.nativewindow.macosx.OSXUtil.RunOnMainThread(ZZLjava/lang/Runnable;)V @ 3
Event: 271.614 Thread 0x00007f87f4165800 Uncommon trap: reason=unstable_if action=reinterpret pc=0x0000000109157080 method=jogamp.opengl.GLContextImpl.release(Z)V @ 161
Event: 271.627 Thread 0x00007f87f4115000 Uncommon trap: reason=class_check action=maybe_recompile pc=0x0000000108fb60b0 method=java.awt.Component.getGraphics()Ljava/awt/Graphics; @ 114
Event: 271.628 Thread 0x00007f87f9a61800 Uncommon trap: reason=predicate action=maybe_recompile pc=0x0000000109699bf0 method=java.util.Vector.indexOf(Ljava/lang/Object;I)I @ 44
Event: 271.628 Thread 0x00007f87f4165800 Uncommon trap: reason=class_check action=maybe_recompile pc=0x0000000108f40090 method=java.awt.event.InvocationEvent.dispatch()V @ 11
Event: 271.630 Thread 0x00007f87f38fd000 Uncommon trap: reason=class_check action=maybe_recompile pc=0x0000000108eb8800 method=com.jogamp.common.util.RunnableTask.run()V @ 24

Internal exceptions (10 events):
Event: 0.164 Thread 0x00007f87f3810000 Exception <a 'java/lang/NoSuchFieldError': method resolution failed> (0x00000007957d5308) thrown at [/Users/java_re/workspace/8-2-build-macosx-x86_64/jdk8u111/7883/hotspot/src/share/vm/prims/methodHandles.cpp, line 1146]
Event: 0.168 Thread 0x00007f87f3810000 Exception <a 'java/lang/NoSuchFieldError': method resolution failed> (0x00000007957e2ad8) thrown at [/Users/java_re/workspace/8-2-build-macosx-x86_64/jdk8u111/7883/hotspot/src/share/vm/prims/methodHandles.cpp, line 1146]
Event: 0.341 Thread 0x00007f87f3810000 Exception <a 'java/io/FileNotFoundException'> (0x000000079585e2a0) thrown at [/Users/java_re/workspace/8-2-build-macosx-x86_64/jdk8u111/7883/hotspot/src/share/vm/prims/jni.cpp, line 709]
Event: 0.341 Thread 0x00007f87f3810000 Exception <a 'java/io/FileNotFoundException'> (0x000000079585ee40) thrown at [/Users/java_re/workspace/8-2-build-macosx-x86_64/jdk8u111/7883/hotspot/src/share/vm/prims/jni.cpp, line 709]
Event: 0.461 Thread 0x00007f87f3810000 Exception <a 'java/io/FileNotFoundException'> (0x000000079599e2c0) thrown at [/Users/java_re/workspace/8-2-build-macosx-x86_64/jdk8u111/7883/hotspot/src/share/vm/prims/jni.cpp, line 709]
Event: 1.648 Thread 0x00007f87f4c08000 Exception <a 'java/lang/UnsatisfiedLinkError': com.jogamp.common.util.JarUtil.fixNativeLibAttribs(Ljava/lang/String;)Z> (0x0000000796b8a230) thrown at [/Users/java_re/workspace/8-2-build-macosx-x86_64/jdk8u111/7883/hotspot/src/share/vm/prims/nativeLookup.
Event: 1.899 Thread 0x00007f87f4820800 Exception <a 'java/lang/NullPointerException'> (0x00000007956a77a8) thrown at [/Users/java_re/workspace/8-2-build-macosx-x86_64/jdk8u111/7883/hotspot/src/share/vm/interpreter/linkResolver.cpp, line 1178]
Event: 2.465 Thread 0x00007f87f4165800 Exception <a 'java/io/FileNotFoundException'> (0x0000000796082310) thrown at [/Users/java_re/workspace/8-2-build-macosx-x86_64/jdk8u111/7883/hotspot/src/share/vm/prims/jni.cpp, line 709]
Event: 2.465 Thread 0x00007f87f4165800 Exception <a 'java/io/FileNotFoundException'> (0x0000000796089aa8) thrown at [/Users/java_re/workspace/8-2-build-macosx-x86_64/jdk8u111/7883/hotspot/src/share/vm/prims/jni.cpp, line 709]
Event: 2.465 Thread 0x00007f87f4165800 Implicit null exception at 0x0000000108f52df4 to 0x0000000108f531f5

Events (10 events):
Event: 271.628 Thread 0x00007f87f9a61800 DEOPT PACKING pc=0x0000000109699bf0 sp=0x0000700001b70780
Event: 271.628 Thread 0x00007f87f9a61800 DEOPT UNPACKING pc=0x0000000108da6229 sp=0x0000700001b70748 mode 2
Event: 271.628 loading class java/awt/Window$1DisposeAction
Event: 271.628 loading class java/awt/Window$1DisposeAction done
Event: 271.628 Thread 0x00007f87f4165800 Uncommon trap: trap_request=0xffffffde fr.pc=0x0000000108f40090
Event: 271.628 Thread 0x00007f87f4165800 DEOPT PACKING pc=0x0000000108f40090 sp=0x0000700001965f70
Event: 271.628 Thread 0x00007f87f4165800 DEOPT UNPACKING pc=0x0000000108da6229 sp=0x0000700001965df8 mode 2
Event: 271.630 Thread 0x00007f87f38fd000 Uncommon trap: trap_request=0xffffffde fr.pc=0x0000000108eb8800
Event: 271.630 Thread 0x00007f87f38fd000 DEOPT PACKING pc=0x0000000108eb8800 sp=0x00007fff588e1660
Event: 271.630 Thread 0x00007f87f38fd000 DEOPT UNPACKING pc=0x0000000108da6229 sp=0x00007fff588e1608 mode 2


Dynamic libraries:
0x000000000ad86000 	/System/Library/Frameworks/Cocoa.framework/Versions/A/Cocoa
0x000000000ad86000 	/System/Library/Frameworks/Security.framework/Versions/A/Security
0x000000000ad86000 	/System/Library/Frameworks/ApplicationServices.framework/Versions/A/ApplicationServices
0x000000000ad86000 	/usr/lib/libz.1.dylib
0x000000000ad86000 	/usr/lib/libSystem.B.dylib
0x000000000ad86000 	/usr/lib/libobjc.A.dylib
0x000000000ad86000 	/System/Library/Frameworks/CoreFoundation.framework/Versions/A/CoreFoundation
0x000000000ad86000 	/System/Library/Frameworks/Foundation.framework/Versions/C/Foundation
0x000000000ad86000 	/System/Library/Frameworks/AppKit.framework/Versions/C/AppKit
0x000000000ad86000 	/System/Library/Frameworks/CoreData.framework/Versions/A/CoreData
0x000000000ad86000 	/System/Library/PrivateFrameworks/RemoteViewServices.framework/Versions/A/RemoteViewServices
0x000000000ad86000 	/System/Library/PrivateFrameworks/UIFoundation.framework/Versions/A/UIFoundation
0x000000000ad86000 	/usr/lib/libScreenReader.dylib
0x000000000ad86000 	/System/Library/Frameworks/Accelerate.framework/Versions/A/Accelerate
0x000000000ad86000 	/System/Library/Frameworks/IOSurface.framework/Versions/A/IOSurface
0x000000000ad86000 	/System/Library/Frameworks/AudioToolbox.framework/Versions/A/AudioToolbox
0x000000000ad86000 	/System/Library/Frameworks/AudioUnit.framework/Versions/A/AudioUnit
0x000000000ad86000 	/System/Library/PrivateFrameworks/DataDetectorsCore.framework/Versions/A/DataDetectorsCore
0x000000000ad86000 	/System/Library/PrivateFrameworks/DesktopServicesPriv.framework/Versions/A/DesktopServicesPriv
0x000000000ad86000 	/System/Library/Frameworks/Carbon.framework/Versions/A/Frameworks/HIToolbox.framework/Versions/A/HIToolbox
0x000000000ad86000 	/System/Library/Frameworks/QuartzCore.framework/Versions/A/QuartzCore
0x000000000ad86000 	/System/Library/Frameworks/Carbon.framework/Versions/A/Frameworks/SpeechRecognition.framework/Versions/A/SpeechRecognition
0x000000000ad86000 	/usr/lib/libauto.dylib
0x000000000ad86000 	/usr/lib/libicucore.A.dylib
0x000000000ad86000 	/usr/lib/libxml2.2.dylib
0x000000000ad86000 	/System/Library/PrivateFrameworks/CoreUI.framework/Versions/A/CoreUI
0x000000000ad86000 	/System/Library/Frameworks/CoreAudio.framework/Versions/A/CoreAudio
0x000000000ad86000 	/System/Library/Frameworks/DiskArbitration.framework/Versions/A/DiskArbitration
0x000000000ad86000 	/usr/lib/liblangid.dylib
0x000000000ad86000 	/System/Library/PrivateFrameworks/MultitouchSupport.framework/Versions/A/MultitouchSupport
0x000000000ad86000 	/System/Library/Frameworks/IOKit.framework/Versions/A/IOKit
0x000000000ad86000 	/usr/lib/libDiagnosticMessagesClient.dylib
0x000000000ad86000 	/System/Library/Frameworks/CoreServices.framework/Versions/A/CoreServices
0x000000000ad86000 	/System/Library/PrivateFrameworks/PerformanceAnalysis.framework/Versions/A/PerformanceAnalysis
0x000000000ad86000 	/System/Library/PrivateFrameworks/GenerationalStorage.framework/Versions/A/GenerationalStorage
0x000000000ad86000 	/System/Library/Frameworks/OpenGL.framework/Versions/A/OpenGL
0x000000000ad86000 	/System/Library/PrivateFrameworks/Sharing.framework/Versions/A/Sharing
0x000000000ad86000 	/System/Library/Frameworks/CoreGraphics.framework/Versions/A/CoreGraphics
0x000000000ad86000 	/System/Library/Frameworks/CoreImage.framework/Versions/A/CoreImage
0x000000000ad86000 	/System/Library/Frameworks/CoreText.framework/Versions/A/CoreText
0x000000000ad86000 	/System/Library/Frameworks/ImageIO.framework/Versions/A/ImageIO
0x000000000ad86000 	/System/Library/PrivateFrameworks/Backup.framework/Versions/A/Backup
0x000000000ad86000 	/usr/lib/libextension.dylib
0x000000000ad86000 	/usr/lib/libarchive.2.dylib
0x000000000ad86000 	/System/Library/Frameworks/CFNetwork.framework/Versions/A/CFNetwork
0x000000000ad86000 	/System/Library/Frameworks/SystemConfiguration.framework/Versions/A/SystemConfiguration
0x000000000ad86000 	/usr/lib/libCRFSuite.dylib
0x000000000ad86000 	/usr/lib/libc++.1.dylib
0x000000000ad86000 	/usr/lib/libc++abi.dylib
0x000000000ad86000 	/usr/lib/system/libcache.dylib
0x000000000ad86000 	/usr/lib/system/libcommonCrypto.dylib
0x000000000ad86000 	/usr/lib/system/libcompiler_rt.dylib
0x000000000ad86000 	/usr/lib/system/libcopyfile.dylib
0x000000000ad86000 	/usr/lib/system/libcorecrypto.dylib
0x000000000ad86000 	/usr/lib/system/libdispatch.dylib
0x000000000ad86000 	/usr/lib/system/libdyld.dylib
0x000000000ad86000 	/usr/lib/system/libkeymgr.dylib
0x000000000ad86000 	/usr/lib/system/liblaunch.dylib
0x000000000ad86000 	/usr/lib/system/libmacho.dylib
0x000000000ad86000 	/usr/lib/system/libquarantine.dylib
0x000000000ad86000 	/usr/lib/system/libremovefile.dylib
0x000000000ad86000 	/usr/lib/system/libsystem_asl.dylib
0x000000000ad86000 	/usr/lib/system/libsystem_blocks.dylib
0x000000000ad86000 	/usr/lib/system/libsystem_c.dylib
0x000000000ad86000 	/usr/lib/system/libsystem_configuration.dylib
0x000000000ad86000 	/usr/lib/system/libsystem_coreservices.dylib
0x000000000ad86000 	/usr/lib/system/libsystem_coretls.dylib
0x000000000ad86000 	/usr/lib/system/libsystem_dnssd.dylib
0x000000000ad86000 	/usr/lib/system/libsystem_info.dylib
0x000000000ad86000 	/usr/lib/system/libsystem_kernel.dylib
0x000000000ad86000 	/usr/lib/system/libsystem_m.dylib
0x000000000ad86000 	/usr/lib/system/libsystem_malloc.dylib
0x000000000ad86000 	/usr/lib/system/libsystem_network.dylib
0x000000000ad86000 	/usr/lib/system/libsystem_networkextension.dylib
0x000000000ad86000 	/usr/lib/system/libsystem_notify.dylib
0x000000000ad86000 	/usr/lib/system/libsystem_platform.dylib
0x000000000ad86000 	/usr/lib/system/libsystem_pthread.dylib
0x000000000ad86000 	/usr/lib/system/libsystem_sandbox.dylib
0x000000000ad86000 	/usr/lib/system/libsystem_secinit.dylib
0x000000000ad86000 	/usr/lib/system/libsystem_trace.dylib
0x000000000ad86000 	/usr/lib/system/libunc.dylib
0x000000000ad86000 	/usr/lib/system/libunwind.dylib
0x000000000ad86000 	/usr/lib/system/libxpc.dylib
0x000000000ad86000 	/usr/lib/libenergytrace.dylib
0x000000000ad86000 	/usr/lib/libbsm.0.dylib
0x000000000ad86000 	/usr/lib/system/libkxld.dylib
0x000000000ad86000 	/usr/lib/libxar.1.dylib
0x000000000ad86000 	/usr/lib/libsqlite3.dylib
0x000000000ad86000 	/usr/lib/libpam.2.dylib
0x000000000ad86000 	/usr/lib/libOpenScriptingUtil.dylib
0x000000000ad86000 	/usr/lib/libbz2.1.0.dylib
0x000000000ad86000 	/usr/lib/liblzma.5.dylib
0x000000000ad86000 	/System/Library/Frameworks/CoreServices.framework/Versions/A/Frameworks/FSEvents.framework/Versions/A/FSEvents
0x000000000ad86000 	/System/Library/Frameworks/CoreServices.framework/Versions/A/Frameworks/CarbonCore.framework/Versions/A/CarbonCore
0x000000000ad86000 	/System/Library/Frameworks/CoreServices.framework/Versions/A/Frameworks/Metadata.framework/Versions/A/Metadata
0x000000000ad86000 	/System/Library/Frameworks/CoreServices.framework/Versions/A/Frameworks/OSServices.framework/Versions/A/OSServices
0x000000000ad86000 	/System/Library/Frameworks/CoreServices.framework/Versions/A/Frameworks/SearchKit.framework/Versions/A/SearchKit
0x000000000ad86000 	/System/Library/Frameworks/CoreServices.framework/Versions/A/Frameworks/AE.framework/Versions/A/AE
0x000000000ad86000 	/System/Library/Frameworks/CoreServices.framework/Versions/A/Frameworks/LaunchServices.framework/Versions/A/LaunchServices
0x000000000ad86000 	/System/Library/Frameworks/CoreServices.framework/Versions/A/Frameworks/DictionaryServices.framework/Versions/A/DictionaryServices
0x000000000ad86000 	/System/Library/Frameworks/CoreServices.framework/Versions/A/Frameworks/SharedFileList.framework/Versions/A/SharedFileList
0x000000000ad86000 	/System/Library/Frameworks/NetFS.framework/Versions/A/NetFS
0x000000000ad86000 	/System/Library/PrivateFrameworks/NetAuth.framework/Versions/A/NetAuth
0x000000000ad86000 	/System/Library/PrivateFrameworks/login.framework/Versions/A/Frameworks/loginsupport.framework/Versions/A/loginsupport
0x000000000ad86000 	/System/Library/PrivateFrameworks/TCC.framework/Versions/A/TCC
0x000000000ad86000 	/usr/lib/libmecabra.dylib
0x000000000ad86000 	/System/Library/Frameworks/ApplicationServices.framework/Versions/A/Frameworks/ATS.framework/Versions/A/ATS
0x000000000ad86000 	/System/Library/Frameworks/ApplicationServices.framework/Versions/A/Frameworks/ColorSync.framework/Versions/A/ColorSync
0x000000000ad86000 	/System/Library/Frameworks/ApplicationServices.framework/Versions/A/Frameworks/HIServices.framework/Versions/A/HIServices
0x000000000ad86000 	/System/Library/Frameworks/ApplicationServices.framework/Versions/A/Frameworks/LangAnalysis.framework/Versions/A/LangAnalysis
0x000000000ad86000 	/System/Library/Frameworks/ApplicationServices.framework/Versions/A/Frameworks/PrintCore.framework/Versions/A/PrintCore
0x000000000ad86000 	/System/Library/Frameworks/ApplicationServices.framework/Versions/A/Frameworks/QD.framework/Versions/A/QD
0x000000000ad86000 	/System/Library/Frameworks/ApplicationServices.framework/Versions/A/Frameworks/SpeechSynthesis.framework/Versions/A/SpeechSynthesis
0x000000000ad86000 	/System/Library/Frameworks/Metal.framework/Versions/A/Metal
0x000000000ad86000 	/System/Library/Frameworks/Accelerate.framework/Versions/A/Frameworks/vImage.framework/Versions/A/vImage
0x000000000ad86000 	/System/Library/Frameworks/Accelerate.framework/Versions/A/Frameworks/vecLib.framework/Versions/A/vecLib
0x000000000ad86000 	/System/Library/Frameworks/Accelerate.framework/Versions/A/Frameworks/vecLib.framework/Versions/A/libvDSP.dylib
0x000000000ad86000 	/System/Library/Frameworks/Accelerate.framework/Versions/A/Frameworks/vecLib.framework/Versions/A/libvMisc.dylib
0x000000000ad86000 	/System/Library/Frameworks/Accelerate.framework/Versions/A/Frameworks/vecLib.framework/Versions/A/libLAPACK.dylib
0x000000000ad86000 	/System/Library/Frameworks/Accelerate.framework/Versions/A/Frameworks/vecLib.framework/Versions/A/libBLAS.dylib
0x000000000ad86000 	/System/Library/Frameworks/Accelerate.framework/Versions/A/Frameworks/vecLib.framework/Versions/A/libLinearAlgebra.dylib
0x000000000ad86000 	/System/Library/Frameworks/Accelerate.framework/Versions/A/Frameworks/vecLib.framework/Versions/A/libSparseBLAS.dylib
0x000000000ad86000 	/System/Library/PrivateFrameworks/GPUCompiler.framework/libmetal_timestamp.dylib
0x000000000ad86000 	/System/Library/Frameworks/OpenGL.framework/Versions/A/Libraries/libCoreFSCache.dylib
0x000000000ad86000 	/System/Library/PrivateFrameworks/IOAccelerator.framework/Versions/A/IOAccelerator
0x000000000ad86000 	/System/Library/Frameworks/ApplicationServices.framework/Versions/A/Frameworks/ATS.framework/Versions/A/Resources/libFontParser.dylib
0x000000000ad86000 	/System/Library/Frameworks/ApplicationServices.framework/Versions/A/Frameworks/ATS.framework/Versions/A/Resources/libFontRegistry.dylib
0x000000000ad86000 	/System/Library/PrivateFrameworks/AppleVPA.framework/Versions/A/AppleVPA
0x000000000ad86000 	/System/Library/PrivateFrameworks/AppleJPEG.framework/Versions/A/AppleJPEG
0x000000000ad86000 	/System/Library/Frameworks/ImageIO.framework/Versions/A/Resources/libJPEG.dylib
0x000000000ad86000 	/System/Library/Frameworks/ImageIO.framework/Versions/A/Resources/libTIFF.dylib
0x000000000ad86000 	/System/Library/Frameworks/ImageIO.framework/Versions/A/Resources/libPng.dylib
0x000000000ad86000 	/System/Library/Frameworks/ImageIO.framework/Versions/A/Resources/libGIF.dylib
0x000000000ad86000 	/System/Library/Frameworks/ImageIO.framework/Versions/A/Resources/libJP2.dylib
0x000000000ad86000 	/System/Library/Frameworks/ImageIO.framework/Versions/A/Resources/libRadiance.dylib
0x000000000ad86000 	/System/Library/Frameworks/CoreVideo.framework/Versions/A/CoreVideo
0x000000000ad86000 	/System/Library/Frameworks/OpenGL.framework/Versions/A/Libraries/libGLU.dylib
0x000000000ad86000 	/System/Library/Frameworks/OpenGL.framework/Versions/A/Libraries/libGFXShared.dylib
0x000000000ad86000 	/System/Library/Frameworks/OpenGL.framework/Versions/A/Libraries/libGL.dylib
0x000000000ad86000 	/System/Library/Frameworks/OpenGL.framework/Versions/A/Libraries/libGLImage.dylib
0x000000000ad86000 	/System/Library/Frameworks/OpenGL.framework/Versions/A/Libraries/libCVMSPluginSupport.dylib
0x000000000ad86000 	/System/Library/Frameworks/OpenGL.framework/Versions/A/Libraries/libCoreVMClient.dylib
0x000000000ad86000 	/usr/lib/libcompression.dylib
0x000000000ad86000 	/usr/lib/libcups.2.dylib
0x000000000ad86000 	/System/Library/Frameworks/Kerberos.framework/Versions/A/Kerberos
0x000000000ad86000 	/System/Library/Frameworks/GSS.framework/Versions/A/GSS
0x000000000ad86000 	/usr/lib/libresolv.9.dylib
0x000000000ad86000 	/usr/lib/libiconv.2.dylib
0x000000000ad86000 	/System/Library/PrivateFrameworks/Heimdal.framework/Versions/A/Heimdal
0x000000000ad86000 	/usr/lib/libheimdal-asn1.dylib
0x000000000ad86000 	/System/Library/Frameworks/OpenDirectory.framework/Versions/A/OpenDirectory
0x000000000ad86000 	/System/Library/PrivateFrameworks/CommonAuth.framework/Versions/A/CommonAuth
0x000000000ad86000 	/System/Library/Frameworks/OpenDirectory.framework/Versions/A/Frameworks/CFOpenDirectory.framework/Versions/A/CFOpenDirectory
0x000000000ad86000 	/System/Library/Frameworks/SecurityFoundation.framework/Versions/A/SecurityFoundation
0x000000000ad86000 	/System/Library/PrivateFrameworks/LanguageModeling.framework/Versions/A/LanguageModeling
0x000000000ad86000 	/usr/lib/libmarisa.dylib
0x000000000ad86000 	/usr/lib/libChineseTokenizer.dylib
0x000000000ad86000 	/usr/lib/libcmph.dylib
0x000000000ad86000 	/System/Library/Frameworks/ServiceManagement.framework/Versions/A/ServiceManagement
0x000000000ad86000 	/usr/lib/libxslt.1.dylib
0x000000000ad86000 	/System/Library/Frameworks/Carbon.framework/Versions/A/Frameworks/Ink.framework/Versions/A/Ink
0x000000000ad86000 	/usr/lib/libFosl_dynamic.dylib
0x000000000ad86000 	/System/Library/PrivateFrameworks/FaceCore.framework/Versions/A/FaceCore
0x000000000ad86000 	/System/Library/Frameworks/OpenCL.framework/Versions/A/OpenCL
0x000000000ad86000 	/System/Library/PrivateFrameworks/CrashReporterSupport.framework/Versions/A/CrashReporterSupport
0x000000000ad86000 	/System/Library/PrivateFrameworks/IconServices.framework/Versions/A/IconServices
0x000000000ad86000 	/System/Library/PrivateFrameworks/Apple80211.framework/Versions/A/Apple80211
0x000000000ad86000 	/System/Library/Frameworks/CoreWLAN.framework/Versions/A/CoreWLAN
0x000000000ad86000 	/System/Library/Frameworks/IOBluetooth.framework/Versions/A/IOBluetooth
0x000000000ad86000 	/System/Library/PrivateFrameworks/CoreWiFi.framework/Versions/A/CoreWiFi
0x000000000ad86000 	/System/Library/Frameworks/CoreBluetooth.framework/Versions/A/CoreBluetooth
0x000000000ad86000 	/System/Library/PrivateFrameworks/ChunkingLibrary.framework/Versions/A/ChunkingLibrary
0x000000000ad86000 	/System/Library/PrivateFrameworks/DebugSymbols.framework/Versions/A/DebugSymbols
0x000000000ad86000 	/System/Library/PrivateFrameworks/CoreSymbolication.framework/Versions/A/CoreSymbolication
0x000000000ad86000 	/System/Library/PrivateFrameworks/Symbolication.framework/Versions/A/Symbolication
0x000000000ad86000 	/System/Library/PrivateFrameworks/SpeechRecognitionCore.framework/Versions/A/SpeechRecognitionCore
0x0000000107e00000 	/Library/Java/JavaVirtualMachines/jdk1.8.0_111.jdk/Contents/Home/jre/lib/server/libjvm.dylib
0x000000000ad86000 	/usr/lib/libstdc++.6.dylib
0x000000010759a000 	/Library/Java/JavaVirtualMachines/jdk1.8.0_111.jdk/Contents/Home/jre/lib/libverify.dylib
0x00000001075a8000 	/Library/Java/JavaVirtualMachines/jdk1.8.0_111.jdk/Contents/Home/jre/lib/libjava.dylib
0x00000001075e7000 	/Library/Java/JavaVirtualMachines/jdk1.8.0_111.jdk/Contents/Home/jre/lib/libzip.dylib
0x000000011e704000 	/System/Library/Frameworks/JavaVM.framework/Frameworks/JavaRuntimeSupport.framework/JavaRuntimeSupport
0x000000011e71f000 	/System/Library/Frameworks/JavaVM.framework/Versions/A/Frameworks/JavaNativeFoundation.framework/Versions/A/JavaNativeFoundation
0x00000001075f1000 	/System/Library/Frameworks/JavaVM.framework/Versions/A/JavaVM
0x000000000ad86000 	/System/Library/Frameworks/Carbon.framework/Versions/A/Carbon
0x000000011e734000 	/System/Library/PrivateFrameworks/JavaLaunching.framework/Versions/A/JavaLaunching
0x000000000ad86000 	/System/Library/Frameworks/Carbon.framework/Versions/A/Frameworks/CommonPanels.framework/Versions/A/CommonPanels
0x000000000ad86000 	/System/Library/Frameworks/Carbon.framework/Versions/A/Frameworks/Help.framework/Versions/A/Help
0x000000000ad86000 	/System/Library/Frameworks/Carbon.framework/Versions/A/Frameworks/ImageCapture.framework/Versions/A/ImageCapture
0x000000000ad86000 	/System/Library/Frameworks/Carbon.framework/Versions/A/Frameworks/OpenScripting.framework/Versions/A/OpenScripting
0x000000000ad86000 	/System/Library/Frameworks/Carbon.framework/Versions/A/Frameworks/Print.framework/Versions/A/Print
0x000000000ad86000 	/System/Library/Frameworks/Carbon.framework/Versions/A/Frameworks/SecurityHI.framework/Versions/A/SecurityHI
0x0000000120091000 	/Library/Java/JavaVirtualMachines/jdk1.8.0_111.jdk/Contents/Home/jre/lib/libawt.dylib
0x0000000120139000 	/Library/Java/JavaVirtualMachines/jdk1.8.0_111.jdk/Contents/Home/jre/lib/./libmlib_image.dylib
0x0000000120205000 	/Library/Java/JavaVirtualMachines/jdk1.8.0_111.jdk/Contents/Home/jre/lib/libawt_lwawt.dylib
0x00000001202ba000 	/Library/Java/JavaVirtualMachines/jdk1.8.0_111.jdk/Contents/Home/jre/lib/./libosxapp.dylib
0x000000000ad86000 	/System/Library/Frameworks/ExceptionHandling.framework/Versions/A/ExceptionHandling
0x000000000ad86000 	/System/Library/PrivateFrameworks/CoreServicesInternal.framework/Versions/A/CoreServicesInternal
0x000000000ad86000 	/System/Library/Frameworks/CoreGraphics.framework/Versions/A/Resources/libRIP.A.dylib
0x000000000ad86000 	/System/Library/Frameworks/Accelerate.framework/Versions/A/Frameworks/vImage.framework/Versions/A/Libraries/libCGInterfaces.dylib
0x000000000ad86000 	/System/Library/Frameworks/CoreGraphics.framework/Versions/A/Resources/libCGXType.A.dylib
0x000000000ad86000 	/System/Library/Frameworks/OpenCL.framework/Versions/A/Libraries/libcldcpuengine.dylib
0x000000000ad86000 	/System/Library/PrivateFrameworks/DiskImages.framework/Versions/A/DiskImages
0x000000000ad86000 	/System/Library/Frameworks/DiscRecording.framework/Versions/A/DiscRecording
0x000000000ad86000 	/usr/lib/libcsfde.dylib
0x000000000ad86000 	/usr/lib/libcurl.4.dylib
0x000000000ad86000 	/System/Library/PrivateFrameworks/MediaKit.framework/Versions/A/MediaKit
0x000000000ad86000 	/System/Library/PrivateFrameworks/ProtectedCloudStorage.framework/Versions/A/ProtectedCloudStorage
0x000000000ad86000 	/usr/lib/libCoreStorage.dylib
0x000000000ad86000 	/System/Library/PrivateFrameworks/EFILogin.framework/Versions/A/EFILogin
0x000000000ad86000 	/usr/lib/libutil.dylib
0x000000000ad86000 	/System/Library/PrivateFrameworks/FindMyDevice.framework/Versions/A/FindMyDevice
0x000000000ad86000 	/System/Library/Frameworks/LDAP.framework/Versions/A/LDAP
0x000000000ad86000 	/usr/lib/libsasl2.2.dylib
0x000000000ad86000 	/System/Library/PrivateFrameworks/CoreDaemon.framework/Versions/B/CoreDaemon
0x000000000ad86000 	/usr/lib/libcrypto.0.9.8.dylib
0x000000000ad86000 	/System/Library/PrivateFrameworks/AppleSRP.framework/Versions/A/AppleSRP
0x000000000ad86000 	/System/Library/PrivateFrameworks/TrustEvaluationAgent.framework/Versions/A/TrustEvaluationAgent
0x0000000121f0b000 	cl_kernels
0x000000000ad86000 	/System/Library/Frameworks/OpenCL.framework/Versions/A/Libraries/ImageFormats/unorm8_bgra.dylib
0x000000000ad86000 	/System/Library/Frameworks/OpenCL.framework/Versions/A/Libraries/ImageFormats/unorm8_rgba.dylib
0x000000000ad86000 	/System/Library/PrivateFrameworks/FamilyControls.framework/Versions/A/FamilyControls
0x000000000ad86000 	/System/Library/PrivateFrameworks/CommerceKit.framework/Versions/A/Frameworks/CommerceCore.framework/Versions/A/CommerceCore
0x000000000ad86000 	/System/Library/PrivateFrameworks/SystemAdministration.framework/Versions/A/SystemAdministration
0x000000000ad86000 	/System/Library/PrivateFrameworks/AppContainer.framework/Versions/A/AppContainer
0x000000000ad86000 	/System/Library/PrivateFrameworks/SecCodeWrapper.framework/Versions/A/SecCodeWrapper
0x000000000ad86000 	/System/Library/Frameworks/DirectoryService.framework/Versions/A/DirectoryService
0x000000000ad86000 	/System/Library/PrivateFrameworks/LoginUIKit.framework/Versions/A/Frameworks/LoginUICore.framework/Versions/A/LoginUICore
0x000000000ad86000 	/usr/lib/libodfde.dylib
0x000000000ad86000 	/System/Library/Frameworks/OpenGL.framework/Versions/A/Resources/GLEngine.bundle/GLEngine
0x000000000ad86000 	/System/Library/Frameworks/OpenGL.framework/Versions/A/Libraries/libGLProgrammability.dylib
0x0000000123009000 	/System/Library/Extensions/AppleIntelBDWGraphicsGLDriver.bundle/Contents/MacOS/AppleIntelBDWGraphicsGLDriver
0x000000000ad86000 	/System/Library/PrivateFrameworks/GPUSupport.framework/Versions/A/Libraries/libGPUSupportMercury.dylib
0x000000000ad86000 	/System/Library/Frameworks/OpenGL.framework/Versions/A/Resources/GLRendererFloat.bundle/GLRendererFloat
0x0000000123f8b000 	/Library/Java/JavaVirtualMachines/jdk1.8.0_111.jdk/Contents/Home/jre/lib/libfontmanager.dylib
0x0000000125453000 	/Library/Java/JavaVirtualMachines/jdk1.8.0_111.jdk/Contents/Home/jre/lib/libosxui.dylib
0x0000000125f6a000 	/Library/Java/JavaVirtualMachines/jdk1.8.0_111.jdk/Contents/Home/jre/lib/libnet.dylib
0x0000000125ec4000 	/Library/Java/JavaVirtualMachines/jdk1.8.0_111.jdk/Contents/Home/jre/lib/libnio.dylib
0x000000000ad86000 	/System/Library/Frameworks/ApplicationServices.framework/Versions/A/Frameworks/ATS.framework/Versions/A/Resources/libTrueTypeScaler.dylib
0x00000001772b3000 	/System/Library/Extensions/AppleIntelBDWGraphicsMTLDriver.bundle/Contents/MacOS/AppleIntelBDWGraphicsMTLDriver
0x00000001251da000 	/private/var/folders/52/pd9n1grn4_55dn11fg2xx6m40000gn/T/jogamp_0000/file_cache/jln6740901573677588913/jln8494609258857370858/libgluegen-rt.jnilib
0x00000001251de000 	/private/var/folders/52/pd9n1grn4_55dn11fg2xx6m40000gn/T/jogamp_0000/file_cache/jln6740901573677588913/jln8494609258857370858/libnativewindow_awt.jnilib
0x0000000125ed4000 	/Library/Java/JavaVirtualMachines/jdk1.8.0_111.jdk/Contents/Home/jre/lib/libjawt.dylib
0x000000017720a000 	/private/var/folders/52/pd9n1grn4_55dn11fg2xx6m40000gn/T/jogamp_0000/file_cache/jln6740901573677588913/jln8494609258857370858/libnativewindow_macosx.jnilib
0x00000001779b0000 	/private/var/folders/52/pd9n1grn4_55dn11fg2xx6m40000gn/T/jogamp_0000/file_cache/jln6740901573677588913/jln8494609258857370858/libjogl_desktop.jnilib
0x000000017eb70000 	/Library/Java/JavaVirtualMachines/jdk1.8.0_111.jdk/Contents/Home/jre/lib/libsunec.dylib
0x00000001774db000 	/Library/Java/JavaVirtualMachines/jdk1.8.0_111.jdk/Contents/Home/jre/lib/libt2k.dylib

VM Arguments:
jvm_args: -Djava.security.policy=java.policy.applet -Dfile.encoding=UTF-8 
java_command: sun.applet.AppletViewer module4.EarthquakeCityMap1495385228984.html
java_class_path (initial): /Users/dhruvsawhney/Documents/workspace/UCSDUnfoldingMaps/build:/Users/dhruvsawhney/Documents/workspace/UCSDUnfoldingMaps/lib/core.jar:/Users/dhruvsawhney/Documents/workspace/UCSDUnfoldingMaps/lib/gluegen-rt.jar:/Users/dhruvsawhney/Documents/workspace/UCSDUnfoldingMaps/lib/jogl-all.jar:/Users/dhruvsawhney/Documents/workspace/UCSDUnfoldingMaps/lib/log4j-1.2.15.jar:/Users/dhruvsawhney/Documents/workspace/UCSDUnfoldingMaps/lib/sqlite-jdbc-3.7.2.jar:/Users/dhruvsawhney/Documents/workspace/UCSDUnfoldingMaps/lib/json4processing.jar:/Users/dhruvsawhney/Documents/workspace/UCSDUnfoldingMaps/lib/libTUIO.jar:/Users/dhruvsawhney/Documents/workspace/UCSDUnfoldingMaps/lib/unfolding.0.9.7-uscd.jar
Launcher Type: SUN_STANDARD

Environment Variables:
PATH=/usr/bin:/bin:/usr/sbin:/sbin
SHELL=/bin/bash
DISPLAY=/private/tmp/com.apple.launchd.TplqWvYJlD/org.macosforge.xquartz:0

Signal Handlers:
SIGSEGV: [libjvm.dylib+0x5b03ed], sa_mask[0]=11111111011111110111111111111111, sa_flags=SA_ONSTACK|SA_RESTART|SA_SIGINFO
SIGBUS: [libjvm.dylib+0x5b03ed], sa_mask[0]=11111111011111110111111111111111, sa_flags=SA_RESTART|SA_SIGINFO
SIGFPE: [libjvm.dylib+0x48711c], sa_mask[0]=11111111011111110111111111111111, sa_flags=SA_RESTART|SA_SIGINFO
SIGPIPE: [libjvm.dylib+0x48711c], sa_mask[0]=11111111011111110111111111111111, sa_flags=SA_RESTART|SA_SIGINFO
SIGXFSZ: [libjvm.dylib+0x48711c], sa_mask[0]=11111111011111110111111111111111, sa_flags=SA_RESTART|SA_SIGINFO
SIGILL: [libjvm.dylib+0x48711c], sa_mask[0]=11111111011111110111111111111111, sa_flags=SA_RESTART|SA_SIGINFO
SIGUSR1: SIG_DFL, sa_mask[0]=00000000000000000000000000000000, sa_flags=none
SIGUSR2: [libjvm.dylib+0x486c3a], sa_mask[0]=00100000000000000000000000000000, sa_flags=SA_RESTART|SA_SIGINFO
SIGHUP: [libjvm.dylib+0x485211], sa_mask[0]=11111111011111110111111111111111, sa_flags=SA_RESTART|SA_SIGINFO
SIGINT: [libjvm.dylib+0x485211], sa_mask[0]=11111111011111110111111111111111, sa_flags=SA_RESTART|SA_SIGINFO
SIGTERM: [libjvm.dylib+0x485211], sa_mask[0]=11111111011111110111111111111111, sa_flags=SA_RESTART|SA_SIGINFO
SIGQUIT: [libjvm.dylib+0x485211], sa_mask[0]=11111111011111110111111111111111, sa_flags=SA_RESTART|SA_SIGINFO


---------------  S Y S T E M  ---------------

OS:Bsduname:Darwin 15.6.0 Darwin Kernel Version 15.6.0: Thu Sep  1 15:01:16 PDT 2016; root:xnu-3248.60.11~2/RELEASE_X86_64 x86_64
rlimit: STACK 8192k, CORE 0k, NPROC 709, NOFILE 10240, AS infinity
load average:4.90 3.63 3.09

CPU:total 4 (2 cores per cpu, 2 threads per core) family 6 model 61 stepping 4, cmov, cx8, fxsr, mmx, sse, sse2, sse3, ssse3, sse4.1, sse4.2, popcnt, avx, avx2, aes, clmul, erms, 3dnowpref, lzcnt, ht, tsc, tscinvbit, bmi1, bmi2, adx

Memory: 4k page, physical 8388608k(343256k free)

/proc/meminfo:


vm_info: Java HotSpot(TM) 64-Bit Server VM (25.111-b14) for bsd-amd64 JRE (1.8.0_111-b14), built on Sep 22 2016 15:31:41 by "java_re" with gcc 4.2.1 (Based on Apple Inc. build 5658) (LLVM build 2336.11.00)

time: Sun May 21 09:51:40 2017
elapsed time: 271 seconds (0d 0h 4m 31s)

