#
# A fatal error has been detected by the Java Runtime Environment:
#
#  SIGSEGV (0xb) at pc=0x00007fff9a8684dd, pid=4152, tid=0x0000000000000a0b
#
# JRE version: Java(TM) SE Runtime Environment (8.0_111-b14) (build 1.8.0_111-b14)
# Java VM: Java HotSpot(TM) 64-Bit Server VM (25.111-b14 mixed mode bsd-amd64 compressed oops)
# Problematic frame:
# C  [libobjc.A.dylib+0x14dd]  objc_msgSend+0x1d
#
# Failed to write core dump. Core dumps have been disabled. To enable core dumping, try "ulimit -c unlimited" before starting Java again
#
# If you would like to submit a bug report, please visit:
#   http://bugreport.java.com/bugreport/crash.jsp
# The crash happened outside the Java Virtual Machine in native code.
# See problematic frame for where to report the bug.
#

---------------  T H R E A D  ---------------

Current thread (0x00007fee65863800):  JavaThread "AWT-AppKit" daemon [_thread_in_native, id=2571, stack(0x00007fff5a5e3000,0x00007fff5ade3000)]

siginfo: si_signo: 11 (SIGSEGV), si_code: 1 (SEGV_MAPERR), si_addr: 0x0000000000000018

Registers:
RAX=0x00007fee68827350, RBX=0x0000000174c7c450, RCX=0x000000011efd6c20, RDX=0x000000011efd6a20
RSP=0x00007fff5adde2f8, RBP=0x00007fff5adde3b0, RSI=0x00007fff97912cbe, RDI=0x00007fee66788370
R8 =0x0000000000000000, R9 =0x00000000000008b0, R10=0x00007fff97912cbe, R11=0x0000000000000000
R12=0x0000000000000000, R13=0x000000017aa0c208, R14=0x0000000174c7c440, R15=0x00007fee65863800
RIP=0x00007fff9a8684dd, EFLAGS=0x0000000000010246, ERR=0x0000000000000004
  TRAPNO=0x000000000000000e

Top of Stack: (sp=0x00007fff5adde2f8)
0x00007fff5adde2f8:   0000000174c7a157 00007fff5adde350
0x00007fff5adde308:   0000000000000003 00007fff5adde330
0x00007fff5adde318:   0000000105bf27be 000000017aa0c208
0x00007fff5adde328:   000000017aa0c208 00007fee68827350
0x00007fff5adde338:   0000000174c7c6a0 0000000174c7c710
0x00007fff5adde348:   00007fff7872d770 00007fff75580500
0x00007fff5adde358:   0000000174c7c450 0000000174c7c690
0x00007fff5adde368:   00007fee68827350 00007fee66788370
0x00007fff5adde378:   00007fee63daa960 00007fee68827350
0x00007fff5adde388:   00007fee66788370 00007fff5adde438
0x00007fff5adde398:   00007fee658639f8 000000017aa0c208
0x00007fff5adde3a8:   00007fff5adde460 00007fff5adde428
0x00007fff5adde3b8:   00000001069b89f4 000000017aa0c208
0x00007fff5adde3c8:   00007fff5adde460 00007fff5adde428
0x00007fff5adde3d8:   00000001069b8787 00000001069b8742
0x00007fff5adde3e8:   00007fff5adde3e8 000000017aa0c208
0x00007fff5adde3f8:   00007fff5adde460 0000000174c72de8
0x00007fff5adde408:   0000000000000000 000000017aa0c208
0x00007fff5adde418:   0000000000000000 00007fff5adde448
0x00007fff5adde428:   00007fff5adde4a8 00000001069a92bd
0x00007fff5adde438:   00000007404a0e08 00000001069b2538
0x00007fff5adde448:   00007fee68827350 00007fff5adde4a8
0x00007fff5adde458:   00007fee66788370 00000001069b3e02
0x00007fff5adde468:   00007fff5adde468 000000017aa0c3d2
0x00007fff5adde478:   00007fff5adde4d0 0000000174c72de8
0x00007fff5adde488:   0000000000000000 000000017aa0c3e0
0x00007fff5adde498:   00007fff5adde448 00007fff5adde4b8
0x00007fff5adde4a8:   00007fff5adde518 00000001069a92bd
0x00007fff5adde4b8:   00007fee68827350 000000074040edc8
0x00007fff5adde4c8:   00007fee66788370 000000074040edc8
0x00007fff5adde4d8:   00007fff5adde4d8 000000017a20778e
0x00007fff5adde4e8:   00007fff5adde528 000000017a207848 

Instructions: (pc=0x00007fff9a8684dd)
0x00007fff9a8684bd:   44 00 00 48 85 ff 2e 74 62 40 f6 c7 01 2e 75 66
0x00007fff9a8684cd:   49 bb f8 ff ff ff ff 7f 00 00 4c 23 1f 49 89 f2
0x00007fff9a8684dd:   45 23 53 18 49 c1 e2 04 4d 03 53 10 49 3b 32 75
0x00007fff9a8684ed:   04 41 ff 62 08 49 83 3a 01 76 0d 49 83 c2 10 49 

Register to memory mapping:

RAX=0x00007fee68827350 is an unknown value
RBX=0x0000000174c7c450: Java_jogamp_nativewindow_macosx_OSXUtil_GetScreenRefreshRate0+0x1cf0 in /private/var/folders/52/pd9n1grn4_55dn11fg2xx6m40000gn/T/jogamp_0000/file_cache/jln474804992249669760/jln8017875973570099782/libnativewindow_macosx.jnilib at 0x0000000174c75000
RCX=0x000000011efd6c20 is an unknown value
RDX=0x000000011efd6a20 is an unknown value
RSP=0x00007fff5adde2f8 is pointing into the stack for thread: 0x00007fee65863800
RBP=0x00007fff5adde3b0 is pointing into the stack for thread: 0x00007fee65863800
RSI=0x00007fff97912cbe is an unknown value
RDI=0x00007fee66788370 is an unknown value
R8 =0x0000000000000000 is an unknown value
R9 =0x00000000000008b0 is an unknown value
R10=0x00007fff97912cbe is an unknown value
R11=0x0000000000000000 is an unknown value
R12=0x0000000000000000 is an unknown value
R13={method} {0x000000017aa0c208} 'UnsetJAWTRootSurfaceLayer0' '(JJ)V' in 'jogamp/nativewindow/jawt/macosx/MacOSXJAWTWindow'
R14=0x0000000174c7c440: Java_jogamp_nativewindow_macosx_OSXUtil_GetScreenRefreshRate0+0x1ce0 in /private/var/folders/52/pd9n1grn4_55dn11fg2xx6m40000gn/T/jogamp_0000/file_cache/jln474804992249669760/jln8017875973570099782/libnativewindow_macosx.jnilib at 0x0000000174c75000
R15=0x00007fee65863800 is a thread


Stack: [0x00007fff5a5e3000,0x00007fff5ade3000],  sp=0x00007fff5adde2f8,  free space=8172k
Native frames: (J=compiled Java code, j=interpreted, Vv=VM code, C=native code)
C  [libobjc.A.dylib+0x14dd]  objc_msgSend+0x1d
j  jogamp.nativewindow.jawt.macosx.MacOSXJAWTWindow.UnsetJAWTRootSurfaceLayer0(JJ)V+0
j  jogamp.nativewindow.jawt.macosx.MacOSXJAWTWindow.access$200(JJ)V+2
j  jogamp.nativewindow.jawt.macosx.MacOSXJAWTWindow$1.run()V+38
J 2592 C1 com.jogamp.common.util.RunnableTask.run()V (345 bytes) @ 0x00000001072873f4 [0x0000000107287260+0x194]
v  ~StubRoutines::call_stub
V  [libjvm.dylib+0x2ecf8a]  JavaCalls::call_helper(JavaValue*, methodHandle*, JavaCallArguments*, Thread*)+0x6ae
V  [libjvm.dylib+0x324119]  jni_invoke_nonstatic(JNIEnv_*, JavaValue*, _jobject*, JNICallType, _jmethodID*, JNI_ArgumentPusher*, Thread*)+0x2ec
V  [libjvm.dylib+0x3168e7]  jni_CallVoidMethod+0x16b
C  [libnativewindow_macosx.jnilib+0x5326]  Java_jogamp_nativewindow_jawt_macosx_MacOSXJAWTWindow_UnsetJAWTRootSurfaceLayer0+0x2b6
C  [Foundation+0x76fde]  __NSThreadPerformPerform+0x117
C  [CoreFoundation+0xaa7e1]  __CFRUNLOOP_IS_CALLING_OUT_TO_A_SOURCE0_PERFORM_FUNCTION__+0x11
C  [CoreFoundation+0x89f1c]  __CFRunLoopDoSources0+0x22c
C  [CoreFoundation+0x8943f]  __CFRunLoopRun+0x39f
C  [CoreFoundation+0x88e38]  CFRunLoopRunSpecific+0x128
C  [HIToolbox+0x30935]  RunCurrentEventLoopInMode+0xeb
C  [HIToolbox+0x30677]  ReceiveNextEventCommon+0xb8
C  [HIToolbox+0x305af]  _BlockUntilNextEventMatchingListInModeWithFilter+0x47
C  [AppKit+0x48df6]  _DPSNextEvent+0x42b
C  [AppKit+0x48226]  -[NSApplication _nextEventMatchingEventMask:untilDate:inMode:dequeue:]+0x1c6
C  [libosxapp.dylib+0x23aa]  -[NSApplicationAWT nextEventMatchingMask:untilDate:inMode:dequeue:]+0x7c
C  [AppKit+0x3cd80]  -[NSApplication run]+0x2aa
C  [libosxapp.dylib+0x214d]  +[NSApplicationAWT runAWTLoopWithApp:]+0x9c
C  [libawt_lwawt.dylib+0x444b3]  -[AWTStarter starter:]+0x389
C  [Foundation+0x76fde]  __NSThreadPerformPerform+0x117
C  [CoreFoundation+0xaa7e1]  __CFRUNLOOP_IS_CALLING_OUT_TO_A_SOURCE0_PERFORM_FUNCTION__+0x11
C  [CoreFoundation+0x89f1c]  __CFRunLoopDoSources0+0x22c
C  [CoreFoundation+0x8943f]  __CFRunLoopRun+0x39f
C  [CoreFoundation+0x88e38]  CFRunLoopRunSpecific+0x128
C  [java+0x6465]  CreateExecutionEnvironment+0x367
C  [java+0x218c]  JLI_Launch+0x7a0
C  [java+0x84c2]  main+0x65
C  [java+0x19e4]  start+0x34
C  0x0000000000000007

Java frames: (J=compiled Java code, j=interpreted, Vv=VM code)
j  jogamp.nativewindow.jawt.macosx.MacOSXJAWTWindow.UnsetJAWTRootSurfaceLayer0(JJ)V+0
j  jogamp.nativewindow.jawt.macosx.MacOSXJAWTWindow.access$200(JJ)V+2
j  jogamp.nativewindow.jawt.macosx.MacOSXJAWTWindow$1.run()V+38
J 2592 C1 com.jogamp.common.util.RunnableTask.run()V (345 bytes) @ 0x00000001072873f4 [0x0000000107287260+0x194]
v  ~StubRoutines::call_stub

---------------  P R O C E S S  ---------------

Java Threads: ( => current thread )
  0x00007fee6408e800 JavaThread "Thread-231" [_thread_blocked, id=13687, stack(0x000070000104a000,0x000070000114a000)]
  0x00007fee65b21000 JavaThread "Keep-Alive-Timer" daemon [_thread_blocked, id=65483, stack(0x0000700001cf7000,0x0000700001df7000)]
  0x00007fee64c2e800 JavaThread "AWT-EventQueue-1" [_thread_in_native, id=58671, stack(0x0000700001868000,0x0000700001968000)]
  0x00007fee64005000 JavaThread "DestroyJavaVM" [_thread_blocked, id=5891, stack(0x000070000011a000,0x000070000021a000)]
  0x00007fee649ea000 JavaThread "AWT-EventQueue-0" [_thread_blocked, id=53767, stack(0x0000700001662000,0x0000700001762000)]
  0x00007fee6513d000 JavaThread "Java2D Disposer" daemon [_thread_blocked, id=50715, stack(0x00007000013d9000,0x00007000014d9000)]
  0x00007fee65950000 JavaThread "Java2D Queue Flusher" daemon [_thread_blocked, id=49675, stack(0x00007000012d6000,0x00007000013d6000)]
  0x00007fee6491c800 JavaThread "AWT-Shutdown" [_thread_blocked, id=29459, stack(0x0000700001150000,0x0000700001250000)]
=>0x00007fee65863800 JavaThread "AWT-AppKit" daemon [_thread_in_native, id=2571, stack(0x00007fff5a5e3000,0x00007fff5ade3000)]
  0x00007fee64819800 JavaThread "Service Thread" daemon [_thread_blocked, id=18691, stack(0x0000700000e44000,0x0000700000f44000)]
  0x00007fee65849800 JavaThread "C1 CompilerThread2" daemon [_thread_blocked, id=18179, stack(0x0000700000d41000,0x0000700000e41000)]
  0x00007fee64818800 JavaThread "C2 CompilerThread1" daemon [_thread_blocked, id=17667, stack(0x0000700000c3e000,0x0000700000d3e000)]
  0x00007fee6400d000 JavaThread "C2 CompilerThread0" daemon [_thread_blocked, id=17155, stack(0x0000700000b3b000,0x0000700000c3b000)]
  0x00007fee65848800 JavaThread "Signal Dispatcher" daemon [_thread_blocked, id=13839, stack(0x0000700000a38000,0x0000700000b38000)]
  0x00007fee6402f000 JavaThread "Finalizer" daemon [_thread_blocked, id=12291, stack(0x000070000082f000,0x000070000092f000)]
  0x00007fee64812000 JavaThread "Reference Handler" daemon [_thread_blocked, id=11779, stack(0x000070000072c000,0x000070000082c000)]

Other Threads:
  0x00007fee6402e800 VMThread [stack: 0x0000700000629000,0x0000700000729000] [id=11267]
  0x00007fee6583d000 WatcherThread [stack: 0x0000700000f47000,0x0000700001047000] [id=19203]

VM state:not at safepoint (normal execution)

VM Mutex/Monitor currently owned by a thread: None

Heap:
 PSYoungGen      total 176128K, used 124798K [0x0000000795580000, 0x00000007a2d00000, 0x00000007c0000000)
  eden space 160256K, 68% used [0x0000000795580000,0x000000079c053768,0x000000079f200000)
  from space 15872K, 97% used [0x00000007a1200000,0x00000007a210c3f0,0x00000007a2180000)
  to   space 11776K, 0% used [0x00000007a2180000,0x00000007a2180000,0x00000007a2d00000)
 ParOldGen       total 108544K, used 53190K [0x0000000740000000, 0x0000000746a00000, 0x0000000795580000)
  object space 108544K, 49% used [0x0000000740000000,0x00000007433f1918,0x0000000746a00000)
 Metaspace       used 25073K, capacity 25345K, committed 25600K, reserved 1073152K
  class space    used 2436K, capacity 2517K, committed 2560K, reserved 1048576K

Card table byte_map: [0x0000000115d61000,0x0000000116162000] byte_map_base: 0x0000000112361000

Marking Bits: (ParMarkBitMap*) 0x00000001062efd20
 Begin Bits: [0x000000011640d000, 0x000000011840d000)
 End Bits:   [0x000000011840d000, 0x000000011a40d000)

Polling page: 0x00000001050e0000

CodeCache: size=245760Kb used=11735Kb max_used=11746Kb free=234024Kb
 bounds [0x00000001069a1000, 0x0000000107541000, 0x00000001159a1000]
 total_blobs=4309 nmethods=3376 adapters=846
 compilation: enabled

Compilation events (10 events):
Event: 81.686 Thread 0x00007fee64818800 nmethod 4160 0x00000001071e9c50 code [0x00000001071e9da0, 0x00000001071e9e38]
Event: 81.688 Thread 0x00007fee65849800 nmethod 4158 0x0000000107316410 code [0x0000000107316820, 0x0000000107319158]
Event: 81.688 Thread 0x00007fee65849800 4161   !   3       java.awt.Font::equals (132 bytes)
Event: 81.688 Thread 0x00007fee65849800 nmethod 4161 0x000000010716d490 code [0x000000010716d660, 0x000000010716de68]
Event: 81.727 Thread 0x00007fee6400d000 4162       4       java.util.HashMap::putVal (300 bytes)
Event: 81.730 Thread 0x00007fee64818800 4163  s!   4       sun.misc.URLClassPath::getLoader (197 bytes)
Event: 81.737 Thread 0x00007fee65849800 4165       3       java.security.CodeSource::matchCerts (254 bytes)
Event: 81.737 Thread 0x00007fee64818800 nmethod 4163 0x000000010730a190 code [0x000000010730a300, 0x000000010730aad8]
Event: 81.737 Thread 0x00007fee64818800 4164  s    4       sun.misc.URLClassPath::getNextLoader (88 bytes)
Event: 81.738 Thread 0x00007fee65849800 nmethod 4165 0x000000010730cf90 code [0x000000010730d1a0, 0x000000010730dd38]

GC Heap History (10 events):
Event: 52.249 GC heap before
{Heap before GC invocations=11 (full 1):
 PSYoungGen      total 152064K, used 146064K [0x0000000795580000, 0x00000007a1680000, 0x00000007c0000000)
  eden space 140800K, 100% used [0x0000000795580000,0x000000079df00000,0x000000079df00000)
  from space 11264K, 46% used [0x000000079df00000,0x000000079e424190,0x000000079ea00000)
  to   space 11264K, 0% used [0x00000007a0b80000,0x00000007a0b80000,0x00000007a1680000)
 ParOldGen       total 53248K, used 19668K [0x0000000740000000, 0x0000000743400000, 0x0000000795580000)
  object space 53248K, 36% used [0x0000000740000000,0x0000000741335180,0x0000000743400000)
 Metaspace       used 24747K, capacity 24961K, committed 25344K, reserved 1073152K
  class space    used 2413K, capacity 2517K, committed 2560K, reserved 1048576K
Event: 52.259 GC heap after
Heap after GC invocations=11 (full 1):
 PSYoungGen      total 182784K, used 11248K [0x0000000795580000, 0x00000007a1680000, 0x00000007c0000000)
  eden space 171520K, 0% used [0x0000000795580000,0x0000000795580000,0x000000079fd00000)
  from space 11264K, 99% used [0x00000007a0b80000,0x00000007a167c2e0,0x00000007a1680000)
  to   space 12288K, 0% used [0x000000079fe80000,0x000000079fe80000,0x00000007a0a80000)
 ParOldGen       total 53248K, used 23764K [0x0000000740000000, 0x0000000743400000, 0x0000000795580000)
  object space 53248K, 44% used [0x0000000740000000,0x0000000741735280,0x0000000743400000)
 Metaspace       used 24747K, capacity 24961K, committed 25344K, reserved 1073152K
  class space    used 2413K, capacity 2517K, committed 2560K, reserved 1048576K
}
Event: 58.052 GC heap before
{Heap before GC invocations=12 (full 1):
 PSYoungGen      total 182784K, used 182768K [0x0000000795580000, 0x00000007a1680000, 0x00000007c0000000)
  eden space 171520K, 100% used [0x0000000795580000,0x000000079fd00000,0x000000079fd00000)
  from space 11264K, 99% used [0x00000007a0b80000,0x00000007a167c2e0,0x00000007a1680000)
  to   space 12288K, 0% used [0x000000079fe80000,0x000000079fe80000,0x00000007a0a80000)
 ParOldGen       total 53248K, used 23764K [0x0000000740000000, 0x0000000743400000, 0x0000000795580000)
  object space 53248K, 44% used [0x0000000740000000,0x0000000741735280,0x0000000743400000)
 Metaspace       used 24826K, capacity 25089K, committed 25344K, reserved 1073152K
  class space    used 2413K, capacity 2517K, committed 2560K, reserved 1048576K
Event: 58.067 GC heap after
Heap after GC invocations=12 (full 1):
 PSYoungGen      total 185344K, used 12128K [0x0000000795580000, 0x00000007a3a00000, 0x00000007c0000000)
  eden space 173056K, 0% used [0x0000000795580000,0x0000000795580000,0x000000079fe80000)
  from space 12288K, 98% used [0x000000079fe80000,0x00000007a0a58340,0x00000007a0a80000)
  to   space 13824K, 0% used [0x00000007a2c80000,0x00000007a2c80000,0x00000007a3a00000)
 ParOldGen       total 53248K, used 38109K [0x0000000740000000, 0x0000000743400000, 0x0000000795580000)
  object space 53248K, 71% used [0x0000000740000000,0x0000000742537600,0x0000000743400000)
 Metaspace       used 24826K, capacity 25089K, committed 25344K, reserved 1073152K
  class space    used 2413K, capacity 2517K, committed 2560K, reserved 1048576K
}
Event: 63.921 GC heap before
{Heap before GC invocations=13 (full 1):
 PSYoungGen      total 185344K, used 185184K [0x0000000795580000, 0x00000007a3a00000, 0x00000007c0000000)
  eden space 173056K, 100% used [0x0000000795580000,0x000000079fe80000,0x000000079fe80000)
  from space 12288K, 98% used [0x000000079fe80000,0x00000007a0a58340,0x00000007a0a80000)
  to   space 13824K, 0% used [0x00000007a2c80000,0x00000007a2c80000,0x00000007a3a00000)
 ParOldGen       total 53248K, used 38109K [0x0000000740000000, 0x0000000743400000, 0x0000000795580000)
  object space 53248K, 71% used [0x0000000740000000,0x0000000742537600,0x0000000743400000)
 Metaspace       used 24903K, capacity 25217K, committed 25600K, reserved 1073152K
  class space    used 2413K, capacity 2517K, committed 2560K, reserved 1048576K
Event: 63.937 GC heap after
Heap after GC invocations=13 (full 1):
 PSYoungGen      total 180224K, used 13808K [0x0000000795580000, 0x00000007a3a00000, 0x00000007c0000000)
  eden space 166400K, 0% used [0x0000000795580000,0x0000000795580000,0x000000079f800000)
  from space 13824K, 99% used [0x00000007a2c80000,0x00000007a39fc380,0x00000007a3a00000)
  to   space 20480K, 0% used [0x00000007a1200000,0x00000007a1200000,0x00000007a2600000)
 ParOldGen       total 53248K, used 51182K [0x0000000740000000, 0x0000000743400000, 0x0000000795580000)
  object space 53248K, 96% used [0x0000000740000000,0x00000007431fb930,0x0000000743400000)
 Metaspace       used 24903K, capacity 25217K, committed 25600K, reserved 1073152K
  class space    used 2413K, capacity 2517K, committed 2560K, reserved 1048576K
}
Event: 63.937 GC heap before
{Heap before GC invocations=14 (full 2):
 PSYoungGen      total 180224K, used 13808K [0x0000000795580000, 0x00000007a3a00000, 0x00000007c0000000)
  eden space 166400K, 0% used [0x0000000795580000,0x0000000795580000,0x000000079f800000)
  from space 13824K, 99% used [0x00000007a2c80000,0x00000007a39fc380,0x00000007a3a00000)
  to   space 20480K, 0% used [0x00000007a1200000,0x00000007a1200000,0x00000007a2600000)
 ParOldGen       total 53248K, used 51182K [0x0000000740000000, 0x0000000743400000, 0x0000000795580000)
  object space 53248K, 96% used [0x0000000740000000,0x00000007431fb930,0x0000000743400000)
 Metaspace       used 24903K, capacity 25217K, committed 25600K, reserved 1073152K
  class space    used 2413K, capacity 2517K, committed 2560K, reserved 1048576K
Event: 64.012 GC heap after
Heap after GC invocations=14 (full 2):
 PSYoungGen      total 180224K, used 8971K [0x0000000795580000, 0x00000007a3a00000, 0x00000007c0000000)
  eden space 166400K, 0% used [0x0000000795580000,0x0000000795580000,0x000000079f800000)
  from space 13824K, 64% used [0x00000007a2c80000,0x00000007a3542ca0,0x00000007a3a00000)
  to   space 20480K, 0% used [0x00000007a1200000,0x00000007a1200000,0x00000007a2600000)
 ParOldGen       total 108544K, used 53174K [0x0000000740000000, 0x0000000746a00000, 0x0000000795580000)
  object space 108544K, 48% used [0x0000000740000000,0x00000007433ed918,0x0000000746a00000)
 Metaspace       used 24903K, capacity 25217K, committed 25600K, reserved 1073152K
  class space    used 2413K, capacity 2517K, committed 2560K, reserved 1048576K
}
Event: 74.425 GC heap before
{Heap before GC invocations=15 (full 2):
 PSYoungGen      total 180224K, used 175371K [0x0000000795580000, 0x00000007a3a00000, 0x00000007c0000000)
  eden space 166400K, 100% used [0x0000000795580000,0x000000079f800000,0x000000079f800000)
  from space 13824K, 64% used [0x00000007a2c80000,0x00000007a3542ca0,0x00000007a3a00000)
  to   space 20480K, 0% used [0x00000007a1200000,0x00000007a1200000,0x00000007a2600000)
 ParOldGen       total 108544K, used 53174K [0x0000000740000000, 0x0000000746a00000, 0x0000000795580000)
  object space 108544K, 48% used [0x0000000740000000,0x00000007433ed918,0x0000000746a00000)
 Metaspace       used 24939K, capacity 25217K, committed 25600K, reserved 1073152K
  class space    used 2413K, capacity 2517K, committed 2560K, reserved 1048576K
Event: 74.436 GC heap after
Heap after GC invocations=15 (full 2):
 PSYoungGen      total 176128K, used 15408K [0x0000000795580000, 0x00000007a2d00000, 0x00000007c0000000)
  eden space 160256K, 0% used [0x0000000795580000,0x0000000795580000,0x000000079f200000)
  from space 15872K, 97% used [0x00000007a1200000,0x00000007a210c3f0,0x00000007a2180000)
  to   space 11776K, 0% used [0x00000007a2180000,0x00000007a2180000,0x00000007a2d00000)
 ParOldGen       total 108544K, used 53190K [0x0000000740000000, 0x0000000746a00000, 0x0000000795580000)
  object space 108544K, 49% used [0x0000000740000000,0x00000007433f1918,0x0000000746a00000)
 Metaspace       used 24939K, capacity 25217K, committed 25600K, reserved 1073152K
  class space    used 2413K, capacity 2517K, committed 2560K, reserved 1048576K
}

Deoptimization events (10 events):
Event: 81.681 Thread 0x00007fee649ea000 Uncommon trap: reason=unstable_if action=reinterpret pc=0x000000010731d3dc method=sun.java2d.pipe.Region.isInsideQuickCheck(Lsun/java2d/pipe/Region;)Z @ 48
Event: 81.681 Thread 0x00007fee649ea000 Uncommon trap: reason=unstable_if action=reinterpret pc=0x0000000107175770 method=java.awt.font.FontRenderContext.equals(Ljava/awt/font/FontRenderContext;)Z @ 2
Event: 81.681 Thread 0x00007fee649ea000 Uncommon trap: reason=unstable_if action=reinterpret pc=0x0000000107172f54 method=java.awt.Font.equals(Ljava/lang/Object;)Z @ 2
Event: 81.710 Thread 0x00007fee64c2e800 Uncommon trap: reason=class_check action=maybe_recompile pc=0x0000000107310c88 method=java.awt.EventQueue.dispatchEventImpl(Ljava/awt/AWTEvent;Ljava/lang/Object;)V @ 30
Event: 81.726 Thread 0x00007fee6495c000 Uncommon trap: reason=class_check action=maybe_recompile pc=0x0000000106e3436c method=java.util.HashMap.putVal(ILjava/lang/Object;Ljava/lang/Object;ZZ)Ljava/lang/Object; @ 91
Event: 81.726 Thread 0x00007fee6495c000 Uncommon trap: reason=class_check action=maybe_recompile pc=0x0000000106e3436c method=java.util.HashMap.putVal(ILjava/lang/Object;Ljava/lang/Object;ZZ)Ljava/lang/Object; @ 91
Event: 81.728 Thread 0x00007fee649ea000 Uncommon trap: reason=unstable_if action=reinterpret pc=0x0000000107020168 method=sun.java2d.pipe.Region.isInsideQuickCheck(Lsun/java2d/pipe/Region;)Z @ 48
Event: 81.736 Thread 0x00007fee64c2e800 Uncommon trap: reason=unstable_if action=reinterpret pc=0x000000010738ead8 method=java.util.LinkedList$ListItr.<init>(Ljava/util/LinkedList;I)V @ 26
Event: 81.739 Thread 0x00007fee64c2e800 Uncommon trap: reason=unstable_if action=reinterpret pc=0x000000010735b144 method=java.util.LinkedList$ListItr.<init>(Ljava/util/LinkedList;I)V @ 26
Event: 81.740 Thread 0x00007fee649ea000 Uncommon trap: reason=unstable_if action=reinterpret pc=0x0000000107171f78 method=java.awt.font.FontRenderContext.equals(Ljava/awt/font/FontRenderContext;)Z @ 2

Internal exceptions (10 events):
Event: 0.366 Thread 0x00007fee64005000 Exception <a 'java/io/FileNotFoundException'> (0x000000079585e288) thrown at [/Users/java_re/workspace/8-2-build-macosx-x86_64/jdk8u111/7883/hotspot/src/share/vm/prims/jni.cpp, line 709]
Event: 0.366 Thread 0x00007fee64005000 Exception <a 'java/io/FileNotFoundException'> (0x000000079585ee28) thrown at [/Users/java_re/workspace/8-2-build-macosx-x86_64/jdk8u111/7883/hotspot/src/share/vm/prims/jni.cpp, line 709]
Event: 0.480 Thread 0x00007fee64005000 Exception <a 'java/io/FileNotFoundException'> (0x000000079599e2c0) thrown at [/Users/java_re/workspace/8-2-build-macosx-x86_64/jdk8u111/7883/hotspot/src/share/vm/prims/jni.cpp, line 709]
Event: 2.117 Thread 0x00007fee6597a800 Exception <a 'java/lang/UnsatisfiedLinkError': com.jogamp.common.util.JarUtil.fixNativeLibAttribs(Ljava/lang/String;)Z> (0x0000000796c2dc88) thrown at [/Users/java_re/workspace/8-2-build-macosx-x86_64/jdk8u111/7883/hotspot/src/share/vm/prims/nativeLookup.
Event: 2.387 Thread 0x00007fee6402f000 Exception <a 'java/lang/NullPointerException'> (0x00000007956a6d50) thrown at [/Users/java_re/workspace/8-2-build-macosx-x86_64/jdk8u111/7883/hotspot/src/share/vm/interpreter/linkResolver.cpp, line 1178]
Event: 3.010 Thread 0x00007fee64c2e800 Exception <a 'java/io/FileNotFoundException'> (0x000000079617e288) thrown at [/Users/java_re/workspace/8-2-build-macosx-x86_64/jdk8u111/7883/hotspot/src/share/vm/prims/jni.cpp, line 709]
Event: 3.011 Thread 0x00007fee64c2e800 Exception <a 'java/io/FileNotFoundException'> (0x0000000796185a20) thrown at [/Users/java_re/workspace/8-2-build-macosx-x86_64/jdk8u111/7883/hotspot/src/share/vm/prims/jni.cpp, line 709]
Event: 3.011 Thread 0x00007fee64c2e800 Implicit null exception at 0x0000000106b58336 to 0x0000000106b58705
Event: 4.956 Thread 0x00007fee64c2e800 Implicit null exception at 0x00000001070375a5 to 0x00000001070376f9
Event: 79.079 Thread 0x00007fee64c2e800 Implicit null exception at 0x0000000106c63787 to 0x0000000106c639cd

Events (10 events):
Event: 81.738 Executing VM operation: Deoptimize
Event: 81.739 Executing VM operation: Deoptimize done
Event: 81.739 loading class java/awt/Toolkit$ToolkitEventMulticaster
Event: 81.739 loading class java/awt/Toolkit$ToolkitEventMulticaster done
Event: 81.739 Thread 0x00007fee64c2e800 Uncommon trap: trap_request=0xffffff65 fr.pc=0x000000010735b144
Event: 81.740 Thread 0x00007fee64c2e800 DEOPT PACKING pc=0x000000010735b144 sp=0x0000700001965a10
Event: 81.740 Thread 0x00007fee64c2e800 DEOPT UNPACKING pc=0x00000001069a6229 sp=0x0000700001965968 mode 2
Event: 81.740 Thread 0x00007fee649ea000 Uncommon trap: trap_request=0xffffff65 fr.pc=0x0000000107171f78
Event: 81.740 Thread 0x00007fee649ea000 DEOPT PACKING pc=0x0000000107171f78 sp=0x000070000175f500
Event: 81.740 Thread 0x00007fee649ea000 DEOPT UNPACKING pc=0x00000001069a6229 sp=0x000070000175f4c0 mode 2


Dynamic libraries:
0x0000000004424000 	/System/Library/Frameworks/Cocoa.framework/Versions/A/Cocoa
0x0000000004424000 	/System/Library/Frameworks/Security.framework/Versions/A/Security
0x0000000004424000 	/System/Library/Frameworks/ApplicationServices.framework/Versions/A/ApplicationServices
0x0000000004424000 	/usr/lib/libz.1.dylib
0x0000000004424000 	/usr/lib/libSystem.B.dylib
0x0000000004424000 	/usr/lib/libobjc.A.dylib
0x0000000004424000 	/System/Library/Frameworks/CoreFoundation.framework/Versions/A/CoreFoundation
0x0000000004424000 	/System/Library/Frameworks/Foundation.framework/Versions/C/Foundation
0x0000000004424000 	/System/Library/Frameworks/AppKit.framework/Versions/C/AppKit
0x0000000004424000 	/System/Library/Frameworks/CoreData.framework/Versions/A/CoreData
0x0000000004424000 	/System/Library/PrivateFrameworks/RemoteViewServices.framework/Versions/A/RemoteViewServices
0x0000000004424000 	/System/Library/PrivateFrameworks/UIFoundation.framework/Versions/A/UIFoundation
0x0000000004424000 	/usr/lib/libScreenReader.dylib
0x0000000004424000 	/System/Library/Frameworks/Accelerate.framework/Versions/A/Accelerate
0x0000000004424000 	/System/Library/Frameworks/IOSurface.framework/Versions/A/IOSurface
0x0000000004424000 	/System/Library/Frameworks/AudioToolbox.framework/Versions/A/AudioToolbox
0x0000000004424000 	/System/Library/Frameworks/AudioUnit.framework/Versions/A/AudioUnit
0x0000000004424000 	/System/Library/PrivateFrameworks/DataDetectorsCore.framework/Versions/A/DataDetectorsCore
0x0000000004424000 	/System/Library/PrivateFrameworks/DesktopServicesPriv.framework/Versions/A/DesktopServicesPriv
0x0000000004424000 	/System/Library/Frameworks/Carbon.framework/Versions/A/Frameworks/HIToolbox.framework/Versions/A/HIToolbox
0x0000000004424000 	/System/Library/Frameworks/QuartzCore.framework/Versions/A/QuartzCore
0x0000000004424000 	/System/Library/Frameworks/Carbon.framework/Versions/A/Frameworks/SpeechRecognition.framework/Versions/A/SpeechRecognition
0x0000000004424000 	/usr/lib/libauto.dylib
0x0000000004424000 	/usr/lib/libicucore.A.dylib
0x0000000004424000 	/usr/lib/libxml2.2.dylib
0x0000000004424000 	/System/Library/PrivateFrameworks/CoreUI.framework/Versions/A/CoreUI
0x0000000004424000 	/System/Library/Frameworks/CoreAudio.framework/Versions/A/CoreAudio
0x0000000004424000 	/System/Library/Frameworks/DiskArbitration.framework/Versions/A/DiskArbitration
0x0000000004424000 	/usr/lib/liblangid.dylib
0x0000000004424000 	/System/Library/PrivateFrameworks/MultitouchSupport.framework/Versions/A/MultitouchSupport
0x0000000004424000 	/System/Library/Frameworks/IOKit.framework/Versions/A/IOKit
0x0000000004424000 	/usr/lib/libDiagnosticMessagesClient.dylib
0x0000000004424000 	/System/Library/Frameworks/CoreServices.framework/Versions/A/CoreServices
0x0000000004424000 	/System/Library/PrivateFrameworks/PerformanceAnalysis.framework/Versions/A/PerformanceAnalysis
0x0000000004424000 	/System/Library/PrivateFrameworks/GenerationalStorage.framework/Versions/A/GenerationalStorage
0x0000000004424000 	/System/Library/Frameworks/OpenGL.framework/Versions/A/OpenGL
0x0000000004424000 	/System/Library/PrivateFrameworks/Sharing.framework/Versions/A/Sharing
0x0000000004424000 	/System/Library/Frameworks/CoreGraphics.framework/Versions/A/CoreGraphics
0x0000000004424000 	/System/Library/Frameworks/CoreImage.framework/Versions/A/CoreImage
0x0000000004424000 	/System/Library/Frameworks/CoreText.framework/Versions/A/CoreText
0x0000000004424000 	/System/Library/Frameworks/ImageIO.framework/Versions/A/ImageIO
0x0000000004424000 	/System/Library/PrivateFrameworks/Backup.framework/Versions/A/Backup
0x0000000004424000 	/usr/lib/libextension.dylib
0x0000000004424000 	/usr/lib/libarchive.2.dylib
0x0000000004424000 	/System/Library/Frameworks/CFNetwork.framework/Versions/A/CFNetwork
0x0000000004424000 	/System/Library/Frameworks/SystemConfiguration.framework/Versions/A/SystemConfiguration
0x0000000004424000 	/usr/lib/libCRFSuite.dylib
0x0000000004424000 	/usr/lib/libc++.1.dylib
0x0000000004424000 	/usr/lib/libc++abi.dylib
0x0000000004424000 	/usr/lib/system/libcache.dylib
0x0000000004424000 	/usr/lib/system/libcommonCrypto.dylib
0x0000000004424000 	/usr/lib/system/libcompiler_rt.dylib
0x0000000004424000 	/usr/lib/system/libcopyfile.dylib
0x0000000004424000 	/usr/lib/system/libcorecrypto.dylib
0x0000000004424000 	/usr/lib/system/libdispatch.dylib
0x0000000004424000 	/usr/lib/system/libdyld.dylib
0x0000000004424000 	/usr/lib/system/libkeymgr.dylib
0x0000000004424000 	/usr/lib/system/liblaunch.dylib
0x0000000004424000 	/usr/lib/system/libmacho.dylib
0x0000000004424000 	/usr/lib/system/libquarantine.dylib
0x0000000004424000 	/usr/lib/system/libremovefile.dylib
0x0000000004424000 	/usr/lib/system/libsystem_asl.dylib
0x0000000004424000 	/usr/lib/system/libsystem_blocks.dylib
0x0000000004424000 	/usr/lib/system/libsystem_c.dylib
0x0000000004424000 	/usr/lib/system/libsystem_configuration.dylib
0x0000000004424000 	/usr/lib/system/libsystem_coreservices.dylib
0x0000000004424000 	/usr/lib/system/libsystem_coretls.dylib
0x0000000004424000 	/usr/lib/system/libsystem_dnssd.dylib
0x0000000004424000 	/usr/lib/system/libsystem_info.dylib
0x0000000004424000 	/usr/lib/system/libsystem_kernel.dylib
0x0000000004424000 	/usr/lib/system/libsystem_m.dylib
0x0000000004424000 	/usr/lib/system/libsystem_malloc.dylib
0x0000000004424000 	/usr/lib/system/libsystem_network.dylib
0x0000000004424000 	/usr/lib/system/libsystem_networkextension.dylib
0x0000000004424000 	/usr/lib/system/libsystem_notify.dylib
0x0000000004424000 	/usr/lib/system/libsystem_platform.dylib
0x0000000004424000 	/usr/lib/system/libsystem_pthread.dylib
0x0000000004424000 	/usr/lib/system/libsystem_sandbox.dylib
0x0000000004424000 	/usr/lib/system/libsystem_secinit.dylib
0x0000000004424000 	/usr/lib/system/libsystem_trace.dylib
0x0000000004424000 	/usr/lib/system/libunc.dylib
0x0000000004424000 	/usr/lib/system/libunwind.dylib
0x0000000004424000 	/usr/lib/system/libxpc.dylib
0x0000000004424000 	/usr/lib/libenergytrace.dylib
0x0000000004424000 	/usr/lib/libbsm.0.dylib
0x0000000004424000 	/usr/lib/system/libkxld.dylib
0x0000000004424000 	/usr/lib/libxar.1.dylib
0x0000000004424000 	/usr/lib/libsqlite3.dylib
0x0000000004424000 	/usr/lib/libpam.2.dylib
0x0000000004424000 	/usr/lib/libOpenScriptingUtil.dylib
0x0000000004424000 	/usr/lib/libbz2.1.0.dylib
0x0000000004424000 	/usr/lib/liblzma.5.dylib
0x0000000004424000 	/System/Library/Frameworks/CoreServices.framework/Versions/A/Frameworks/FSEvents.framework/Versions/A/FSEvents
0x0000000004424000 	/System/Library/Frameworks/CoreServices.framework/Versions/A/Frameworks/CarbonCore.framework/Versions/A/CarbonCore
0x0000000004424000 	/System/Library/Frameworks/CoreServices.framework/Versions/A/Frameworks/Metadata.framework/Versions/A/Metadata
0x0000000004424000 	/System/Library/Frameworks/CoreServices.framework/Versions/A/Frameworks/OSServices.framework/Versions/A/OSServices
0x0000000004424000 	/System/Library/Frameworks/CoreServices.framework/Versions/A/Frameworks/SearchKit.framework/Versions/A/SearchKit
0x0000000004424000 	/System/Library/Frameworks/CoreServices.framework/Versions/A/Frameworks/AE.framework/Versions/A/AE
0x0000000004424000 	/System/Library/Frameworks/CoreServices.framework/Versions/A/Frameworks/LaunchServices.framework/Versions/A/LaunchServices
0x0000000004424000 	/System/Library/Frameworks/CoreServices.framework/Versions/A/Frameworks/DictionaryServices.framework/Versions/A/DictionaryServices
0x0000000004424000 	/System/Library/Frameworks/CoreServices.framework/Versions/A/Frameworks/SharedFileList.framework/Versions/A/SharedFileList
0x0000000004424000 	/System/Library/Frameworks/NetFS.framework/Versions/A/NetFS
0x0000000004424000 	/System/Library/PrivateFrameworks/NetAuth.framework/Versions/A/NetAuth
0x0000000004424000 	/System/Library/PrivateFrameworks/login.framework/Versions/A/Frameworks/loginsupport.framework/Versions/A/loginsupport
0x0000000004424000 	/System/Library/PrivateFrameworks/TCC.framework/Versions/A/TCC
0x0000000004424000 	/usr/lib/libmecabra.dylib
0x0000000004424000 	/System/Library/Frameworks/ApplicationServices.framework/Versions/A/Frameworks/ATS.framework/Versions/A/ATS
0x0000000004424000 	/System/Library/Frameworks/ApplicationServices.framework/Versions/A/Frameworks/ColorSync.framework/Versions/A/ColorSync
0x0000000004424000 	/System/Library/Frameworks/ApplicationServices.framework/Versions/A/Frameworks/HIServices.framework/Versions/A/HIServices
0x0000000004424000 	/System/Library/Frameworks/ApplicationServices.framework/Versions/A/Frameworks/LangAnalysis.framework/Versions/A/LangAnalysis
0x0000000004424000 	/System/Library/Frameworks/ApplicationServices.framework/Versions/A/Frameworks/PrintCore.framework/Versions/A/PrintCore
0x0000000004424000 	/System/Library/Frameworks/ApplicationServices.framework/Versions/A/Frameworks/QD.framework/Versions/A/QD
0x0000000004424000 	/System/Library/Frameworks/ApplicationServices.framework/Versions/A/Frameworks/SpeechSynthesis.framework/Versions/A/SpeechSynthesis
0x0000000004424000 	/System/Library/Frameworks/Metal.framework/Versions/A/Metal
0x0000000004424000 	/System/Library/Frameworks/Accelerate.framework/Versions/A/Frameworks/vImage.framework/Versions/A/vImage
0x0000000004424000 	/System/Library/Frameworks/Accelerate.framework/Versions/A/Frameworks/vecLib.framework/Versions/A/vecLib
0x0000000004424000 	/System/Library/Frameworks/Accelerate.framework/Versions/A/Frameworks/vecLib.framework/Versions/A/libvDSP.dylib
0x0000000004424000 	/System/Library/Frameworks/Accelerate.framework/Versions/A/Frameworks/vecLib.framework/Versions/A/libvMisc.dylib
0x0000000004424000 	/System/Library/Frameworks/Accelerate.framework/Versions/A/Frameworks/vecLib.framework/Versions/A/libLAPACK.dylib
0x0000000004424000 	/System/Library/Frameworks/Accelerate.framework/Versions/A/Frameworks/vecLib.framework/Versions/A/libBLAS.dylib
0x0000000004424000 	/System/Library/Frameworks/Accelerate.framework/Versions/A/Frameworks/vecLib.framework/Versions/A/libLinearAlgebra.dylib
0x0000000004424000 	/System/Library/Frameworks/Accelerate.framework/Versions/A/Frameworks/vecLib.framework/Versions/A/libSparseBLAS.dylib
0x0000000004424000 	/System/Library/PrivateFrameworks/GPUCompiler.framework/libmetal_timestamp.dylib
0x0000000004424000 	/System/Library/Frameworks/OpenGL.framework/Versions/A/Libraries/libCoreFSCache.dylib
0x0000000004424000 	/System/Library/PrivateFrameworks/IOAccelerator.framework/Versions/A/IOAccelerator
0x0000000004424000 	/System/Library/Frameworks/ApplicationServices.framework/Versions/A/Frameworks/ATS.framework/Versions/A/Resources/libFontParser.dylib
0x0000000004424000 	/System/Library/Frameworks/ApplicationServices.framework/Versions/A/Frameworks/ATS.framework/Versions/A/Resources/libFontRegistry.dylib
0x0000000004424000 	/System/Library/PrivateFrameworks/AppleVPA.framework/Versions/A/AppleVPA
0x0000000004424000 	/System/Library/PrivateFrameworks/AppleJPEG.framework/Versions/A/AppleJPEG
0x0000000004424000 	/System/Library/Frameworks/ImageIO.framework/Versions/A/Resources/libJPEG.dylib
0x0000000004424000 	/System/Library/Frameworks/ImageIO.framework/Versions/A/Resources/libTIFF.dylib
0x0000000004424000 	/System/Library/Frameworks/ImageIO.framework/Versions/A/Resources/libPng.dylib
0x0000000004424000 	/System/Library/Frameworks/ImageIO.framework/Versions/A/Resources/libGIF.dylib
0x0000000004424000 	/System/Library/Frameworks/ImageIO.framework/Versions/A/Resources/libJP2.dylib
0x0000000004424000 	/System/Library/Frameworks/ImageIO.framework/Versions/A/Resources/libRadiance.dylib
0x0000000004424000 	/System/Library/Frameworks/CoreVideo.framework/Versions/A/CoreVideo
0x0000000004424000 	/System/Library/Frameworks/OpenGL.framework/Versions/A/Libraries/libGLU.dylib
0x0000000004424000 	/System/Library/Frameworks/OpenGL.framework/Versions/A/Libraries/libGFXShared.dylib
0x0000000004424000 	/System/Library/Frameworks/OpenGL.framework/Versions/A/Libraries/libGL.dylib
0x0000000004424000 	/System/Library/Frameworks/OpenGL.framework/Versions/A/Libraries/libGLImage.dylib
0x0000000004424000 	/System/Library/Frameworks/OpenGL.framework/Versions/A/Libraries/libCVMSPluginSupport.dylib
0x0000000004424000 	/System/Library/Frameworks/OpenGL.framework/Versions/A/Libraries/libCoreVMClient.dylib
0x0000000004424000 	/usr/lib/libcompression.dylib
0x0000000004424000 	/usr/lib/libcups.2.dylib
0x0000000004424000 	/System/Library/Frameworks/Kerberos.framework/Versions/A/Kerberos
0x0000000004424000 	/System/Library/Frameworks/GSS.framework/Versions/A/GSS
0x0000000004424000 	/usr/lib/libresolv.9.dylib
0x0000000004424000 	/usr/lib/libiconv.2.dylib
0x0000000004424000 	/System/Library/PrivateFrameworks/Heimdal.framework/Versions/A/Heimdal
0x0000000004424000 	/usr/lib/libheimdal-asn1.dylib
0x0000000004424000 	/System/Library/Frameworks/OpenDirectory.framework/Versions/A/OpenDirectory
0x0000000004424000 	/System/Library/PrivateFrameworks/CommonAuth.framework/Versions/A/CommonAuth
0x0000000004424000 	/System/Library/Frameworks/OpenDirectory.framework/Versions/A/Frameworks/CFOpenDirectory.framework/Versions/A/CFOpenDirectory
0x0000000004424000 	/System/Library/Frameworks/SecurityFoundation.framework/Versions/A/SecurityFoundation
0x0000000004424000 	/System/Library/PrivateFrameworks/LanguageModeling.framework/Versions/A/LanguageModeling
0x0000000004424000 	/usr/lib/libmarisa.dylib
0x0000000004424000 	/usr/lib/libChineseTokenizer.dylib
0x0000000004424000 	/usr/lib/libcmph.dylib
0x0000000004424000 	/System/Library/Frameworks/ServiceManagement.framework/Versions/A/ServiceManagement
0x0000000004424000 	/usr/lib/libxslt.1.dylib
0x0000000004424000 	/System/Library/Frameworks/Carbon.framework/Versions/A/Frameworks/Ink.framework/Versions/A/Ink
0x0000000004424000 	/usr/lib/libFosl_dynamic.dylib
0x0000000004424000 	/System/Library/PrivateFrameworks/FaceCore.framework/Versions/A/FaceCore
0x0000000004424000 	/System/Library/Frameworks/OpenCL.framework/Versions/A/OpenCL
0x0000000004424000 	/System/Library/PrivateFrameworks/CrashReporterSupport.framework/Versions/A/CrashReporterSupport
0x0000000004424000 	/System/Library/PrivateFrameworks/IconServices.framework/Versions/A/IconServices
0x0000000004424000 	/System/Library/PrivateFrameworks/Apple80211.framework/Versions/A/Apple80211
0x0000000004424000 	/System/Library/Frameworks/CoreWLAN.framework/Versions/A/CoreWLAN
0x0000000004424000 	/System/Library/Frameworks/IOBluetooth.framework/Versions/A/IOBluetooth
0x0000000004424000 	/System/Library/PrivateFrameworks/CoreWiFi.framework/Versions/A/CoreWiFi
0x0000000004424000 	/System/Library/Frameworks/CoreBluetooth.framework/Versions/A/CoreBluetooth
0x0000000004424000 	/System/Library/PrivateFrameworks/ChunkingLibrary.framework/Versions/A/ChunkingLibrary
0x0000000004424000 	/System/Library/PrivateFrameworks/DebugSymbols.framework/Versions/A/DebugSymbols
0x0000000004424000 	/System/Library/PrivateFrameworks/CoreSymbolication.framework/Versions/A/CoreSymbolication
0x0000000004424000 	/System/Library/PrivateFrameworks/Symbolication.framework/Versions/A/Symbolication
0x0000000004424000 	/System/Library/PrivateFrameworks/SpeechRecognitionCore.framework/Versions/A/SpeechRecognitionCore
0x0000000105a00000 	/Library/Java/JavaVirtualMachines/jdk1.8.0_111.jdk/Contents/Home/jre/lib/server/libjvm.dylib
0x0000000004424000 	/usr/lib/libstdc++.6.dylib
0x000000010509d000 	/Library/Java/JavaVirtualMachines/jdk1.8.0_111.jdk/Contents/Home/jre/lib/libverify.dylib
0x00000001050ab000 	/Library/Java/JavaVirtualMachines/jdk1.8.0_111.jdk/Contents/Home/jre/lib/libjava.dylib
0x00000001050ea000 	/Library/Java/JavaVirtualMachines/jdk1.8.0_111.jdk/Contents/Home/jre/lib/libzip.dylib
0x000000011c208000 	/System/Library/Frameworks/JavaVM.framework/Frameworks/JavaRuntimeSupport.framework/JavaRuntimeSupport
0x000000011c223000 	/System/Library/Frameworks/JavaVM.framework/Versions/A/Frameworks/JavaNativeFoundation.framework/Versions/A/JavaNativeFoundation
0x00000001051f0000 	/System/Library/Frameworks/JavaVM.framework/Versions/A/JavaVM
0x0000000004424000 	/System/Library/Frameworks/Carbon.framework/Versions/A/Carbon
0x000000011c238000 	/System/Library/PrivateFrameworks/JavaLaunching.framework/Versions/A/JavaLaunching
0x0000000004424000 	/System/Library/Frameworks/Carbon.framework/Versions/A/Frameworks/CommonPanels.framework/Versions/A/CommonPanels
0x0000000004424000 	/System/Library/Frameworks/Carbon.framework/Versions/A/Frameworks/Help.framework/Versions/A/Help
0x0000000004424000 	/System/Library/Frameworks/Carbon.framework/Versions/A/Frameworks/ImageCapture.framework/Versions/A/ImageCapture
0x0000000004424000 	/System/Library/Frameworks/Carbon.framework/Versions/A/Frameworks/OpenScripting.framework/Versions/A/OpenScripting
0x0000000004424000 	/System/Library/Frameworks/Carbon.framework/Versions/A/Frameworks/Print.framework/Versions/A/Print
0x0000000004424000 	/System/Library/Frameworks/Carbon.framework/Versions/A/Frameworks/SecurityHI.framework/Versions/A/SecurityHI
0x000000011db94000 	/Library/Java/JavaVirtualMachines/jdk1.8.0_111.jdk/Contents/Home/jre/lib/libawt.dylib
0x000000011dc3c000 	/Library/Java/JavaVirtualMachines/jdk1.8.0_111.jdk/Contents/Home/jre/lib/./libmlib_image.dylib
0x000000011dd08000 	/Library/Java/JavaVirtualMachines/jdk1.8.0_111.jdk/Contents/Home/jre/lib/libawt_lwawt.dylib
0x000000011ddbd000 	/Library/Java/JavaVirtualMachines/jdk1.8.0_111.jdk/Contents/Home/jre/lib/./libosxapp.dylib
0x0000000004424000 	/System/Library/Frameworks/ExceptionHandling.framework/Versions/A/ExceptionHandling
0x0000000004424000 	/System/Library/PrivateFrameworks/CoreServicesInternal.framework/Versions/A/CoreServicesInternal
0x0000000004424000 	/System/Library/Frameworks/CoreGraphics.framework/Versions/A/Resources/libRIP.A.dylib
0x0000000004424000 	/System/Library/Frameworks/Accelerate.framework/Versions/A/Frameworks/vImage.framework/Versions/A/Libraries/libCGInterfaces.dylib
0x0000000004424000 	/System/Library/Frameworks/CoreGraphics.framework/Versions/A/Resources/libCGXType.A.dylib
0x0000000004424000 	/System/Library/Frameworks/OpenCL.framework/Versions/A/Libraries/libcldcpuengine.dylib
0x0000000004424000 	/System/Library/PrivateFrameworks/DiskImages.framework/Versions/A/DiskImages
0x0000000004424000 	/System/Library/Frameworks/DiscRecording.framework/Versions/A/DiscRecording
0x0000000004424000 	/usr/lib/libcsfde.dylib
0x0000000004424000 	/usr/lib/libcurl.4.dylib
0x0000000004424000 	/System/Library/PrivateFrameworks/MediaKit.framework/Versions/A/MediaKit
0x0000000004424000 	/System/Library/PrivateFrameworks/ProtectedCloudStorage.framework/Versions/A/ProtectedCloudStorage
0x0000000004424000 	/usr/lib/libCoreStorage.dylib
0x0000000004424000 	/System/Library/PrivateFrameworks/EFILogin.framework/Versions/A/EFILogin
0x0000000004424000 	/usr/lib/libutil.dylib
0x0000000004424000 	/System/Library/PrivateFrameworks/FindMyDevice.framework/Versions/A/FindMyDevice
0x0000000004424000 	/System/Library/Frameworks/LDAP.framework/Versions/A/LDAP
0x0000000004424000 	/usr/lib/libsasl2.2.dylib
0x0000000004424000 	/System/Library/PrivateFrameworks/CoreDaemon.framework/Versions/B/CoreDaemon
0x0000000004424000 	/usr/lib/libcrypto.0.9.8.dylib
0x0000000004424000 	/System/Library/PrivateFrameworks/AppleSRP.framework/Versions/A/AppleSRP
0x0000000004424000 	/System/Library/PrivateFrameworks/TrustEvaluationAgent.framework/Versions/A/TrustEvaluationAgent
0x000000011fa0e000 	cl_kernels
0x0000000004424000 	/System/Library/Frameworks/OpenCL.framework/Versions/A/Libraries/ImageFormats/unorm8_bgra.dylib
0x0000000004424000 	/System/Library/Frameworks/OpenCL.framework/Versions/A/Libraries/ImageFormats/unorm8_rgba.dylib
0x0000000004424000 	/System/Library/PrivateFrameworks/FamilyControls.framework/Versions/A/FamilyControls
0x0000000004424000 	/System/Library/PrivateFrameworks/CommerceKit.framework/Versions/A/Frameworks/CommerceCore.framework/Versions/A/CommerceCore
0x0000000004424000 	/System/Library/PrivateFrameworks/SystemAdministration.framework/Versions/A/SystemAdministration
0x0000000004424000 	/System/Library/PrivateFrameworks/AppContainer.framework/Versions/A/AppContainer
0x0000000004424000 	/System/Library/PrivateFrameworks/SecCodeWrapper.framework/Versions/A/SecCodeWrapper
0x0000000004424000 	/System/Library/Frameworks/DirectoryService.framework/Versions/A/DirectoryService
0x0000000004424000 	/System/Library/PrivateFrameworks/LoginUIKit.framework/Versions/A/Frameworks/LoginUICore.framework/Versions/A/LoginUICore
0x0000000004424000 	/usr/lib/libodfde.dylib
0x0000000004424000 	/System/Library/Frameworks/OpenGL.framework/Versions/A/Resources/GLEngine.bundle/GLEngine
0x0000000004424000 	/System/Library/Frameworks/OpenGL.framework/Versions/A/Libraries/libGLProgrammability.dylib
0x0000000120b0c000 	/System/Library/Extensions/AppleIntelBDWGraphicsGLDriver.bundle/Contents/MacOS/AppleIntelBDWGraphicsGLDriver
0x0000000004424000 	/System/Library/PrivateFrameworks/GPUSupport.framework/Versions/A/Libraries/libGPUSupportMercury.dylib
0x0000000004424000 	/System/Library/Frameworks/OpenGL.framework/Versions/A/Resources/GLRendererFloat.bundle/GLRendererFloat
0x0000000121a8e000 	/Library/Java/JavaVirtualMachines/jdk1.8.0_111.jdk/Contents/Home/jre/lib/libfontmanager.dylib
0x0000000122f56000 	/Library/Java/JavaVirtualMachines/jdk1.8.0_111.jdk/Contents/Home/jre/lib/libosxui.dylib
0x0000000123a5e000 	/Library/Java/JavaVirtualMachines/jdk1.8.0_111.jdk/Contents/Home/jre/lib/libnet.dylib
0x0000000123a75000 	/Library/Java/JavaVirtualMachines/jdk1.8.0_111.jdk/Contents/Home/jre/lib/libnio.dylib
0x0000000004424000 	/System/Library/Frameworks/ApplicationServices.framework/Versions/A/Frameworks/ATS.framework/Versions/A/Resources/libTrueTypeScaler.dylib
0x0000000174dae000 	/System/Library/Extensions/AppleIntelBDWGraphicsMTLDriver.bundle/Contents/MacOS/AppleIntelBDWGraphicsMTLDriver
0x000000011efdc000 	/private/var/folders/52/pd9n1grn4_55dn11fg2xx6m40000gn/T/jogamp_0000/file_cache/jln474804992249669760/jln8017875973570099782/libgluegen-rt.jnilib
0x000000011efe1000 	/private/var/folders/52/pd9n1grn4_55dn11fg2xx6m40000gn/T/jogamp_0000/file_cache/jln474804992249669760/jln8017875973570099782/libnativewindow_awt.jnilib
0x000000011efe4000 	/Library/Java/JavaVirtualMachines/jdk1.8.0_111.jdk/Contents/Home/jre/lib/libjawt.dylib
0x0000000174c75000 	/private/var/folders/52/pd9n1grn4_55dn11fg2xx6m40000gn/T/jogamp_0000/file_cache/jln474804992249669760/jln8017875973570099782/libnativewindow_macosx.jnilib
0x00000001753ee000 	/private/var/folders/52/pd9n1grn4_55dn11fg2xx6m40000gn/T/jogamp_0000/file_cache/jln474804992249669760/jln8017875973570099782/libjogl_desktop.jnilib
0x000000017c662000 	/Library/Java/JavaVirtualMachines/jdk1.8.0_111.jdk/Contents/Home/jre/lib/libsunec.dylib
0x000000017c270000 	/Library/Java/JavaVirtualMachines/jdk1.8.0_111.jdk/Contents/Home/jre/lib/libt2k.dylib
0x000000017948b000 	/Library/Java/JavaVirtualMachines/jdk1.8.0_111.jdk/Contents/Home/jre/lib/libjpeg.dylib

VM Arguments:
jvm_args: -Djava.security.policy=java.policy.applet -Dfile.encoding=UTF-8 
java_command: sun.applet.AppletViewer module6.EarthquakeCityMap1496129796065.html
java_class_path (initial): /Users/dhruvsawhney/Documents/workspace/UCSDUnfoldingMaps/build:/Users/dhruvsawhney/Documents/workspace/UCSDUnfoldingMaps/lib/core.jar:/Users/dhruvsawhney/Documents/workspace/UCSDUnfoldingMaps/lib/gluegen-rt.jar:/Users/dhruvsawhney/Documents/workspace/UCSDUnfoldingMaps/lib/jogl-all.jar:/Users/dhruvsawhney/Documents/workspace/UCSDUnfoldingMaps/lib/log4j-1.2.15.jar:/Users/dhruvsawhney/Documents/workspace/UCSDUnfoldingMaps/lib/sqlite-jdbc-3.7.2.jar:/Users/dhruvsawhney/Documents/workspace/UCSDUnfoldingMaps/lib/json4processing.jar:/Users/dhruvsawhney/Documents/workspace/UCSDUnfoldingMaps/lib/libTUIO.jar:/Users/dhruvsawhney/Documents/workspace/UCSDUnfoldingMaps/lib/unfolding.0.9.7-uscd.jar
Launcher Type: SUN_STANDARD

Environment Variables:
PATH=/usr/bin:/bin:/usr/sbin:/sbin
SHELL=/bin/bash
DISPLAY=/private/tmp/com.apple.launchd.R6hX440jOa/org.macosforge.xquartz:0

Signal Handlers:
SIGSEGV: [libjvm.dylib+0x5b03ed], sa_mask[0]=11111111011111110111111111111111, sa_flags=SA_ONSTACK|SA_RESTART|SA_SIGINFO
SIGBUS: [libjvm.dylib+0x5b03ed], sa_mask[0]=11111111011111110111111111111111, sa_flags=SA_RESTART|SA_SIGINFO
SIGFPE: [libjvm.dylib+0x48711c], sa_mask[0]=11111111011111110111111111111111, sa_flags=SA_RESTART|SA_SIGINFO
SIGPIPE: [libjvm.dylib+0x48711c], sa_mask[0]=11111111011111110111111111111111, sa_flags=SA_RESTART|SA_SIGINFO
SIGXFSZ: [libjvm.dylib+0x48711c], sa_mask[0]=11111111011111110111111111111111, sa_flags=SA_RESTART|SA_SIGINFO
SIGILL: [libjvm.dylib+0x48711c], sa_mask[0]=11111111011111110111111111111111, sa_flags=SA_RESTART|SA_SIGINFO
SIGUSR1: SIG_DFL, sa_mask[0]=00000000000000000000000000000000, sa_flags=none
SIGUSR2: [libjvm.dylib+0x486c3a], sa_mask[0]=00100000000000000000000000000000, sa_flags=SA_RESTART|SA_SIGINFO
SIGHUP: [libjvm.dylib+0x485211], sa_mask[0]=11111111011111110111111111111111, sa_flags=SA_RESTART|SA_SIGINFO
SIGINT: [libjvm.dylib+0x485211], sa_mask[0]=11111111011111110111111111111111, sa_flags=SA_RESTART|SA_SIGINFO
SIGTERM: [libjvm.dylib+0x485211], sa_mask[0]=11111111011111110111111111111111, sa_flags=SA_RESTART|SA_SIGINFO
SIGQUIT: [libjvm.dylib+0x485211], sa_mask[0]=11111111011111110111111111111111, sa_flags=SA_RESTART|SA_SIGINFO


---------------  S Y S T E M  ---------------

OS:Bsduname:Darwin 15.6.0 Darwin Kernel Version 15.6.0: Thu Sep  1 15:01:16 PDT 2016; root:xnu-3248.60.11~2/RELEASE_X86_64 x86_64
rlimit: STACK 8192k, CORE 0k, NPROC 709, NOFILE 10240, AS infinity
load average:2.88 2.52 2.53

CPU:total 4 (2 cores per cpu, 2 threads per core) family 6 model 61 stepping 4, cmov, cx8, fxsr, mmx, sse, sse2, sse3, ssse3, sse4.1, sse4.2, popcnt, avx, avx2, aes, clmul, erms, 3dnowpref, lzcnt, ht, tsc, tscinvbit, bmi1, bmi2, adx

Memory: 4k page, physical 8388608k(204216k free)

/proc/meminfo:


vm_info: Java HotSpot(TM) 64-Bit Server VM (25.111-b14) for bsd-amd64 JRE (1.8.0_111-b14), built on Sep 22 2016 15:31:41 by "java_re" with gcc 4.2.1 (Based on Apple Inc. build 5658) (LLVM build 2336.11.00)

time: Tue May 30 13:07:57 2017
elapsed time: 81 seconds (0d 0h 1m 21s)

