#
# A fatal error has been detected by the Java Runtime Environment:
#
#  SIGSEGV (0xb) at pc=0x00007fff9a86f0f3, pid=4062, tid=0x0000000000000a0b
#
# JRE version: Java(TM) SE Runtime Environment (8.0_111-b14) (build 1.8.0_111-b14)
# Java VM: Java HotSpot(TM) 64-Bit Server VM (25.111-b14 mixed mode bsd-amd64 compressed oops)
# Problematic frame:
# C  [libobjc.A.dylib+0x80f3]  objc_release+0x13
#
# Failed to write core dump. Core dumps have been disabled. To enable core dumping, try "ulimit -c unlimited" before starting Java again
#
# If you would like to submit a bug report, please visit:
#   http://bugreport.java.com/bugreport/crash.jsp
# The crash happened outside the Java Virtual Machine in native code.
# See problematic frame for where to report the bug.
#

---------------  T H R E A D  ---------------

Current thread (0x00007ff730815800):  JavaThread "AWT-AppKit" daemon [_thread_in_native, id=2571, stack(0x00007fff5a3ed000,0x00007fff5abed000)]

siginfo: si_signo: 11 (SIGSEGV), si_code: 0 (unknown), si_addr: 0x0000000000000000

Registers:
RAX=0x0000000000000008, RBX=0x0000000000000000, RCX=0x0000000000000004, RDX=0x00007ff735290968
RSP=0x00007fff5abe82c0, RBP=0x00007fff5abe82c0, RSI=0x000000011df78f30, RDI=0x500007ff735333b0
R8 =0x0000000000000001, R9 =0x00007ff735333b00, R10=0x00007ff7315e93a0, R11=0x0000000174f01840
R12=0x0000000000000000, R13=0x000000017a3cefc0, R14=0x00007ff735312db0, R15=0x00007ff730815800
RIP=0x00007fff9a86f0f3, EFLAGS=0x0000000000010246, ERR=0x0000000000000000
  TRAPNO=0x000000000000000d

Top of Stack: (sp=0x00007fff5abe82c0)
0x00007fff5abe82c0:   00007fff5abe82f0 000000011df02267
0x00007fff5abe82d0:   00007fff5abe82f0 0000000174f01450
0x00007fff5abe82e0:   0000000174f01440 00007ff730815800
0x00007fff5abe82f0:   00007fff5abe83b0 0000000174eff215
0x00007fff5abe8300:   0000000174f01700 0000000174f016e0
0x00007fff5abe8310:   0000000174f014b0 0000000000000000
0x00007fff5abe8320:   000000017a3cefc0 000000017a3cefc0
0x00007fff5abe8330:   00007ff735290960 0000000174f016a0
0x00007fff5abe8340:   0000000174f01710 00007fff7872d770
0x00007fff5abe8350:   00007fff75580500 0000000174f01450
0x00007fff5abe8360:   0000000174f01690 00007ff735290960
0x00007fff5abe8370:   00007ff735312db0 00007ff7351562a0
0x00007fff5abe8380:   00007ff735290960 00007ff735312db0
0x00007fff5abe8390:   00007fff5abe8438 00007ff7308159f8
0x00007fff5abe83a0:   000000017a3cefc0 00007fff5abe8460
0x00007fff5abe83b0:   00007fff5abe8428 0000000106c179f4
0x00007fff5abe83c0:   000000017a3cefc0 00007fff5abe8460
0x00007fff5abe83d0:   00007fff5abe8428 0000000106c17787
0x00007fff5abe83e0:   0000000106c17742 00007fff5abe83e8
0x00007fff5abe83f0:   000000017a3cefc0 00007fff5abe8460
0x00007fff5abe8400:   0000000175351a20 0000000000000000
0x00007fff5abe8410:   000000017a3cefc0 0000000000000000
0x00007fff5abe8420:   00007fff5abe8448 00007fff5abe84a8
0x00007fff5abe8430:   0000000106c082bd 0000000797f1ccf0
0x00007fff5abe8440:   0000000106c11538 00007ff735290960
0x00007fff5abe8450:   00007fff5abe84a8 00007ff735312db0
0x00007fff5abe8460:   0000000106c12e02 00007fff5abe8468
0x00007fff5abe8470:   000000017a3cf18a 00007fff5abe84d0
0x00007fff5abe8480:   0000000175351a20 0000000000000000
0x00007fff5abe8490:   000000017a3cf198 00007fff5abe8448
0x00007fff5abe84a0:   00007fff5abe84b8 00007fff5abe8518
0x00007fff5abe84b0:   0000000106c082bd 00007ff735290960 

Instructions: (pc=0x00007fff9a86f0f3)
0x00007fff9a86f0d3:   41 5c 41 5d 41 5e 41 5f 5d c3 90 90 90 55 48 89
0x00007fff9a86f0e3:   e5 48 85 ff 0f 84 82 00 00 00 40 f6 c7 01 75 7c
0x00007fff9a86f0f3:   48 8b 07 48 b9 f8 ff ff ff ff 7f 00 00 48 21 c1
0x00007fff9a86f103:   f6 41 20 02 75 10 48 8d 05 80 dc 14 de 48 8b 30 

Register to memory mapping:

RAX=0x0000000000000008 is an unknown value
RBX=0x0000000000000000 is an unknown value
RCX=0x0000000000000004 is an unknown value
RDX=0x00007ff735290968 is an unknown value
RSP=0x00007fff5abe82c0 is pointing into the stack for thread: 0x00007ff730815800
RBP=0x00007fff5abe82c0 is pointing into the stack for thread: 0x00007ff730815800
RSI=0x000000011df78f30: OBJC_IVAR_$_PrinterView.fCurPeekGraphics+0x1aa8 in /Library/Java/JavaVirtualMachines/jdk1.8.0_111.jdk/Contents/Home/jre/lib/libawt_lwawt.dylib at 0x000000011defe000
RDI=0x500007ff735333b0 is an unknown value
R8 =0x0000000000000001 is an unknown value
R9 =0x00007ff735333b00 is an unknown value
R10=0x00007ff7315e93a0 is an unknown value
R11=0x0000000174f01840: OBJC_CLASS_$_MyCALayer+0 in /private/var/folders/52/pd9n1grn4_55dn11fg2xx6m40000gn/T/jogamp_0000/file_cache/jln4780860527250821139/jln4925955875243906475/libnativewindow_macosx.jnilib at 0x0000000174efa000
R12=0x0000000000000000 is an unknown value
R13={method} {0x000000017a3cefc0} 'UnsetJAWTRootSurfaceLayer0' '(JJ)V' in 'jogamp/nativewindow/jawt/macosx/MacOSXJAWTWindow'
R14=0x00007ff735312db0 is an unknown value
R15=0x00007ff730815800 is a thread


Stack: [0x00007fff5a3ed000,0x00007fff5abed000],  sp=0x00007fff5abe82c0,  free space=8172k
Native frames: (J=compiled Java code, j=interpreted, Vv=VM code, C=native code)
C  [libobjc.A.dylib+0x80f3]  objc_release+0x13
C  [libawt_lwawt.dylib+0x4267]  -[AWTSurfaceLayers setLayer:]+0x54
C  [libnativewindow_macosx.jnilib+0x5215]  Java_jogamp_nativewindow_jawt_macosx_MacOSXJAWTWindow_UnsetJAWTRootSurfaceLayer0+0x1a5
j  jogamp.nativewindow.jawt.macosx.MacOSXJAWTWindow.UnsetJAWTRootSurfaceLayer0(JJ)V+0
j  jogamp.nativewindow.jawt.macosx.MacOSXJAWTWindow.access$200(JJ)V+2
j  jogamp.nativewindow.jawt.macosx.MacOSXJAWTWindow$1.run()V+38
J 1569 C1 com.jogamp.common.util.RunnableTask.run()V (345 bytes) @ 0x000000010718f134 [0x000000010718efa0+0x194]
v  ~StubRoutines::call_stub
V  [libjvm.dylib+0x2ecf8a]
V  [libjvm.dylib+0x324119]
V  [libjvm.dylib+0x3168e7]
C  [libnativewindow_macosx.jnilib+0x5326]  Java_jogamp_nativewindow_jawt_macosx_MacOSXJAWTWindow_UnsetJAWTRootSurfaceLayer0+0x2b6
C  [Foundation+0x76fde]  __NSThreadPerformPerform+0x117
C  [CoreFoundation+0xaa7e1]  __CFRUNLOOP_IS_CALLING_OUT_TO_A_SOURCE0_PERFORM_FUNCTION__+0x11
C  [CoreFoundation+0x89f1c]  __CFRunLoopDoSources0+0x22c
C  [CoreFoundation+0x8943f]  __CFRunLoopRun+0x39f
C  [CoreFoundation+0x88e38]  CFRunLoopRunSpecific+0x128
C  [HIToolbox+0x30935]  RunCurrentEventLoopInMode+0xeb
C  [HIToolbox+0x30677]  ReceiveNextEventCommon+0xb8
C  [HIToolbox+0x305af]  _BlockUntilNextEventMatchingListInModeWithFilter+0x47
C  [AppKit+0x48df6]  _DPSNextEvent+0x42b
C  [AppKit+0x48226]  -[NSApplication _nextEventMatchingEventMask:untilDate:inMode:dequeue:]+0x1c6
C  [libosxapp.dylib+0x23aa]  -[NSApplicationAWT nextEventMatchingMask:untilDate:inMode:dequeue:]+0x7c
C  [AppKit+0x3cd80]  -[NSApplication run]+0x2aa
C  [libosxapp.dylib+0x214d]  +[NSApplicationAWT runAWTLoopWithApp:]+0x9c
C  [libawt_lwawt.dylib+0x444b3]  -[AWTStarter starter:]+0x389
C  [Foundation+0x76fde]  __NSThreadPerformPerform+0x117
C  [CoreFoundation+0xaa7e1]  __CFRUNLOOP_IS_CALLING_OUT_TO_A_SOURCE0_PERFORM_FUNCTION__+0x11
C  [CoreFoundation+0x89f1c]  __CFRunLoopDoSources0+0x22c
C  [CoreFoundation+0x8943f]  __CFRunLoopRun+0x39f
C  [CoreFoundation+0x88e38]  CFRunLoopRunSpecific+0x128
C  [java+0x6465]  CreateExecutionEnvironment+0x367
C  [java+0x218c]  JLI_Launch+0x7a0
C  [java+0x84c2]  main+0x65
C  [java+0x19e4]  start+0x34
C  0x0000000000000007

Java frames: (J=compiled Java code, j=interpreted, Vv=VM code)
j  jogamp.nativewindow.jawt.macosx.MacOSXJAWTWindow.UnsetJAWTRootSurfaceLayer0(JJ)V+0
j  jogamp.nativewindow.jawt.macosx.MacOSXJAWTWindow.access$200(JJ)V+2
j  jogamp.nativewindow.jawt.macosx.MacOSXJAWTWindow$1.run()V+38
J 1569 C1 com.jogamp.common.util.RunnableTask.run()V (345 bytes) @ 0x000000010718f134 [0x000000010718efa0+0x194]
v  ~StubRoutines::call_stub

---------------  P R O C E S S  ---------------

Java Threads: ( => current thread )
  0x00007ff730ca8800 JavaThread "Thread-3" [_thread_blocked, id=24111, stack(0x00007000010cd000,0x00007000011cd000)]
  0x00007ff731382000 JavaThread "AWT-EventQueue-1" [_thread_in_native, id=59179, stack(0x00007000018eb000,0x00007000019eb000)]
  0x00007ff731803000 JavaThread "DestroyJavaVM" [_thread_blocked, id=4099, stack(0x0000700000084000,0x0000700000184000)]
  0x00007ff731272800 JavaThread "AWT-EventQueue-0" [_thread_blocked, id=54299, stack(0x00007000016e5000,0x00007000017e5000)]
  0x00007ff731981000 JavaThread "Java2D Disposer" daemon [_thread_blocked, id=53263, stack(0x000070000145c000,0x000070000155c000)]
  0x00007ff7311d1800 JavaThread "Java2D Queue Flusher" daemon [_thread_blocked, id=50183, stack(0x0000700001359000,0x0000700001459000)]
  0x00007ff7320c1000 JavaThread "AWT-Shutdown" [_thread_blocked, id=29971, stack(0x00007000011d3000,0x00007000012d3000)]
=>0x00007ff730815800 JavaThread "AWT-AppKit" daemon [_thread_in_native, id=2571, stack(0x00007fff5a3ed000,0x00007fff5abed000)]
  0x00007ff730834800 JavaThread "Service Thread" daemon [_thread_blocked, id=18435, stack(0x0000700000e44000,0x0000700000f44000)]
  0x00007ff730814800 JavaThread "C1 CompilerThread2" daemon [_thread_blocked, id=17923, stack(0x0000700000d41000,0x0000700000e41000)]
  0x00007ff731020800 JavaThread "C2 CompilerThread1" daemon [_thread_blocked, id=17411, stack(0x0000700000c3e000,0x0000700000d3e000)]
  0x00007ff731840000 JavaThread "C2 CompilerThread0" daemon [_thread_blocked, id=16899, stack(0x0000700000b3b000,0x0000700000c3b000)]
  0x00007ff73101f000 JavaThread "Signal Dispatcher" daemon [_thread_blocked, id=14095, stack(0x0000700000a38000,0x0000700000b38000)]
  0x00007ff731837000 JavaThread "Finalizer" daemon [_thread_blocked, id=12291, stack(0x000070000082f000,0x000070000092f000)]
  0x00007ff731834800 JavaThread "Reference Handler" daemon [_thread_blocked, id=11779, stack(0x000070000072c000,0x000070000082c000)]

Other Threads:
  0x00007ff731016000 VMThread [stack: 0x0000700000629000,0x0000700000729000] [id=11267]
  0x00007ff731841800 WatcherThread [stack: 0x0000700000f47000,0x0000700001047000] [id=18947]

VM state:not at safepoint (normal execution)

VM Mutex/Monitor currently owned by a thread: None

Heap:
 PSYoungGen      total 38400K, used 9902K [0x0000000795580000, 0x0000000798000000, 0x00000007c0000000)
  eden space 33280K, 14% used [0x0000000795580000,0x0000000795a2c7c8,0x0000000797600000)
  from space 5120K, 99% used [0x0000000797b00000,0x0000000797fff430,0x0000000798000000)
  to   space 5120K, 0% used [0x0000000797600000,0x0000000797600000,0x0000000797b00000)
 ParOldGen       total 87552K, used 6333K [0x0000000740000000, 0x0000000745580000, 0x0000000795580000)
  object space 87552K, 7% used [0x0000000740000000,0x000000074062f410,0x0000000745580000)
 Metaspace       used 19400K, capacity 19577K, committed 19712K, reserved 1067008K
  class space    used 1928K, capacity 2015K, committed 2048K, reserved 1048576K

Card table byte_map: [0x0000000115fc0000,0x00000001163c1000] byte_map_base: 0x00000001125c0000

Marking Bits: (ParMarkBitMap*) 0x0000000105b7ed20
 Begin Bits: [0x000000011666c000, 0x000000011866c000)
 End Bits:   [0x000000011866c000, 0x000000011a66c000)

Polling page: 0x0000000106277000

CodeCache: size=245760Kb used=6363Kb max_used=6374Kb free=239396Kb
 bounds [0x0000000106c00000, 0x0000000107240000, 0x0000000115c00000]
 total_blobs=2616 nmethods=1748 adapters=782
 compilation: enabled

Compilation events (10 events):
Event: 20.000 Thread 0x00007ff730814800 nmethod 1748 0x000000010722c650 code [0x000000010722c7a0, 0x000000010722c8f0]
Event: 20.050 Thread 0x00007ff731020800 1749       4       java.nio.Buffer::limit (62 bytes)
Event: 20.051 Thread 0x00007ff731020800 nmethod 1749 0x000000010722c310 code [0x000000010722c460, 0x000000010722c558]
Event: 20.166 Thread 0x00007ff730814800 1750       3       jogamp.opengl.GLContextImpl::getDefaultReadFramebuffer (8 bytes)
Event: 20.166 Thread 0x00007ff730814800 nmethod 1750 0x000000010723b950 code [0x000000010723bac0, 0x000000010723bce8]
Event: 21.300 Thread 0x00007ff731840000 1751       4       java.nio.DirectIntBufferU::get (16 bytes)
Event: 21.301 Thread 0x00007ff731840000 nmethod 1751 0x000000010722c090 code [0x000000010722c1e0, 0x000000010722c278]
Event: 24.053 Thread 0x00007ff730814800 1752       3       sun.java2d.pipe.PixelToParallelogramConverter::normalize (15 bytes)
Event: 24.053 Thread 0x00007ff730814800 nmethod 1752 0x000000010723cfd0 code [0x000000010723d180, 0x000000010723d408]
Event: 24.095 Thread 0x00007ff731020800 1754       4       sun.awt.AWTAutoShutdown::isReadyToShutdown (37 bytes)

GC Heap History (4 events):
Event: 2.264 GC heap before
{Heap before GC invocations=1 (full 0):
 PSYoungGen      total 38400K, used 33280K [0x0000000795580000, 0x0000000798000000, 0x00000007c0000000)
  eden space 33280K, 100% used [0x0000000795580000,0x0000000797600000,0x0000000797600000)
  from space 5120K, 0% used [0x0000000797b00000,0x0000000797b00000,0x0000000798000000)
  to   space 5120K, 0% used [0x0000000797600000,0x0000000797600000,0x0000000797b00000)
 ParOldGen       total 87552K, used 0K [0x0000000740000000, 0x0000000745580000, 0x0000000795580000)
  object space 87552K, 0% used [0x0000000740000000,0x0000000740000000,0x0000000745580000)
 Metaspace       used 15712K, capacity 15937K, committed 16256K, reserved 1064960K
  class space    used 1587K, capacity 1659K, committed 1664K, reserved 1048576K
Event: 2.270 GC heap after
Heap after GC invocations=1 (full 0):
 PSYoungGen      total 38400K, used 4902K [0x0000000795580000, 0x0000000798000000, 0x00000007c0000000)
  eden space 33280K, 0% used [0x0000000795580000,0x0000000795580000,0x0000000797600000)
  from space 5120K, 95% used [0x0000000797600000,0x0000000797ac9ba0,0x0000000797b00000)
  to   space 5120K, 0% used [0x0000000797b00000,0x0000000797b00000,0x0000000798000000)
 ParOldGen       total 87552K, used 8K [0x0000000740000000, 0x0000000745580000, 0x0000000795580000)
  object space 87552K, 0% used [0x0000000740000000,0x0000000740002000,0x0000000745580000)
 Metaspace       used 15712K, capacity 15937K, committed 16256K, reserved 1064960K
  class space    used 1587K, capacity 1659K, committed 1664K, reserved 1048576K
}
Event: 11.562 GC heap before
{Heap before GC invocations=2 (full 0):
 PSYoungGen      total 38400K, used 38182K [0x0000000795580000, 0x0000000798000000, 0x00000007c0000000)
  eden space 33280K, 100% used [0x0000000795580000,0x0000000797600000,0x0000000797600000)
  from space 5120K, 95% used [0x0000000797600000,0x0000000797ac9ba0,0x0000000797b00000)
  to   space 5120K, 0% used [0x0000000797b00000,0x0000000797b00000,0x0000000798000000)
 ParOldGen       total 87552K, used 8K [0x0000000740000000, 0x0000000745580000, 0x0000000795580000)
  object space 87552K, 0% used [0x0000000740000000,0x0000000740002000,0x0000000745580000)
 Metaspace       used 19279K, capacity 19481K, committed 19712K, reserved 1067008K
  class space    used 1921K, capacity 1983K, committed 2048K, reserved 1048576K
Event: 11.575 GC heap after
Heap after GC invocations=2 (full 0):
 PSYoungGen      total 38400K, used 5117K [0x0000000795580000, 0x0000000798000000, 0x00000007c0000000)
  eden space 33280K, 0% used [0x0000000795580000,0x0000000795580000,0x0000000797600000)
  from space 5120K, 99% used [0x0000000797b00000,0x0000000797fff430,0x0000000798000000)
  to   space 5120K, 0% used [0x0000000797600000,0x0000000797600000,0x0000000797b00000)
 ParOldGen       total 87552K, used 6333K [0x0000000740000000, 0x0000000745580000, 0x0000000795580000)
  object space 87552K, 7% used [0x0000000740000000,0x000000074062f410,0x0000000745580000)
 Metaspace       used 19279K, capacity 19481K, committed 19712K, reserved 1067008K
  class space    used 1921K, capacity 1983K, committed 2048K, reserved 1048576K
}

Deoptimization events (10 events):
Event: 1.729 Thread 0x00007ff732147800 Uncommon trap: reason=unstable_if action=reinterpret pc=0x0000000106dd71c0 method=java.lang.String.toLowerCase(Ljava/util/Locale;)Ljava/lang/String; @ 85
Event: 1.958 Thread 0x00007ff732147800 Uncommon trap: reason=unstable_if action=reinterpret pc=0x0000000106e67c94 method=java.lang.String.lastIndexOf([CII[CIII)I @ 66
Event: 2.002 Thread 0x00007ff732147800 Uncommon trap: reason=unstable_if action=reinterpret pc=0x0000000106e83228 method=java.lang.String.indexOf([CII[CIII)I @ 3
Event: 2.002 Thread 0x00007ff732147800 Uncommon trap: reason=unstable_if action=reinterpret pc=0x0000000106e52f64 method=java.lang.String.indexOf([CII[CIII)I @ 3
Event: 2.002 Thread 0x00007ff732147800 Uncommon trap: reason=unstable_if action=reinterpret pc=0x0000000106dc8798 method=java.lang.String.indexOf([CII[CIII)I @ 3
Event: 3.280 Thread 0x00007ff731382000 Uncommon trap: reason=unstable_if action=reinterpret pc=0x0000000106db999c method=java.lang.AbstractStringBuilder.append(Ljava/lang/String;)Ljava/lang/AbstractStringBuilder; @ 1
Event: 3.665 Thread 0x00007ff731382000 Uncommon trap: reason=unstable_if action=reinterpret pc=0x0000000106ff3510 method=sun.misc.FloatingDecimal.readJavaFormatString(Ljava/lang/String;)Lsun/misc/FloatingDecimal$ASCIIToBinaryConverter; @ 445
Event: 24.051 Thread 0x00007ff7319c0000 Uncommon trap: reason=unstable_if action=reinterpret pc=0x0000000107231d18 method=java.security.AccessControlContext.combine([Ljava/security/ProtectionDomain;[Ljava/security/ProtectionDomain;)[Ljava/security/ProtectionDomain; @ 151
Event: 24.052 Thread 0x00007ff731272800 Uncommon trap: reason=unstable_if action=reinterpret pc=0x000000010720bd68 method=sun.java2d.pipe.Region.isInsideQuickCheck(Lsun/java2d/pipe/Region;)Z @ 48
Event: 24.093 Thread 0x00007ff731382000 Uncommon trap: reason=unstable_if action=reinterpret pc=0x00000001071da64c method=java.security.AccessControlContext.combine([Ljava/security/ProtectionDomain;[Ljava/security/ProtectionDomain;)[Ljava/security/ProtectionDomain; @ 151

Internal exceptions (10 events):
Event: 0.221 Thread 0x00007ff731803000 Exception <a 'java/lang/NoSuchFieldError': method resolution failed> (0x00000007957d5308) thrown at [/Users/java_re/workspace/8-2-build-macosx-x86_64/jdk8u111/7883/hotspot/src/share/vm/prims/methodHandles.cpp, line 1146]
Event: 0.225 Thread 0x00007ff731803000 Exception <a 'java/lang/NoSuchFieldError': method resolution failed> (0x00000007957e2ad8) thrown at [/Users/java_re/workspace/8-2-build-macosx-x86_64/jdk8u111/7883/hotspot/src/share/vm/prims/methodHandles.cpp, line 1146]
Event: 0.425 Thread 0x00007ff731803000 Exception <a 'java/io/FileNotFoundException'> (0x000000079585e288) thrown at [/Users/java_re/workspace/8-2-build-macosx-x86_64/jdk8u111/7883/hotspot/src/share/vm/prims/jni.cpp, line 709]
Event: 0.425 Thread 0x00007ff731803000 Exception <a 'java/io/FileNotFoundException'> (0x000000079585ee28) thrown at [/Users/java_re/workspace/8-2-build-macosx-x86_64/jdk8u111/7883/hotspot/src/share/vm/prims/jni.cpp, line 709]
Event: 0.544 Thread 0x00007ff731803000 Exception <a 'java/io/FileNotFoundException'> (0x000000079599e2c0) thrown at [/Users/java_re/workspace/8-2-build-macosx-x86_64/jdk8u111/7883/hotspot/src/share/vm/prims/jni.cpp, line 709]
Event: 2.021 Thread 0x00007ff732147800 Exception <a 'java/lang/UnsatisfiedLinkError': com.jogamp.common.util.JarUtil.fixNativeLibAttribs(Ljava/lang/String;)Z> (0x0000000796c38448) thrown at [/Users/java_re/workspace/8-2-build-macosx-x86_64/jdk8u111/7883/hotspot/src/share/vm/prims/nativeLookup.
Event: 2.272 Thread 0x00007ff731837000 Exception <a 'java/lang/NullPointerException'> (0x00000007956a2e30) thrown at [/Users/java_re/workspace/8-2-build-macosx-x86_64/jdk8u111/7883/hotspot/src/share/vm/interpreter/linkResolver.cpp, line 1178]
Event: 3.279 Thread 0x00007ff731382000 Exception <a 'java/io/FileNotFoundException'> (0x00000007961371d0) thrown at [/Users/java_re/workspace/8-2-build-macosx-x86_64/jdk8u111/7883/hotspot/src/share/vm/prims/jni.cpp, line 709]
Event: 3.280 Thread 0x00007ff731382000 Exception <a 'java/io/FileNotFoundException'> (0x000000079613e958) thrown at [/Users/java_re/workspace/8-2-build-macosx-x86_64/jdk8u111/7883/hotspot/src/share/vm/prims/jni.cpp, line 709]
Event: 3.280 Thread 0x00007ff731382000 Implicit null exception at 0x0000000106db95b6 to 0x0000000106db9985

Events (10 events):
Event: 24.093 Thread 0x00007ff731382000 DEOPT UNPACKING pc=0x0000000106c05229 sp=0x00007000019e86b0 mode 2
Event: 24.093 loading class java/awt/LightweightDispatcher$2
Event: 24.094 loading class java/awt/LightweightDispatcher$2 done
Event: 24.094 loading class java/awt/event/AWTEventListenerProxy
Event: 24.094 loading class java/awt/event/AWTEventListenerProxy done
Event: 24.094 loading class java/awt/Toolkit$ToolkitEventMulticaster
Event: 24.094 loading class java/awt/Toolkit$ToolkitEventMulticaster done
Event: 24.094 Thread 0x00007ff7319c0000 Thread exited: 0x00007ff7319c0000
Event: 24.095 loading class java/awt/Window$1DisposeAction
Event: 24.095 loading class java/awt/Window$1DisposeAction done


Dynamic libraries:
0x0000000004424000 	/System/Library/Frameworks/Cocoa.framework/Versions/A/Cocoa
0x0000000004424000 	/System/Library/Frameworks/Security.framework/Versions/A/Security
0x0000000004424000 	/System/Library/Frameworks/ApplicationServices.framework/Versions/A/ApplicationServices
0x0000000004424000 	/usr/lib/libz.1.dylib
0x0000000004424000 	/usr/lib/libSystem.B.dylib
0x0000000004424000 	/usr/lib/libobjc.A.dylib
0x0000000004424000 	/System/Library/Frameworks/CoreFoundation.framework/Versions/A/CoreFoundation
0x0000000004424000 	/System/Library/Frameworks/Foundation.framework/Versions/C/Foundation
0x0000000004424000 	/System/Library/Frameworks/AppKit.framework/Versions/C/AppKit
0x0000000004424000 	/System/Library/Frameworks/CoreData.framework/Versions/A/CoreData
0x0000000004424000 	/System/Library/PrivateFrameworks/RemoteViewServices.framework/Versions/A/RemoteViewServices
0x0000000004424000 	/System/Library/PrivateFrameworks/UIFoundation.framework/Versions/A/UIFoundation
0x0000000004424000 	/usr/lib/libScreenReader.dylib
0x0000000004424000 	/System/Library/Frameworks/Accelerate.framework/Versions/A/Accelerate
0x0000000004424000 	/System/Library/Frameworks/IOSurface.framework/Versions/A/IOSurface
0x0000000004424000 	/System/Library/Frameworks/AudioToolbox.framework/Versions/A/AudioToolbox
0x0000000004424000 	/System/Library/Frameworks/AudioUnit.framework/Versions/A/AudioUnit
0x0000000004424000 	/System/Library/PrivateFrameworks/DataDetectorsCore.framework/Versions/A/DataDetectorsCore
0x0000000004424000 	/System/Library/PrivateFrameworks/DesktopServicesPriv.framework/Versions/A/DesktopServicesPriv
0x0000000004424000 	/System/Library/Frameworks/Carbon.framework/Versions/A/Frameworks/HIToolbox.framework/Versions/A/HIToolbox
0x0000000004424000 	/System/Library/Frameworks/QuartzCore.framework/Versions/A/QuartzCore
0x0000000004424000 	/System/Library/Frameworks/Carbon.framework/Versions/A/Frameworks/SpeechRecognition.framework/Versions/A/SpeechRecognition
0x0000000004424000 	/usr/lib/libauto.dylib
0x0000000004424000 	/usr/lib/libicucore.A.dylib
0x0000000004424000 	/usr/lib/libxml2.2.dylib
0x0000000004424000 	/System/Library/PrivateFrameworks/CoreUI.framework/Versions/A/CoreUI
0x0000000004424000 	/System/Library/Frameworks/CoreAudio.framework/Versions/A/CoreAudio
0x0000000004424000 	/System/Library/Frameworks/DiskArbitration.framework/Versions/A/DiskArbitration
0x0000000004424000 	/usr/lib/liblangid.dylib
0x0000000004424000 	/System/Library/PrivateFrameworks/MultitouchSupport.framework/Versions/A/MultitouchSupport
0x0000000004424000 	/System/Library/Frameworks/IOKit.framework/Versions/A/IOKit
0x0000000004424000 	/usr/lib/libDiagnosticMessagesClient.dylib
0x0000000004424000 	/System/Library/Frameworks/CoreServices.framework/Versions/A/CoreServices
0x0000000004424000 	/System/Library/PrivateFrameworks/PerformanceAnalysis.framework/Versions/A/PerformanceAnalysis
0x0000000004424000 	/System/Library/PrivateFrameworks/GenerationalStorage.framework/Versions/A/GenerationalStorage
0x0000000004424000 	/System/Library/Frameworks/OpenGL.framework/Versions/A/OpenGL
0x0000000004424000 	/System/Library/PrivateFrameworks/Sharing.framework/Versions/A/Sharing
0x0000000004424000 	/System/Library/Frameworks/CoreGraphics.framework/Versions/A/CoreGraphics
0x0000000004424000 	/System/Library/Frameworks/CoreImage.framework/Versions/A/CoreImage
0x0000000004424000 	/System/Library/Frameworks/CoreText.framework/Versions/A/CoreText
0x0000000004424000 	/System/Library/Frameworks/ImageIO.framework/Versions/A/ImageIO
0x0000000004424000 	/System/Library/PrivateFrameworks/Backup.framework/Versions/A/Backup
0x0000000004424000 	/usr/lib/libextension.dylib
0x0000000004424000 	/usr/lib/libarchive.2.dylib
0x0000000004424000 	/System/Library/Frameworks/CFNetwork.framework/Versions/A/CFNetwork
0x0000000004424000 	/System/Library/Frameworks/SystemConfiguration.framework/Versions/A/SystemConfiguration
0x0000000004424000 	/usr/lib/libCRFSuite.dylib
0x0000000004424000 	/usr/lib/libc++.1.dylib
0x0000000004424000 	/usr/lib/libc++abi.dylib
0x0000000004424000 	/usr/lib/system/libcache.dylib
0x0000000004424000 	/usr/lib/system/libcommonCrypto.dylib
0x0000000004424000 	/usr/lib/system/libcompiler_rt.dylib
0x0000000004424000 	/usr/lib/system/libcopyfile.dylib
0x0000000004424000 	/usr/lib/system/libcorecrypto.dylib
0x0000000004424000 	/usr/lib/system/libdispatch.dylib
0x0000000004424000 	/usr/lib/system/libdyld.dylib
0x0000000004424000 	/usr/lib/system/libkeymgr.dylib
0x0000000004424000 	/usr/lib/system/liblaunch.dylib
0x0000000004424000 	/usr/lib/system/libmacho.dylib
0x0000000004424000 	/usr/lib/system/libquarantine.dylib
0x0000000004424000 	/usr/lib/system/libremovefile.dylib
0x0000000004424000 	/usr/lib/system/libsystem_asl.dylib
0x0000000004424000 	/usr/lib/system/libsystem_blocks.dylib
0x0000000004424000 	/usr/lib/system/libsystem_c.dylib
0x0000000004424000 	/usr/lib/system/libsystem_configuration.dylib
0x0000000004424000 	/usr/lib/system/libsystem_coreservices.dylib
0x0000000004424000 	/usr/lib/system/libsystem_coretls.dylib
0x0000000004424000 	/usr/lib/system/libsystem_dnssd.dylib
0x0000000004424000 	/usr/lib/system/libsystem_info.dylib
0x0000000004424000 	/usr/lib/system/libsystem_kernel.dylib
0x0000000004424000 	/usr/lib/system/libsystem_m.dylib
0x0000000004424000 	/usr/lib/system/libsystem_malloc.dylib
0x0000000004424000 	/usr/lib/system/libsystem_network.dylib
0x0000000004424000 	/usr/lib/system/libsystem_networkextension.dylib
0x0000000004424000 	/usr/lib/system/libsystem_notify.dylib
0x0000000004424000 	/usr/lib/system/libsystem_platform.dylib
0x0000000004424000 	/usr/lib/system/libsystem_pthread.dylib
0x0000000004424000 	/usr/lib/system/libsystem_sandbox.dylib
0x0000000004424000 	/usr/lib/system/libsystem_secinit.dylib
0x0000000004424000 	/usr/lib/system/libsystem_trace.dylib
0x0000000004424000 	/usr/lib/system/libunc.dylib
0x0000000004424000 	/usr/lib/system/libunwind.dylib
0x0000000004424000 	/usr/lib/system/libxpc.dylib
0x0000000004424000 	/usr/lib/libenergytrace.dylib
0x0000000004424000 	/usr/lib/libbsm.0.dylib
0x0000000004424000 	/usr/lib/system/libkxld.dylib
0x0000000004424000 	/usr/lib/libxar.1.dylib
0x0000000004424000 	/usr/lib/libsqlite3.dylib
0x0000000004424000 	/usr/lib/libpam.2.dylib
0x0000000004424000 	/usr/lib/libOpenScriptingUtil.dylib
0x0000000004424000 	/usr/lib/libbz2.1.0.dylib
0x0000000004424000 	/usr/lib/liblzma.5.dylib
0x0000000004424000 	/System/Library/Frameworks/CoreServices.framework/Versions/A/Frameworks/FSEvents.framework/Versions/A/FSEvents
0x0000000004424000 	/System/Library/Frameworks/CoreServices.framework/Versions/A/Frameworks/CarbonCore.framework/Versions/A/CarbonCore
0x0000000004424000 	/System/Library/Frameworks/CoreServices.framework/Versions/A/Frameworks/Metadata.framework/Versions/A/Metadata
0x0000000004424000 	/System/Library/Frameworks/CoreServices.framework/Versions/A/Frameworks/OSServices.framework/Versions/A/OSServices
0x0000000004424000 	/System/Library/Frameworks/CoreServices.framework/Versions/A/Frameworks/SearchKit.framework/Versions/A/SearchKit
0x0000000004424000 	/System/Library/Frameworks/CoreServices.framework/Versions/A/Frameworks/AE.framework/Versions/A/AE
0x0000000004424000 	/System/Library/Frameworks/CoreServices.framework/Versions/A/Frameworks/LaunchServices.framework/Versions/A/LaunchServices
0x0000000004424000 	/System/Library/Frameworks/CoreServices.framework/Versions/A/Frameworks/DictionaryServices.framework/Versions/A/DictionaryServices
0x0000000004424000 	/System/Library/Frameworks/CoreServices.framework/Versions/A/Frameworks/SharedFileList.framework/Versions/A/SharedFileList
0x0000000004424000 	/System/Library/Frameworks/NetFS.framework/Versions/A/NetFS
0x0000000004424000 	/System/Library/PrivateFrameworks/NetAuth.framework/Versions/A/NetAuth
0x0000000004424000 	/System/Library/PrivateFrameworks/login.framework/Versions/A/Frameworks/loginsupport.framework/Versions/A/loginsupport
0x0000000004424000 	/System/Library/PrivateFrameworks/TCC.framework/Versions/A/TCC
0x0000000004424000 	/usr/lib/libmecabra.dylib
0x0000000004424000 	/System/Library/Frameworks/ApplicationServices.framework/Versions/A/Frameworks/ATS.framework/Versions/A/ATS
0x0000000004424000 	/System/Library/Frameworks/ApplicationServices.framework/Versions/A/Frameworks/ColorSync.framework/Versions/A/ColorSync
0x0000000004424000 	/System/Library/Frameworks/ApplicationServices.framework/Versions/A/Frameworks/HIServices.framework/Versions/A/HIServices
0x0000000004424000 	/System/Library/Frameworks/ApplicationServices.framework/Versions/A/Frameworks/LangAnalysis.framework/Versions/A/LangAnalysis
0x0000000004424000 	/System/Library/Frameworks/ApplicationServices.framework/Versions/A/Frameworks/PrintCore.framework/Versions/A/PrintCore
0x0000000004424000 	/System/Library/Frameworks/ApplicationServices.framework/Versions/A/Frameworks/QD.framework/Versions/A/QD
0x0000000004424000 	/System/Library/Frameworks/ApplicationServices.framework/Versions/A/Frameworks/SpeechSynthesis.framework/Versions/A/SpeechSynthesis
0x0000000004424000 	/System/Library/Frameworks/Metal.framework/Versions/A/Metal
0x0000000004424000 	/System/Library/Frameworks/Accelerate.framework/Versions/A/Frameworks/vImage.framework/Versions/A/vImage
0x0000000004424000 	/System/Library/Frameworks/Accelerate.framework/Versions/A/Frameworks/vecLib.framework/Versions/A/vecLib
0x0000000004424000 	/System/Library/Frameworks/Accelerate.framework/Versions/A/Frameworks/vecLib.framework/Versions/A/libvDSP.dylib
0x0000000004424000 	/System/Library/Frameworks/Accelerate.framework/Versions/A/Frameworks/vecLib.framework/Versions/A/libvMisc.dylib
0x0000000004424000 	/System/Library/Frameworks/Accelerate.framework/Versions/A/Frameworks/vecLib.framework/Versions/A/libLAPACK.dylib
0x0000000004424000 	/System/Library/Frameworks/Accelerate.framework/Versions/A/Frameworks/vecLib.framework/Versions/A/libBLAS.dylib
0x0000000004424000 	/System/Library/Frameworks/Accelerate.framework/Versions/A/Frameworks/vecLib.framework/Versions/A/libLinearAlgebra.dylib
0x0000000004424000 	/System/Library/Frameworks/Accelerate.framework/Versions/A/Frameworks/vecLib.framework/Versions/A/libSparseBLAS.dylib
0x0000000004424000 	/System/Library/PrivateFrameworks/GPUCompiler.framework/libmetal_timestamp.dylib
0x0000000004424000 	/System/Library/Frameworks/OpenGL.framework/Versions/A/Libraries/libCoreFSCache.dylib
0x0000000004424000 	/System/Library/PrivateFrameworks/IOAccelerator.framework/Versions/A/IOAccelerator
0x0000000004424000 	/System/Library/Frameworks/ApplicationServices.framework/Versions/A/Frameworks/ATS.framework/Versions/A/Resources/libFontParser.dylib
0x0000000004424000 	/System/Library/Frameworks/ApplicationServices.framework/Versions/A/Frameworks/ATS.framework/Versions/A/Resources/libFontRegistry.dylib
0x0000000004424000 	/System/Library/PrivateFrameworks/AppleVPA.framework/Versions/A/AppleVPA
0x0000000004424000 	/System/Library/PrivateFrameworks/AppleJPEG.framework/Versions/A/AppleJPEG
0x0000000004424000 	/System/Library/Frameworks/ImageIO.framework/Versions/A/Resources/libJPEG.dylib
0x0000000004424000 	/System/Library/Frameworks/ImageIO.framework/Versions/A/Resources/libTIFF.dylib
0x0000000004424000 	/System/Library/Frameworks/ImageIO.framework/Versions/A/Resources/libPng.dylib
0x0000000004424000 	/System/Library/Frameworks/ImageIO.framework/Versions/A/Resources/libGIF.dylib
0x0000000004424000 	/System/Library/Frameworks/ImageIO.framework/Versions/A/Resources/libJP2.dylib
0x0000000004424000 	/System/Library/Frameworks/ImageIO.framework/Versions/A/Resources/libRadiance.dylib
0x0000000004424000 	/System/Library/Frameworks/CoreVideo.framework/Versions/A/CoreVideo
0x0000000004424000 	/System/Library/Frameworks/OpenGL.framework/Versions/A/Libraries/libGLU.dylib
0x0000000004424000 	/System/Library/Frameworks/OpenGL.framework/Versions/A/Libraries/libGFXShared.dylib
0x0000000004424000 	/System/Library/Frameworks/OpenGL.framework/Versions/A/Libraries/libGL.dylib
0x0000000004424000 	/System/Library/Frameworks/OpenGL.framework/Versions/A/Libraries/libGLImage.dylib
0x0000000004424000 	/System/Library/Frameworks/OpenGL.framework/Versions/A/Libraries/libCVMSPluginSupport.dylib
0x0000000004424000 	/System/Library/Frameworks/OpenGL.framework/Versions/A/Libraries/libCoreVMClient.dylib
0x0000000004424000 	/usr/lib/libcompression.dylib
0x0000000004424000 	/usr/lib/libcups.2.dylib
0x0000000004424000 	/System/Library/Frameworks/Kerberos.framework/Versions/A/Kerberos
0x0000000004424000 	/System/Library/Frameworks/GSS.framework/Versions/A/GSS
0x0000000004424000 	/usr/lib/libresolv.9.dylib
0x0000000004424000 	/usr/lib/libiconv.2.dylib
0x0000000004424000 	/System/Library/PrivateFrameworks/Heimdal.framework/Versions/A/Heimdal
0x0000000004424000 	/usr/lib/libheimdal-asn1.dylib
0x0000000004424000 	/System/Library/Frameworks/OpenDirectory.framework/Versions/A/OpenDirectory
0x0000000004424000 	/System/Library/PrivateFrameworks/CommonAuth.framework/Versions/A/CommonAuth
0x0000000004424000 	/System/Library/Frameworks/OpenDirectory.framework/Versions/A/Frameworks/CFOpenDirectory.framework/Versions/A/CFOpenDirectory
0x0000000004424000 	/System/Library/Frameworks/SecurityFoundation.framework/Versions/A/SecurityFoundation
0x0000000004424000 	/System/Library/PrivateFrameworks/LanguageModeling.framework/Versions/A/LanguageModeling
0x0000000004424000 	/usr/lib/libmarisa.dylib
0x0000000004424000 	/usr/lib/libChineseTokenizer.dylib
0x0000000004424000 	/usr/lib/libcmph.dylib
0x0000000004424000 	/System/Library/Frameworks/ServiceManagement.framework/Versions/A/ServiceManagement
0x0000000004424000 	/usr/lib/libxslt.1.dylib
0x0000000004424000 	/System/Library/Frameworks/Carbon.framework/Versions/A/Frameworks/Ink.framework/Versions/A/Ink
0x0000000004424000 	/usr/lib/libFosl_dynamic.dylib
0x0000000004424000 	/System/Library/PrivateFrameworks/FaceCore.framework/Versions/A/FaceCore
0x0000000004424000 	/System/Library/Frameworks/OpenCL.framework/Versions/A/OpenCL
0x0000000004424000 	/System/Library/PrivateFrameworks/CrashReporterSupport.framework/Versions/A/CrashReporterSupport
0x0000000004424000 	/System/Library/PrivateFrameworks/IconServices.framework/Versions/A/IconServices
0x0000000004424000 	/System/Library/PrivateFrameworks/Apple80211.framework/Versions/A/Apple80211
0x0000000004424000 	/System/Library/Frameworks/CoreWLAN.framework/Versions/A/CoreWLAN
0x0000000004424000 	/System/Library/Frameworks/IOBluetooth.framework/Versions/A/IOBluetooth
0x0000000004424000 	/System/Library/PrivateFrameworks/CoreWiFi.framework/Versions/A/CoreWiFi
0x0000000004424000 	/System/Library/Frameworks/CoreBluetooth.framework/Versions/A/CoreBluetooth
0x0000000004424000 	/System/Library/PrivateFrameworks/ChunkingLibrary.framework/Versions/A/ChunkingLibrary
0x0000000004424000 	/System/Library/PrivateFrameworks/DebugSymbols.framework/Versions/A/DebugSymbols
0x0000000004424000 	/System/Library/PrivateFrameworks/CoreSymbolication.framework/Versions/A/CoreSymbolication
0x0000000004424000 	/System/Library/PrivateFrameworks/Symbolication.framework/Versions/A/Symbolication
0x0000000004424000 	/System/Library/PrivateFrameworks/SpeechRecognitionCore.framework/Versions/A/SpeechRecognitionCore
0x000000010528f000 	/Library/Java/JavaVirtualMachines/jdk1.8.0_111.jdk/Contents/Home/jre/lib/server/libjvm.dylib
0x0000000004424000 	/usr/lib/libstdc++.6.dylib
0x0000000106234000 	/Library/Java/JavaVirtualMachines/jdk1.8.0_111.jdk/Contents/Home/jre/lib/libverify.dylib
0x0000000106242000 	/Library/Java/JavaVirtualMachines/jdk1.8.0_111.jdk/Contents/Home/jre/lib/libjava.dylib
0x0000000106281000 	/Library/Java/JavaVirtualMachines/jdk1.8.0_111.jdk/Contents/Home/jre/lib/libzip.dylib
0x000000011c3f1000 	/System/Library/Frameworks/JavaVM.framework/Frameworks/JavaRuntimeSupport.framework/JavaRuntimeSupport
0x000000011c40c000 	/System/Library/Frameworks/JavaVM.framework/Versions/A/Frameworks/JavaNativeFoundation.framework/Versions/A/JavaNativeFoundation
0x000000011c421000 	/System/Library/Frameworks/JavaVM.framework/Versions/A/JavaVM
0x0000000004424000 	/System/Library/Frameworks/Carbon.framework/Versions/A/Carbon
0x000000011c42e000 	/System/Library/PrivateFrameworks/JavaLaunching.framework/Versions/A/JavaLaunching
0x0000000004424000 	/System/Library/Frameworks/Carbon.framework/Versions/A/Frameworks/CommonPanels.framework/Versions/A/CommonPanels
0x0000000004424000 	/System/Library/Frameworks/Carbon.framework/Versions/A/Frameworks/Help.framework/Versions/A/Help
0x0000000004424000 	/System/Library/Frameworks/Carbon.framework/Versions/A/Frameworks/ImageCapture.framework/Versions/A/ImageCapture
0x0000000004424000 	/System/Library/Frameworks/Carbon.framework/Versions/A/Frameworks/OpenScripting.framework/Versions/A/OpenScripting
0x0000000004424000 	/System/Library/Frameworks/Carbon.framework/Versions/A/Frameworks/Print.framework/Versions/A/Print
0x0000000004424000 	/System/Library/Frameworks/Carbon.framework/Versions/A/Frameworks/SecurityHI.framework/Versions/A/SecurityHI
0x000000011dd8a000 	/Library/Java/JavaVirtualMachines/jdk1.8.0_111.jdk/Contents/Home/jre/lib/libawt.dylib
0x000000011de32000 	/Library/Java/JavaVirtualMachines/jdk1.8.0_111.jdk/Contents/Home/jre/lib/./libmlib_image.dylib
0x000000011defe000 	/Library/Java/JavaVirtualMachines/jdk1.8.0_111.jdk/Contents/Home/jre/lib/libawt_lwawt.dylib
0x000000011dfb3000 	/Library/Java/JavaVirtualMachines/jdk1.8.0_111.jdk/Contents/Home/jre/lib/./libosxapp.dylib
0x0000000004424000 	/System/Library/Frameworks/ExceptionHandling.framework/Versions/A/ExceptionHandling
0x0000000004424000 	/System/Library/PrivateFrameworks/CoreServicesInternal.framework/Versions/A/CoreServicesInternal
0x0000000004424000 	/System/Library/Frameworks/CoreGraphics.framework/Versions/A/Resources/libRIP.A.dylib
0x0000000004424000 	/System/Library/Frameworks/Accelerate.framework/Versions/A/Frameworks/vImage.framework/Versions/A/Libraries/libCGInterfaces.dylib
0x0000000004424000 	/System/Library/Frameworks/CoreGraphics.framework/Versions/A/Resources/libCGXType.A.dylib
0x0000000004424000 	/System/Library/Frameworks/OpenCL.framework/Versions/A/Libraries/libcldcpuengine.dylib
0x0000000004424000 	/System/Library/PrivateFrameworks/DiskImages.framework/Versions/A/DiskImages
0x0000000004424000 	/System/Library/Frameworks/DiscRecording.framework/Versions/A/DiscRecording
0x0000000004424000 	/usr/lib/libcsfde.dylib
0x0000000004424000 	/usr/lib/libcurl.4.dylib
0x0000000004424000 	/System/Library/PrivateFrameworks/MediaKit.framework/Versions/A/MediaKit
0x0000000004424000 	/System/Library/PrivateFrameworks/ProtectedCloudStorage.framework/Versions/A/ProtectedCloudStorage
0x0000000004424000 	/usr/lib/libCoreStorage.dylib
0x0000000004424000 	/System/Library/PrivateFrameworks/EFILogin.framework/Versions/A/EFILogin
0x0000000004424000 	/usr/lib/libutil.dylib
0x0000000004424000 	/System/Library/PrivateFrameworks/FindMyDevice.framework/Versions/A/FindMyDevice
0x0000000004424000 	/System/Library/Frameworks/LDAP.framework/Versions/A/LDAP
0x0000000004424000 	/usr/lib/libsasl2.2.dylib
0x0000000004424000 	/System/Library/PrivateFrameworks/CoreDaemon.framework/Versions/B/CoreDaemon
0x0000000004424000 	/usr/lib/libcrypto.0.9.8.dylib
0x0000000004424000 	/System/Library/PrivateFrameworks/AppleSRP.framework/Versions/A/AppleSRP
0x0000000004424000 	/System/Library/PrivateFrameworks/TrustEvaluationAgent.framework/Versions/A/TrustEvaluationAgent
0x000000011fc04000 	cl_kernels
0x0000000004424000 	/System/Library/Frameworks/OpenCL.framework/Versions/A/Libraries/ImageFormats/unorm8_bgra.dylib
0x0000000004424000 	/System/Library/Frameworks/OpenCL.framework/Versions/A/Libraries/ImageFormats/unorm8_rgba.dylib
0x0000000004424000 	/System/Library/PrivateFrameworks/FamilyControls.framework/Versions/A/FamilyControls
0x0000000004424000 	/System/Library/PrivateFrameworks/CommerceKit.framework/Versions/A/Frameworks/CommerceCore.framework/Versions/A/CommerceCore
0x0000000004424000 	/System/Library/PrivateFrameworks/SystemAdministration.framework/Versions/A/SystemAdministration
0x0000000004424000 	/System/Library/PrivateFrameworks/AppContainer.framework/Versions/A/AppContainer
0x0000000004424000 	/System/Library/PrivateFrameworks/SecCodeWrapper.framework/Versions/A/SecCodeWrapper
0x0000000004424000 	/System/Library/Frameworks/DirectoryService.framework/Versions/A/DirectoryService
0x0000000004424000 	/System/Library/PrivateFrameworks/LoginUIKit.framework/Versions/A/Frameworks/LoginUICore.framework/Versions/A/LoginUICore
0x0000000004424000 	/usr/lib/libodfde.dylib
0x0000000004424000 	/System/Library/Frameworks/OpenGL.framework/Versions/A/Resources/GLEngine.bundle/GLEngine
0x0000000004424000 	/System/Library/Frameworks/OpenGL.framework/Versions/A/Libraries/libGLProgrammability.dylib
0x0000000120d02000 	/System/Library/Extensions/AppleIntelBDWGraphicsGLDriver.bundle/Contents/MacOS/AppleIntelBDWGraphicsGLDriver
0x0000000004424000 	/System/Library/PrivateFrameworks/GPUSupport.framework/Versions/A/Libraries/libGPUSupportMercury.dylib
0x0000000004424000 	/System/Library/Frameworks/OpenGL.framework/Versions/A/Resources/GLRendererFloat.bundle/GLRendererFloat
0x0000000121c84000 	/Library/Java/JavaVirtualMachines/jdk1.8.0_111.jdk/Contents/Home/jre/lib/libfontmanager.dylib
0x000000012314c000 	/Library/Java/JavaVirtualMachines/jdk1.8.0_111.jdk/Contents/Home/jre/lib/libosxui.dylib
0x0000000123c4e000 	/Library/Java/JavaVirtualMachines/jdk1.8.0_111.jdk/Contents/Home/jre/lib/libnet.dylib
0x0000000123c65000 	/Library/Java/JavaVirtualMachines/jdk1.8.0_111.jdk/Contents/Home/jre/lib/libnio.dylib
0x0000000004424000 	/System/Library/Frameworks/ApplicationServices.framework/Versions/A/Frameworks/ATS.framework/Versions/A/Resources/libTrueTypeScaler.dylib
0x0000000174fa3000 	/System/Library/Extensions/AppleIntelBDWGraphicsMTLDriver.bundle/Contents/MacOS/AppleIntelBDWGraphicsMTLDriver
0x0000000122ed3000 	/private/var/folders/52/pd9n1grn4_55dn11fg2xx6m40000gn/T/jogamp_0000/file_cache/jln4780860527250821139/jln4925955875243906475/libgluegen-rt.jnilib
0x0000000122ed7000 	/private/var/folders/52/pd9n1grn4_55dn11fg2xx6m40000gn/T/jogamp_0000/file_cache/jln4780860527250821139/jln4925955875243906475/libnativewindow_awt.jnilib
0x0000000123bc2000 	/Library/Java/JavaVirtualMachines/jdk1.8.0_111.jdk/Contents/Home/jre/lib/libjawt.dylib
0x0000000174efa000 	/private/var/folders/52/pd9n1grn4_55dn11fg2xx6m40000gn/T/jogamp_0000/file_cache/jln4780860527250821139/jln4925955875243906475/libnativewindow_macosx.jnilib
0x000000017a269000 	/private/var/folders/52/pd9n1grn4_55dn11fg2xx6m40000gn/T/jogamp_0000/file_cache/jln4780860527250821139/jln4925955875243906475/libjogl_desktop.jnilib

VM Arguments:
jvm_args: -Djava.security.policy=java.policy.applet -Dfile.encoding=UTF-8 
java_command: sun.applet.AppletViewer module6.EarthquakeCityMap1496126204262.html
java_class_path (initial): /Users/dhruvsawhney/Documents/workspace/UCSDUnfoldingMaps/build:/Users/dhruvsawhney/Documents/workspace/UCSDUnfoldingMaps/lib/core.jar:/Users/dhruvsawhney/Documents/workspace/UCSDUnfoldingMaps/lib/gluegen-rt.jar:/Users/dhruvsawhney/Documents/workspace/UCSDUnfoldingMaps/lib/jogl-all.jar:/Users/dhruvsawhney/Documents/workspace/UCSDUnfoldingMaps/lib/log4j-1.2.15.jar:/Users/dhruvsawhney/Documents/workspace/UCSDUnfoldingMaps/lib/sqlite-jdbc-3.7.2.jar:/Users/dhruvsawhney/Documents/workspace/UCSDUnfoldingMaps/lib/json4processing.jar:/Users/dhruvsawhney/Documents/workspace/UCSDUnfoldingMaps/lib/libTUIO.jar:/Users/dhruvsawhney/Documents/workspace/UCSDUnfoldingMaps/lib/unfolding.0.9.7-uscd.jar
Launcher Type: SUN_STANDARD

Environment Variables:
PATH=/usr/bin:/bin:/usr/sbin:/sbin
SHELL=/bin/bash
DISPLAY=/private/tmp/com.apple.launchd.R6hX440jOa/org.macosforge.xquartz:0

Signal Handlers:
SIGSEGV: [libjvm.dylib+0x5b03ed], sa_mask[0]=11111111011111110111111111111111, sa_flags=SA_ONSTACK|SA_RESTART|SA_SIGINFO
SIGBUS: [libjvm.dylib+0x5b03ed], sa_mask[0]=11111111011111110111111111111111, sa_flags=SA_RESTART|SA_SIGINFO
SIGFPE: [libjvm.dylib+0x48711c], sa_mask[0]=11111111011111110111111111111111, sa_flags=SA_RESTART|SA_SIGINFO
SIGPIPE: [libjvm.dylib+0x48711c], sa_mask[0]=11111111011111110111111111111111, sa_flags=SA_RESTART|SA_SIGINFO
SIGXFSZ: [libjvm.dylib+0x48711c], sa_mask[0]=11111111011111110111111111111111, sa_flags=SA_RESTART|SA_SIGINFO
SIGILL: [libjvm.dylib+0x48711c], sa_mask[0]=11111111011111110111111111111111, sa_flags=SA_RESTART|SA_SIGINFO
SIGUSR1: SIG_DFL, sa_mask[0]=00000000000000000000000000000000, sa_flags=none
SIGUSR2: [libjvm.dylib+0x486c3a], sa_mask[0]=00100000000000000000000000000000, sa_flags=SA_RESTART|SA_SIGINFO
SIGHUP: [libjvm.dylib+0x485211], sa_mask[0]=11111111011111110111111111111111, sa_flags=SA_RESTART|SA_SIGINFO
SIGINT: [libjvm.dylib+0x485211], sa_mask[0]=11111111011111110111111111111111, sa_flags=SA_RESTART|SA_SIGINFO
SIGTERM: [libjvm.dylib+0x485211], sa_mask[0]=11111111011111110111111111111111, sa_flags=SA_RESTART|SA_SIGINFO
SIGQUIT: [libjvm.dylib+0x485211], sa_mask[0]=11111111011111110111111111111111, sa_flags=SA_RESTART|SA_SIGINFO


---------------  S Y S T E M  ---------------

OS:Bsduname:Darwin 15.6.0 Darwin Kernel Version 15.6.0: Thu Sep  1 15:01:16 PDT 2016; root:xnu-3248.60.11~2/RELEASE_X86_64 x86_64
rlimit: STACK 8192k, CORE 0k, NPROC 709, NOFILE 10240, AS infinity
load average:2.63 2.22 2.28

CPU:total 4 (2 cores per cpu, 2 threads per core) family 6 model 61 stepping 4, cmov, cx8, fxsr, mmx, sse, sse2, sse3, ssse3, sse4.1, sse4.2, popcnt, avx, avx2, aes, clmul, erms, 3dnowpref, lzcnt, ht, tsc, tscinvbit, bmi1, bmi2, adx

Memory: 4k page, physical 8388608k(101628k free)

/proc/meminfo:


vm_info: Java HotSpot(TM) 64-Bit Server VM (25.111-b14) for bsd-amd64 JRE (1.8.0_111-b14), built on Sep 22 2016 15:31:41 by "java_re" with gcc 4.2.1 (Based on Apple Inc. build 5658) (LLVM build 2336.11.00)

time: Tue May 30 12:07:08 2017
elapsed time: 24 seconds (0d 0h 0m 24s)

